19:17:04,637 INFO  ~ Starting /home/pascal/workspace/codeboard-core
19:17:04,658 INFO  ~ Module secure is available (/opt/play-1.2.3/modules/secure)
19:17:04,673 INFO  ~ Module crud is available (/opt/play-1.2.3/modules/crud)
19:17:05,410 WARN  ~ You're running Play! in DEV mode
19:17:05,488 INFO  ~ Listening for HTTP on port 9090 (Waiting a first request to start) ...
19:17:17,301 INFO  ~ Connected to jdbc:mysql://localhost/playmine?useUnicode=yes&characterEncoding=UTF-8&connectionCollation=utf8_general_ci
19:17:18,156 WARN  ~ Messages file missing for locale en
19:17:18,157 INFO  ~ Application 'codeboard' is now started !
19:37:53,489 WARN  ~ Messages file missing for locale en
19:38:06,937 ERROR ~ 

@68i62g3cm
Internal Server Error (500) for request GET /

Template compilation error (In /app/views/main.html around line 8)
The template /app/views/main.html does not compile : #{theme} is not closed.

play.exceptions.TemplateCompilationException: #{theme} is not closed.
	at play.templates.TemplateCompiler.generate(TemplateCompiler.java:102)
	at play.templates.TemplateCompiler.compile(TemplateCompiler.java:15)
	at play.templates.GroovyTemplateCompiler.compile(GroovyTemplateCompiler.java:41)
	at play.templates.TemplateCompiler.compile(TemplateCompiler.java:26)
	at play.templates.TemplateLoader.load(TemplateLoader.java:87)
	at play.templates.TemplateLoader.load(TemplateLoader.java:172)
	at play.templates.FastTags._extends(FastTags.java:317)
	at {module:secure}/app/views/tags/secure/check.tag.(line:2)
	at play.templates.GroovyTemplate.internalRender(GroovyTemplate.java:229)
	at play.templates.Template.render(Template.java:26)
	at play.templates.GroovyTemplate.render(GroovyTemplate.java:184)
	at play.mvc.results.RenderTemplate.<init>(RenderTemplate.java:24)
	at play.mvc.Controller.renderTemplate(Controller.java:659)
	at play.mvc.Controller.renderTemplate(Controller.java:639)
	at play.mvc.Controller.render(Controller.java:694)
	at controllers.Application.index(Application.java:42)
	at play.mvc.ActionInvoker.invokeWithContinuation(ActionInvoker.java:546)
	at play.mvc.ActionInvoker.invoke(ActionInvoker.java:500)
	at play.mvc.ActionInvoker.invokeControllerMethod(ActionInvoker.java:476)
	at play.mvc.ActionInvoker.invokeControllerMethod(ActionInvoker.java:471)
	at play.mvc.ActionInvoker.invoke(ActionInvoker.java:159)
	at Invocation.HTTP Request(Play!)
19:39:28,577 ERROR ~ 

@68i62g3co
Internal Server Error (500) for request GET /

Template compilation error (In /app/views/main.html around line 8)
The template /app/views/main.html does not compile : #{theme} is not closed.

play.exceptions.TemplateCompilationException: #{theme} is not closed.
	at play.templates.TemplateCompiler.generate(TemplateCompiler.java:102)
	at play.templates.TemplateCompiler.compile(TemplateCompiler.java:15)
	at play.templates.GroovyTemplateCompiler.compile(GroovyTemplateCompiler.java:41)
	at play.templates.TemplateCompiler.compile(TemplateCompiler.java:26)
	at play.templates.TemplateLoader.load(TemplateLoader.java:87)
	at play.templates.TemplateLoader.load(TemplateLoader.java:172)
	at play.templates.FastTags._extends(FastTags.java:317)
	at {module:secure}/app/views/tags/secure/check.tag.(line:2)
	at play.templates.GroovyTemplate.internalRender(GroovyTemplate.java:229)
	at play.templates.Template.render(Template.java:26)
	at play.templates.GroovyTemplate.render(GroovyTemplate.java:184)
	at play.mvc.results.RenderTemplate.<init>(RenderTemplate.java:24)
	at play.mvc.Controller.renderTemplate(Controller.java:659)
	at play.mvc.Controller.renderTemplate(Controller.java:639)
	at play.mvc.Controller.render(Controller.java:694)
	at controllers.Application.index(Application.java:42)
	at play.mvc.ActionInvoker.invokeWithContinuation(ActionInvoker.java:546)
	at play.mvc.ActionInvoker.invoke(ActionInvoker.java:500)
	at play.mvc.ActionInvoker.invokeControllerMethod(ActionInvoker.java:476)
	at play.mvc.ActionInvoker.invokeControllerMethod(ActionInvoker.java:471)
	at play.mvc.ActionInvoker.invoke(ActionInvoker.java:159)
	at Invocation.HTTP Request(Play!)
19:39:42,236 ERROR ~ 

@68i62g3d1
Internal Server Error (500) for request GET /

Template not found (In /app/views/main.html around line 8)
The template tags/theme.html or tags/theme.tag does not exist.

play.exceptions.TemplateNotFoundException: Template not found : tags/theme.html or tags/theme.tag
	at play.templates.GroovyTemplate$ExecutableTemplate.invokeTag(GroovyTemplate.java:351)
	at /app/views/main.html.(line:8)
	at play.templates.GroovyTemplate.internalRender(GroovyTemplate.java:229)
	at play.templates.GroovyTemplate.internalRender(GroovyTemplate.java:262)
	at play.templates.Template.render(Template.java:26)
	at play.templates.GroovyTemplate.render(GroovyTemplate.java:184)
	at play.mvc.results.RenderTemplate.<init>(RenderTemplate.java:24)
	at play.mvc.Controller.renderTemplate(Controller.java:659)
	at play.mvc.Controller.renderTemplate(Controller.java:639)
	at play.mvc.Controller.render(Controller.java:694)
	at controllers.Application.index(Application.java:42)
	at play.mvc.ActionInvoker.invokeWithContinuation(ActionInvoker.java:546)
	at play.mvc.ActionInvoker.invoke(ActionInvoker.java:500)
	at play.mvc.ActionInvoker.invokeControllerMethod(ActionInvoker.java:476)
	at play.mvc.ActionInvoker.invokeControllerMethod(ActionInvoker.java:471)
	at play.mvc.ActionInvoker.invoke(ActionInvoker.java:159)
	at Invocation.HTTP Request(Play!)
19:45:40,212 INFO  ~ Starting /home/pascal/workspace/codeboard-core
19:45:40,216 INFO  ~ Module secure is available (/opt/play-1.2.3/modules/secure)
19:45:40,216 INFO  ~ Module crud is available (/opt/play-1.2.3/modules/crud)
19:45:40,697 WARN  ~ You're running Play! in DEV mode
19:45:40,763 INFO  ~ Listening for HTTP on port 9090 (Waiting a first request to start) ...
19:45:43,937 INFO  ~ Connected to jdbc:mysql://localhost/playmine?useUnicode=yes&characterEncoding=UTF-8&connectionCollation=utf8_general_ci
19:45:44,546 WARN  ~ Messages file missing for locale en
19:45:44,547 INFO  ~ Application 'codeboard' is now started !
