#
# A fatal error has been detected by the Java Runtime Environment:
#
#  SIGSEGV (0xb) at pc=0x00007f798473894e, pid=24853, tid=140159681033984
#
# JRE version: 6.0_23-b23
# Java VM: OpenJDK 64-Bit Server VM (20.0-b11 mixed mode linux-amd64 compressed oops)
# Derivative: IcedTea6 1.11pre
# Distribution: Ubuntu 11.10, package 6b23~pre11-0ubuntu1.11.10
# Problematic frame:
# V  [libjvm.so+0x5bc94e]  PhaseIdealLoop::build_loop_late_post(Node*)+0x14e
#
# If you would like to submit a bug report, please include
# instructions how to reproduce the bug and visit:
#   https://bugs.launchpad.net/ubuntu/+source/openjdk-6/
#

---------------  T H R E A D  ---------------

Current thread (0x000000000104c000):  JavaThread "C2 CompilerThread1" daemon [_thread_in_native, id=24870, stack(0x00007f7977eff000,0x00007f7978000000)]

siginfo:si_signo=SIGSEGV: si_errno=0, si_code=1 (SEGV_MAPERR), si_addr=0x0000000000000008

Registers:
RAX=0x0000000000000000, RBX=0x00007f7977ffca30, RCX=0x00007f7970ba5f20, RDX=0x0000000000002000
RSP=0x00007f7977ffb270, RBP=0x00007f7977ffb2b0, RSI=0x00007f797893ab20, RDI=0x0000000000000000
R8 =0x00007f797810fc90, R9 =0x00007f7977ffca30, R10=0x00007f797893ab20, R11=0x0000000000000000
R12=0x000000000109c860, R13=0x00007f797830ac48, R14=0x00007f7977ffca50, R15=0x00007f797848fb68
RIP=0x00007f798473894e, EFLAGS=0x0000000000010202, CSGSFS=0x0000000000000033, ERR=0x0000000000000004
  TRAPNO=0x000000000000000e

Top of Stack: (sp=0x00007f7977ffb270)
0x00007f7977ffb270:   00007f797847dd38 00007f7977ffb550
0x00007f7977ffb280:   00007f7977ffb2b0 00007f7977ffca30
0x00007f7977ffb290:   0000000000000002 000000000109c860
0x00007f7977ffb2a0:   00007f7978497448 00007f7977ffb550
0x00007f7977ffb2b0:   00007f7977ffb320 00007f7984738ebb
0x00007f7977ffb2c0:   00007f79700027f0 0000000000000100
0x00007f7977ffb2d0:   00007f7900000001 00007f7977ffd3d0
0x00007f7977ffb2e0:   00007f7977ffb570 00007f7977ffb510
0x00007f7977ffb2f0:   0000000000001804 00007f7977ffca30
0x00007f7977ffb300:   0000000000000007 0000000000000001
0x00007f7977ffb310:   0000000000000001 00007f79700027f0
0x00007f7977ffb320:   00007f7977ffb5c0 00007f7984739a82
0x00007f7977ffb330:   00007f7977ffb370 00007f7970002780
0x00007f7977ffb340:   00007f7977ffb370 00007f7977ffca50
0x00007f7977ffb350:   00007f7970713d58 00007f7977ffb610
0x00007f7977ffb360:   00007f79707140c8 00007f7970714018
0x00007f7977ffb370:   00007f7977ffb440 00007f79845ea8f1
0x00007f7977ffb380:   000000000104c000 00007f7978304c70
0x00007f7977ffb390:   00007f7984d0d7e0 0000000000000004
0x00007f7977ffb3a0:   00007f7977ffbfd8 00007f7977ffbff8
0x00007f7977ffb3b0:   00007f7977ffb3e0 00007f79847ac814
0x00007f7977ffb3c0:   00007f7978492250 00007f7977ffb4b0
0x00007f7977ffb3d0:   00007f7977ffb3e0 00007f7984488402
0x00007f7977ffb3e0:   00007f7977ffb440 00007f79845ecea5
0x00007f7977ffb3f0:   00007f7970181e60 00007f79781916d0
0x00007f7977ffb400:   0000000001159ce0 000000008480108d
0x00007f7977ffb410:   00007f7977ffbff8 0000000000010040
0x00007f7977ffb420:   00007f7977ffb610 00007f7977ffb610
0x00007f7977ffb430:   00007f7978191780 00007f7978191718
0x00007f7977ffb440:   00007f7977ffb530 00007f7978000020
0x00007f7977ffb450:   00007f7977ffb4e0 0000000000010010
0x00007f7977ffb460:   00007f7970f7a780 0000000000010000 

Instructions: (pc=0x00007f798473894e)
0x00007f798473892e:   4c 39 e8 0f 84 ad 03 00 00 8b 70 28 49 89 c7 0f
0x00007f798473893e:   1f 00 4c 8b 93 e0 09 00 00 49 8d 34 f2 48 8b 06
0x00007f798473894e:   48 8b 50 08 48 83 3a 00 75 27 8b 4b 28 0f 1f 44
0x00007f798473895e:   00 00 8b 50 28 31 c0 39 ca 73 0c 48 8b 43 30 48 

Register to memory mapping:

RAX=0x0000000000000000 is an unknown value
RBX=0x00007f7977ffca30 is pointing into the stack for thread: 0x000000000104c000
RCX=0x00007f7970ba5f20 is an unknown value
RDX=0x0000000000002000 is an unknown value
RSP=0x00007f7977ffb270 is pointing into the stack for thread: 0x000000000104c000
RBP=0x00007f7977ffb2b0 is pointing into the stack for thread: 0x000000000104c000
RSI=0x00007f797893ab20 is an unknown value
RDI=0x0000000000000000 is an unknown value
R8 =0x00007f797810fc90 is an unknown value
R9 =0x00007f7977ffca30 is pointing into the stack for thread: 0x000000000104c000
R10=0x00007f797893ab20 is an unknown value
R11=0x0000000000000000 is an unknown value
R12=0x000000000109c860 is an unknown value
R13=0x00007f797830ac48 is an unknown value
R14=0x00007f7977ffca50 is pointing into the stack for thread: 0x000000000104c000
R15=0x00007f797848fb68 is an unknown value


Stack: [0x00007f7977eff000,0x00007f7978000000],  sp=0x00007f7977ffb270,  free space=1008k
Native frames: (J=compiled Java code, j=interpreted, Vv=VM code, C=native code)
V  [libjvm.so+0x5bc94e]  PhaseIdealLoop::build_loop_late_post(Node*)+0x14e
V  [libjvm.so+0x5bcebb]  PhaseIdealLoop::build_loop_late(VectorSet&, Node_List&, Node_Stack&)+0x10b
V  [libjvm.so+0x5bda82]  PhaseIdealLoop::build_and_optimize(bool, bool)+0x692
V  [libjvm.so+0x37bc8a]  Compile::Optimize()+0xd2a
V  [libjvm.so+0x37c9f3]  Compile::Compile(ciEnv*, C2Compiler*, ciMethod*, int, bool, bool)+0xad3
V  [libjvm.so+0x3062d0]  C2Compiler::compile_method(ciEnv*, ciMethod*, int)+0xe0
V  [libjvm.so+0x3810d3]  CompileBroker::invoke_compiler_on_method(CompileTask*)+0x2a3
V  [libjvm.so+0x381a1b]  CompileBroker::compiler_thread_loop()+0x45b
V  [libjvm.so+0x74bca8]  JavaThread::thread_main_inner()+0x58
V  [libjvm.so+0x64bc22]  java_start(Thread*)+0x112


Current CompileTask:
C2:2004182 664      jregex.Pretokenizer.next()V (1064 bytes)


---------------  P R O C E S S  ---------------

Java Threads: ( => current thread )
  0x00007f797017c000 JavaThread "New I/O server worker #1-14" [_thread_in_native, id=1473, stack(0x00007f79767f8000,0x00007f79768f9000)]
  0x000000000140d800 JavaThread "File Reaper" daemon [_thread_blocked, id=13200, stack(0x00007f79766f7000,0x00007f79767f8000)]
  0x00000000017a1800 JavaThread "net.sf.ehcache.CacheManager@14d6c410" daemon [_thread_blocked, id=10164, stack(0x00007f797730b000,0x00007f797740c000)]
  0x0000000001e77000 JavaThread "com.mchange.v2.async.ThreadPoolAsynchronousRunner$PoolThread-#2" daemon [_thread_blocked, id=24881, stack(0x00007f7976d00000,0x00007f7976e01000)]
  0x0000000001dc7800 JavaThread "com.mchange.v2.async.ThreadPoolAsynchronousRunner$PoolThread-#1" daemon [_thread_blocked, id=24880, stack(0x00007f7976e01000,0x00007f7976f02000)]
  0x0000000001e65000 JavaThread "com.mchange.v2.async.ThreadPoolAsynchronousRunner$PoolThread-#0" daemon [_thread_blocked, id=24879, stack(0x00007f7976f02000,0x00007f7977003000)]
  0x0000000001e68000 JavaThread "Timer-0" daemon [_thread_blocked, id=24878, stack(0x00007f7977003000,0x00007f7977104000)]
  0x0000000001383000 JavaThread "play-thread-1" [_thread_in_Java, id=24875, stack(0x00007f797740c000,0x00007f797750d000)]
  0x0000000000f72000 JavaThread "DestroyJavaVM" [_thread_blocked, id=24854, stack(0x00007f7985a20000,0x00007f7985b21000)]
  0x0000000001152000 JavaThread "New I/O server boss #1 ([id: 0x4c6504bc, /0:0:0:0:0:0:0:0:9090])" [_thread_in_native, id=24873, stack(0x00007f797760e000,0x00007f797770f000)]
  0x000000000104e800 JavaThread "Low Memory Detector" daemon [_thread_blocked, id=24871, stack(0x00007f7977dfe000,0x00007f7977eff000)]
=>0x000000000104c000 JavaThread "C2 CompilerThread1" daemon [_thread_in_native, id=24870, stack(0x00007f7977eff000,0x00007f7978000000)]
  0x0000000001048800 JavaThread "C2 CompilerThread0" daemon [_thread_in_native, id=24869, stack(0x00007f797c012000,0x00007f797c113000)]
  0x000000000103c800 JavaThread "JDWP Event Helper Thread" daemon [_thread_blocked, id=24868, stack(0x00007f797c113000,0x00007f797c214000)]
  0x0000000001038800 JavaThread "JDWP Transport Listener: dt_socket" daemon [_thread_in_native, id=24867, stack(0x00007f797c214000,0x00007f797c315000)]
  0x0000000000ffc000 JavaThread "Signal Dispatcher" daemon [_thread_blocked, id=24866, stack(0x00007f797c51a000,0x00007f797c61b000)]
  0x0000000000fea800 JavaThread "Finalizer" daemon [_thread_blocked, id=24865, stack(0x00007f797c61b000,0x00007f797c71c000)]
  0x0000000000fe8000 JavaThread "Reference Handler" daemon [_thread_blocked, id=24864, stack(0x00007f797c71c000,0x00007f797c81d000)]

Other Threads:
  0x0000000000fe1800 VMThread [stack: 0x00007f797c81d000,0x00007f797c91e000] [id=24863]
  0x0000000001051000 WatcherThread [stack: 0x00007f7977cfd000,0x00007f7977dfe000] [id=24872]

VM state:not at safepoint (normal execution)

VM Mutex/Monitor currently owned by a thread: None

Heap
 PSYoungGen      total 73344K, used 48150K [0x00000007ac560000, 0x00000007b2170000, 0x0000000800000000)
  eden space 62656K, 59% used [0x00000007ac560000,0x00000007ae9fc4a8,0x00000007b0290000)
  from space 10688K, 99% used [0x00000007b0420000,0x00000007b0e89720,0x00000007b0e90000)
  to   space 15808K, 0% used [0x00000007b1200000,0x00000007b1200000,0x00000007b2170000)
 PSOldGen        total 171392K, used 2779K [0x0000000705000000, 0x000000070f760000, 0x00000007ac560000)
  object space 171392K, 1% used [0x0000000705000000,0x00000007052b6d30,0x000000070f760000)
 PSPermGen       total 45824K, used 45716K [0x00000006faa00000, 0x00000006fd6c0000, 0x0000000705000000)
  object space 45824K, 99% used [0x00000006faa00000,0x00000006fd6a5338,0x00000006fd6c0000)

Code Cache  [0x00007f797e9d5000, 0x00007f797ee05000, 0x00007f79819d5000)
 total_blobs=1321 nmethods=655 adapters=627 free_code_cache=46068928 largest_free_block=49344

Dynamic libraries:
00400000-00409000 r-xp 00000000 08:05 920882                             /usr/lib/jvm/java-6-openjdk/jre/bin/java
00608000-00609000 r--p 00008000 08:05 920882                             /usr/lib/jvm/java-6-openjdk/jre/bin/java
00609000-0060a000 rw-p 00009000 08:05 920882                             /usr/lib/jvm/java-6-openjdk/jre/bin/java
00f62000-01f9a000 rw-p 00000000 00:00 0                                  [heap]
6faa00000-6fd6c0000 rw-p 00000000 00:00 0 
6fd6c0000-705000000 rw-p 00000000 00:00 0 
705000000-70f760000 rw-p 00000000 00:00 0 
70f760000-7ac560000 rw-p 00000000 00:00 0 
7ac560000-7b2170000 rw-p 00000000 00:00 0 
7b2170000-800000000 rw-p 00000000 00:00 0 
7f7970000000-7f7972684000 rw-p 00000000 00:00 0 
7f7972684000-7f7974000000 ---p 00000000 00:00 0 
7f79766f7000-7f79766fa000 ---p 00000000 00:00 0 
7f79766fa000-7f79767f8000 rw-p 00000000 00:00 0 
7f79767f8000-7f79767fb000 ---p 00000000 00:00 0 
7f79767fb000-7f79768f9000 rw-p 00000000 00:00 0 
7f79768f9000-7f79768fc000 ---p 00000000 00:00 0 
7f79768fc000-7f79769fa000 rw-p 00000000 00:00 0 
7f79769fa000-7f79769fd000 ---p 00000000 00:00 0 
7f79769fd000-7f7976afb000 rw-p 00000000 00:00 0 
7f7976afb000-7f7976afe000 ---p 00000000 00:00 0 
7f7976afe000-7f7976bfc000 rw-p 00000000 00:00 0 
7f7976bfc000-7f7976bff000 ---p 00000000 00:00 0 
7f7976bff000-7f7976cfd000 rw-p 00000000 00:00 0 
7f7976cfd000-7f7976d00000 r--s 00031000 08:05 924515                     /usr/lib/jvm/java-6-openjdk/jre/lib/ext/sunjce_provider.jar
7f7976d00000-7f7976d03000 ---p 00000000 00:00 0 
7f7976d03000-7f7976e01000 rw-p 00000000 00:00 0 
7f7976e01000-7f7976e04000 ---p 00000000 00:00 0 
7f7976e04000-7f7976f02000 rw-p 00000000 00:00 0 
7f7976f02000-7f7976f05000 ---p 00000000 00:00 0 
7f7976f05000-7f7977003000 rw-p 00000000 00:00 0 
7f7977003000-7f7977006000 ---p 00000000 00:00 0 
7f7977006000-7f7977104000 rw-p 00000000 00:00 0 
7f7977104000-7f797710a000 r-xp 00000000 08:05 924543                     /usr/lib/jvm/java-6-openjdk/jre/lib/amd64/libmanagement.so
7f797710a000-7f7977309000 ---p 00006000 08:05 924543                     /usr/lib/jvm/java-6-openjdk/jre/lib/amd64/libmanagement.so
7f7977309000-7f797730a000 r--p 00005000 08:05 924543                     /usr/lib/jvm/java-6-openjdk/jre/lib/amd64/libmanagement.so
7f797730a000-7f797730b000 rw-p 00006000 08:05 924543                     /usr/lib/jvm/java-6-openjdk/jre/lib/amd64/libmanagement.so
7f797730b000-7f797730e000 ---p 00000000 00:00 0 
7f797730e000-7f797740c000 rw-p 00000000 00:00 0 
7f797740c000-7f797740f000 ---p 00000000 00:00 0 
7f797740f000-7f797750d000 rw-p 00000000 00:00 0 
7f797750d000-7f7977510000 ---p 00000000 00:00 0 
7f7977510000-7f797760e000 rw-p 00000000 00:00 0 
7f797760e000-7f7977611000 ---p 00000000 00:00 0 
7f7977611000-7f797770f000 rw-p 00000000 00:00 0 
7f797770f000-7f7977717000 r-xp 00000000 08:05 920896                     /usr/lib/jvm/java-6-openjdk/jre/lib/amd64/libnio.so
7f7977717000-7f7977916000 ---p 00008000 08:05 920896                     /usr/lib/jvm/java-6-openjdk/jre/lib/amd64/libnio.so
7f7977916000-7f7977917000 r--p 00007000 08:05 920896                     /usr/lib/jvm/java-6-openjdk/jre/lib/amd64/libnio.so
7f7977917000-7f7977918000 rw-p 00008000 08:05 920896                     /usr/lib/jvm/java-6-openjdk/jre/lib/amd64/libnio.so
7f7977918000-7f797792d000 r-xp 00000000 08:05 920905                     /usr/lib/jvm/java-6-openjdk/jre/lib/amd64/libnet.so
7f797792d000-7f7977b2c000 ---p 00015000 08:05 920905                     /usr/lib/jvm/java-6-openjdk/jre/lib/amd64/libnet.so
7f7977b2c000-7f7977b2d000 r--p 00014000 08:05 920905                     /usr/lib/jvm/java-6-openjdk/jre/lib/amd64/libnet.so
7f7977b2d000-7f7977b2e000 rw-p 00015000 08:05 920905                     /usr/lib/jvm/java-6-openjdk/jre/lib/amd64/libnet.so
7f7977b2e000-7f7977b34000 r--s 00038000 08:05 300716                     /opt/play-1.2.4/framework/lib/snakeyaml-1.7.jar
7f7977b34000-7f7977b3b000 r--s 0006a000 08:05 300694                     /opt/play-1.2.4/framework/lib/mail-1.4.3.jar
7f7977b3b000-7f7977b3d000 r--s 0000c000 08:05 300600                     /opt/play-1.2.4/framework/lib/activation-1.1.1.jar
7f7977b3d000-7f7977b48000 r--s 00124000 08:05 300644                     /opt/play-1.2.4/framework/lib/h2-1.3.149.jar
7f7977b48000-7f7977b4b000 r--s 00024000 08:05 300624                     /opt/play-1.2.4/framework/lib/commons-io-2.0.1.jar
7f7977b4b000-7f7977b4d000 r--s 0000b000 08:05 300676                     /opt/play-1.2.4/framework/lib/jj-textile.jar
7f7977b4d000-7f7977b52000 r--s 00048000 08:05 300632                     /opt/play-1.2.4/framework/lib/dom4j-1.6.1.jar
7f7977b52000-7f7977b55000 r--s 00011000 08:05 300636                     /opt/play-1.2.4/framework/lib/ezmorph-1.0.3.jar
7f7977b55000-7f7977b5c000 r--s 0004d000 08:05 300606                     /opt/play-1.2.4/framework/lib/async-http-client-1.6.5.jar
7f7977b5c000-7f7977b5f000 r--s 0000f000 08:05 300638                     /opt/play-1.2.4/framework/lib/geronimo-servlet_2.5_spec-1.2.jar
7f7977b5f000-7f7977b61000 r--s 00002000 08:05 300686                     /opt/play-1.2.4/framework/lib/jta-1.1.jar
7f7977b61000-7f7977b69000 r--s 0008a000 08:05 300666                     /opt/play-1.2.4/framework/lib/javassist-3.9.0.GA.jar
7f7977b69000-7f7977b6a000 r--s 00007000 08:05 300620                     /opt/play-1.2.4/framework/lib/commons-email-1.2.jar
7f7977b6a000-7f7977b6f000 r--s 00014000 08:05 300660                     /opt/play-1.2.4/framework/lib/hibernate-jpa-2.0-api-1.0.0.Final.jar
7f7977b6f000-7f7977b71000 r--s 00015000 08:05 300682                     /opt/play-1.2.4/framework/lib/jregex-1.2_01.jar
7f7977b71000-7f7977b7a000 r--s 0005d000 08:05 300656                     /opt/play-1.2.4/framework/lib/hibernate-entitymanager-3.6.0.Final.jar
7f7977b7a000-7f7977b7d000 r--s 00022000 08:05 300664                     /opt/play-1.2.4/framework/lib/jamon-2.7.jar
7f7977b7d000-7f7977ba2000 r--s 00172000 08:05 300608                     /opt/play-1.2.4/framework/lib/bcprov-jdk15-1.45.jar
7f7977ba2000-7f7977ba8000 r--s 00032000 08:05 300670                     /opt/play-1.2.4/framework/lib/jaxen-1.1.jar
7f7977ba8000-7f7977bb1000 r--s 0006d000 08:05 300692                     /opt/play-1.2.4/framework/lib/log4j-1.2.16.jar
7f7977bb1000-7f7977bb8000 r--s 00038000 08:05 300678                     /opt/play-1.2.4/framework/lib/jj-wikitext.jar
7f7977bb8000-7f7977bc7000 r--s 000d9000 08:05 300662                     /opt/play-1.2.4/framework/lib/ivy-2.2.0.jar
7f7977bc7000-7f7977bcd000 r--s 00034000 08:05 300688                     /opt/play-1.2.4/framework/lib/junit-4.8.1.jar
7f7977bcd000-7f7977bd7000 r--s 0006f000 08:05 300634                     /opt/play-1.2.4/framework/lib/ehcache-core-2.0.0.jar
7f7977bd7000-7f7977bd9000 r--s 00008000 08:05 300708                     /opt/play-1.2.4/framework/lib/signpost-core-1.2.jar
7f7977bd9000-7f7977bdb000 r--s 0000e000 08:05 300626                     /opt/play-1.2.4/framework/lib/commons-javaflow-1066591.jar
7f7977bdb000-7f7977be1000 r--s 0007e000 08:05 300706                     /opt/play-1.2.4/framework/lib/postgresql-9.0.jar
7f7977be1000-7f7977be3000 r--s 0000d000 08:05 300630                     /opt/play-1.2.4/framework/lib/commons-logging-1.1.1.jar
7f7977be3000-7f7977be4000 r--s 00000000 08:05 300668                     /opt/play-1.2.4/framework/lib/javax.inject-1.0.jar
7f7977be4000-7f7977bea000 r--s 00067000 08:05 300602                     /opt/play-1.2.4/framework/lib/antlr-2.7.6.jar
7f7977bea000-7f7977bf1000 r--s 000b7000 08:05 300698                     /opt/play-1.2.4/framework/lib/mysql-connector-java-5.1.13.jar
7f7977bf1000-7f7977c00000 r--s 0007c000 08:05 300680                     /opt/play-1.2.4/framework/lib/joda-time-2.0.jar
7f7977c00000-7f7977c03000 r--s 0000f000 08:05 300648                     /opt/play-1.2.4/framework/lib/hibernate-commons-annotations-3.2.0.Final.jar
7f7977c03000-7f7977c05000 r--s 0000d000 08:05 300622                     /opt/play-1.2.4/framework/lib/commons-fileupload-1.2.2.jar
7f7977c05000-7f7977c0b000 r--s 00049000 08:05 300612                     /opt/play-1.2.4/framework/lib/cglib-nodep-2.2.jar
7f7977c0b000-7f7977c19000 r--s 0007f000 08:05 300618                     /opt/play-1.2.4/framework/lib/commons-collections-3.2.1.jar
7f7977c19000-7f7977c24000 r--s 0005a000 08:05 300718                     /opt/play-1.2.4/framework/lib/xstream-1.3.jar
7f7977c24000-7f7977c2b000 r--s 00049000 08:05 300704                     /opt/play-1.2.4/framework/lib/oval-1.50.jar
7f7977c2b000-7f7977c2d000 r--s 00005000 08:05 300710                     /opt/play-1.2.4/framework/lib/slf4j-api-1.6.1.jar
7f7977c2d000-7f7977c32000 r--s 00041000 08:05 300628                     /opt/play-1.2.4/framework/lib/commons-lang-2.6.jar
7f7977c32000-7f7977c3d000 r--s 0008b000 08:05 300610                     /opt/play-1.2.4/framework/lib/c3p0-0.9.1.2.jar
7f7977c3d000-7f7977c91000 r--s 00520000 08:05 300640                     /opt/play-1.2.4/framework/lib/groovy-all-1.7.10.jar
7f7977c91000-7f7977cbb000 r--s 00427000 08:05 300702                     /opt/play-1.2.4/framework/lib/org.eclipse.jdt.core-3.8.0.v_C03.jar
7f7977cbb000-7f7977ced000 r--s 002c7000 08:05 300652                     /opt/play-1.2.4/framework/lib/hibernate-core-3.6.1.Final.jar
7f7977ced000-7f7977cfd000 r--s 000b2000 08:05 300700                     /opt/play-1.2.4/framework/lib/netty-3.2.5.Final.jar
7f7977cfd000-7f7977cfe000 ---p 00000000 00:00 0 
7f7977cfe000-7f7977dfe000 rw-p 00000000 00:00 0 
7f7977dfe000-7f7977e01000 ---p 00000000 00:00 0 
7f7977e01000-7f7977eff000 rw-p 00000000 00:00 0 
7f7977eff000-7f7977f02000 ---p 00000000 00:00 0 
7f7977f02000-7f7978000000 rw-p 00000000 00:00 0 
7f7978000000-7f797a0c4000 rw-p 00000000 00:00 0 
7f797a0c4000-7f797c000000 ---p 00000000 00:00 0 
7f797c000000-7f797c002000 r--s 00013000 08:05 924465                     /usr/lib/jvm/java-6-openjdk/jre/lib/jce.jar
7f797c002000-7f797c007000 r--s 00034000 08:05 300614                     /opt/play-1.2.4/framework/lib/commons-beanutils-1.8.3.jar
7f797c007000-7f797c00c000 r--s 0002e000 08:05 300604                     /opt/play-1.2.4/framework/lib/asm-all-3.3.1.jar
7f797c00c000-7f797c012000 r--s 00040000 08:05 300696                     /opt/play-1.2.4/framework/lib/memcached-2.6.jar
7f797c012000-7f797c015000 ---p 00000000 00:00 0 
7f797c015000-7f797c113000 rw-p 00000000 00:00 0 
7f797c113000-7f797c116000 ---p 00000000 00:00 0 
7f797c116000-7f797c214000 rw-p 00000000 00:00 0 
7f797c214000-7f797c217000 ---p 00000000 00:00 0 
7f797c217000-7f797c315000 rw-p 00000000 00:00 0 
7f797c315000-7f797c319000 r-xp 00000000 08:05 920894                     /usr/lib/jvm/java-6-openjdk/jre/lib/amd64/libdt_socket.so
7f797c319000-7f797c518000 ---p 00004000 08:05 920894                     /usr/lib/jvm/java-6-openjdk/jre/lib/amd64/libdt_socket.so
7f797c518000-7f797c519000 r--p 00003000 08:05 920894                     /usr/lib/jvm/java-6-openjdk/jre/lib/amd64/libdt_socket.so
7f797c519000-7f797c51a000 rw-p 00004000 08:05 920894                     /usr/lib/jvm/java-6-openjdk/jre/lib/amd64/libdt_socket.so
7f797c51a000-7f797c51d000 ---p 00000000 00:00 0 
7f797c51d000-7f797c61b000 rw-p 00000000 00:00 0 
7f797c61b000-7f797c61e000 ---p 00000000 00:00 0 
7f797c61e000-7f797c71c000 rw-p 00000000 00:00 0 
7f797c71c000-7f797c71f000 ---p 00000000 00:00 0 
7f797c71f000-7f797c81d000 rw-p 00000000 00:00 0 
7f797c81d000-7f797c81e000 ---p 00000000 00:00 0 
7f797c81e000-7f797d25a000 rw-p 00000000 00:00 0 
7f797d25a000-7f797d3eb000 r--s 037b8000 08:05 924546                     /usr/lib/jvm/java-6-openjdk/jre/lib/rt.jar
7f797d3eb000-7f797d413000 rw-p 00000000 00:00 0 
7f797d413000-7f797d414000 ---p 00000000 00:00 0 
7f797d414000-7f797d514000 rw-p 00000000 00:00 0 
7f797d514000-7f797d515000 ---p 00000000 00:00 0 
7f797d515000-7f797d615000 rw-p 00000000 00:00 0 
7f797d615000-7f797d616000 ---p 00000000 00:00 0 
7f797d616000-7f797d716000 rw-p 00000000 00:00 0 
7f797d716000-7f797d717000 ---p 00000000 00:00 0 
7f797d717000-7f797d817000 rw-p 00000000 00:00 0 
7f797d817000-7f797d818000 ---p 00000000 00:00 0 
7f797d818000-7f797d918000 rw-p 00000000 00:00 0 
7f797d918000-7f797d919000 ---p 00000000 00:00 0 
7f797d919000-7f797da19000 rw-p 00000000 00:00 0 
7f797da19000-7f797da1a000 ---p 00000000 00:00 0 
7f797da1a000-7f797db1a000 rw-p 00000000 00:00 0 
7f797db1a000-7f797db1b000 ---p 00000000 00:00 0 
7f797db1b000-7f797dc32000 rw-p 00000000 00:00 0 
7f797dc32000-7f797dc6e000 rw-p 00000000 00:00 0 
7f797dc6e000-7f797dcc2000 rw-p 00000000 00:00 0 
7f797dcc2000-7f797e1a9000 rw-p 00000000 00:00 0 
7f797e1a9000-7f797e1c0000 rw-p 00000000 00:00 0 
7f797e1c0000-7f797e1fc000 rw-p 00000000 00:00 0 
7f797e1fc000-7f797e250000 rw-p 00000000 00:00 0 
7f797e250000-7f797e736000 rw-p 00000000 00:00 0 
7f797e736000-7f797e765000 rw-p 00000000 00:00 0 
7f797e765000-7f797e9d4000 rw-p 00000000 00:00 0 
7f797e9d4000-7f797e9d5000 rw-p 00000000 00:00 0 
7f797e9d5000-7f797ee05000 rwxp 00000000 00:00 0 
7f797ee05000-7f79819d5000 rw-p 00000000 00:00 0 
7f79819d5000-7f79819dc000 r-xp 00000000 08:05 924533                     /usr/lib/jvm/java-6-openjdk/jre/lib/amd64/libzip.so
7f79819dc000-7f7981bdb000 ---p 00007000 08:05 924533                     /usr/lib/jvm/java-6-openjdk/jre/lib/amd64/libzip.so
7f7981bdb000-7f7981bdc000 r--p 00006000 08:05 924533                     /usr/lib/jvm/java-6-openjdk/jre/lib/amd64/libzip.so
7f7981bdc000-7f7981bdd000 rw-p 00007000 08:05 924533                     /usr/lib/jvm/java-6-openjdk/jre/lib/amd64/libzip.so
7f7981bdd000-7f7981be9000 r-xp 00000000 08:05 1068842                    /lib/x86_64-linux-gnu/libnss_files-2.13.so
7f7981be9000-7f7981de8000 ---p 0000c000 08:05 1068842                    /lib/x86_64-linux-gnu/libnss_files-2.13.so
7f7981de8000-7f7981de9000 r--p 0000b000 08:05 1068842                    /lib/x86_64-linux-gnu/libnss_files-2.13.so
7f7981de9000-7f7981dea000 rw-p 0000c000 08:05 1068842                    /lib/x86_64-linux-gnu/libnss_files-2.13.so
7f7981dea000-7f7981df4000 r-xp 00000000 08:05 1068848                    /lib/x86_64-linux-gnu/libnss_nis-2.13.so
7f7981df4000-7f7981ff4000 ---p 0000a000 08:05 1068848                    /lib/x86_64-linux-gnu/libnss_nis-2.13.so
7f7981ff4000-7f7981ff5000 r--p 0000a000 08:05 1068848                    /lib/x86_64-linux-gnu/libnss_nis-2.13.so
7f7981ff5000-7f7981ff6000 rw-p 0000b000 08:05 1068848                    /lib/x86_64-linux-gnu/libnss_nis-2.13.so
7f7981ff6000-7f798200d000 r-xp 00000000 08:05 1068837                    /lib/x86_64-linux-gnu/libnsl-2.13.so
7f798200d000-7f798220c000 ---p 00017000 08:05 1068837                    /lib/x86_64-linux-gnu/libnsl-2.13.so
7f798220c000-7f798220d000 r--p 00016000 08:05 1068837                    /lib/x86_64-linux-gnu/libnsl-2.13.so
7f798220d000-7f798220e000 rw-p 00017000 08:05 1068837                    /lib/x86_64-linux-gnu/libnsl-2.13.so
7f798220e000-7f7982210000 rw-p 00000000 00:00 0 
7f7982210000-7f7982218000 r-xp 00000000 08:05 1068834                    /lib/x86_64-linux-gnu/libnss_compat-2.13.so
7f7982218000-7f7982417000 ---p 00008000 08:05 1068834                    /lib/x86_64-linux-gnu/libnss_compat-2.13.so
7f7982417000-7f7982418000 r--p 00007000 08:05 1068834                    /lib/x86_64-linux-gnu/libnss_compat-2.13.so
7f7982418000-7f7982419000 rw-p 00008000 08:05 1068834                    /lib/x86_64-linux-gnu/libnss_compat-2.13.so
7f7982419000-7f7982d4a000 r--p 00000000 08:05 922981                     /usr/lib/locale/locale-archive
7f7982d4a000-7f7982d4d000 r-xp 00000000 08:05 920914                     /usr/lib/jvm/java-6-openjdk/jre/lib/amd64/libnpt.so
7f7982d4d000-7f7982f4c000 ---p 00003000 08:05 920914                     /usr/lib/jvm/java-6-openjdk/jre/lib/amd64/libnpt.so
7f7982f4c000-7f7982f4d000 r--p 00002000 08:05 920914                     /usr/lib/jvm/java-6-openjdk/jre/lib/amd64/libnpt.so
7f7982f4d000-7f7982f4e000 rw-p 00003000 08:05 920914                     /usr/lib/jvm/java-6-openjdk/jre/lib/amd64/libnpt.so
7f7982f4e000-7f7982f57000 r-xp 00000000 08:05 924528                     /usr/lib/jvm/java-6-openjdk/jre/lib/amd64/libinstrument.so
7f7982f57000-7f7983157000 ---p 00009000 08:05 924528                     /usr/lib/jvm/java-6-openjdk/jre/lib/amd64/libinstrument.so
7f7983157000-7f7983158000 r--p 00009000 08:05 924528                     /usr/lib/jvm/java-6-openjdk/jre/lib/amd64/libinstrument.so
7f7983158000-7f7983159000 rw-p 0000a000 08:05 924528                     /usr/lib/jvm/java-6-openjdk/jre/lib/amd64/libinstrument.so
7f7983159000-7f7983193000 r-xp 00000000 08:05 920913                     /usr/lib/jvm/java-6-openjdk/jre/lib/amd64/libjdwp.so
7f7983193000-7f7983392000 ---p 0003a000 08:05 920913                     /usr/lib/jvm/java-6-openjdk/jre/lib/amd64/libjdwp.so
7f7983392000-7f7983393000 r--p 00039000 08:05 920913                     /usr/lib/jvm/java-6-openjdk/jre/lib/amd64/libjdwp.so
7f7983393000-7f7983394000 rw-p 0003a000 08:05 920913                     /usr/lib/jvm/java-6-openjdk/jre/lib/amd64/libjdwp.so
7f7983394000-7f79833c0000 r-xp 00000000 08:05 924532                     /usr/lib/jvm/java-6-openjdk/jre/lib/amd64/libjava.so
7f79833c0000-7f79835bf000 ---p 0002c000 08:05 924532                     /usr/lib/jvm/java-6-openjdk/jre/lib/amd64/libjava.so
7f79835bf000-7f79835c0000 r--p 0002b000 08:05 924532                     /usr/lib/jvm/java-6-openjdk/jre/lib/amd64/libjava.so
7f79835c0000-7f79835c3000 rw-p 0002c000 08:05 924532                     /usr/lib/jvm/java-6-openjdk/jre/lib/amd64/libjava.so
7f79835c3000-7f79835d1000 r-xp 00000000 08:05 920904                     /usr/lib/jvm/java-6-openjdk/jre/lib/amd64/libverify.so
7f79835d1000-7f79837d0000 ---p 0000e000 08:05 920904                     /usr/lib/jvm/java-6-openjdk/jre/lib/amd64/libverify.so
7f79837d0000-7f79837d2000 r--p 0000d000 08:05 920904                     /usr/lib/jvm/java-6-openjdk/jre/lib/amd64/libverify.so
7f79837d2000-7f79837d3000 rw-p 0000f000 08:05 920904                     /usr/lib/jvm/java-6-openjdk/jre/lib/amd64/libverify.so
7f79837d3000-7f79837da000 r-xp 00000000 08:05 1044505                    /lib/x86_64-linux-gnu/librt-2.13.so
7f79837da000-7f79839d9000 ---p 00007000 08:05 1044505                    /lib/x86_64-linux-gnu/librt-2.13.so
7f79839d9000-7f79839da000 r--p 00006000 08:05 1044505                    /lib/x86_64-linux-gnu/librt-2.13.so
7f79839da000-7f79839db000 rw-p 00007000 08:05 1044505                    /lib/x86_64-linux-gnu/librt-2.13.so
7f79839db000-7f79839f0000 r-xp 00000000 08:05 1068525                    /lib/x86_64-linux-gnu/libgcc_s.so.1
7f79839f0000-7f7983bef000 ---p 00015000 08:05 1068525                    /lib/x86_64-linux-gnu/libgcc_s.so.1
7f7983bef000-7f7983bf0000 r--p 00014000 08:05 1068525                    /lib/x86_64-linux-gnu/libgcc_s.so.1
7f7983bf0000-7f7983bf1000 rw-p 00015000 08:05 1068525                    /lib/x86_64-linux-gnu/libgcc_s.so.1
7f7983bf1000-7f7983c74000 r-xp 00000000 08:05 1068849                    /lib/x86_64-linux-gnu/libm-2.13.so
7f7983c74000-7f7983e73000 ---p 00083000 08:05 1068849                    /lib/x86_64-linux-gnu/libm-2.13.so
7f7983e73000-7f7983e74000 r--p 00082000 08:05 1068849                    /lib/x86_64-linux-gnu/libm-2.13.so
7f7983e74000-7f7983e75000 rw-p 00083000 08:05 1068849                    /lib/x86_64-linux-gnu/libm-2.13.so
7f7983e75000-7f7983f5d000 r-xp 00000000 08:05 914676                     /usr/lib/x86_64-linux-gnu/libstdc++.so.6.0.16
7f7983f5d000-7f798415d000 ---p 000e8000 08:05 914676                     /usr/lib/x86_64-linux-gnu/libstdc++.so.6.0.16
7f798415d000-7f7984165000 r--p 000e8000 08:05 914676                     /usr/lib/x86_64-linux-gnu/libstdc++.so.6.0.16
7f7984165000-7f7984167000 rw-p 000f0000 08:05 914676                     /usr/lib/x86_64-linux-gnu/libstdc++.so.6.0.16
7f7984167000-7f798417c000 rw-p 00000000 00:00 0 
7f798417c000-7f7984a7f000 r-xp 00000000 08:05 924535                     /usr/lib/jvm/java-6-openjdk/jre/lib/amd64/server/libjvm.so
7f7984a7f000-7f7984c7e000 ---p 00903000 08:05 924535                     /usr/lib/jvm/java-6-openjdk/jre/lib/amd64/server/libjvm.so
7f7984c7e000-7f7984cff000 r--p 00902000 08:05 924535                     /usr/lib/jvm/java-6-openjdk/jre/lib/amd64/server/libjvm.so
7f7984cff000-7f7984d1a000 rw-p 00983000 08:05 924535                     /usr/lib/jvm/java-6-openjdk/jre/lib/amd64/server/libjvm.so
7f7984d1a000-7f7984d43000 rw-p 00000000 00:00 0 
7f7984d43000-7f7984d5a000 r-xp 00000000 08:05 1048733                    /lib/x86_64-linux-gnu/libz.so.1.2.3.4
7f7984d5a000-7f7984f59000 ---p 00017000 08:05 1048733                    /lib/x86_64-linux-gnu/libz.so.1.2.3.4
7f7984f59000-7f7984f5a000 r--p 00016000 08:05 1048733                    /lib/x86_64-linux-gnu/libz.so.1.2.3.4
7f7984f5a000-7f7984f5b000 rw-p 00017000 08:05 1048733                    /lib/x86_64-linux-gnu/libz.so.1.2.3.4
7f7984f5b000-7f79850f0000 r-xp 00000000 08:05 1068839                    /lib/x86_64-linux-gnu/libc-2.13.so
7f79850f0000-7f79852ef000 ---p 00195000 08:05 1068839                    /lib/x86_64-linux-gnu/libc-2.13.so
7f79852ef000-7f79852f3000 r--p 00194000 08:05 1068839                    /lib/x86_64-linux-gnu/libc-2.13.so
7f79852f3000-7f79852f4000 rw-p 00198000 08:05 1068839                    /lib/x86_64-linux-gnu/libc-2.13.so
7f79852f4000-7f79852fa000 rw-p 00000000 00:00 0 
7f79852fa000-7f79852fc000 r-xp 00000000 08:05 1068840                    /lib/x86_64-linux-gnu/libdl-2.13.so
7f79852fc000-7f79854fc000 ---p 00002000 08:05 1068840                    /lib/x86_64-linux-gnu/libdl-2.13.so
7f79854fc000-7f79854fd000 r--p 00002000 08:05 1068840                    /lib/x86_64-linux-gnu/libdl-2.13.so
7f79854fd000-7f79854fe000 rw-p 00003000 08:05 1068840                    /lib/x86_64-linux-gnu/libdl-2.13.so
7f79854fe000-7f7985502000 r-xp 00000000 08:05 920901                     /usr/lib/jvm/java-6-openjdk/jre/lib/amd64/jli/libjli.so
7f7985502000-7f7985701000 ---p 00004000 08:05 920901                     /usr/lib/jvm/java-6-openjdk/jre/lib/amd64/jli/libjli.so
7f7985701000-7f7985702000 r--p 00003000 08:05 920901                     /usr/lib/jvm/java-6-openjdk/jre/lib/amd64/jli/libjli.so
7f7985702000-7f7985703000 rw-p 00004000 08:05 920901                     /usr/lib/jvm/java-6-openjdk/jre/lib/amd64/jli/libjli.so
7f7985703000-7f798571b000 r-xp 00000000 08:05 1068847                    /lib/x86_64-linux-gnu/libpthread-2.13.so
7f798571b000-7f798591a000 ---p 00018000 08:05 1068847                    /lib/x86_64-linux-gnu/libpthread-2.13.so
7f798591a000-7f798591b000 r--p 00017000 08:05 1068847                    /lib/x86_64-linux-gnu/libpthread-2.13.so
7f798591b000-7f798591c000 rw-p 00018000 08:05 1068847                    /lib/x86_64-linux-gnu/libpthread-2.13.so
7f798591c000-7f7985920000 rw-p 00000000 00:00 0 
7f7985920000-7f7985941000 r-xp 00000000 08:05 1068846                    /lib/x86_64-linux-gnu/ld-2.13.so
7f7985942000-7f7985944000 r--s 00015000 08:05 300674                     /opt/play-1.2.4/framework/lib/jj-simplecaptcha.jar
7f7985944000-7f7985946000 r--s 00001000 08:05 300684                     /opt/play-1.2.4/framework/lib/jsr107cache-1.0.jar
7f7985946000-7f798594a000 r--s 00027000 08:05 300642                     /opt/play-1.2.4/framework/lib/gson-1.7.1.jar
7f798594a000-7f798594c000 r--s 0000d000 08:05 300616                     /opt/play-1.2.4/framework/lib/commons-codec-1.4.jar
7f798594c000-7f7985951000 r--s 00020000 08:05 300672                     /opt/play-1.2.4/framework/lib/jj-imaging.jar
7f7985951000-7f7985954000 r--s 0007d000 08:05 924457                     /usr/lib/jvm/java-6-openjdk/jre/lib/jsse.jar
7f7985954000-7f7985960000 r--s 000c2000 08:05 300728                     /opt/play-1.2.4/framework/play-1.2.4.jar
7f7985960000-7f7985971000 rw-p 00000000 00:00 0 
7f7985971000-7f7985a20000 rw-p 00000000 00:00 0 
7f7985a20000-7f7985a23000 ---p 00000000 00:00 0 
7f7985a23000-7f7985b26000 rw-p 00000000 00:00 0 
7f7985b26000-7f7985b27000 r--s 00002000 08:05 300712                     /opt/play-1.2.4/framework/lib/slf4j-log4j12-1.6.1.jar
7f7985b27000-7f7985b29000 r--s 00014000 08:05 947774                     /home/pascal/Projects/workspace/codeboard-core/lib/markdownpapers-core-1.2.5.jar
7f7985b29000-7f7985b2a000 rw-p 00000000 00:00 0 
7f7985b2a000-7f7985b2c000 r--s 0000f000 08:05 924518                     /usr/lib/jvm/java-6-openjdk/jre/lib/ext/pulse-java.jar
7f7985b2c000-7f7985b34000 r--s 00066000 08:05 136034                     /usr/share/java/gnome-java-bridge.jar
7f7985b34000-7f7985b3c000 rw-s 00000000 08:05 783790                     /tmp/hsperfdata_pascal/24853
7f7985b3c000-7f7985b3d000 rw-p 00000000 00:00 0 
7f7985b3d000-7f7985b3e000 r--p 00000000 00:00 0 
7f7985b3e000-7f7985b40000 rw-p 00000000 00:00 0 
7f7985b40000-7f7985b41000 r--p 00020000 08:05 1068846                    /lib/x86_64-linux-gnu/ld-2.13.so
7f7985b41000-7f7985b43000 rw-p 00021000 08:05 1068846                    /lib/x86_64-linux-gnu/ld-2.13.so
7fffecb0f000-7fffecb31000 rw-p 00000000 00:00 0                          [stack]
7fffecb75000-7fffecb76000 r-xp 00000000 00:00 0                          [vdso]
ffffffffff600000-ffffffffff601000 r-xp 00000000 00:00 0                  [vsyscall]

VM Arguments:
jvm_args: -javaagent:/opt/play-1.2.4/framework/play-1.2.4.jar -XX:-UseSplitVerifier -Dfile.encoding=utf-8 -Xdebug -Xrunjdwp:transport=dt_socket,address=8000,server=y,suspend=n -Dplay.debug=yes -Dapplication.path=/home/pascal/Projects/workspace/codeboard-core -Dplay.id= 
java_command: play.server.Server 
Launcher Type: SUN_STANDARD

Environment Variables:
PATH=/usr/lib/lightdm/lightdm:/usr/local/sbin:/usr/local/bin:/usr/sbin:/usr/bin:/sbin:/bin:/usr/games:/opt/play:/home/pascal/.gem/ruby/1.8/bin
USERNAME=pascal
LD_LIBRARY_PATH=/usr/lib/jvm/java-6-openjdk/jre/lib/amd64/server:/usr/lib/jvm/java-6-openjdk/jre/lib/amd64:/usr/lib/jvm/java-6-openjdk/jre/../lib/amd64
SHELL=/bin/bash
DISPLAY=:0

Signal Handlers:
SIGSEGV: [libjvm.so+0x783e60], sa_mask[0]=0x7ffbfeff, sa_flags=0x10000004
SIGBUS: [libjvm.so+0x783e60], sa_mask[0]=0x7ffbfeff, sa_flags=0x10000004
SIGFPE: [libjvm.so+0x6485c0], sa_mask[0]=0x7ffbfeff, sa_flags=0x10000004
SIGPIPE: [libjvm.so+0x6485c0], sa_mask[0]=0x7ffbfeff, sa_flags=0x10000004
SIGXFSZ: [libjvm.so+0x6485c0], sa_mask[0]=0x7ffbfeff, sa_flags=0x10000004
SIGILL: [libjvm.so+0x6485c0], sa_mask[0]=0x7ffbfeff, sa_flags=0x10000004
SIGUSR1: SIG_DFL, sa_mask[0]=0x00000000, sa_flags=0x00000000
SIGUSR2: [libjvm.so+0x648770], sa_mask[0]=0x00000000, sa_flags=0x10000004
SIGHUP: [libjvm.so+0x64b280], sa_mask[0]=0x7ffbfeff, sa_flags=0x10000004
SIGINT: [libjvm.so+0x64b280], sa_mask[0]=0x7ffbfeff, sa_flags=0x10000004
SIGTERM: [libjvm.so+0x64b280], sa_mask[0]=0x7ffbfeff, sa_flags=0x10000004
SIGQUIT: [libjvm.so+0x64b280], sa_mask[0]=0x7ffbfeff, sa_flags=0x10000004


---------------  S Y S T E M  ---------------

OS:Ubuntu 11.10 (oneiric)
uname:Linux 3.0.0-14-generic #23-Ubuntu SMP Mon Nov 21 20:28:43 UTC 2011 x86_64
libc:glibc 2.13 NPTL 2.13 
rlimit: STACK 8192k, CORE 0k, NPROC 128386, NOFILE 4096, AS infinity
load average:0,01 0,05 0,05

/proc/meminfo:
MemTotal:       16449332 kB
MemFree:        11142032 kB
Buffers:          117540 kB
Cached:          1961716 kB
SwapCached:            0 kB
Active:          3226184 kB
Inactive:        1687448 kB
Active(anon):    2838256 kB
Inactive(anon):    35136 kB
Active(file):     387928 kB
Inactive(file):  1652312 kB
Unevictable:          32 kB
Mlocked:              32 kB
SwapTotal:      16755708 kB
SwapFree:       16755708 kB
Dirty:               444 kB
Writeback:             0 kB
AnonPages:       2834440 kB
Mapped:           224776 kB
Shmem:             39020 kB
Slab:              88852 kB
SReclaimable:      55248 kB
SUnreclaim:        33604 kB
KernelStack:        4504 kB
PageTables:        34216 kB
NFS_Unstable:          0 kB
Bounce:                0 kB
WritebackTmp:          0 kB
CommitLimit:    24980372 kB
Committed_AS:    5233716 kB
VmallocTotal:   34359738367 kB
VmallocUsed:      175284 kB
VmallocChunk:   34359558652 kB
HardwareCorrupted:     0 kB
AnonHugePages:         0 kB
HugePages_Total:       0
HugePages_Free:        0
HugePages_Rsvd:        0
HugePages_Surp:        0
Hugepagesize:       2048 kB
DirectMap4k:      159744 kB
DirectMap2M:    16601088 kB


CPU:total 8 (4 cores per cpu, 2 threads per core) family 6 model 42 stepping 7, cmov, cx8, fxsr, mmx, sse, sse2, sse3, ssse3, sse4.1, sse4.2, popcnt, ht

Memory: 4k page, physical 16449332k(11142032k free), swap 16755708k(16755708k free)

vm_info: OpenJDK 64-Bit Server VM (20.0-b11) for linux-amd64 JRE (1.6.0_23-b23), built on Oct 22 2011 01:00:57 by "buildd" with gcc 4.6.1

time: Tue Dec 27 22:17:51 2011
elapsed time: 2004 seconds

