#
# A fatal error has been detected by the Java Runtime Environment:
#
#  SIGSEGV (0xb) at pc=0x00007f899f90b94e, pid=24855, tid=140228855523072
#
# JRE version: 6.0_23-b23
# Java VM: OpenJDK 64-Bit Server VM (20.0-b11 mixed mode linux-amd64 compressed oops)
# Derivative: IcedTea6 1.11pre
# Distribution: Ubuntu 11.10, package 6b23~pre11-0ubuntu1.11.10
# Problematic frame:
# V  [libjvm.so+0x5bc94e]  PhaseIdealLoop::build_loop_late_post(Node*)+0x14e
#
# If you would like to submit a bug report, please include
# instructions how to reproduce the bug and visit:
#   https://bugs.launchpad.net/ubuntu/+source/openjdk-6/
#

---------------  T H R E A D  ---------------

Current thread (0x0000000001aea800):  JavaThread "C2 CompilerThread0" daemon [_thread_in_native, id=24871, stack(0x00007f89930ee000,0x00007f89931ef000)]

siginfo:si_signo=SIGSEGV: si_errno=0, si_code=1 (SEGV_MAPERR), si_addr=0x0000000000000008

Registers:
RAX=0x0000000000000000, RBX=0x00007f89931ebab0, RCX=0x00007f8995659eb0, RDX=0x0000000000002000
RSP=0x00007f89931ea2f0, RBP=0x00007f89931ea330, RSI=0x000000000229ffb0, RDI=0x0000000000000000
R8 =0x00000000026c6800, R9 =0x00007f89931ebab0, R10=0x000000000229ffb0, R11=0x0000000000000000
R12=0x00007f8994452440, R13=0x00007f89945e8708, R14=0x00007f89931ebad0, R15=0x0000000002e192b8
RIP=0x00007f899f90b94e, EFLAGS=0x0000000000010202, CSGSFS=0x0000000000000033, ERR=0x0000000000000004
  TRAPNO=0x000000000000000e

Top of Stack: (sp=0x00007f89931ea2f0)
0x00007f89931ea2f0:   000000000244b6a8 00007f89931ea5d0
0x00007f89931ea300:   00007f89931ea330 00007f89931ebab0
0x00007f89931ea310:   0000000000000002 00007f8994452440
0x00007f89931ea320:   00000000026e6ad8 00007f89931ea5d0
0x00007f89931ea330:   00007f89931ea3a0 00007f899f90bebb
0x00007f89931ea340:   0000000004378ae0 0000000000000100
0x00007f89931ea350:   00007f8900000001 00007f89931ec450
0x00007f89931ea360:   00007f89931ea5f0 00007f89931ea590
0x00007f89931ea370:   0000000000001804 00007f89931ebab0
0x00007f89931ea380:   0000000000000007 0000000000000001
0x00007f89931ea390:   0000000000000001 0000000004378ae0
0x00007f89931ea3a0:   00007f89931ea640 00007f899f90ca82
0x00007f89931ea3b0:   00007f8994167158 0000000004378a70
0x00007f89931ea3c0:   00007f89931ea3d0 00007f89931ebad0
0x00007f89931ea3d0:   00007f89931ea430 00007f899f73e8ce
0x00007f89931ea3e0:   00007f8994cf4d10 0000000003d57b50
0x00007f89931ea3f0:   0000000000000000 0000000000000038
0x00007f89931ea400:   00007f8994cf4d10 00007f89931ed1d0
0x00007f89931ea410:   00007f899fef4f2a 00007f899ff10b58
0x00007f89931ea420:   00007f89931eb058 00007f89931eb078
0x00007f89931ea430:   00007f89931ea460 00007f899f97f814
0x00007f89931ea440:   00000000026e18e0 00007f89931ea530
0x00007f89931ea450:   00007f89931ea460 00007f899f65b402
0x00007f89931ea460:   00007f89931ea4c0 00007f899f7bfea5
0x00007f89931ea470:   00007f899457c100 00007f8994dea1f0
0x00007f89931ea480:   000000000261e380 000000009f9d408d
0x00007f89931ea490:   00007f89931eb078 0000000000010040
0x00007f89931ea4a0:   00007f89931ea690 00007f89931ea690
0x00007f89931ea4b0:   00007f8994dea2a0 00007f8994dea238
0x00007f89931ea4c0:   00007f89931ea5b0 00007f89a04c81c0
0x00007f89931ea4d0:   00007f89931ea560 0000000000010010
0x00007f89931ea4e0:   00007f8995661e90 0000000000010000 

Instructions: (pc=0x00007f899f90b94e)
0x00007f899f90b92e:   4c 39 e8 0f 84 ad 03 00 00 8b 70 28 49 89 c7 0f
0x00007f899f90b93e:   1f 00 4c 8b 93 e0 09 00 00 49 8d 34 f2 48 8b 06
0x00007f899f90b94e:   48 8b 50 08 48 83 3a 00 75 27 8b 4b 28 0f 1f 44
0x00007f899f90b95e:   00 00 8b 50 28 31 c0 39 ca 73 0c 48 8b 43 30 48 

Register to memory mapping:

RAX=0x0000000000000000 is an unknown value
RBX=0x00007f89931ebab0 is pointing into the stack for thread: 0x0000000001aea800
RCX=0x00007f8995659eb0 is an unknown value
RDX=0x0000000000002000 is an unknown value
RSP=0x00007f89931ea2f0 is pointing into the stack for thread: 0x0000000001aea800
RBP=0x00007f89931ea330 is pointing into the stack for thread: 0x0000000001aea800
RSI=0x000000000229ffb0 is an unknown value
RDI=0x0000000000000000 is an unknown value
R8 =0x00000000026c6800 is an unknown value
R9 =0x00007f89931ebab0 is pointing into the stack for thread: 0x0000000001aea800
R10=0x000000000229ffb0 is an unknown value
R11=0x0000000000000000 is an unknown value
R12=0x00007f8994452440 is an unknown value
R13=0x00007f89945e8708 is an unknown value
R14=0x00007f89931ebad0 is pointing into the stack for thread: 0x0000000001aea800
R15=0x0000000002e192b8 is an unknown value


Stack: [0x00007f89930ee000,0x00007f89931ef000],  sp=0x00007f89931ea2f0,  free space=1008k
Native frames: (J=compiled Java code, j=interpreted, Vv=VM code, C=native code)
V  [libjvm.so+0x5bc94e]  PhaseIdealLoop::build_loop_late_post(Node*)+0x14e
V  [libjvm.so+0x5bcebb]  PhaseIdealLoop::build_loop_late(VectorSet&, Node_List&, Node_Stack&)+0x10b
V  [libjvm.so+0x5bda82]  PhaseIdealLoop::build_and_optimize(bool, bool)+0x692
V  [libjvm.so+0x37bc8a]  Compile::Optimize()+0xd2a
V  [libjvm.so+0x37c9f3]  Compile::Compile(ciEnv*, C2Compiler*, ciMethod*, int, bool, bool)+0xad3
V  [libjvm.so+0x3062d0]  C2Compiler::compile_method(ciEnv*, ciMethod*, int)+0xe0
V  [libjvm.so+0x3810d3]  CompileBroker::invoke_compiler_on_method(CompileTask*)+0x2a3
V  [libjvm.so+0x381a1b]  CompileBroker::compiler_thread_loop()+0x45b
V  [libjvm.so+0x74bca8]  JavaThread::thread_main_inner()+0x58
V  [libjvm.so+0x64bc22]  java_start(Thread*)+0x112


Current CompileTask:
C2: 220526 666      jregex.Pretokenizer.next()V (1064 bytes)


---------------  P R O C E S S  ---------------

Java Threads: ( => current thread )
  0x00007f898c7b3800 JavaThread "net.sf.ehcache.CacheManager@20e0e9d5" daemon [_thread_blocked, id=32094, stack(0x00007f899233a000,0x00007f899243b000)]
  0x00007f899558e800 JavaThread "New I/O server worker #1-8" [_thread_in_native, id=28817, stack(0x00007f8991a2c000,0x00007f8991b2d000)]
  0x00007f8994932800 JavaThread "New I/O server worker #1-7" [_thread_in_native, id=28816, stack(0x00007f899253c000,0x00007f899263d000)]
  0x00007f8994fd6000 JavaThread "New I/O server worker #1-6" [_thread_in_native, id=24885, stack(0x00007f8991c2e000,0x00007f8991d2f000)]
  0x00007f899471a800 JavaThread "com.mchange.v2.async.ThreadPoolAsynchronousRunner$PoolThread-#2" daemon [_thread_blocked, id=24884, stack(0x00007f8991d2f000,0x00007f8991e30000)]
  0x00007f89951b5800 JavaThread "com.mchange.v2.async.ThreadPoolAsynchronousRunner$PoolThread-#1" daemon [_thread_blocked, id=24883, stack(0x00007f8991e30000,0x00007f8991f31000)]
  0x00007f89951c9800 JavaThread "com.mchange.v2.async.ThreadPoolAsynchronousRunner$PoolThread-#0" daemon [_thread_blocked, id=24882, stack(0x00007f8991f31000,0x00007f8992032000)]
  0x00007f8994ff4000 JavaThread "Timer-0" daemon [_thread_blocked, id=24881, stack(0x00007f8992032000,0x00007f8992133000)]
  0x00007f8994196800 JavaThread "play-thread-1" [_thread_in_native, id=24877, stack(0x00007f899243b000,0x00007f899253c000)]
  0x00007f89941d4800 JavaThread "DestroyJavaVM" [_thread_blocked, id=24856, stack(0x00007f89a0bf3000,0x00007f89a0cf4000)]
  0x00007f89940db800 JavaThread "New I/O server boss #1 ([id: 0x4cc5aa00, /0:0:0:0:0:0:0:0:9090])" [_thread_in_native, id=24875, stack(0x00007f899263d000,0x00007f899273e000)]
  0x00007f8994003000 JavaThread "Low Memory Detector" daemon [_thread_blocked, id=24873, stack(0x00007f8992eec000,0x00007f8992fed000)]
  0x0000000001aed800 JavaThread "C2 CompilerThread1" daemon [_thread_in_native, id=24872, stack(0x00007f8992fed000,0x00007f89930ee000)]
=>0x0000000001aea800 JavaThread "C2 CompilerThread0" daemon [_thread_in_native, id=24871, stack(0x00007f89930ee000,0x00007f89931ef000)]
  0x0000000001ade800 JavaThread "JDWP Event Helper Thread" daemon [_thread_blocked, id=24870, stack(0x00007f89931ef000,0x00007f89932f0000)]
  0x0000000001ada800 JavaThread "JDWP Transport Listener: dt_socket" daemon [_thread_in_native, id=24869, stack(0x00007f89932f0000,0x00007f89933f1000)]
  0x0000000001a9e000 JavaThread "Signal Dispatcher" daemon [_thread_blocked, id=24868, stack(0x00007f89935f6000,0x00007f89936f7000)]
  0x0000000001a8c800 JavaThread "Finalizer" daemon [_thread_blocked, id=24867, stack(0x00007f89936f7000,0x00007f89937f8000)]
  0x0000000001a85000 JavaThread "Reference Handler" daemon [_thread_blocked, id=24866, stack(0x00007f89937f8000,0x00007f89938f9000)]

Other Threads:
  0x0000000001a7e000 VMThread [stack: 0x00007f89938f9000,0x00007f89939fa000] [id=24865]
  0x00007f899400e000 WatcherThread [stack: 0x00007f8992deb000,0x00007f8992eec000] [id=24874]

VM state:not at safepoint (normal execution)

VM Mutex/Monitor currently owned by a thread: None

Heap
 PSYoungGen      total 66688K, used 22994K [0x00000007ac560000, 0x00000007b17e0000, 0x0000000800000000)
  eden space 59648K, 26% used [0x00000007ac560000,0x00000007ad4fc020,0x00000007affa0000)
  from space 7040K, 99% used [0x00000007b0110000,0x00000007b07e8870,0x00000007b07f0000)
  to   space 12416K, 0% used [0x00000007b0bc0000,0x00000007b0bc0000,0x00000007b17e0000)
 PSOldGen        total 171392K, used 4676K [0x0000000705000000, 0x000000070f760000, 0x00000007ac560000)
  object space 171392K, 2% used [0x0000000705000000,0x00000007054911b8,0x000000070f760000)
 PSPermGen       total 47168K, used 46984K [0x00000006faa00000, 0x00000006fd810000, 0x0000000705000000)
  object space 47168K, 99% used [0x00000006faa00000,0x00000006fd7e2048,0x00000006fd810000)

Code Cache  [0x00007f8999ba8000, 0x00007f899a048000, 0x00007f899cba8000)
 total_blobs=1304 nmethods=641 adapters=624 free_code_cache=45770496 largest_free_block=74176

Dynamic libraries:
00400000-00409000 r-xp 00000000 08:05 920882                             /usr/lib/jvm/java-6-openjdk/jre/bin/java
00608000-00609000 r--p 00008000 08:05 920882                             /usr/lib/jvm/java-6-openjdk/jre/bin/java
00609000-0060a000 rw-p 00009000 08:05 920882                             /usr/lib/jvm/java-6-openjdk/jre/bin/java
019ff000-0564f000 rw-p 00000000 00:00 0                                  [heap]
6faa00000-6fd810000 rw-p 00000000 00:00 0 
6fd810000-705000000 rw-p 00000000 00:00 0 
705000000-70f760000 rw-p 00000000 00:00 0 
70f760000-7ac560000 rw-p 00000000 00:00 0 
7ac560000-7b17e0000 rw-p 00000000 00:00 0 
7b17e0000-7b1a30000 ---p 00000000 00:00 0 
7b1a30000-800000000 rw-p 00000000 00:00 0 
7f898c000000-7f898ca04000 rw-p 00000000 00:00 0 
7f898ca04000-7f8990000000 ---p 00000000 00:00 0 
7f8991a2c000-7f8991a2f000 ---p 00000000 00:00 0 
7f8991a2f000-7f8991b2d000 rw-p 00000000 00:00 0 
7f8991b2d000-7f8991b30000 ---p 00000000 00:00 0 
7f8991b30000-7f8991c2e000 rw-p 00000000 00:00 0 
7f8991c2e000-7f8991c31000 ---p 00000000 00:00 0 
7f8991c31000-7f8991d2f000 rw-p 00000000 00:00 0 
7f8991d2f000-7f8991d32000 ---p 00000000 00:00 0 
7f8991d32000-7f8991e30000 rw-p 00000000 00:00 0 
7f8991e30000-7f8991e33000 ---p 00000000 00:00 0 
7f8991e33000-7f8991f31000 rw-p 00000000 00:00 0 
7f8991f31000-7f8991f34000 ---p 00000000 00:00 0 
7f8991f34000-7f8992032000 rw-p 00000000 00:00 0 
7f8992032000-7f8992035000 ---p 00000000 00:00 0 
7f8992035000-7f8992133000 rw-p 00000000 00:00 0 
7f8992133000-7f8992139000 r-xp 00000000 08:05 924543                     /usr/lib/jvm/java-6-openjdk/jre/lib/amd64/libmanagement.so
7f8992139000-7f8992338000 ---p 00006000 08:05 924543                     /usr/lib/jvm/java-6-openjdk/jre/lib/amd64/libmanagement.so
7f8992338000-7f8992339000 r--p 00005000 08:05 924543                     /usr/lib/jvm/java-6-openjdk/jre/lib/amd64/libmanagement.so
7f8992339000-7f899233a000 rw-p 00006000 08:05 924543                     /usr/lib/jvm/java-6-openjdk/jre/lib/amd64/libmanagement.so
7f899233a000-7f899233d000 ---p 00000000 00:00 0 
7f899233d000-7f899243b000 rw-p 00000000 00:00 0 
7f899243b000-7f899243e000 ---p 00000000 00:00 0 
7f899243e000-7f899253c000 rw-p 00000000 00:00 0 
7f899253c000-7f899253f000 ---p 00000000 00:00 0 
7f899253f000-7f899263d000 rw-p 00000000 00:00 0 
7f899263d000-7f8992640000 ---p 00000000 00:00 0 
7f8992640000-7f899273e000 rw-p 00000000 00:00 0 
7f8992827000-7f899282f000 r-xp 00000000 08:05 920896                     /usr/lib/jvm/java-6-openjdk/jre/lib/amd64/libnio.so
7f899282f000-7f8992a2e000 ---p 00008000 08:05 920896                     /usr/lib/jvm/java-6-openjdk/jre/lib/amd64/libnio.so
7f8992a2e000-7f8992a2f000 r--p 00007000 08:05 920896                     /usr/lib/jvm/java-6-openjdk/jre/lib/amd64/libnio.so
7f8992a2f000-7f8992a30000 rw-p 00008000 08:05 920896                     /usr/lib/jvm/java-6-openjdk/jre/lib/amd64/libnio.so
7f8992a30000-7f8992a45000 r-xp 00000000 08:05 920905                     /usr/lib/jvm/java-6-openjdk/jre/lib/amd64/libnet.so
7f8992a45000-7f8992c44000 ---p 00015000 08:05 920905                     /usr/lib/jvm/java-6-openjdk/jre/lib/amd64/libnet.so
7f8992c44000-7f8992c45000 r--p 00014000 08:05 920905                     /usr/lib/jvm/java-6-openjdk/jre/lib/amd64/libnet.so
7f8992c45000-7f8992c46000 rw-p 00015000 08:05 920905                     /usr/lib/jvm/java-6-openjdk/jre/lib/amd64/libnet.so
7f8992d07000-7f8992d0a000 r--s 00031000 08:05 924515                     /usr/lib/jvm/java-6-openjdk/jre/lib/ext/sunjce_provider.jar
7f8992d0a000-7f8992d0c000 r--s 00013000 08:05 924465                     /usr/lib/jvm/java-6-openjdk/jre/lib/jce.jar
7f8992d0c000-7f8992d1b000 r--s 00074000 08:05 296141                     /opt/play-1.2.3/framework/lib/joda-time-1.6.jar
7f8992d1b000-7f8992d21000 r--s 00038000 08:05 296158                     /opt/play-1.2.3/framework/lib/snakeyaml-1.7.jar
7f8992d21000-7f8992d28000 r--s 0006a000 08:05 296148                     /opt/play-1.2.3/framework/lib/mail-1.4.3.jar
7f8992d28000-7f8992d2a000 r--s 0000c000 08:05 296101                     /opt/play-1.2.3/framework/lib/activation-1.1.1.jar
7f8992d2a000-7f8992d35000 r--s 00124000 08:05 296123                     /opt/play-1.2.3/framework/lib/h2-1.3.149.jar
7f8992d35000-7f8992d38000 r--s 00024000 08:05 296113                     /opt/play-1.2.3/framework/lib/commons-io-2.0.1.jar
7f8992d38000-7f8992d3a000 r--s 0000b000 08:05 296139                     /opt/play-1.2.3/framework/lib/jj-textile.jar
7f8992d3a000-7f8992d3f000 r--s 00048000 08:05 296117                     /opt/play-1.2.3/framework/lib/dom4j-1.6.1.jar
7f8992d3f000-7f8992d42000 r--s 00011000 08:05 296119                     /opt/play-1.2.3/framework/lib/ezmorph-1.0.3.jar
7f8992d42000-7f8992d45000 r--s 0000f000 08:05 296120                     /opt/play-1.2.3/framework/lib/geronimo-servlet_2.5_spec-1.2.jar
7f8992d45000-7f8992d47000 r--s 00002000 08:05 296144                     /opt/play-1.2.3/framework/lib/jta-1.1.jar
7f8992d47000-7f8992d4f000 r--s 0008a000 08:05 296134                     /opt/play-1.2.3/framework/lib/javassist-3.9.0.GA.jar
7f8992d4f000-7f8992d50000 r--s 00007000 08:05 296111                     /opt/play-1.2.3/framework/lib/commons-email-1.2.jar
7f8992d50000-7f8992d59000 r--s 0005d000 08:05 296129                     /opt/play-1.2.3/framework/lib/hibernate-entitymanager-3.6.0.Final.jar
7f8992d59000-7f8992d5c000 r--s 00022000 08:05 296133                     /opt/play-1.2.3/framework/lib/jamon-2.7.jar
7f8992d5c000-7f8992d63000 r--s 00059000 08:05 296147                     /opt/play-1.2.3/framework/lib/log4j-1.2.15.jar
7f8992d63000-7f8992d88000 r--s 00172000 08:05 296105                     /opt/play-1.2.3/framework/lib/bcprov-jdk15-1.45.jar
7f8992d88000-7f8992d97000 r--s 000b2000 08:05 296151                     /opt/play-1.2.3/framework/lib/netty-3.2.4.Final.jar
7f8992d97000-7f8992deb000 r--s 00516000 08:05 296121                     /opt/play-1.2.3/framework/lib/groovy-all-1.7.7.jar
7f8992deb000-7f8992dec000 ---p 00000000 00:00 0 
7f8992dec000-7f8992eec000 rw-p 00000000 00:00 0 
7f8992eec000-7f8992eef000 ---p 00000000 00:00 0 
7f8992eef000-7f8992fed000 rw-p 00000000 00:00 0 
7f8992fed000-7f8992ff0000 ---p 00000000 00:00 0 
7f8992ff0000-7f89930ee000 rw-p 00000000 00:00 0 
7f89930ee000-7f89930f1000 ---p 00000000 00:00 0 
7f89930f1000-7f89931ef000 rw-p 00000000 00:00 0 
7f89931ef000-7f89931f2000 ---p 00000000 00:00 0 
7f89931f2000-7f89932f0000 rw-p 00000000 00:00 0 
7f89932f0000-7f89932f3000 ---p 00000000 00:00 0 
7f89932f3000-7f89933f1000 rw-p 00000000 00:00 0 
7f89933f1000-7f89933f5000 r-xp 00000000 08:05 920894                     /usr/lib/jvm/java-6-openjdk/jre/lib/amd64/libdt_socket.so
7f89933f5000-7f89935f4000 ---p 00004000 08:05 920894                     /usr/lib/jvm/java-6-openjdk/jre/lib/amd64/libdt_socket.so
7f89935f4000-7f89935f5000 r--p 00003000 08:05 920894                     /usr/lib/jvm/java-6-openjdk/jre/lib/amd64/libdt_socket.so
7f89935f5000-7f89935f6000 rw-p 00004000 08:05 920894                     /usr/lib/jvm/java-6-openjdk/jre/lib/amd64/libdt_socket.so
7f89935f6000-7f89935f9000 ---p 00000000 00:00 0 
7f89935f9000-7f89936f7000 rw-p 00000000 00:00 0 
7f89936f7000-7f89936fa000 ---p 00000000 00:00 0 
7f89936fa000-7f89937f8000 rw-p 00000000 00:00 0 
7f89937f8000-7f89937fb000 ---p 00000000 00:00 0 
7f89937fb000-7f89938f9000 rw-p 00000000 00:00 0 
7f89938f9000-7f89938fa000 ---p 00000000 00:00 0 
7f89938fa000-7f8994000000 rw-p 00000000 00:00 0 
7f8994000000-7f8996dcf000 rw-p 00000000 00:00 0 
7f8996dcf000-7f8998000000 ---p 00000000 00:00 0 
7f8998000000-7f8998005000 r--s 00014000 08:05 296131                     /opt/play-1.2.3/framework/lib/hibernate-jpa-2.0-api-1.0.0.Final.jar
7f8998005000-7f8998007000 r--s 00015000 08:05 296142                     /opt/play-1.2.3/framework/lib/jregex-1.2_01.jar
7f8998007000-7f899800d000 r--s 00032000 08:05 296136                     /opt/play-1.2.3/framework/lib/jaxen-1.1.jar
7f899800d000-7f8998014000 r--s 00038000 08:05 296140                     /opt/play-1.2.3/framework/lib/jj-wikitext.jar
7f8998014000-7f8998023000 r--s 000d9000 08:05 296132                     /opt/play-1.2.3/framework/lib/ivy-2.2.0.jar
7f8998023000-7f8998029000 r--s 00034000 08:05 296145                     /opt/play-1.2.3/framework/lib/junit-4.8.1.jar
7f8998029000-7f8998033000 r--s 0006f000 08:05 296118                     /opt/play-1.2.3/framework/lib/ehcache-core-2.0.0.jar
7f8998033000-7f8998035000 r--s 00008000 08:05 296155                     /opt/play-1.2.3/framework/lib/signpost-core-1.2.jar
7f8998035000-7f8998037000 r--s 0000e000 08:05 296114                     /opt/play-1.2.3/framework/lib/commons-javaflow-1066591.jar
7f8998037000-7f899803d000 r--s 0007e000 08:05 296154                     /opt/play-1.2.3/framework/lib/postgresql-9.0.jar
7f899803d000-7f899803f000 r--s 0000d000 08:05 296116                     /opt/play-1.2.3/framework/lib/commons-logging-1.1.1.jar
7f899803f000-7f8998040000 r--s 00000000 08:05 296135                     /opt/play-1.2.3/framework/lib/javax.inject-1.0.jar
7f8998040000-7f8998046000 r--s 00067000 08:05 296102                     /opt/play-1.2.3/framework/lib/antlr-2.7.6.jar
7f8998046000-7f899804c000 r--s 00049000 08:05 296104                     /opt/play-1.2.3/framework/lib/async-http-client-1.6.3.jar
7f899804c000-7f8998053000 r--s 000b7000 08:05 296150                     /opt/play-1.2.3/framework/lib/mysql-connector-java-5.1.13.jar
7f8998053000-7f8998056000 r--s 0000f000 08:05 296125                     /opt/play-1.2.3/framework/lib/hibernate-commons-annotations-3.2.0.Final.jar
7f8998056000-7f8998058000 r--s 0000d000 08:05 296112                     /opt/play-1.2.3/framework/lib/commons-fileupload-1.2.2.jar
7f8998058000-7f899805e000 r--s 00049000 08:05 296107                     /opt/play-1.2.3/framework/lib/cglib-nodep-2.2.jar
7f899805e000-7f899806c000 r--s 0007f000 08:05 296110                     /opt/play-1.2.3/framework/lib/commons-collections-3.2.1.jar
7f899806c000-7f8998077000 r--s 0005a000 08:05 296159                     /opt/play-1.2.3/framework/lib/xstream-1.3.jar
7f8998077000-7f899807e000 r--s 00049000 08:05 296153                     /opt/play-1.2.3/framework/lib/oval-1.50.jar
7f899807e000-7f8998080000 r--s 00005000 08:05 296156                     /opt/play-1.2.3/framework/lib/slf4j-api-1.6.1.jar
7f8998080000-7f8998085000 r--s 00041000 08:05 296115                     /opt/play-1.2.3/framework/lib/commons-lang-2.6.jar
7f8998085000-7f8998090000 r--s 0008b000 08:05 296106                     /opt/play-1.2.3/framework/lib/c3p0-0.9.1.2.jar
7f8998090000-7f89980b9000 r--s 00403000 08:05 296152                     /opt/play-1.2.3/framework/lib/org.eclipse.jdt.core-3.6.0.jar
7f89980b9000-7f89980eb000 r--s 002c7000 08:05 296127                     /opt/play-1.2.3/framework/lib/hibernate-core-3.6.1.Final.jar
7f89980eb000-7f89980f0000 r--s 00034000 08:05 296108                     /opt/play-1.2.3/framework/lib/commons-beanutils-1.8.3.jar
7f89980f0000-7f89980f5000 r--s 0002e000 08:05 296103                     /opt/play-1.2.3/framework/lib/asm-all-3.3.1.jar
7f89980f5000-7f89980f7000 r--s 00015000 08:05 296138                     /opt/play-1.2.3/framework/lib/jj-simplecaptcha.jar
7f89980f7000-7f899842d000 rw-p 00000000 00:00 0 
7f899842d000-7f89985be000 r--s 037b8000 08:05 924546                     /usr/lib/jvm/java-6-openjdk/jre/lib/rt.jar
7f89985be000-7f89985e6000 rw-p 00000000 00:00 0 
7f89985e6000-7f89985e7000 ---p 00000000 00:00 0 
7f89985e7000-7f89986e7000 rw-p 00000000 00:00 0 
7f89986e7000-7f89986e8000 ---p 00000000 00:00 0 
7f89986e8000-7f89987e8000 rw-p 00000000 00:00 0 
7f89987e8000-7f89987e9000 ---p 00000000 00:00 0 
7f89987e9000-7f89988e9000 rw-p 00000000 00:00 0 
7f89988e9000-7f89988ea000 ---p 00000000 00:00 0 
7f89988ea000-7f89989ea000 rw-p 00000000 00:00 0 
7f89989ea000-7f89989eb000 ---p 00000000 00:00 0 
7f89989eb000-7f8998aeb000 rw-p 00000000 00:00 0 
7f8998aeb000-7f8998aec000 ---p 00000000 00:00 0 
7f8998aec000-7f8998bec000 rw-p 00000000 00:00 0 
7f8998bec000-7f8998bed000 ---p 00000000 00:00 0 
7f8998bed000-7f8998ced000 rw-p 00000000 00:00 0 
7f8998ced000-7f8998cee000 ---p 00000000 00:00 0 
7f8998cee000-7f8998e06000 rw-p 00000000 00:00 0 
7f8998e06000-7f8998e41000 rw-p 00000000 00:00 0 
7f8998e41000-7f8998e95000 rw-p 00000000 00:00 0 
7f8998e95000-7f899937c000 rw-p 00000000 00:00 0 
7f899937c000-7f8999394000 rw-p 00000000 00:00 0 
7f8999394000-7f89993cf000 rw-p 00000000 00:00 0 
7f89993cf000-7f8999423000 rw-p 00000000 00:00 0 
7f8999423000-7f8999909000 rw-p 00000000 00:00 0 
7f8999909000-7f8999933000 rw-p 00000000 00:00 0 
7f8999933000-7f8999935000 ---p 00000000 00:00 0 
7f8999935000-7f8999ba7000 rw-p 00000000 00:00 0 
7f8999ba7000-7f8999ba8000 rw-p 00000000 00:00 0 
7f8999ba8000-7f899a048000 rwxp 00000000 00:00 0 
7f899a048000-7f899cba8000 rw-p 00000000 00:00 0 
7f899cba8000-7f899cbaf000 r-xp 00000000 08:05 924533                     /usr/lib/jvm/java-6-openjdk/jre/lib/amd64/libzip.so
7f899cbaf000-7f899cdae000 ---p 00007000 08:05 924533                     /usr/lib/jvm/java-6-openjdk/jre/lib/amd64/libzip.so
7f899cdae000-7f899cdaf000 r--p 00006000 08:05 924533                     /usr/lib/jvm/java-6-openjdk/jre/lib/amd64/libzip.so
7f899cdaf000-7f899cdb0000 rw-p 00007000 08:05 924533                     /usr/lib/jvm/java-6-openjdk/jre/lib/amd64/libzip.so
7f899cdb0000-7f899cdbc000 r-xp 00000000 08:05 1068842                    /lib/x86_64-linux-gnu/libnss_files-2.13.so
7f899cdbc000-7f899cfbb000 ---p 0000c000 08:05 1068842                    /lib/x86_64-linux-gnu/libnss_files-2.13.so
7f899cfbb000-7f899cfbc000 r--p 0000b000 08:05 1068842                    /lib/x86_64-linux-gnu/libnss_files-2.13.so
7f899cfbc000-7f899cfbd000 rw-p 0000c000 08:05 1068842                    /lib/x86_64-linux-gnu/libnss_files-2.13.so
7f899cfbd000-7f899cfc7000 r-xp 00000000 08:05 1068848                    /lib/x86_64-linux-gnu/libnss_nis-2.13.so
7f899cfc7000-7f899d1c7000 ---p 0000a000 08:05 1068848                    /lib/x86_64-linux-gnu/libnss_nis-2.13.so
7f899d1c7000-7f899d1c8000 r--p 0000a000 08:05 1068848                    /lib/x86_64-linux-gnu/libnss_nis-2.13.so
7f899d1c8000-7f899d1c9000 rw-p 0000b000 08:05 1068848                    /lib/x86_64-linux-gnu/libnss_nis-2.13.so
7f899d1c9000-7f899d1e0000 r-xp 00000000 08:05 1068837                    /lib/x86_64-linux-gnu/libnsl-2.13.so
7f899d1e0000-7f899d3df000 ---p 00017000 08:05 1068837                    /lib/x86_64-linux-gnu/libnsl-2.13.so
7f899d3df000-7f899d3e0000 r--p 00016000 08:05 1068837                    /lib/x86_64-linux-gnu/libnsl-2.13.so
7f899d3e0000-7f899d3e1000 rw-p 00017000 08:05 1068837                    /lib/x86_64-linux-gnu/libnsl-2.13.so
7f899d3e1000-7f899d3e3000 rw-p 00000000 00:00 0 
7f899d3e3000-7f899d3eb000 r-xp 00000000 08:05 1068834                    /lib/x86_64-linux-gnu/libnss_compat-2.13.so
7f899d3eb000-7f899d5ea000 ---p 00008000 08:05 1068834                    /lib/x86_64-linux-gnu/libnss_compat-2.13.so
7f899d5ea000-7f899d5eb000 r--p 00007000 08:05 1068834                    /lib/x86_64-linux-gnu/libnss_compat-2.13.so
7f899d5eb000-7f899d5ec000 rw-p 00008000 08:05 1068834                    /lib/x86_64-linux-gnu/libnss_compat-2.13.so
7f899d5ec000-7f899df1d000 r--p 00000000 08:05 922981                     /usr/lib/locale/locale-archive
7f899df1d000-7f899df20000 r-xp 00000000 08:05 920914                     /usr/lib/jvm/java-6-openjdk/jre/lib/amd64/libnpt.so
7f899df20000-7f899e11f000 ---p 00003000 08:05 920914                     /usr/lib/jvm/java-6-openjdk/jre/lib/amd64/libnpt.so
7f899e11f000-7f899e120000 r--p 00002000 08:05 920914                     /usr/lib/jvm/java-6-openjdk/jre/lib/amd64/libnpt.so
7f899e120000-7f899e121000 rw-p 00003000 08:05 920914                     /usr/lib/jvm/java-6-openjdk/jre/lib/amd64/libnpt.so
7f899e121000-7f899e12a000 r-xp 00000000 08:05 924528                     /usr/lib/jvm/java-6-openjdk/jre/lib/amd64/libinstrument.so
7f899e12a000-7f899e32a000 ---p 00009000 08:05 924528                     /usr/lib/jvm/java-6-openjdk/jre/lib/amd64/libinstrument.so
7f899e32a000-7f899e32b000 r--p 00009000 08:05 924528                     /usr/lib/jvm/java-6-openjdk/jre/lib/amd64/libinstrument.so
7f899e32b000-7f899e32c000 rw-p 0000a000 08:05 924528                     /usr/lib/jvm/java-6-openjdk/jre/lib/amd64/libinstrument.so
7f899e32c000-7f899e366000 r-xp 00000000 08:05 920913                     /usr/lib/jvm/java-6-openjdk/jre/lib/amd64/libjdwp.so
7f899e366000-7f899e565000 ---p 0003a000 08:05 920913                     /usr/lib/jvm/java-6-openjdk/jre/lib/amd64/libjdwp.so
7f899e565000-7f899e566000 r--p 00039000 08:05 920913                     /usr/lib/jvm/java-6-openjdk/jre/lib/amd64/libjdwp.so
7f899e566000-7f899e567000 rw-p 0003a000 08:05 920913                     /usr/lib/jvm/java-6-openjdk/jre/lib/amd64/libjdwp.so
7f899e567000-7f899e593000 r-xp 00000000 08:05 924532                     /usr/lib/jvm/java-6-openjdk/jre/lib/amd64/libjava.so
7f899e593000-7f899e792000 ---p 0002c000 08:05 924532                     /usr/lib/jvm/java-6-openjdk/jre/lib/amd64/libjava.so
7f899e792000-7f899e793000 r--p 0002b000 08:05 924532                     /usr/lib/jvm/java-6-openjdk/jre/lib/amd64/libjava.so
7f899e793000-7f899e796000 rw-p 0002c000 08:05 924532                     /usr/lib/jvm/java-6-openjdk/jre/lib/amd64/libjava.so
7f899e796000-7f899e7a4000 r-xp 00000000 08:05 920904                     /usr/lib/jvm/java-6-openjdk/jre/lib/amd64/libverify.so
7f899e7a4000-7f899e9a3000 ---p 0000e000 08:05 920904                     /usr/lib/jvm/java-6-openjdk/jre/lib/amd64/libverify.so
7f899e9a3000-7f899e9a5000 r--p 0000d000 08:05 920904                     /usr/lib/jvm/java-6-openjdk/jre/lib/amd64/libverify.so
7f899e9a5000-7f899e9a6000 rw-p 0000f000 08:05 920904                     /usr/lib/jvm/java-6-openjdk/jre/lib/amd64/libverify.so
7f899e9a6000-7f899e9ad000 r-xp 00000000 08:05 1044505                    /lib/x86_64-linux-gnu/librt-2.13.so
7f899e9ad000-7f899ebac000 ---p 00007000 08:05 1044505                    /lib/x86_64-linux-gnu/librt-2.13.so
7f899ebac000-7f899ebad000 r--p 00006000 08:05 1044505                    /lib/x86_64-linux-gnu/librt-2.13.so
7f899ebad000-7f899ebae000 rw-p 00007000 08:05 1044505                    /lib/x86_64-linux-gnu/librt-2.13.so
7f899ebae000-7f899ebc3000 r-xp 00000000 08:05 1068525                    /lib/x86_64-linux-gnu/libgcc_s.so.1
7f899ebc3000-7f899edc2000 ---p 00015000 08:05 1068525                    /lib/x86_64-linux-gnu/libgcc_s.so.1
7f899edc2000-7f899edc3000 r--p 00014000 08:05 1068525                    /lib/x86_64-linux-gnu/libgcc_s.so.1
7f899edc3000-7f899edc4000 rw-p 00015000 08:05 1068525                    /lib/x86_64-linux-gnu/libgcc_s.so.1
7f899edc4000-7f899ee47000 r-xp 00000000 08:05 1068849                    /lib/x86_64-linux-gnu/libm-2.13.so
7f899ee47000-7f899f046000 ---p 00083000 08:05 1068849                    /lib/x86_64-linux-gnu/libm-2.13.so
7f899f046000-7f899f047000 r--p 00082000 08:05 1068849                    /lib/x86_64-linux-gnu/libm-2.13.so
7f899f047000-7f899f048000 rw-p 00083000 08:05 1068849                    /lib/x86_64-linux-gnu/libm-2.13.so
7f899f048000-7f899f130000 r-xp 00000000 08:05 914676                     /usr/lib/x86_64-linux-gnu/libstdc++.so.6.0.16
7f899f130000-7f899f330000 ---p 000e8000 08:05 914676                     /usr/lib/x86_64-linux-gnu/libstdc++.so.6.0.16
7f899f330000-7f899f338000 r--p 000e8000 08:05 914676                     /usr/lib/x86_64-linux-gnu/libstdc++.so.6.0.16
7f899f338000-7f899f33a000 rw-p 000f0000 08:05 914676                     /usr/lib/x86_64-linux-gnu/libstdc++.so.6.0.16
7f899f33a000-7f899f34f000 rw-p 00000000 00:00 0 
7f899f34f000-7f899fc52000 r-xp 00000000 08:05 924535                     /usr/lib/jvm/java-6-openjdk/jre/lib/amd64/server/libjvm.so
7f899fc52000-7f899fe51000 ---p 00903000 08:05 924535                     /usr/lib/jvm/java-6-openjdk/jre/lib/amd64/server/libjvm.so
7f899fe51000-7f899fed2000 r--p 00902000 08:05 924535                     /usr/lib/jvm/java-6-openjdk/jre/lib/amd64/server/libjvm.so
7f899fed2000-7f899feed000 rw-p 00983000 08:05 924535                     /usr/lib/jvm/java-6-openjdk/jre/lib/amd64/server/libjvm.so
7f899feed000-7f899ff16000 rw-p 00000000 00:00 0 
7f899ff16000-7f899ff2d000 r-xp 00000000 08:05 1048733                    /lib/x86_64-linux-gnu/libz.so.1.2.3.4
7f899ff2d000-7f89a012c000 ---p 00017000 08:05 1048733                    /lib/x86_64-linux-gnu/libz.so.1.2.3.4
7f89a012c000-7f89a012d000 r--p 00016000 08:05 1048733                    /lib/x86_64-linux-gnu/libz.so.1.2.3.4
7f89a012d000-7f89a012e000 rw-p 00017000 08:05 1048733                    /lib/x86_64-linux-gnu/libz.so.1.2.3.4
7f89a012e000-7f89a02c3000 r-xp 00000000 08:05 1068839                    /lib/x86_64-linux-gnu/libc-2.13.so
7f89a02c3000-7f89a04c2000 ---p 00195000 08:05 1068839                    /lib/x86_64-linux-gnu/libc-2.13.so
7f89a04c2000-7f89a04c6000 r--p 00194000 08:05 1068839                    /lib/x86_64-linux-gnu/libc-2.13.so
7f89a04c6000-7f89a04c7000 rw-p 00198000 08:05 1068839                    /lib/x86_64-linux-gnu/libc-2.13.so
7f89a04c7000-7f89a04cd000 rw-p 00000000 00:00 0 
7f89a04cd000-7f89a04cf000 r-xp 00000000 08:05 1068840                    /lib/x86_64-linux-gnu/libdl-2.13.so
7f89a04cf000-7f89a06cf000 ---p 00002000 08:05 1068840                    /lib/x86_64-linux-gnu/libdl-2.13.so
7f89a06cf000-7f89a06d0000 r--p 00002000 08:05 1068840                    /lib/x86_64-linux-gnu/libdl-2.13.so
7f89a06d0000-7f89a06d1000 rw-p 00003000 08:05 1068840                    /lib/x86_64-linux-gnu/libdl-2.13.so
7f89a06d1000-7f89a06d5000 r-xp 00000000 08:05 920901                     /usr/lib/jvm/java-6-openjdk/jre/lib/amd64/jli/libjli.so
7f89a06d5000-7f89a08d4000 ---p 00004000 08:05 920901                     /usr/lib/jvm/java-6-openjdk/jre/lib/amd64/jli/libjli.so
7f89a08d4000-7f89a08d5000 r--p 00003000 08:05 920901                     /usr/lib/jvm/java-6-openjdk/jre/lib/amd64/jli/libjli.so
7f89a08d5000-7f89a08d6000 rw-p 00004000 08:05 920901                     /usr/lib/jvm/java-6-openjdk/jre/lib/amd64/jli/libjli.so
7f89a08d6000-7f89a08ee000 r-xp 00000000 08:05 1068847                    /lib/x86_64-linux-gnu/libpthread-2.13.so
7f89a08ee000-7f89a0aed000 ---p 00018000 08:05 1068847                    /lib/x86_64-linux-gnu/libpthread-2.13.so
7f89a0aed000-7f89a0aee000 r--p 00017000 08:05 1068847                    /lib/x86_64-linux-gnu/libpthread-2.13.so
7f89a0aee000-7f89a0aef000 rw-p 00018000 08:05 1068847                    /lib/x86_64-linux-gnu/libpthread-2.13.so
7f89a0aef000-7f89a0af3000 rw-p 00000000 00:00 0 
7f89a0af3000-7f89a0b14000 r-xp 00000000 08:05 1068846                    /lib/x86_64-linux-gnu/ld-2.13.so
7f89a0b14000-7f89a0b1a000 r--s 00040000 08:05 296149                     /opt/play-1.2.3/framework/lib/memcached-2.6.jar
7f89a0b1a000-7f89a0b1c000 r--s 00001000 08:05 296143                     /opt/play-1.2.3/framework/lib/jsr107cache-1.0.jar
7f89a0b1c000-7f89a0b20000 r--s 00027000 08:05 296122                     /opt/play-1.2.3/framework/lib/gson-1.7.1.jar
7f89a0b20000-7f89a0b25000 r--s 00020000 08:05 296137                     /opt/play-1.2.3/framework/lib/jj-imaging.jar
7f89a0b25000-7f89a0b28000 r--s 0007d000 08:05 924457                     /usr/lib/jvm/java-6-openjdk/jre/lib/jsse.jar
7f89a0b28000-7f89a0b33000 r--s 000b8000 08:05 296160                     /opt/play-1.2.3/framework/play-1.2.3.jar
7f89a0b33000-7f89a0b46000 rw-p 00000000 00:00 0 
7f89a0b46000-7f89a0bf3000 rw-p 00000000 00:00 0 
7f89a0bf3000-7f89a0bf6000 ---p 00000000 00:00 0 
7f89a0bf6000-7f89a0cf9000 rw-p 00000000 00:00 0 
7f89a0cf9000-7f89a0cfa000 r--s 00002000 08:05 296157                     /opt/play-1.2.3/framework/lib/slf4j-log4j12-1.6.1.jar
7f89a0cfa000-7f89a0cfc000 r--s 0000d000 08:05 296109                     /opt/play-1.2.3/framework/lib/commons-codec-1.4.jar
7f89a0cfc000-7f89a0cfd000 rw-p 00000000 00:00 0 
7f89a0cfd000-7f89a0cff000 r--s 0000f000 08:05 924518                     /usr/lib/jvm/java-6-openjdk/jre/lib/ext/pulse-java.jar
7f89a0cff000-7f89a0d07000 r--s 00066000 08:05 136034                     /usr/share/java/gnome-java-bridge.jar
7f89a0d07000-7f89a0d0f000 rw-s 00000000 08:05 785212                     /tmp/hsperfdata_pascal/24855
7f89a0d0f000-7f89a0d10000 rw-p 00000000 00:00 0 
7f89a0d10000-7f89a0d11000 r--p 00000000 00:00 0 
7f89a0d11000-7f89a0d13000 rw-p 00000000 00:00 0 
7f89a0d13000-7f89a0d14000 r--p 00020000 08:05 1068846                    /lib/x86_64-linux-gnu/ld-2.13.so
7f89a0d14000-7f89a0d16000 rw-p 00021000 08:05 1068846                    /lib/x86_64-linux-gnu/ld-2.13.so
7fff4a604000-7fff4a626000 rw-p 00000000 00:00 0                          [stack]
7fff4a7ff000-7fff4a800000 r-xp 00000000 00:00 0                          [vdso]
ffffffffff600000-ffffffffff601000 r-xp 00000000 00:00 0                  [vsyscall]

VM Arguments:
jvm_args: -javaagent:/opt/play-1.2.3/framework/play-1.2.3.jar -Dfile.encoding=utf-8 -Xdebug -Xrunjdwp:transport=dt_socket,address=8000,server=y,suspend=n -Dplay.debug=yes -Dapplication.path=/home/pascal/workspace/codeboard-core -Dplay.id= 
java_command: play.server.Server 
Launcher Type: SUN_STANDARD

Environment Variables:
PATH=/home/pascal/bin:/usr/lib/lightdm/lightdm:/usr/local/sbin:/usr/local/bin:/usr/sbin:/usr/bin:/sbin:/bin:/usr/games:/opt/play:/home/pascal/.gem/ruby/1.8/bin
USERNAME=pascal
LD_LIBRARY_PATH=/usr/lib/jvm/java-6-openjdk/jre/lib/amd64/server:/usr/lib/jvm/java-6-openjdk/jre/lib/amd64:/usr/lib/jvm/java-6-openjdk/jre/../lib/amd64
SHELL=/bin/bash
DISPLAY=:0

Signal Handlers:
SIGSEGV: [libjvm.so+0x783e60], sa_mask[0]=0x7ffbfeff, sa_flags=0x10000004
SIGBUS: [libjvm.so+0x783e60], sa_mask[0]=0x7ffbfeff, sa_flags=0x10000004
SIGFPE: [libjvm.so+0x6485c0], sa_mask[0]=0x7ffbfeff, sa_flags=0x10000004
SIGPIPE: [libjvm.so+0x6485c0], sa_mask[0]=0x7ffbfeff, sa_flags=0x10000004
SIGXFSZ: [libjvm.so+0x6485c0], sa_mask[0]=0x7ffbfeff, sa_flags=0x10000004
SIGILL: [libjvm.so+0x6485c0], sa_mask[0]=0x7ffbfeff, sa_flags=0x10000004
SIGUSR1: SIG_DFL, sa_mask[0]=0x00000000, sa_flags=0x00000000
SIGUSR2: [libjvm.so+0x648770], sa_mask[0]=0x00000000, sa_flags=0x10000004
SIGHUP: [libjvm.so+0x64b280], sa_mask[0]=0x7ffbfeff, sa_flags=0x10000004
SIGINT: [libjvm.so+0x64b280], sa_mask[0]=0x7ffbfeff, sa_flags=0x10000004
SIGTERM: [libjvm.so+0x64b280], sa_mask[0]=0x7ffbfeff, sa_flags=0x10000004
SIGQUIT: [libjvm.so+0x64b280], sa_mask[0]=0x7ffbfeff, sa_flags=0x10000004


---------------  S Y S T E M  ---------------

OS:Ubuntu 11.10 (oneiric)
uname:Linux 3.0.0-12-generic #20-Ubuntu SMP Fri Oct 7 14:56:25 UTC 2011 x86_64
libc:glibc 2.13 NPTL 2.13 
rlimit: STACK 8192k, CORE 0k, NPROC 128386, NOFILE 4096, AS infinity
load average:0,03 0,05 0,05

/proc/meminfo:
MemTotal:       16449340 kB
MemFree:        10363168 kB
Buffers:          254576 kB
Cached:          2263208 kB
SwapCached:            0 kB
Active:          4041752 kB
Inactive:        1522104 kB
Active(anon):    3061256 kB
Inactive(anon):    40440 kB
Active(file):     980496 kB
Inactive(file):  1481664 kB
Unevictable:          32 kB
Mlocked:              32 kB
SwapTotal:      16755708 kB
SwapFree:       16755708 kB
Dirty:              2336 kB
Writeback:             0 kB
AnonPages:       3045820 kB
Mapped:           233812 kB
Shmem:             55624 kB
Slab:             211024 kB
SReclaimable:     178052 kB
SUnreclaim:        32972 kB
KernelStack:        4488 kB
PageTables:        35208 kB
NFS_Unstable:          0 kB
Bounce:                0 kB
WritebackTmp:          0 kB
CommitLimit:    24980376 kB
Committed_AS:    5605624 kB
VmallocTotal:   34359738367 kB
VmallocUsed:      175544 kB
VmallocChunk:   34359558652 kB
HardwareCorrupted:     0 kB
AnonHugePages:         0 kB
HugePages_Total:       0
HugePages_Free:        0
HugePages_Rsvd:        0
HugePages_Surp:        0
Hugepagesize:       2048 kB
DirectMap4k:      169984 kB
DirectMap2M:    16590848 kB


CPU:total 8 (4 cores per cpu, 2 threads per core) family 6 model 42 stepping 7, cmov, cx8, fxsr, mmx, sse, sse2, sse3, ssse3, sse4.1, sse4.2, popcnt, ht

Memory: 4k page, physical 16449340k(10363168k free), swap 16755708k(16755708k free)

vm_info: OpenJDK 64-Bit Server VM (20.0-b11) for linux-amd64 JRE (1.6.0_23-b23), built on Oct 22 2011 01:00:57 by "buildd" with gcc 4.6.1

time: Wed Nov 23 00:06:28 2011
elapsed time: 220 seconds

