#
# A fatal error has been detected by the Java Runtime Environment:
#
#  SIGSEGV (0xb) at pc=0x00007fda8a79f94e, pid=30176, tid=140576462182144
#
# JRE version: 6.0_23-b23
# Java VM: OpenJDK 64-Bit Server VM (20.0-b11 mixed mode linux-amd64 compressed oops)
# Derivative: IcedTea6 1.11pre
# Distribution: Ubuntu 11.10, package 6b23~pre11-0ubuntu1.11.10
# Problematic frame:
# V  [libjvm.so+0x5bc94e]  PhaseIdealLoop::build_loop_late_post(Node*)+0x14e
#
# If you would like to submit a bug report, please include
# instructions how to reproduce the bug and visit:
#   https://bugs.launchpad.net/ubuntu/+source/openjdk-6/
#

---------------  T H R E A D  ---------------

Current thread (0x000000000145e000):  JavaThread "C2 CompilerThread0" daemon [_thread_in_native, id=30192, stack(0x00007fda82079000,0x00007fda8217a000)]

siginfo:si_signo=SIGSEGV: si_errno=0, si_code=1 (SEGV_MAPERR), si_addr=0x0000000000000008

Registers:
RAX=0x0000000000000000, RBX=0x00007fda82176830, RCX=0x0000000002319210, RDX=0x0000000000002000
RSP=0x00007fda82175070, RBP=0x00007fda821750b0, RSI=0x00000000023aea30, RDI=0x0000000000000000
R8 =0x000000000273af70, R9 =0x00007fda82176830, R10=0x00000000023aea30, R11=0x0000000000000000
R12=0x00007fda7e16cda0, R13=0x00007fda7c170978, R14=0x00007fda82176850, R15=0x00000000039c6308
RIP=0x00007fda8a79f94e, EFLAGS=0x0000000000010283, CSGSFS=0x0000000000000033, ERR=0x0000000000000004
  TRAPNO=0x000000000000000e

Top of Stack: (sp=0x00007fda82175070)
0x00007fda82175070:   00007fda7c10a9f0 00007fda82175350
0x00007fda82175080:   00007fda821750b0 00007fda82176830
0x00007fda82175090:   0000000000000002 00007fda7e16cda0
0x00007fda821750a0:   0000000002d79008 00007fda82175350
0x00007fda821750b0:   00007fda82175120 00007fda8a79febb
0x00007fda821750c0:   00007fda7ebedee0 0000000000000100
0x00007fda821750d0:   00007fda00000001 00007fda821771d0
0x00007fda821750e0:   00007fda82175370 00007fda82175310
0x00007fda821750f0:   0000000000001692 00007fda82176830
0x00007fda82175100:   0000000000000002 0000000000000001
0x00007fda82175110:   0000000000000001 00007fda7ebedee0
0x00007fda82175120:   00007fda821753c0 00007fda8a7a0a82
0x00007fda82175130:   0000000003b55048 00007fda7ebede70
0x00007fda82175140:   00007fda82175150 00007fda82176850
0x00007fda82175150:   00007fda821751b0 00007fda8a5d28ce
0x00007fda82175160:   00000000013a3650 00007fda7e206820
0x00007fda82175170:   0000000000000010 000000000000000c
0x00007fda82175180:   00000000013a3650 00007fda7e206820
0x00007fda82175190:   00007fda8ad747e0 0000000000000004
0x00007fda821751a0:   00007fda82175dd8 00007fda82175df8
0x00007fda821751b0:   00007fda821751e0 00007fda8a813814
0x00007fda821751c0:   00000000039c8af8 00007fda821752b0
0x00007fda821751d0:   00007fda821751e0 00007fda8a4ef402
0x00007fda821751e0:   00007fda82175240 00007fda8a653ea5
0x00007fda821751f0:   00007fda7c14d040 0000000001c67170
0x00007fda82175200:   0000000003ad38f0 000000008a86808d
0x00007fda82175210:   00007fda82175df8 0000000000010040
0x00007fda82175220:   00007fda82175410 00007fda82175410
0x00007fda82175230:   0000000001c67220 0000000001c671b8
0x00007fda82175240:   00007fda82175330 00007fda8b35c1c0
0x00007fda82175250:   00007fda821752e0 0000000000010010
0x00007fda82175260:   00000000022af3b0 0000000000010000 

Instructions: (pc=0x00007fda8a79f94e)
0x00007fda8a79f92e:   4c 39 e8 0f 84 ad 03 00 00 8b 70 28 49 89 c7 0f
0x00007fda8a79f93e:   1f 00 4c 8b 93 e0 09 00 00 49 8d 34 f2 48 8b 06
0x00007fda8a79f94e:   48 8b 50 08 48 83 3a 00 75 27 8b 4b 28 0f 1f 44
0x00007fda8a79f95e:   00 00 8b 50 28 31 c0 39 ca 73 0c 48 8b 43 30 48 

Register to memory mapping:

RAX=0x0000000000000000 is an unknown value
RBX=0x00007fda82176830 is pointing into the stack for thread: 0x000000000145e000
RCX=0x0000000002319210 is an unknown value
RDX=0x0000000000002000 is an unknown value
RSP=0x00007fda82175070 is pointing into the stack for thread: 0x000000000145e000
RBP=0x00007fda821750b0 is pointing into the stack for thread: 0x000000000145e000
RSI=0x00000000023aea30 is an unknown value
RDI=0x0000000000000000 is an unknown value
R8 =0x000000000273af70 is an unknown value
R9 =0x00007fda82176830 is pointing into the stack for thread: 0x000000000145e000
R10=0x00000000023aea30 is an unknown value
R11=0x0000000000000000 is an unknown value
R12=0x00007fda7e16cda0 is an unknown value
R13=0x00007fda7c170978 is an unknown value
R14=0x00007fda82176850 is pointing into the stack for thread: 0x000000000145e000
R15=0x00000000039c6308 is an unknown value


Stack: [0x00007fda82079000,0x00007fda8217a000],  sp=0x00007fda82175070,  free space=1008k
Native frames: (J=compiled Java code, j=interpreted, Vv=VM code, C=native code)
V  [libjvm.so+0x5bc94e]  PhaseIdealLoop::build_loop_late_post(Node*)+0x14e
V  [libjvm.so+0x5bcebb]  PhaseIdealLoop::build_loop_late(VectorSet&, Node_List&, Node_Stack&)+0x10b
V  [libjvm.so+0x5bda82]  PhaseIdealLoop::build_and_optimize(bool, bool)+0x692
V  [libjvm.so+0x37bc8a]  Compile::Optimize()+0xd2a
V  [libjvm.so+0x37c9f3]  Compile::Compile(ciEnv*, C2Compiler*, ciMethod*, int, bool, bool)+0xad3
V  [libjvm.so+0x3062d0]  C2Compiler::compile_method(ciEnv*, ciMethod*, int)+0xe0
V  [libjvm.so+0x3810d3]  CompileBroker::invoke_compiler_on_method(CompileTask*)+0x2a3
V  [libjvm.so+0x381a1b]  CompileBroker::compiler_thread_loop()+0x45b
V  [libjvm.so+0x74bca8]  JavaThread::thread_main_inner()+0x58
V  [libjvm.so+0x64bc22]  java_start(Thread*)+0x112


Current CompileTask:
C2:  72472 477      jregex.Pretokenizer.next()V (1064 bytes)


---------------  P R O C E S S  ---------------

Java Threads: ( => current thread )
  0x0000000002a0f000 JavaThread "New I/O server worker #1-6" [_thread_in_native, id=30900, stack(0x00007fda80860000,0x00007fda80961000)]
  0x0000000002a0d800 JavaThread "New I/O server worker #1-5" [_thread_in_native, id=30899, stack(0x00007fda80961000,0x00007fda80a62000)]
  0x00000000030a3800 JavaThread "New I/O server worker #1-4" [_thread_in_native, id=30898, stack(0x00007fda80a62000,0x00007fda80b63000)]
  0x0000000001f19000 JavaThread "New I/O server worker #1-3" [_thread_in_native, id=30897, stack(0x00007fda80b63000,0x00007fda80c64000)]
  0x00007fda7c3f4800 JavaThread "New I/O server worker #1-2" [_thread_in_native, id=30896, stack(0x00007fda80c64000,0x00007fda80d65000)]
  0x00007fda7c253800 JavaThread "com.mchange.v2.async.ThreadPoolAsynchronousRunner$PoolThread-#2" daemon [_thread_blocked, id=30204, stack(0x00007fda80d6a000,0x00007fda80e6b000)]
  0x00007fda7c2cb800 JavaThread "com.mchange.v2.async.ThreadPoolAsynchronousRunner$PoolThread-#1" daemon [_thread_blocked, id=30203, stack(0x00007fda80e6b000,0x00007fda80f6c000)]
  0x00007fda7e1b3000 JavaThread "com.mchange.v2.async.ThreadPoolAsynchronousRunner$PoolThread-#0" daemon [_thread_blocked, id=30202, stack(0x00007fda80f6c000,0x00007fda8106d000)]
  0x00007fda7e9cd000 JavaThread "Timer-0" daemon [_thread_blocked, id=30201, stack(0x00007fda8106d000,0x00007fda8116e000)]
  0x00007fda7e26b800 JavaThread "net.sf.ehcache.CacheManager@2c0cf70f" daemon [_thread_blocked, id=30199, stack(0x00007fda81375000,0x00007fda81476000)]
  0x00000000018ba800 JavaThread "play-thread-1" [_thread_in_Java, id=30198, stack(0x00007fda81476000,0x00007fda81577000)]
  0x0000000001750000 JavaThread "New I/O server worker #1-1" [_thread_in_native, id=30197, stack(0x00007fda81577000,0x00007fda81678000)]
  0x0000000001382000 JavaThread "DestroyJavaVM" [_thread_blocked, id=30177, stack(0x00007fda8ba87000,0x00007fda8bb88000)]
  0x00000000016b1000 JavaThread "New I/O server boss #1 ([id: 0x643cb075, /0:0:0:0:0:0:0:0:9090])" [_thread_in_native, id=30196, stack(0x00007fda81678000,0x00007fda81779000)]
  0x0000000001463000 JavaThread "Low Memory Detector" daemon [_thread_blocked, id=30194, stack(0x00007fda81e77000,0x00007fda81f78000)]
  0x0000000001460800 JavaThread "C2 CompilerThread1" daemon [_thread_in_native, id=30193, stack(0x00007fda81f78000,0x00007fda82079000)]
=>0x000000000145e000 JavaThread "C2 CompilerThread0" daemon [_thread_in_native, id=30192, stack(0x00007fda82079000,0x00007fda8217a000)]
  0x0000000001451800 JavaThread "JDWP Event Helper Thread" daemon [_thread_blocked, id=30191, stack(0x00007fda8217a000,0x00007fda8227b000)]
  0x000000000144e000 JavaThread "JDWP Transport Listener: dt_socket" daemon [_thread_in_native, id=30190, stack(0x00007fda8227b000,0x00007fda8237c000)]
  0x0000000001411000 JavaThread "Signal Dispatcher" daemon [_thread_blocked, id=30189, stack(0x00007fda82581000,0x00007fda82682000)]
  0x00000000013ff800 JavaThread "Finalizer" daemon [_thread_blocked, id=30188, stack(0x00007fda82682000,0x00007fda82783000)]
  0x00000000013f8000 JavaThread "Reference Handler" daemon [_thread_blocked, id=30187, stack(0x00007fda82783000,0x00007fda82884000)]

Other Threads:
  0x00000000013f1800 VMThread [stack: 0x00007fda82884000,0x00007fda82985000] [id=30186]
  0x000000000146e000 WatcherThread [stack: 0x00007fda81d76000,0x00007fda81e77000] [id=30195]

VM state:not at safepoint (normal execution)

VM Mutex/Monitor currently owned by a thread: None

Heap
 PSYoungGen      total 74944K, used 59188K [0x00000007ac560000, 0x00000007b1900000, 0x0000000800000000)
  eden space 64256K, 76% used [0x00000007ac560000,0x00000007af596fd8,0x00000007b0420000)
  from space 10688K, 91% used [0x00000007b0420000,0x00000007b0db61a8,0x00000007b0e90000)
  to   space 10688K, 0% used [0x00000007b0e90000,0x00000007b0e90000,0x00000007b1900000)
 PSOldGen        total 171392K, used 0K [0x0000000705000000, 0x000000070f760000, 0x00000007ac560000)
  object space 171392K, 0% used [0x0000000705000000,0x0000000705000000,0x000000070f760000)
 PSPermGen       total 41984K, used 41981K [0x00000006faa00000, 0x00000006fd300000, 0x0000000705000000)
  object space 41984K, 99% used [0x00000006faa00000,0x00000006fd2ff750,0x00000006fd300000)

Code Cache  [0x00007fda84a3c000, 0x00007fda84e2c000, 0x00007fda87a3c000)
 total_blobs=1118 nmethods=466 adapters=614 free_code_cache=46507840 largest_free_block=189312

Dynamic libraries:
00400000-00409000 r-xp 00000000 08:05 920882                             /usr/lib/jvm/java-6-openjdk/jre/bin/java
00608000-00609000 r--p 00008000 08:05 920882                             /usr/lib/jvm/java-6-openjdk/jre/bin/java
00609000-0060a000 rw-p 00009000 08:05 920882                             /usr/lib/jvm/java-6-openjdk/jre/bin/java
01372000-03e8d000 rw-p 00000000 00:00 0                                  [heap]
6faa00000-6fd300000 rw-p 00000000 00:00 0 
6fd300000-705000000 rw-p 00000000 00:00 0 
705000000-70f760000 rw-p 00000000 00:00 0 
70f760000-7ac560000 rw-p 00000000 00:00 0 
7ac560000-7b1900000 rw-p 00000000 00:00 0 
7b1900000-800000000 rw-p 00000000 00:00 0 
7fda7c000000-7fda7f142000 rw-p 00000000 00:00 0 
7fda7f142000-7fda80000000 ---p 00000000 00:00 0 
7fda80860000-7fda80863000 ---p 00000000 00:00 0 
7fda80863000-7fda80961000 rw-p 00000000 00:00 0 
7fda80961000-7fda80964000 ---p 00000000 00:00 0 
7fda80964000-7fda80a62000 rw-p 00000000 00:00 0 
7fda80a62000-7fda80a65000 ---p 00000000 00:00 0 
7fda80a65000-7fda80b63000 rw-p 00000000 00:00 0 
7fda80b63000-7fda80b66000 ---p 00000000 00:00 0 
7fda80b66000-7fda80c64000 rw-p 00000000 00:00 0 
7fda80c64000-7fda80c67000 ---p 00000000 00:00 0 
7fda80c67000-7fda80d65000 rw-p 00000000 00:00 0 
7fda80d65000-7fda80d68000 r--s 00031000 08:05 924515                     /usr/lib/jvm/java-6-openjdk/jre/lib/ext/sunjce_provider.jar
7fda80d68000-7fda80d6a000 r--s 00013000 08:05 924465                     /usr/lib/jvm/java-6-openjdk/jre/lib/jce.jar
7fda80d6a000-7fda80d6d000 ---p 00000000 00:00 0 
7fda80d6d000-7fda80e6b000 rw-p 00000000 00:00 0 
7fda80e6b000-7fda80e6e000 ---p 00000000 00:00 0 
7fda80e6e000-7fda80f6c000 rw-p 00000000 00:00 0 
7fda80f6c000-7fda80f6f000 ---p 00000000 00:00 0 
7fda80f6f000-7fda8106d000 rw-p 00000000 00:00 0 
7fda8106d000-7fda81070000 ---p 00000000 00:00 0 
7fda81070000-7fda8116e000 rw-p 00000000 00:00 0 
7fda8116e000-7fda81174000 r-xp 00000000 08:05 924543                     /usr/lib/jvm/java-6-openjdk/jre/lib/amd64/libmanagement.so
7fda81174000-7fda81373000 ---p 00006000 08:05 924543                     /usr/lib/jvm/java-6-openjdk/jre/lib/amd64/libmanagement.so
7fda81373000-7fda81374000 r--p 00005000 08:05 924543                     /usr/lib/jvm/java-6-openjdk/jre/lib/amd64/libmanagement.so
7fda81374000-7fda81375000 rw-p 00006000 08:05 924543                     /usr/lib/jvm/java-6-openjdk/jre/lib/amd64/libmanagement.so
7fda81375000-7fda81378000 ---p 00000000 00:00 0 
7fda81378000-7fda81476000 rw-p 00000000 00:00 0 
7fda81476000-7fda81479000 ---p 00000000 00:00 0 
7fda81479000-7fda81577000 rw-p 00000000 00:00 0 
7fda81577000-7fda8157a000 ---p 00000000 00:00 0 
7fda8157a000-7fda81678000 rw-p 00000000 00:00 0 
7fda81678000-7fda8167b000 ---p 00000000 00:00 0 
7fda8167b000-7fda81779000 rw-p 00000000 00:00 0 
7fda81779000-7fda81781000 r-xp 00000000 08:05 920896                     /usr/lib/jvm/java-6-openjdk/jre/lib/amd64/libnio.so
7fda81781000-7fda81980000 ---p 00008000 08:05 920896                     /usr/lib/jvm/java-6-openjdk/jre/lib/amd64/libnio.so
7fda81980000-7fda81981000 r--p 00007000 08:05 920896                     /usr/lib/jvm/java-6-openjdk/jre/lib/amd64/libnio.so
7fda81981000-7fda81982000 rw-p 00008000 08:05 920896                     /usr/lib/jvm/java-6-openjdk/jre/lib/amd64/libnio.so
7fda81982000-7fda81997000 r-xp 00000000 08:05 920905                     /usr/lib/jvm/java-6-openjdk/jre/lib/amd64/libnet.so
7fda81997000-7fda81b96000 ---p 00015000 08:05 920905                     /usr/lib/jvm/java-6-openjdk/jre/lib/amd64/libnet.so
7fda81b96000-7fda81b97000 r--p 00014000 08:05 920905                     /usr/lib/jvm/java-6-openjdk/jre/lib/amd64/libnet.so
7fda81b97000-7fda81b98000 rw-p 00015000 08:05 920905                     /usr/lib/jvm/java-6-openjdk/jre/lib/amd64/libnet.so
7fda81b98000-7fda81b9e000 r--s 00038000 08:05 300716                     /opt/play-1.2.4/framework/lib/snakeyaml-1.7.jar
7fda81b9e000-7fda81ba5000 r--s 0006a000 08:05 300694                     /opt/play-1.2.4/framework/lib/mail-1.4.3.jar
7fda81ba5000-7fda81ba7000 r--s 0000c000 08:05 300600                     /opt/play-1.2.4/framework/lib/activation-1.1.1.jar
7fda81ba7000-7fda81bb2000 r--s 00124000 08:05 300644                     /opt/play-1.2.4/framework/lib/h2-1.3.149.jar
7fda81bb2000-7fda81bb5000 r--s 00024000 08:05 300624                     /opt/play-1.2.4/framework/lib/commons-io-2.0.1.jar
7fda81bb5000-7fda81bb7000 r--s 0000b000 08:05 300676                     /opt/play-1.2.4/framework/lib/jj-textile.jar
7fda81bb7000-7fda81bbc000 r--s 00048000 08:05 300632                     /opt/play-1.2.4/framework/lib/dom4j-1.6.1.jar
7fda81bbc000-7fda81bbf000 r--s 00011000 08:05 300636                     /opt/play-1.2.4/framework/lib/ezmorph-1.0.3.jar
7fda81bbf000-7fda81bc6000 r--s 0004d000 08:05 300606                     /opt/play-1.2.4/framework/lib/async-http-client-1.6.5.jar
7fda81bc6000-7fda81bc9000 r--s 0000f000 08:05 300638                     /opt/play-1.2.4/framework/lib/geronimo-servlet_2.5_spec-1.2.jar
7fda81bc9000-7fda81bcb000 r--s 00002000 08:05 300686                     /opt/play-1.2.4/framework/lib/jta-1.1.jar
7fda81bcb000-7fda81bd3000 r--s 0008a000 08:05 300666                     /opt/play-1.2.4/framework/lib/javassist-3.9.0.GA.jar
7fda81bd3000-7fda81bd4000 r--s 00007000 08:05 300620                     /opt/play-1.2.4/framework/lib/commons-email-1.2.jar
7fda81bd4000-7fda81bd9000 r--s 00014000 08:05 300660                     /opt/play-1.2.4/framework/lib/hibernate-jpa-2.0-api-1.0.0.Final.jar
7fda81bd9000-7fda81bdb000 r--s 00015000 08:05 300682                     /opt/play-1.2.4/framework/lib/jregex-1.2_01.jar
7fda81bdb000-7fda81be4000 r--s 0005d000 08:05 300656                     /opt/play-1.2.4/framework/lib/hibernate-entitymanager-3.6.0.Final.jar
7fda81be4000-7fda81be7000 r--s 00022000 08:05 300664                     /opt/play-1.2.4/framework/lib/jamon-2.7.jar
7fda81be7000-7fda81c0c000 r--s 00172000 08:05 300608                     /opt/play-1.2.4/framework/lib/bcprov-jdk15-1.45.jar
7fda81c0c000-7fda81c12000 r--s 00032000 08:05 300670                     /opt/play-1.2.4/framework/lib/jaxen-1.1.jar
7fda81c12000-7fda81c1b000 r--s 0006d000 08:05 300692                     /opt/play-1.2.4/framework/lib/log4j-1.2.16.jar
7fda81c1b000-7fda81c22000 r--s 00038000 08:05 300678                     /opt/play-1.2.4/framework/lib/jj-wikitext.jar
7fda81c22000-7fda81c31000 r--s 000d9000 08:05 300662                     /opt/play-1.2.4/framework/lib/ivy-2.2.0.jar
7fda81c31000-7fda81c37000 r--s 00034000 08:05 300688                     /opt/play-1.2.4/framework/lib/junit-4.8.1.jar
7fda81c37000-7fda81c41000 r--s 0006f000 08:05 300634                     /opt/play-1.2.4/framework/lib/ehcache-core-2.0.0.jar
7fda81c41000-7fda81c43000 r--s 00008000 08:05 300708                     /opt/play-1.2.4/framework/lib/signpost-core-1.2.jar
7fda81c43000-7fda81c45000 r--s 0000e000 08:05 300626                     /opt/play-1.2.4/framework/lib/commons-javaflow-1066591.jar
7fda81c45000-7fda81c4b000 r--s 0007e000 08:05 300706                     /opt/play-1.2.4/framework/lib/postgresql-9.0.jar
7fda81c4b000-7fda81c4d000 r--s 0000d000 08:05 300630                     /opt/play-1.2.4/framework/lib/commons-logging-1.1.1.jar
7fda81c4d000-7fda81c53000 r--s 00067000 08:05 300602                     /opt/play-1.2.4/framework/lib/antlr-2.7.6.jar
7fda81c53000-7fda81c5a000 r--s 000b7000 08:05 300698                     /opt/play-1.2.4/framework/lib/mysql-connector-java-5.1.13.jar
7fda81c5a000-7fda81c69000 r--s 0007c000 08:05 300680                     /opt/play-1.2.4/framework/lib/joda-time-2.0.jar
7fda81c69000-7fda81c6c000 r--s 0000f000 08:05 300648                     /opt/play-1.2.4/framework/lib/hibernate-commons-annotations-3.2.0.Final.jar
7fda81c6c000-7fda81c6e000 r--s 0000d000 08:05 300622                     /opt/play-1.2.4/framework/lib/commons-fileupload-1.2.2.jar
7fda81c6e000-7fda81c74000 r--s 00049000 08:05 300612                     /opt/play-1.2.4/framework/lib/cglib-nodep-2.2.jar
7fda81c74000-7fda81c82000 r--s 0007f000 08:05 300618                     /opt/play-1.2.4/framework/lib/commons-collections-3.2.1.jar
7fda81c82000-7fda81c8d000 r--s 0005a000 08:05 300718                     /opt/play-1.2.4/framework/lib/xstream-1.3.jar
7fda81c8d000-7fda81c94000 r--s 00049000 08:05 300704                     /opt/play-1.2.4/framework/lib/oval-1.50.jar
7fda81c94000-7fda81c96000 r--s 00005000 08:05 300710                     /opt/play-1.2.4/framework/lib/slf4j-api-1.6.1.jar
7fda81c96000-7fda81c9b000 r--s 00041000 08:05 300628                     /opt/play-1.2.4/framework/lib/commons-lang-2.6.jar
7fda81c9b000-7fda81ca6000 r--s 0008b000 08:05 300610                     /opt/play-1.2.4/framework/lib/c3p0-0.9.1.2.jar
7fda81ca6000-7fda81cfa000 r--s 00520000 08:05 300640                     /opt/play-1.2.4/framework/lib/groovy-all-1.7.10.jar
7fda81cfa000-7fda81d24000 r--s 00427000 08:05 300702                     /opt/play-1.2.4/framework/lib/org.eclipse.jdt.core-3.8.0.v_C03.jar
7fda81d24000-7fda81d56000 r--s 002c7000 08:05 300652                     /opt/play-1.2.4/framework/lib/hibernate-core-3.6.1.Final.jar
7fda81d56000-7fda81d66000 r--s 000b2000 08:05 300700                     /opt/play-1.2.4/framework/lib/netty-3.2.5.Final.jar
7fda81d66000-7fda81d6b000 r--s 00034000 08:05 300614                     /opt/play-1.2.4/framework/lib/commons-beanutils-1.8.3.jar
7fda81d6b000-7fda81d70000 r--s 0002e000 08:05 300604                     /opt/play-1.2.4/framework/lib/asm-all-3.3.1.jar
7fda81d70000-7fda81d76000 r--s 00040000 08:05 300696                     /opt/play-1.2.4/framework/lib/memcached-2.6.jar
7fda81d76000-7fda81d77000 ---p 00000000 00:00 0 
7fda81d77000-7fda81e77000 rw-p 00000000 00:00 0 
7fda81e77000-7fda81e7a000 ---p 00000000 00:00 0 
7fda81e7a000-7fda81f78000 rw-p 00000000 00:00 0 
7fda81f78000-7fda81f7b000 ---p 00000000 00:00 0 
7fda81f7b000-7fda82079000 rw-p 00000000 00:00 0 
7fda82079000-7fda8207c000 ---p 00000000 00:00 0 
7fda8207c000-7fda8217a000 rw-p 00000000 00:00 0 
7fda8217a000-7fda8217d000 ---p 00000000 00:00 0 
7fda8217d000-7fda8227b000 rw-p 00000000 00:00 0 
7fda8227b000-7fda8227e000 ---p 00000000 00:00 0 
7fda8227e000-7fda8237c000 rw-p 00000000 00:00 0 
7fda8237c000-7fda82380000 r-xp 00000000 08:05 920894                     /usr/lib/jvm/java-6-openjdk/jre/lib/amd64/libdt_socket.so
7fda82380000-7fda8257f000 ---p 00004000 08:05 920894                     /usr/lib/jvm/java-6-openjdk/jre/lib/amd64/libdt_socket.so
7fda8257f000-7fda82580000 r--p 00003000 08:05 920894                     /usr/lib/jvm/java-6-openjdk/jre/lib/amd64/libdt_socket.so
7fda82580000-7fda82581000 rw-p 00004000 08:05 920894                     /usr/lib/jvm/java-6-openjdk/jre/lib/amd64/libdt_socket.so
7fda82581000-7fda82584000 ---p 00000000 00:00 0 
7fda82584000-7fda82682000 rw-p 00000000 00:00 0 
7fda82682000-7fda82685000 ---p 00000000 00:00 0 
7fda82685000-7fda82783000 rw-p 00000000 00:00 0 
7fda82783000-7fda82786000 ---p 00000000 00:00 0 
7fda82786000-7fda82884000 rw-p 00000000 00:00 0 
7fda82884000-7fda82885000 ---p 00000000 00:00 0 
7fda82885000-7fda832c1000 rw-p 00000000 00:00 0 
7fda832c1000-7fda83452000 r--s 037b8000 08:05 924546                     /usr/lib/jvm/java-6-openjdk/jre/lib/rt.jar
7fda83452000-7fda8347a000 rw-p 00000000 00:00 0 
7fda8347a000-7fda8347b000 ---p 00000000 00:00 0 
7fda8347b000-7fda8357b000 rw-p 00000000 00:00 0 
7fda8357b000-7fda8357c000 ---p 00000000 00:00 0 
7fda8357c000-7fda8367c000 rw-p 00000000 00:00 0 
7fda8367c000-7fda8367d000 ---p 00000000 00:00 0 
7fda8367d000-7fda8377d000 rw-p 00000000 00:00 0 
7fda8377d000-7fda8377e000 ---p 00000000 00:00 0 
7fda8377e000-7fda8387e000 rw-p 00000000 00:00 0 
7fda8387e000-7fda8387f000 ---p 00000000 00:00 0 
7fda8387f000-7fda8397f000 rw-p 00000000 00:00 0 
7fda8397f000-7fda83980000 ---p 00000000 00:00 0 
7fda83980000-7fda83a80000 rw-p 00000000 00:00 0 
7fda83a80000-7fda83a81000 ---p 00000000 00:00 0 
7fda83a81000-7fda83b81000 rw-p 00000000 00:00 0 
7fda83b81000-7fda83b82000 ---p 00000000 00:00 0 
7fda83b82000-7fda83c97000 rw-p 00000000 00:00 0 
7fda83c97000-7fda83cd5000 rw-p 00000000 00:00 0 
7fda83cd5000-7fda83d29000 rw-p 00000000 00:00 0 
7fda83d29000-7fda84210000 rw-p 00000000 00:00 0 
7fda84210000-7fda84225000 rw-p 00000000 00:00 0 
7fda84225000-7fda84263000 rw-p 00000000 00:00 0 
7fda84263000-7fda842b7000 rw-p 00000000 00:00 0 
7fda842b7000-7fda8479d000 rw-p 00000000 00:00 0 
7fda8479d000-7fda847c8000 rw-p 00000000 00:00 0 
7fda847c8000-7fda84a3b000 rw-p 00000000 00:00 0 
7fda84a3b000-7fda84a3c000 rw-p 00000000 00:00 0 
7fda84a3c000-7fda84e2c000 rwxp 00000000 00:00 0 
7fda84e2c000-7fda87a3c000 rw-p 00000000 00:00 0 
7fda87a3c000-7fda87a43000 r-xp 00000000 08:05 924533                     /usr/lib/jvm/java-6-openjdk/jre/lib/amd64/libzip.so
7fda87a43000-7fda87c42000 ---p 00007000 08:05 924533                     /usr/lib/jvm/java-6-openjdk/jre/lib/amd64/libzip.so
7fda87c42000-7fda87c43000 r--p 00006000 08:05 924533                     /usr/lib/jvm/java-6-openjdk/jre/lib/amd64/libzip.so
7fda87c43000-7fda87c44000 rw-p 00007000 08:05 924533                     /usr/lib/jvm/java-6-openjdk/jre/lib/amd64/libzip.so
7fda87c44000-7fda87c50000 r-xp 00000000 08:05 1068842                    /lib/x86_64-linux-gnu/libnss_files-2.13.so
7fda87c50000-7fda87e4f000 ---p 0000c000 08:05 1068842                    /lib/x86_64-linux-gnu/libnss_files-2.13.so
7fda87e4f000-7fda87e50000 r--p 0000b000 08:05 1068842                    /lib/x86_64-linux-gnu/libnss_files-2.13.so
7fda87e50000-7fda87e51000 rw-p 0000c000 08:05 1068842                    /lib/x86_64-linux-gnu/libnss_files-2.13.so
7fda87e51000-7fda87e5b000 r-xp 00000000 08:05 1068848                    /lib/x86_64-linux-gnu/libnss_nis-2.13.so
7fda87e5b000-7fda8805b000 ---p 0000a000 08:05 1068848                    /lib/x86_64-linux-gnu/libnss_nis-2.13.so
7fda8805b000-7fda8805c000 r--p 0000a000 08:05 1068848                    /lib/x86_64-linux-gnu/libnss_nis-2.13.so
7fda8805c000-7fda8805d000 rw-p 0000b000 08:05 1068848                    /lib/x86_64-linux-gnu/libnss_nis-2.13.so
7fda8805d000-7fda88074000 r-xp 00000000 08:05 1068837                    /lib/x86_64-linux-gnu/libnsl-2.13.so
7fda88074000-7fda88273000 ---p 00017000 08:05 1068837                    /lib/x86_64-linux-gnu/libnsl-2.13.so
7fda88273000-7fda88274000 r--p 00016000 08:05 1068837                    /lib/x86_64-linux-gnu/libnsl-2.13.so
7fda88274000-7fda88275000 rw-p 00017000 08:05 1068837                    /lib/x86_64-linux-gnu/libnsl-2.13.so
7fda88275000-7fda88277000 rw-p 00000000 00:00 0 
7fda88277000-7fda8827f000 r-xp 00000000 08:05 1068834                    /lib/x86_64-linux-gnu/libnss_compat-2.13.so
7fda8827f000-7fda8847e000 ---p 00008000 08:05 1068834                    /lib/x86_64-linux-gnu/libnss_compat-2.13.so
7fda8847e000-7fda8847f000 r--p 00007000 08:05 1068834                    /lib/x86_64-linux-gnu/libnss_compat-2.13.so
7fda8847f000-7fda88480000 rw-p 00008000 08:05 1068834                    /lib/x86_64-linux-gnu/libnss_compat-2.13.so
7fda88480000-7fda88db1000 r--p 00000000 08:05 922981                     /usr/lib/locale/locale-archive
7fda88db1000-7fda88db4000 r-xp 00000000 08:05 920914                     /usr/lib/jvm/java-6-openjdk/jre/lib/amd64/libnpt.so
7fda88db4000-7fda88fb3000 ---p 00003000 08:05 920914                     /usr/lib/jvm/java-6-openjdk/jre/lib/amd64/libnpt.so
7fda88fb3000-7fda88fb4000 r--p 00002000 08:05 920914                     /usr/lib/jvm/java-6-openjdk/jre/lib/amd64/libnpt.so
7fda88fb4000-7fda88fb5000 rw-p 00003000 08:05 920914                     /usr/lib/jvm/java-6-openjdk/jre/lib/amd64/libnpt.so
7fda88fb5000-7fda88fbe000 r-xp 00000000 08:05 924528                     /usr/lib/jvm/java-6-openjdk/jre/lib/amd64/libinstrument.so
7fda88fbe000-7fda891be000 ---p 00009000 08:05 924528                     /usr/lib/jvm/java-6-openjdk/jre/lib/amd64/libinstrument.so
7fda891be000-7fda891bf000 r--p 00009000 08:05 924528                     /usr/lib/jvm/java-6-openjdk/jre/lib/amd64/libinstrument.so
7fda891bf000-7fda891c0000 rw-p 0000a000 08:05 924528                     /usr/lib/jvm/java-6-openjdk/jre/lib/amd64/libinstrument.so
7fda891c0000-7fda891fa000 r-xp 00000000 08:05 920913                     /usr/lib/jvm/java-6-openjdk/jre/lib/amd64/libjdwp.so
7fda891fa000-7fda893f9000 ---p 0003a000 08:05 920913                     /usr/lib/jvm/java-6-openjdk/jre/lib/amd64/libjdwp.so
7fda893f9000-7fda893fa000 r--p 00039000 08:05 920913                     /usr/lib/jvm/java-6-openjdk/jre/lib/amd64/libjdwp.so
7fda893fa000-7fda893fb000 rw-p 0003a000 08:05 920913                     /usr/lib/jvm/java-6-openjdk/jre/lib/amd64/libjdwp.so
7fda893fb000-7fda89427000 r-xp 00000000 08:05 924532                     /usr/lib/jvm/java-6-openjdk/jre/lib/amd64/libjava.so
7fda89427000-7fda89626000 ---p 0002c000 08:05 924532                     /usr/lib/jvm/java-6-openjdk/jre/lib/amd64/libjava.so
7fda89626000-7fda89627000 r--p 0002b000 08:05 924532                     /usr/lib/jvm/java-6-openjdk/jre/lib/amd64/libjava.so
7fda89627000-7fda8962a000 rw-p 0002c000 08:05 924532                     /usr/lib/jvm/java-6-openjdk/jre/lib/amd64/libjava.so
7fda8962a000-7fda89638000 r-xp 00000000 08:05 920904                     /usr/lib/jvm/java-6-openjdk/jre/lib/amd64/libverify.so
7fda89638000-7fda89837000 ---p 0000e000 08:05 920904                     /usr/lib/jvm/java-6-openjdk/jre/lib/amd64/libverify.so
7fda89837000-7fda89839000 r--p 0000d000 08:05 920904                     /usr/lib/jvm/java-6-openjdk/jre/lib/amd64/libverify.so
7fda89839000-7fda8983a000 rw-p 0000f000 08:05 920904                     /usr/lib/jvm/java-6-openjdk/jre/lib/amd64/libverify.so
7fda8983a000-7fda89841000 r-xp 00000000 08:05 1044505                    /lib/x86_64-linux-gnu/librt-2.13.so
7fda89841000-7fda89a40000 ---p 00007000 08:05 1044505                    /lib/x86_64-linux-gnu/librt-2.13.so
7fda89a40000-7fda89a41000 r--p 00006000 08:05 1044505                    /lib/x86_64-linux-gnu/librt-2.13.so
7fda89a41000-7fda89a42000 rw-p 00007000 08:05 1044505                    /lib/x86_64-linux-gnu/librt-2.13.so
7fda89a42000-7fda89a57000 r-xp 00000000 08:05 1068525                    /lib/x86_64-linux-gnu/libgcc_s.so.1
7fda89a57000-7fda89c56000 ---p 00015000 08:05 1068525                    /lib/x86_64-linux-gnu/libgcc_s.so.1
7fda89c56000-7fda89c57000 r--p 00014000 08:05 1068525                    /lib/x86_64-linux-gnu/libgcc_s.so.1
7fda89c57000-7fda89c58000 rw-p 00015000 08:05 1068525                    /lib/x86_64-linux-gnu/libgcc_s.so.1
7fda89c58000-7fda89cdb000 r-xp 00000000 08:05 1068849                    /lib/x86_64-linux-gnu/libm-2.13.so
7fda89cdb000-7fda89eda000 ---p 00083000 08:05 1068849                    /lib/x86_64-linux-gnu/libm-2.13.so
7fda89eda000-7fda89edb000 r--p 00082000 08:05 1068849                    /lib/x86_64-linux-gnu/libm-2.13.so
7fda89edb000-7fda89edc000 rw-p 00083000 08:05 1068849                    /lib/x86_64-linux-gnu/libm-2.13.so
7fda89edc000-7fda89fc4000 r-xp 00000000 08:05 914676                     /usr/lib/x86_64-linux-gnu/libstdc++.so.6.0.16
7fda89fc4000-7fda8a1c4000 ---p 000e8000 08:05 914676                     /usr/lib/x86_64-linux-gnu/libstdc++.so.6.0.16
7fda8a1c4000-7fda8a1cc000 r--p 000e8000 08:05 914676                     /usr/lib/x86_64-linux-gnu/libstdc++.so.6.0.16
7fda8a1cc000-7fda8a1ce000 rw-p 000f0000 08:05 914676                     /usr/lib/x86_64-linux-gnu/libstdc++.so.6.0.16
7fda8a1ce000-7fda8a1e3000 rw-p 00000000 00:00 0 
7fda8a1e3000-7fda8aae6000 r-xp 00000000 08:05 924535                     /usr/lib/jvm/java-6-openjdk/jre/lib/amd64/server/libjvm.so
7fda8aae6000-7fda8ace5000 ---p 00903000 08:05 924535                     /usr/lib/jvm/java-6-openjdk/jre/lib/amd64/server/libjvm.so
7fda8ace5000-7fda8ad66000 r--p 00902000 08:05 924535                     /usr/lib/jvm/java-6-openjdk/jre/lib/amd64/server/libjvm.so
7fda8ad66000-7fda8ad81000 rw-p 00983000 08:05 924535                     /usr/lib/jvm/java-6-openjdk/jre/lib/amd64/server/libjvm.so
7fda8ad81000-7fda8adaa000 rw-p 00000000 00:00 0 
7fda8adaa000-7fda8adc1000 r-xp 00000000 08:05 1048733                    /lib/x86_64-linux-gnu/libz.so.1.2.3.4
7fda8adc1000-7fda8afc0000 ---p 00017000 08:05 1048733                    /lib/x86_64-linux-gnu/libz.so.1.2.3.4
7fda8afc0000-7fda8afc1000 r--p 00016000 08:05 1048733                    /lib/x86_64-linux-gnu/libz.so.1.2.3.4
7fda8afc1000-7fda8afc2000 rw-p 00017000 08:05 1048733                    /lib/x86_64-linux-gnu/libz.so.1.2.3.4
7fda8afc2000-7fda8b157000 r-xp 00000000 08:05 1068839                    /lib/x86_64-linux-gnu/libc-2.13.so
7fda8b157000-7fda8b356000 ---p 00195000 08:05 1068839                    /lib/x86_64-linux-gnu/libc-2.13.so
7fda8b356000-7fda8b35a000 r--p 00194000 08:05 1068839                    /lib/x86_64-linux-gnu/libc-2.13.so
7fda8b35a000-7fda8b35b000 rw-p 00198000 08:05 1068839                    /lib/x86_64-linux-gnu/libc-2.13.so
7fda8b35b000-7fda8b361000 rw-p 00000000 00:00 0 
7fda8b361000-7fda8b363000 r-xp 00000000 08:05 1068840                    /lib/x86_64-linux-gnu/libdl-2.13.so
7fda8b363000-7fda8b563000 ---p 00002000 08:05 1068840                    /lib/x86_64-linux-gnu/libdl-2.13.so
7fda8b563000-7fda8b564000 r--p 00002000 08:05 1068840                    /lib/x86_64-linux-gnu/libdl-2.13.so
7fda8b564000-7fda8b565000 rw-p 00003000 08:05 1068840                    /lib/x86_64-linux-gnu/libdl-2.13.so
7fda8b565000-7fda8b569000 r-xp 00000000 08:05 920901                     /usr/lib/jvm/java-6-openjdk/jre/lib/amd64/jli/libjli.so
7fda8b569000-7fda8b768000 ---p 00004000 08:05 920901                     /usr/lib/jvm/java-6-openjdk/jre/lib/amd64/jli/libjli.so
7fda8b768000-7fda8b769000 r--p 00003000 08:05 920901                     /usr/lib/jvm/java-6-openjdk/jre/lib/amd64/jli/libjli.so
7fda8b769000-7fda8b76a000 rw-p 00004000 08:05 920901                     /usr/lib/jvm/java-6-openjdk/jre/lib/amd64/jli/libjli.so
7fda8b76a000-7fda8b782000 r-xp 00000000 08:05 1068847                    /lib/x86_64-linux-gnu/libpthread-2.13.so
7fda8b782000-7fda8b981000 ---p 00018000 08:05 1068847                    /lib/x86_64-linux-gnu/libpthread-2.13.so
7fda8b981000-7fda8b982000 r--p 00017000 08:05 1068847                    /lib/x86_64-linux-gnu/libpthread-2.13.so
7fda8b982000-7fda8b983000 rw-p 00018000 08:05 1068847                    /lib/x86_64-linux-gnu/libpthread-2.13.so
7fda8b983000-7fda8b987000 rw-p 00000000 00:00 0 
7fda8b987000-7fda8b9a8000 r-xp 00000000 08:05 1068846                    /lib/x86_64-linux-gnu/ld-2.13.so
7fda8b9a8000-7fda8b9a9000 r--s 00000000 08:05 300668                     /opt/play-1.2.4/framework/lib/javax.inject-1.0.jar
7fda8b9a9000-7fda8b9ab000 r--s 00015000 08:05 300674                     /opt/play-1.2.4/framework/lib/jj-simplecaptcha.jar
7fda8b9ab000-7fda8b9ad000 r--s 00001000 08:05 300684                     /opt/play-1.2.4/framework/lib/jsr107cache-1.0.jar
7fda8b9ad000-7fda8b9b1000 r--s 00027000 08:05 300642                     /opt/play-1.2.4/framework/lib/gson-1.7.1.jar
7fda8b9b1000-7fda8b9b3000 r--s 0000d000 08:05 300616                     /opt/play-1.2.4/framework/lib/commons-codec-1.4.jar
7fda8b9b3000-7fda8b9b8000 r--s 00020000 08:05 300672                     /opt/play-1.2.4/framework/lib/jj-imaging.jar
7fda8b9b8000-7fda8b9bb000 r--s 0007d000 08:05 924457                     /usr/lib/jvm/java-6-openjdk/jre/lib/jsse.jar
7fda8b9bb000-7fda8b9c7000 r--s 000c2000 08:05 300728                     /opt/play-1.2.4/framework/play-1.2.4.jar
7fda8b9c7000-7fda8b9d7000 rw-p 00000000 00:00 0 
7fda8b9d7000-7fda8ba87000 rw-p 00000000 00:00 0 
7fda8ba87000-7fda8ba8a000 ---p 00000000 00:00 0 
7fda8ba8a000-7fda8bb8d000 rw-p 00000000 00:00 0 
7fda8bb8d000-7fda8bb8e000 r--s 00002000 08:05 300712                     /opt/play-1.2.4/framework/lib/slf4j-log4j12-1.6.1.jar
7fda8bb8e000-7fda8bb90000 r--s 00014000 08:05 947774                     /home/pascal/Projects/workspace/codeboard-core/lib/markdownpapers-core-1.2.5.jar
7fda8bb90000-7fda8bb91000 rw-p 00000000 00:00 0 
7fda8bb91000-7fda8bb93000 r--s 0000f000 08:05 924518                     /usr/lib/jvm/java-6-openjdk/jre/lib/ext/pulse-java.jar
7fda8bb93000-7fda8bb9b000 r--s 00066000 08:05 136034                     /usr/share/java/gnome-java-bridge.jar
7fda8bb9b000-7fda8bba3000 rw-s 00000000 08:05 784203                     /tmp/hsperfdata_pascal/30176
7fda8bba3000-7fda8bba4000 rw-p 00000000 00:00 0 
7fda8bba4000-7fda8bba5000 r--p 00000000 00:00 0 
7fda8bba5000-7fda8bba7000 rw-p 00000000 00:00 0 
7fda8bba7000-7fda8bba8000 r--p 00020000 08:05 1068846                    /lib/x86_64-linux-gnu/ld-2.13.so
7fda8bba8000-7fda8bbaa000 rw-p 00021000 08:05 1068846                    /lib/x86_64-linux-gnu/ld-2.13.so
7fffff8f7000-7fffff919000 rw-p 00000000 00:00 0                          [stack]
7fffff9ff000-7fffffa00000 r-xp 00000000 00:00 0                          [vdso]
ffffffffff600000-ffffffffff601000 r-xp 00000000 00:00 0                  [vsyscall]

VM Arguments:
jvm_args: -javaagent:/opt/play-1.2.4/framework/play-1.2.4.jar -XX:-UseSplitVerifier -Dfile.encoding=utf-8 -Xdebug -Xrunjdwp:transport=dt_socket,address=8000,server=y,suspend=n -Dplay.debug=yes -Dapplication.path=/home/pascal/Projects/workspace/codeboard-core -Dplay.id= 
java_command: play.server.Server 
Launcher Type: SUN_STANDARD

Environment Variables:
PATH=/usr/lib/lightdm/lightdm:/usr/local/sbin:/usr/local/bin:/usr/sbin:/usr/bin:/sbin:/bin:/usr/games:/opt/play:/home/pascal/.gem/ruby/1.8/bin
USERNAME=pascal
LD_LIBRARY_PATH=/usr/lib/jvm/java-6-openjdk/jre/lib/amd64/server:/usr/lib/jvm/java-6-openjdk/jre/lib/amd64:/usr/lib/jvm/java-6-openjdk/jre/../lib/amd64
SHELL=/bin/bash
DISPLAY=:0

Signal Handlers:
SIGSEGV: [libjvm.so+0x783e60], sa_mask[0]=0x7ffbfeff, sa_flags=0x10000004
SIGBUS: [libjvm.so+0x783e60], sa_mask[0]=0x7ffbfeff, sa_flags=0x10000004
SIGFPE: [libjvm.so+0x6485c0], sa_mask[0]=0x7ffbfeff, sa_flags=0x10000004
SIGPIPE: [libjvm.so+0x6485c0], sa_mask[0]=0x7ffbfeff, sa_flags=0x10000004
SIGXFSZ: [libjvm.so+0x6485c0], sa_mask[0]=0x7ffbfeff, sa_flags=0x10000004
SIGILL: [libjvm.so+0x6485c0], sa_mask[0]=0x7ffbfeff, sa_flags=0x10000004
SIGUSR1: SIG_DFL, sa_mask[0]=0x00000000, sa_flags=0x00000000
SIGUSR2: [libjvm.so+0x648770], sa_mask[0]=0x00000000, sa_flags=0x10000004
SIGHUP: [libjvm.so+0x64b280], sa_mask[0]=0x7ffbfeff, sa_flags=0x10000004
SIGINT: [libjvm.so+0x64b280], sa_mask[0]=0x7ffbfeff, sa_flags=0x10000004
SIGTERM: [libjvm.so+0x64b280], sa_mask[0]=0x7ffbfeff, sa_flags=0x10000004
SIGQUIT: [libjvm.so+0x64b280], sa_mask[0]=0x7ffbfeff, sa_flags=0x10000004


---------------  S Y S T E M  ---------------

OS:Ubuntu 11.10 (oneiric)
uname:Linux 3.0.0-14-generic #23-Ubuntu SMP Mon Nov 21 20:28:43 UTC 2011 x86_64
libc:glibc 2.13 NPTL 2.13 
rlimit: STACK 8192k, CORE 0k, NPROC 128386, NOFILE 4096, AS infinity
load average:0,14 0,12 0,12

/proc/meminfo:
MemTotal:       16449332 kB
MemFree:        11617808 kB
Buffers:          199688 kB
Cached:          1946888 kB
SwapCached:            0 kB
Active:          2869068 kB
Inactive:        1502868 kB
Active(anon):    2229708 kB
Inactive(anon):    34348 kB
Active(file):     639360 kB
Inactive(file):  1468520 kB
Unevictable:           0 kB
Mlocked:               0 kB
SwapTotal:      16755708 kB
SwapFree:       16755708 kB
Dirty:               380 kB
Writeback:             0 kB
AnonPages:       2225604 kB
Mapped:           216880 kB
Shmem:             38692 kB
Slab:             157140 kB
SReclaimable:     124208 kB
SUnreclaim:        32932 kB
KernelStack:        4392 kB
PageTables:        32472 kB
NFS_Unstable:          0 kB
Bounce:                0 kB
WritebackTmp:          0 kB
CommitLimit:    24980372 kB
Committed_AS:    4977728 kB
VmallocTotal:   34359738367 kB
VmallocUsed:      175468 kB
VmallocChunk:   34359558652 kB
HardwareCorrupted:     0 kB
AnonHugePages:         0 kB
HugePages_Total:       0
HugePages_Free:        0
HugePages_Rsvd:        0
HugePages_Surp:        0
Hugepagesize:       2048 kB
DirectMap4k:      172032 kB
DirectMap2M:    16588800 kB


CPU:total 8 (4 cores per cpu, 2 threads per core) family 6 model 42 stepping 7, cmov, cx8, fxsr, mmx, sse, sse2, sse3, ssse3, sse4.1, sse4.2, popcnt, ht

Memory: 4k page, physical 16449332k(11617808k free), swap 16755708k(16755708k free)

vm_info: OpenJDK 64-Bit Server VM (20.0-b11) for linux-amd64 JRE (1.6.0_23-b23), built on Oct 22 2011 01:00:57 by "buildd" with gcc 4.6.1

time: Mon Dec 26 21:54:26 2011
elapsed time: 72 seconds

