#
# A fatal error has been detected by the Java Runtime Environment:
#
#  SIGSEGV (0xb) at pc=0x00007f936d86b94e, pid=25882, tid=140271033800448
#
# JRE version: 6.0_23-b23
# Java VM: OpenJDK 64-Bit Server VM (20.0-b11 mixed mode linux-amd64 compressed oops)
# Derivative: IcedTea6 1.11pre
# Distribution: Ubuntu 11.10, package 6b23~pre11-0ubuntu1.11.10
# Problematic frame:
# V  [libjvm.so+0x5bc94e]  PhaseIdealLoop::build_loop_late_post(Node*)+0x14e
#
# If you would like to submit a bug report, please include
# instructions how to reproduce the bug and visit:
#   https://bugs.launchpad.net/ubuntu/+source/openjdk-6/
#

---------------  T H R E A D  ---------------

Current thread (0x0000000001b38800):  JavaThread "C2 CompilerThread0" daemon [_thread_in_native, id=25902, stack(0x00007f9365145000,0x00007f9365246000)]

siginfo:si_signo=SIGSEGV: si_errno=0, si_code=1 (SEGV_MAPERR), si_addr=0x0000000000000008

Registers:
RAX=0x0000000000000000, RBX=0x00007f9365242930, RCX=0x00000000045af160, RDX=0x0000000000002000
RSP=0x00007f9365241170, RBP=0x00007f93652411b0, RSI=0x00007f9360bf1fa0, RDI=0x0000000000000000
R8 =0x00007f9360421be0, R9 =0x00007f9365242930, R10=0x00007f9360bf1fa0, R11=0x0000000000000000
R12=0x00000000044c59b0, R13=0x0000000004db2ac8, R14=0x00007f9365242950, R15=0x00007f936009db78
RIP=0x00007f936d86b94e, EFLAGS=0x0000000000010283, CSGSFS=0x0000000000000033, ERR=0x0000000000000004
  TRAPNO=0x000000000000000e

Top of Stack: (sp=0x00007f9365241170)
0x00007f9365241170:   00007f9360c617e8 00007f9365241450
0x00007f9365241180:   00007f93652411b0 00007f9365242930
0x00007f9365241190:   0000000000000002 00000000044c59b0
0x00007f93652411a0:   0000000001de9ef8 00007f9365241450
0x00007f93652411b0:   00007f9365241220 00007f936d86bebb
0x00007f93652411c0:   00007f9360818690 0000000000000100
0x00007f93652411d0:   00007f9300000001 00007f93652432d0
0x00007f93652411e0:   00007f9365241470 00007f9365241410
0x00007f93652411f0:   0000000000001804 00007f9365242930
0x00007f9365241200:   0000000000000007 0000000000000001
0x00007f9365241210:   0000000000000001 00007f9360818690
0x00007f9365241220:   00007f93652414c0 00007f936d86ca82
0x00007f9365241230:   00007f9365241270 00007f9360818620
0x00007f9365241240:   00007f9365241270 00007f9365242950
0x00007f9365241250:   0000000003918e28 00007f9365241510
0x00007f9365241260:   0000000003919198 00000000039190e8
0x00007f9365241270:   00007f9365241340 00007f936d71d8f1
0x00007f9365241280:   0000000001b38800 00000000039ed060
0x00007f9365241290:   00007f936de407e0 0000000000000004
0x00007f93652412a0:   00007f9365241ed8 00007f9365241ef8
0x00007f93652412b0:   00007f93652412e0 00007f936e4281c0
0x00007f93652412c0:   00007f936e428218 0000000000010020
0x00007f93652412d0:   0000000000010010 0000000000010000
0x00007f93652412e0:   00007f9360be3db8 00007f936e107dff
0x00007f93652412f0:   00007f9360c87140 0000000001dc1880
0x00007f9365241300:   0000000003acf180 0000000000000079
0x00007f9365241310:   00007f9365241ef8 0000000000010040
0x00007f9365241320:   00007f9365241510 00007f9365241510
0x00007f9365241330:   0000000001dc1930 0000000001dc18c8
0x00007f9365241340:   00007f9365241430 00007f9360000020
0x00007f9365241350:   00007f93652413e0 0000000000010010
0x00007f9365241360:   00000000050622b0 0000000000010000 

Instructions: (pc=0x00007f936d86b94e)
0x00007f936d86b92e:   4c 39 e8 0f 84 ad 03 00 00 8b 70 28 49 89 c7 0f
0x00007f936d86b93e:   1f 00 4c 8b 93 e0 09 00 00 49 8d 34 f2 48 8b 06
0x00007f936d86b94e:   48 8b 50 08 48 83 3a 00 75 27 8b 4b 28 0f 1f 44
0x00007f936d86b95e:   00 00 8b 50 28 31 c0 39 ca 73 0c 48 8b 43 30 48 

Register to memory mapping:

RAX=0x0000000000000000 is an unknown value
RBX=0x00007f9365242930 is pointing into the stack for thread: 0x0000000001b38800
RCX=0x00000000045af160 is an unknown value
RDX=0x0000000000002000 is an unknown value
RSP=0x00007f9365241170 is pointing into the stack for thread: 0x0000000001b38800
RBP=0x00007f93652411b0 is pointing into the stack for thread: 0x0000000001b38800
RSI=0x00007f9360bf1fa0 is an unknown value
RDI=0x0000000000000000 is an unknown value
R8 =0x00007f9360421be0 is an unknown value
R9 =0x00007f9365242930 is pointing into the stack for thread: 0x0000000001b38800
R10=0x00007f9360bf1fa0 is an unknown value
R11=0x0000000000000000 is an unknown value
R12=0x00000000044c59b0 is an unknown value
R13=0x0000000004db2ac8 is an unknown value
R14=0x00007f9365242950 is pointing into the stack for thread: 0x0000000001b38800
R15=0x00007f936009db78 is an unknown value


Stack: [0x00007f9365145000,0x00007f9365246000],  sp=0x00007f9365241170,  free space=1008k
Native frames: (J=compiled Java code, j=interpreted, Vv=VM code, C=native code)
V  [libjvm.so+0x5bc94e]  PhaseIdealLoop::build_loop_late_post(Node*)+0x14e
V  [libjvm.so+0x5bcebb]  PhaseIdealLoop::build_loop_late(VectorSet&, Node_List&, Node_Stack&)+0x10b
V  [libjvm.so+0x5bda82]  PhaseIdealLoop::build_and_optimize(bool, bool)+0x692
V  [libjvm.so+0x37bc8a]  Compile::Optimize()+0xd2a
V  [libjvm.so+0x37c9f3]  Compile::Compile(ciEnv*, C2Compiler*, ciMethod*, int, bool, bool)+0xad3
V  [libjvm.so+0x3062d0]  C2Compiler::compile_method(ciEnv*, ciMethod*, int)+0xe0
V  [libjvm.so+0x3810d3]  CompileBroker::invoke_compiler_on_method(CompileTask*)+0x2a3
V  [libjvm.so+0x381a1b]  CompileBroker::compiler_thread_loop()+0x45b
V  [libjvm.so+0x74bca8]  JavaThread::thread_main_inner()+0x58
V  [libjvm.so+0x64bc22]  java_start(Thread*)+0x112


Current CompileTask:
C2:1712371 697      jregex.Pretokenizer.next()V (1064 bytes)


---------------  P R O C E S S  ---------------

Java Threads: ( => current thread )
  0x00007f93609e4000 JavaThread "net.sf.ehcache.CacheManager@493c2797" daemon [_thread_blocked, id=12630, stack(0x00007f9364449000,0x00007f936454a000)]
  0x00007f9360f12800 JavaThread "New I/O server worker #1-10" [_thread_in_native, id=12629, stack(0x00007f936464b000,0x00007f936474c000)]
  0x00007f9360044800 JavaThread "com.mchange.v2.async.ThreadPoolAsynchronousRunner$PoolThread-#2" daemon [_thread_blocked, id=25926, stack(0x00007f935fdfe000,0x00007f935feff000)]
  0x00007f9360388000 JavaThread "com.mchange.v2.async.ThreadPoolAsynchronousRunner$PoolThread-#1" daemon [_thread_blocked, id=25925, stack(0x00007f935feff000,0x00007f9360000000)]
  0x00007f9360c19800 JavaThread "com.mchange.v2.async.ThreadPoolAsynchronousRunner$PoolThread-#0" daemon [_thread_blocked, id=25924, stack(0x00007f9364040000,0x00007f9364141000)]
  0x00007f93608bc800 JavaThread "Timer-0" daemon [_thread_blocked, id=25923, stack(0x00007f9364141000,0x00007f9364242000)]
  0x0000000001d43800 JavaThread "play-thread-1" [_thread_in_vm_trans, id=25919, stack(0x00007f936454a000,0x00007f936464b000)]
  0x0000000001a5d000 JavaThread "DestroyJavaVM" [_thread_blocked, id=25883, stack(0x00007f936eb53000,0x00007f936ec54000)]
  0x0000000001e38000 JavaThread "New I/O server boss #1 ([id: 0x40b0095d, /0:0:0:0:0:0:0:0:9090])" [_thread_in_native, id=25906, stack(0x00007f936474c000,0x00007f936484d000)]
  0x0000000001b3f000 JavaThread "Low Memory Detector" daemon [_thread_blocked, id=25904, stack(0x00007f9364f43000,0x00007f9365044000)]
  0x0000000001b3b800 JavaThread "C2 CompilerThread1" daemon [_thread_in_native, id=25903, stack(0x00007f9365044000,0x00007f9365145000)]
=>0x0000000001b38800 JavaThread "C2 CompilerThread0" daemon [_thread_in_native, id=25902, stack(0x00007f9365145000,0x00007f9365246000)]
  0x0000000001b2c800 JavaThread "JDWP Event Helper Thread" daemon [_thread_blocked, id=25901, stack(0x00007f9365246000,0x00007f9365347000)]
  0x0000000001b28800 JavaThread "JDWP Transport Listener: dt_socket" daemon [_thread_in_native, id=25900, stack(0x00007f9365347000,0x00007f9365448000)]
  0x0000000001aec000 JavaThread "Signal Dispatcher" daemon [_thread_blocked, id=25899, stack(0x00007f936564d000,0x00007f936574e000)]
  0x0000000001ada800 JavaThread "Finalizer" daemon [_thread_blocked, id=25898, stack(0x00007f936574e000,0x00007f936584f000)]
  0x0000000001ad3000 JavaThread "Reference Handler" daemon [_thread_blocked, id=25897, stack(0x00007f936584f000,0x00007f9365950000)]

Other Threads:
  0x0000000001acc000 VMThread [stack: 0x00007f9365950000,0x00007f9365a51000] [id=25896]
  0x0000000001b4a000 WatcherThread [stack: 0x00007f9364e42000,0x00007f9364f43000] [id=25905]

VM state:not at safepoint (normal execution)

VM Mutex/Monitor currently owned by a thread: None

Heap
 PSYoungGen      total 67648K, used 65685K [0x00000007ac560000, 0x00000007b1ac0000, 0x0000000800000000)
  eden space 59648K, 96% used [0x00000007ac560000,0x00000007afdc25e8,0x00000007affa0000)
  from space 8000K, 99% used [0x00000007b0110000,0x00000007b08d3038,0x00000007b08e0000)
  to   space 13888K, 0% used [0x00000007b0d30000,0x00000007b0d30000,0x00000007b1ac0000)
 PSOldGen        total 171392K, used 4707K [0x0000000705000000, 0x000000070f760000, 0x00000007ac560000)
  object space 171392K, 2% used [0x0000000705000000,0x0000000705498f28,0x000000070f760000)
 PSPermGen       total 46976K, used 46828K [0x00000006faa00000, 0x00000006fd7e0000, 0x0000000705000000)
  object space 46976K, 99% used [0x00000006faa00000,0x00000006fd7bb328,0x00000006fd7e0000)

Code Cache  [0x00007f9367b08000, 0x00007f9367f68000, 0x00007f936ab08000)
 total_blobs=1333 nmethods=679 adapters=615 free_code_cache=45870464 largest_free_block=37440

Dynamic libraries:
00400000-00409000 r-xp 00000000 08:05 920882                             /usr/lib/jvm/java-6-openjdk/jre/bin/java
00608000-00609000 r--p 00008000 08:05 920882                             /usr/lib/jvm/java-6-openjdk/jre/bin/java
00609000-0060a000 rw-p 00009000 08:05 920882                             /usr/lib/jvm/java-6-openjdk/jre/bin/java
01a4d000-0546f000 rw-p 00000000 00:00 0                                  [heap]
6faa00000-6fd7e0000 rw-p 00000000 00:00 0 
6fd7e0000-705000000 rw-p 00000000 00:00 0 
705000000-70f760000 rw-p 00000000 00:00 0 
70f760000-7ac560000 rw-p 00000000 00:00 0 
7ac560000-7b1ac0000 rw-p 00000000 00:00 0 
7b1ac0000-7b1dd0000 ---p 00000000 00:00 0 
7b1dd0000-800000000 rw-p 00000000 00:00 0 
7f935fafb000-7f935fafe000 ---p 00000000 00:00 0 
7f935fafe000-7f935fbfc000 rw-p 00000000 00:00 0 
7f935fbfc000-7f935fbff000 ---p 00000000 00:00 0 
7f935fbff000-7f935fcfd000 rw-p 00000000 00:00 0 
7f935fcfd000-7f935fd00000 ---p 00000000 00:00 0 
7f935fd00000-7f935fdfe000 rw-p 00000000 00:00 0 
7f935fdfe000-7f935fe01000 ---p 00000000 00:00 0 
7f935fe01000-7f935feff000 rw-p 00000000 00:00 0 
7f935feff000-7f935ff02000 ---p 00000000 00:00 0 
7f935ff02000-7f9360000000 rw-p 00000000 00:00 0 
7f9360000000-7f93627e6000 rw-p 00000000 00:00 0 
7f93627e6000-7f9364000000 ---p 00000000 00:00 0 
7f936403b000-7f936403e000 r--s 00031000 08:05 924515                     /usr/lib/jvm/java-6-openjdk/jre/lib/ext/sunjce_provider.jar
7f936403e000-7f9364040000 r--s 00013000 08:05 924465                     /usr/lib/jvm/java-6-openjdk/jre/lib/jce.jar
7f9364040000-7f9364043000 ---p 00000000 00:00 0 
7f9364043000-7f9364141000 rw-p 00000000 00:00 0 
7f9364141000-7f9364144000 ---p 00000000 00:00 0 
7f9364144000-7f9364242000 rw-p 00000000 00:00 0 
7f9364242000-7f9364248000 r-xp 00000000 08:05 924543                     /usr/lib/jvm/java-6-openjdk/jre/lib/amd64/libmanagement.so
7f9364248000-7f9364447000 ---p 00006000 08:05 924543                     /usr/lib/jvm/java-6-openjdk/jre/lib/amd64/libmanagement.so
7f9364447000-7f9364448000 r--p 00005000 08:05 924543                     /usr/lib/jvm/java-6-openjdk/jre/lib/amd64/libmanagement.so
7f9364448000-7f9364449000 rw-p 00006000 08:05 924543                     /usr/lib/jvm/java-6-openjdk/jre/lib/amd64/libmanagement.so
7f9364449000-7f936444c000 ---p 00000000 00:00 0 
7f936444c000-7f936454a000 rw-p 00000000 00:00 0 
7f936454a000-7f936454d000 ---p 00000000 00:00 0 
7f936454d000-7f936464b000 rw-p 00000000 00:00 0 
7f936464b000-7f936464e000 ---p 00000000 00:00 0 
7f936464e000-7f936474c000 rw-p 00000000 00:00 0 
7f936474c000-7f936474f000 ---p 00000000 00:00 0 
7f936474f000-7f936484d000 rw-p 00000000 00:00 0 
7f936484d000-7f9364855000 r-xp 00000000 08:05 920896                     /usr/lib/jvm/java-6-openjdk/jre/lib/amd64/libnio.so
7f9364855000-7f9364a54000 ---p 00008000 08:05 920896                     /usr/lib/jvm/java-6-openjdk/jre/lib/amd64/libnio.so
7f9364a54000-7f9364a55000 r--p 00007000 08:05 920896                     /usr/lib/jvm/java-6-openjdk/jre/lib/amd64/libnio.so
7f9364a55000-7f9364a56000 rw-p 00008000 08:05 920896                     /usr/lib/jvm/java-6-openjdk/jre/lib/amd64/libnio.so
7f9364a56000-7f9364a6b000 r-xp 00000000 08:05 920905                     /usr/lib/jvm/java-6-openjdk/jre/lib/amd64/libnet.so
7f9364a6b000-7f9364c6a000 ---p 00015000 08:05 920905                     /usr/lib/jvm/java-6-openjdk/jre/lib/amd64/libnet.so
7f9364c6a000-7f9364c6b000 r--p 00014000 08:05 920905                     /usr/lib/jvm/java-6-openjdk/jre/lib/amd64/libnet.so
7f9364c6b000-7f9364c6c000 rw-p 00015000 08:05 920905                     /usr/lib/jvm/java-6-openjdk/jre/lib/amd64/libnet.so
7f9364c6c000-7f9364c7b000 r--s 00074000 08:05 296141                     /opt/play-1.2.3/framework/lib/joda-time-1.6.jar
7f9364c7b000-7f9364c81000 r--s 00038000 08:05 296158                     /opt/play-1.2.3/framework/lib/snakeyaml-1.7.jar
7f9364c81000-7f9364c88000 r--s 0006a000 08:05 296148                     /opt/play-1.2.3/framework/lib/mail-1.4.3.jar
7f9364c88000-7f9364c8a000 r--s 0000c000 08:05 296101                     /opt/play-1.2.3/framework/lib/activation-1.1.1.jar
7f9364c8a000-7f9364c95000 r--s 00124000 08:05 296123                     /opt/play-1.2.3/framework/lib/h2-1.3.149.jar
7f9364c95000-7f9364c98000 r--s 00024000 08:05 296113                     /opt/play-1.2.3/framework/lib/commons-io-2.0.1.jar
7f9364c98000-7f9364c9a000 r--s 0000b000 08:05 296139                     /opt/play-1.2.3/framework/lib/jj-textile.jar
7f9364c9a000-7f9364c9f000 r--s 00048000 08:05 296117                     /opt/play-1.2.3/framework/lib/dom4j-1.6.1.jar
7f9364c9f000-7f9364ca2000 r--s 00011000 08:05 296119                     /opt/play-1.2.3/framework/lib/ezmorph-1.0.3.jar
7f9364ca2000-7f9364ca5000 r--s 0000f000 08:05 296120                     /opt/play-1.2.3/framework/lib/geronimo-servlet_2.5_spec-1.2.jar
7f9364ca5000-7f9364ca7000 r--s 00002000 08:05 296144                     /opt/play-1.2.3/framework/lib/jta-1.1.jar
7f9364ca7000-7f9364caf000 r--s 0008a000 08:05 296134                     /opt/play-1.2.3/framework/lib/javassist-3.9.0.GA.jar
7f9364caf000-7f9364cb0000 r--s 00007000 08:05 296111                     /opt/play-1.2.3/framework/lib/commons-email-1.2.jar
7f9364cb0000-7f9364cb5000 r--s 00014000 08:05 296131                     /opt/play-1.2.3/framework/lib/hibernate-jpa-2.0-api-1.0.0.Final.jar
7f9364cb5000-7f9364cb7000 r--s 00015000 08:05 296142                     /opt/play-1.2.3/framework/lib/jregex-1.2_01.jar
7f9364cb7000-7f9364cc0000 r--s 0005d000 08:05 296129                     /opt/play-1.2.3/framework/lib/hibernate-entitymanager-3.6.0.Final.jar
7f9364cc0000-7f9364cc3000 r--s 00022000 08:05 296133                     /opt/play-1.2.3/framework/lib/jamon-2.7.jar
7f9364cc3000-7f9364cca000 r--s 00059000 08:05 296147                     /opt/play-1.2.3/framework/lib/log4j-1.2.15.jar
7f9364cca000-7f9364cef000 r--s 00172000 08:05 296105                     /opt/play-1.2.3/framework/lib/bcprov-jdk15-1.45.jar
7f9364cef000-7f9364cfe000 r--s 000b2000 08:05 296151                     /opt/play-1.2.3/framework/lib/netty-3.2.4.Final.jar
7f9364cfe000-7f9364d04000 r--s 00032000 08:05 296136                     /opt/play-1.2.3/framework/lib/jaxen-1.1.jar
7f9364d04000-7f9364d0b000 r--s 00038000 08:05 296140                     /opt/play-1.2.3/framework/lib/jj-wikitext.jar
7f9364d0b000-7f9364d1a000 r--s 000d9000 08:05 296132                     /opt/play-1.2.3/framework/lib/ivy-2.2.0.jar
7f9364d1a000-7f9364d6e000 r--s 00516000 08:05 296121                     /opt/play-1.2.3/framework/lib/groovy-all-1.7.7.jar
7f9364d6e000-7f9364d74000 r--s 00034000 08:05 296145                     /opt/play-1.2.3/framework/lib/junit-4.8.1.jar
7f9364d74000-7f9364d7e000 r--s 0006f000 08:05 296118                     /opt/play-1.2.3/framework/lib/ehcache-core-2.0.0.jar
7f9364d7e000-7f9364d80000 r--s 00008000 08:05 296155                     /opt/play-1.2.3/framework/lib/signpost-core-1.2.jar
7f9364d80000-7f9364d82000 r--s 0000e000 08:05 296114                     /opt/play-1.2.3/framework/lib/commons-javaflow-1066591.jar
7f9364d82000-7f9364d88000 r--s 0007e000 08:05 296154                     /opt/play-1.2.3/framework/lib/postgresql-9.0.jar
7f9364d88000-7f9364d8a000 r--s 0000d000 08:05 296116                     /opt/play-1.2.3/framework/lib/commons-logging-1.1.1.jar
7f9364d8a000-7f9364d8b000 r--s 00000000 08:05 296135                     /opt/play-1.2.3/framework/lib/javax.inject-1.0.jar
7f9364d8b000-7f9364d91000 r--s 00067000 08:05 296102                     /opt/play-1.2.3/framework/lib/antlr-2.7.6.jar
7f9364d91000-7f9364d97000 r--s 00049000 08:05 296104                     /opt/play-1.2.3/framework/lib/async-http-client-1.6.3.jar
7f9364d97000-7f9364d9e000 r--s 000b7000 08:05 296150                     /opt/play-1.2.3/framework/lib/mysql-connector-java-5.1.13.jar
7f9364d9e000-7f9364da1000 r--s 0000f000 08:05 296125                     /opt/play-1.2.3/framework/lib/hibernate-commons-annotations-3.2.0.Final.jar
7f9364da1000-7f9364da3000 r--s 0000d000 08:05 296112                     /opt/play-1.2.3/framework/lib/commons-fileupload-1.2.2.jar
7f9364da3000-7f9364da9000 r--s 00049000 08:05 296107                     /opt/play-1.2.3/framework/lib/cglib-nodep-2.2.jar
7f9364da9000-7f9364db7000 r--s 0007f000 08:05 296110                     /opt/play-1.2.3/framework/lib/commons-collections-3.2.1.jar
7f9364db7000-7f9364dc2000 r--s 0005a000 08:05 296159                     /opt/play-1.2.3/framework/lib/xstream-1.3.jar
7f9364dc2000-7f9364dc9000 r--s 00049000 08:05 296153                     /opt/play-1.2.3/framework/lib/oval-1.50.jar
7f9364dc9000-7f9364dcb000 r--s 00005000 08:05 296156                     /opt/play-1.2.3/framework/lib/slf4j-api-1.6.1.jar
7f9364dcb000-7f9364dd0000 r--s 00041000 08:05 296115                     /opt/play-1.2.3/framework/lib/commons-lang-2.6.jar
7f9364dd0000-7f9364ddb000 r--s 0008b000 08:05 296106                     /opt/play-1.2.3/framework/lib/c3p0-0.9.1.2.jar
7f9364ddb000-7f9364e04000 r--s 00403000 08:05 296152                     /opt/play-1.2.3/framework/lib/org.eclipse.jdt.core-3.6.0.jar
7f9364e04000-7f9364e36000 r--s 002c7000 08:05 296127                     /opt/play-1.2.3/framework/lib/hibernate-core-3.6.1.Final.jar
7f9364e36000-7f9364e3b000 r--s 00034000 08:05 296108                     /opt/play-1.2.3/framework/lib/commons-beanutils-1.8.3.jar
7f9364e3b000-7f9364e40000 r--s 0002e000 08:05 296103                     /opt/play-1.2.3/framework/lib/asm-all-3.3.1.jar
7f9364e40000-7f9364e42000 r--s 00015000 08:05 296138                     /opt/play-1.2.3/framework/lib/jj-simplecaptcha.jar
7f9364e42000-7f9364e43000 ---p 00000000 00:00 0 
7f9364e43000-7f9364f43000 rw-p 00000000 00:00 0 
7f9364f43000-7f9364f46000 ---p 00000000 00:00 0 
7f9364f46000-7f9365044000 rw-p 00000000 00:00 0 
7f9365044000-7f9365047000 ---p 00000000 00:00 0 
7f9365047000-7f9365145000 rw-p 00000000 00:00 0 
7f9365145000-7f9365148000 ---p 00000000 00:00 0 
7f9365148000-7f9365246000 rw-p 00000000 00:00 0 
7f9365246000-7f9365249000 ---p 00000000 00:00 0 
7f9365249000-7f9365347000 rw-p 00000000 00:00 0 
7f9365347000-7f936534a000 ---p 00000000 00:00 0 
7f936534a000-7f9365448000 rw-p 00000000 00:00 0 
7f9365448000-7f936544c000 r-xp 00000000 08:05 920894                     /usr/lib/jvm/java-6-openjdk/jre/lib/amd64/libdt_socket.so
7f936544c000-7f936564b000 ---p 00004000 08:05 920894                     /usr/lib/jvm/java-6-openjdk/jre/lib/amd64/libdt_socket.so
7f936564b000-7f936564c000 r--p 00003000 08:05 920894                     /usr/lib/jvm/java-6-openjdk/jre/lib/amd64/libdt_socket.so
7f936564c000-7f936564d000 rw-p 00004000 08:05 920894                     /usr/lib/jvm/java-6-openjdk/jre/lib/amd64/libdt_socket.so
7f936564d000-7f9365650000 ---p 00000000 00:00 0 
7f9365650000-7f936574e000 rw-p 00000000 00:00 0 
7f936574e000-7f9365751000 ---p 00000000 00:00 0 
7f9365751000-7f936584f000 rw-p 00000000 00:00 0 
7f936584f000-7f9365852000 ---p 00000000 00:00 0 
7f9365852000-7f9365950000 rw-p 00000000 00:00 0 
7f9365950000-7f9365951000 ---p 00000000 00:00 0 
7f9365951000-7f936638d000 rw-p 00000000 00:00 0 
7f936638d000-7f936651e000 r--s 037b8000 08:05 924546                     /usr/lib/jvm/java-6-openjdk/jre/lib/rt.jar
7f936651e000-7f9366546000 rw-p 00000000 00:00 0 
7f9366546000-7f9366547000 ---p 00000000 00:00 0 
7f9366547000-7f9366647000 rw-p 00000000 00:00 0 
7f9366647000-7f9366648000 ---p 00000000 00:00 0 
7f9366648000-7f9366748000 rw-p 00000000 00:00 0 
7f9366748000-7f9366749000 ---p 00000000 00:00 0 
7f9366749000-7f9366849000 rw-p 00000000 00:00 0 
7f9366849000-7f936684a000 ---p 00000000 00:00 0 
7f936684a000-7f936694a000 rw-p 00000000 00:00 0 
7f936694a000-7f936694b000 ---p 00000000 00:00 0 
7f936694b000-7f9366a4b000 rw-p 00000000 00:00 0 
7f9366a4b000-7f9366a4c000 ---p 00000000 00:00 0 
7f9366a4c000-7f9366b4c000 rw-p 00000000 00:00 0 
7f9366b4c000-7f9366b4d000 ---p 00000000 00:00 0 
7f9366b4d000-7f9366c4d000 rw-p 00000000 00:00 0 
7f9366c4d000-7f9366c4e000 ---p 00000000 00:00 0 
7f9366c4e000-7f9366d65000 rw-p 00000000 00:00 0 
7f9366d65000-7f9366da1000 rw-p 00000000 00:00 0 
7f9366da1000-7f9366df5000 rw-p 00000000 00:00 0 
7f9366df5000-7f93672dc000 rw-p 00000000 00:00 0 
7f93672dc000-7f93672f3000 rw-p 00000000 00:00 0 
7f93672f3000-7f936732f000 rw-p 00000000 00:00 0 
7f936732f000-7f9367383000 rw-p 00000000 00:00 0 
7f9367383000-7f9367869000 rw-p 00000000 00:00 0 
7f9367869000-7f9367895000 rw-p 00000000 00:00 0 
7f9367895000-7f9367896000 ---p 00000000 00:00 0 
7f9367896000-7f9367b07000 rw-p 00000000 00:00 0 
7f9367b07000-7f9367b08000 rw-p 00000000 00:00 0 
7f9367b08000-7f9367f68000 rwxp 00000000 00:00 0 
7f9367f68000-7f936ab08000 rw-p 00000000 00:00 0 
7f936ab08000-7f936ab0f000 r-xp 00000000 08:05 924533                     /usr/lib/jvm/java-6-openjdk/jre/lib/amd64/libzip.so
7f936ab0f000-7f936ad0e000 ---p 00007000 08:05 924533                     /usr/lib/jvm/java-6-openjdk/jre/lib/amd64/libzip.so
7f936ad0e000-7f936ad0f000 r--p 00006000 08:05 924533                     /usr/lib/jvm/java-6-openjdk/jre/lib/amd64/libzip.so
7f936ad0f000-7f936ad10000 rw-p 00007000 08:05 924533                     /usr/lib/jvm/java-6-openjdk/jre/lib/amd64/libzip.so
7f936ad10000-7f936ad1c000 r-xp 00000000 08:05 1068842                    /lib/x86_64-linux-gnu/libnss_files-2.13.so
7f936ad1c000-7f936af1b000 ---p 0000c000 08:05 1068842                    /lib/x86_64-linux-gnu/libnss_files-2.13.so
7f936af1b000-7f936af1c000 r--p 0000b000 08:05 1068842                    /lib/x86_64-linux-gnu/libnss_files-2.13.so
7f936af1c000-7f936af1d000 rw-p 0000c000 08:05 1068842                    /lib/x86_64-linux-gnu/libnss_files-2.13.so
7f936af1d000-7f936af27000 r-xp 00000000 08:05 1068848                    /lib/x86_64-linux-gnu/libnss_nis-2.13.so
7f936af27000-7f936b127000 ---p 0000a000 08:05 1068848                    /lib/x86_64-linux-gnu/libnss_nis-2.13.so
7f936b127000-7f936b128000 r--p 0000a000 08:05 1068848                    /lib/x86_64-linux-gnu/libnss_nis-2.13.so
7f936b128000-7f936b129000 rw-p 0000b000 08:05 1068848                    /lib/x86_64-linux-gnu/libnss_nis-2.13.so
7f936b129000-7f936b140000 r-xp 00000000 08:05 1068837                    /lib/x86_64-linux-gnu/libnsl-2.13.so
7f936b140000-7f936b33f000 ---p 00017000 08:05 1068837                    /lib/x86_64-linux-gnu/libnsl-2.13.so
7f936b33f000-7f936b340000 r--p 00016000 08:05 1068837                    /lib/x86_64-linux-gnu/libnsl-2.13.so
7f936b340000-7f936b341000 rw-p 00017000 08:05 1068837                    /lib/x86_64-linux-gnu/libnsl-2.13.so
7f936b341000-7f936b343000 rw-p 00000000 00:00 0 
7f936b343000-7f936b34b000 r-xp 00000000 08:05 1068834                    /lib/x86_64-linux-gnu/libnss_compat-2.13.so
7f936b34b000-7f936b54a000 ---p 00008000 08:05 1068834                    /lib/x86_64-linux-gnu/libnss_compat-2.13.so
7f936b54a000-7f936b54b000 r--p 00007000 08:05 1068834                    /lib/x86_64-linux-gnu/libnss_compat-2.13.so
7f936b54b000-7f936b54c000 rw-p 00008000 08:05 1068834                    /lib/x86_64-linux-gnu/libnss_compat-2.13.so
7f936b54c000-7f936be7d000 r--p 00000000 08:05 922981                     /usr/lib/locale/locale-archive
7f936be7d000-7f936be80000 r-xp 00000000 08:05 920914                     /usr/lib/jvm/java-6-openjdk/jre/lib/amd64/libnpt.so
7f936be80000-7f936c07f000 ---p 00003000 08:05 920914                     /usr/lib/jvm/java-6-openjdk/jre/lib/amd64/libnpt.so
7f936c07f000-7f936c080000 r--p 00002000 08:05 920914                     /usr/lib/jvm/java-6-openjdk/jre/lib/amd64/libnpt.so
7f936c080000-7f936c081000 rw-p 00003000 08:05 920914                     /usr/lib/jvm/java-6-openjdk/jre/lib/amd64/libnpt.so
7f936c081000-7f936c08a000 r-xp 00000000 08:05 924528                     /usr/lib/jvm/java-6-openjdk/jre/lib/amd64/libinstrument.so
7f936c08a000-7f936c28a000 ---p 00009000 08:05 924528                     /usr/lib/jvm/java-6-openjdk/jre/lib/amd64/libinstrument.so
7f936c28a000-7f936c28b000 r--p 00009000 08:05 924528                     /usr/lib/jvm/java-6-openjdk/jre/lib/amd64/libinstrument.so
7f936c28b000-7f936c28c000 rw-p 0000a000 08:05 924528                     /usr/lib/jvm/java-6-openjdk/jre/lib/amd64/libinstrument.so
7f936c28c000-7f936c2c6000 r-xp 00000000 08:05 920913                     /usr/lib/jvm/java-6-openjdk/jre/lib/amd64/libjdwp.so
7f936c2c6000-7f936c4c5000 ---p 0003a000 08:05 920913                     /usr/lib/jvm/java-6-openjdk/jre/lib/amd64/libjdwp.so
7f936c4c5000-7f936c4c6000 r--p 00039000 08:05 920913                     /usr/lib/jvm/java-6-openjdk/jre/lib/amd64/libjdwp.so
7f936c4c6000-7f936c4c7000 rw-p 0003a000 08:05 920913                     /usr/lib/jvm/java-6-openjdk/jre/lib/amd64/libjdwp.so
7f936c4c7000-7f936c4f3000 r-xp 00000000 08:05 924532                     /usr/lib/jvm/java-6-openjdk/jre/lib/amd64/libjava.so
7f936c4f3000-7f936c6f2000 ---p 0002c000 08:05 924532                     /usr/lib/jvm/java-6-openjdk/jre/lib/amd64/libjava.so
7f936c6f2000-7f936c6f3000 r--p 0002b000 08:05 924532                     /usr/lib/jvm/java-6-openjdk/jre/lib/amd64/libjava.so
7f936c6f3000-7f936c6f6000 rw-p 0002c000 08:05 924532                     /usr/lib/jvm/java-6-openjdk/jre/lib/amd64/libjava.so
7f936c6f6000-7f936c704000 r-xp 00000000 08:05 920904                     /usr/lib/jvm/java-6-openjdk/jre/lib/amd64/libverify.so
7f936c704000-7f936c903000 ---p 0000e000 08:05 920904                     /usr/lib/jvm/java-6-openjdk/jre/lib/amd64/libverify.so
7f936c903000-7f936c905000 r--p 0000d000 08:05 920904                     /usr/lib/jvm/java-6-openjdk/jre/lib/amd64/libverify.so
7f936c905000-7f936c906000 rw-p 0000f000 08:05 920904                     /usr/lib/jvm/java-6-openjdk/jre/lib/amd64/libverify.so
7f936c906000-7f936c90d000 r-xp 00000000 08:05 1044505                    /lib/x86_64-linux-gnu/librt-2.13.so
7f936c90d000-7f936cb0c000 ---p 00007000 08:05 1044505                    /lib/x86_64-linux-gnu/librt-2.13.so
7f936cb0c000-7f936cb0d000 r--p 00006000 08:05 1044505                    /lib/x86_64-linux-gnu/librt-2.13.so
7f936cb0d000-7f936cb0e000 rw-p 00007000 08:05 1044505                    /lib/x86_64-linux-gnu/librt-2.13.so
7f936cb0e000-7f936cb23000 r-xp 00000000 08:05 1068525                    /lib/x86_64-linux-gnu/libgcc_s.so.1
7f936cb23000-7f936cd22000 ---p 00015000 08:05 1068525                    /lib/x86_64-linux-gnu/libgcc_s.so.1
7f936cd22000-7f936cd23000 r--p 00014000 08:05 1068525                    /lib/x86_64-linux-gnu/libgcc_s.so.1
7f936cd23000-7f936cd24000 rw-p 00015000 08:05 1068525                    /lib/x86_64-linux-gnu/libgcc_s.so.1
7f936cd24000-7f936cda7000 r-xp 00000000 08:05 1068849                    /lib/x86_64-linux-gnu/libm-2.13.so
7f936cda7000-7f936cfa6000 ---p 00083000 08:05 1068849                    /lib/x86_64-linux-gnu/libm-2.13.so
7f936cfa6000-7f936cfa7000 r--p 00082000 08:05 1068849                    /lib/x86_64-linux-gnu/libm-2.13.so
7f936cfa7000-7f936cfa8000 rw-p 00083000 08:05 1068849                    /lib/x86_64-linux-gnu/libm-2.13.so
7f936cfa8000-7f936d090000 r-xp 00000000 08:05 914676                     /usr/lib/x86_64-linux-gnu/libstdc++.so.6.0.16
7f936d090000-7f936d290000 ---p 000e8000 08:05 914676                     /usr/lib/x86_64-linux-gnu/libstdc++.so.6.0.16
7f936d290000-7f936d298000 r--p 000e8000 08:05 914676                     /usr/lib/x86_64-linux-gnu/libstdc++.so.6.0.16
7f936d298000-7f936d29a000 rw-p 000f0000 08:05 914676                     /usr/lib/x86_64-linux-gnu/libstdc++.so.6.0.16
7f936d29a000-7f936d2af000 rw-p 00000000 00:00 0 
7f936d2af000-7f936dbb2000 r-xp 00000000 08:05 924535                     /usr/lib/jvm/java-6-openjdk/jre/lib/amd64/server/libjvm.so
7f936dbb2000-7f936ddb1000 ---p 00903000 08:05 924535                     /usr/lib/jvm/java-6-openjdk/jre/lib/amd64/server/libjvm.so
7f936ddb1000-7f936de32000 r--p 00902000 08:05 924535                     /usr/lib/jvm/java-6-openjdk/jre/lib/amd64/server/libjvm.so
7f936de32000-7f936de4d000 rw-p 00983000 08:05 924535                     /usr/lib/jvm/java-6-openjdk/jre/lib/amd64/server/libjvm.so
7f936de4d000-7f936de76000 rw-p 00000000 00:00 0 
7f936de76000-7f936de8d000 r-xp 00000000 08:05 1048733                    /lib/x86_64-linux-gnu/libz.so.1.2.3.4
7f936de8d000-7f936e08c000 ---p 00017000 08:05 1048733                    /lib/x86_64-linux-gnu/libz.so.1.2.3.4
7f936e08c000-7f936e08d000 r--p 00016000 08:05 1048733                    /lib/x86_64-linux-gnu/libz.so.1.2.3.4
7f936e08d000-7f936e08e000 rw-p 00017000 08:05 1048733                    /lib/x86_64-linux-gnu/libz.so.1.2.3.4
7f936e08e000-7f936e223000 r-xp 00000000 08:05 1068839                    /lib/x86_64-linux-gnu/libc-2.13.so
7f936e223000-7f936e422000 ---p 00195000 08:05 1068839                    /lib/x86_64-linux-gnu/libc-2.13.so
7f936e422000-7f936e426000 r--p 00194000 08:05 1068839                    /lib/x86_64-linux-gnu/libc-2.13.so
7f936e426000-7f936e427000 rw-p 00198000 08:05 1068839                    /lib/x86_64-linux-gnu/libc-2.13.so
7f936e427000-7f936e42d000 rw-p 00000000 00:00 0 
7f936e42d000-7f936e42f000 r-xp 00000000 08:05 1068840                    /lib/x86_64-linux-gnu/libdl-2.13.so
7f936e42f000-7f936e62f000 ---p 00002000 08:05 1068840                    /lib/x86_64-linux-gnu/libdl-2.13.so
7f936e62f000-7f936e630000 r--p 00002000 08:05 1068840                    /lib/x86_64-linux-gnu/libdl-2.13.so
7f936e630000-7f936e631000 rw-p 00003000 08:05 1068840                    /lib/x86_64-linux-gnu/libdl-2.13.so
7f936e631000-7f936e635000 r-xp 00000000 08:05 920901                     /usr/lib/jvm/java-6-openjdk/jre/lib/amd64/jli/libjli.so
7f936e635000-7f936e834000 ---p 00004000 08:05 920901                     /usr/lib/jvm/java-6-openjdk/jre/lib/amd64/jli/libjli.so
7f936e834000-7f936e835000 r--p 00003000 08:05 920901                     /usr/lib/jvm/java-6-openjdk/jre/lib/amd64/jli/libjli.so
7f936e835000-7f936e836000 rw-p 00004000 08:05 920901                     /usr/lib/jvm/java-6-openjdk/jre/lib/amd64/jli/libjli.so
7f936e836000-7f936e84e000 r-xp 00000000 08:05 1068847                    /lib/x86_64-linux-gnu/libpthread-2.13.so
7f936e84e000-7f936ea4d000 ---p 00018000 08:05 1068847                    /lib/x86_64-linux-gnu/libpthread-2.13.so
7f936ea4d000-7f936ea4e000 r--p 00017000 08:05 1068847                    /lib/x86_64-linux-gnu/libpthread-2.13.so
7f936ea4e000-7f936ea4f000 rw-p 00018000 08:05 1068847                    /lib/x86_64-linux-gnu/libpthread-2.13.so
7f936ea4f000-7f936ea53000 rw-p 00000000 00:00 0 
7f936ea53000-7f936ea74000 r-xp 00000000 08:05 1068846                    /lib/x86_64-linux-gnu/ld-2.13.so
7f936ea74000-7f936ea7a000 r--s 00040000 08:05 296149                     /opt/play-1.2.3/framework/lib/memcached-2.6.jar
7f936ea7a000-7f936ea7c000 r--s 00001000 08:05 296143                     /opt/play-1.2.3/framework/lib/jsr107cache-1.0.jar
7f936ea7c000-7f936ea80000 r--s 00027000 08:05 296122                     /opt/play-1.2.3/framework/lib/gson-1.7.1.jar
7f936ea80000-7f936ea85000 r--s 00020000 08:05 296137                     /opt/play-1.2.3/framework/lib/jj-imaging.jar
7f936ea85000-7f936ea88000 r--s 0007d000 08:05 924457                     /usr/lib/jvm/java-6-openjdk/jre/lib/jsse.jar
7f936ea88000-7f936ea93000 r--s 000b8000 08:05 296160                     /opt/play-1.2.3/framework/play-1.2.3.jar
7f936ea93000-7f936eaa5000 rw-p 00000000 00:00 0 
7f936eaa5000-7f936eb53000 rw-p 00000000 00:00 0 
7f936eb53000-7f936eb56000 ---p 00000000 00:00 0 
7f936eb56000-7f936ec59000 rw-p 00000000 00:00 0 
7f936ec59000-7f936ec5a000 r--s 00002000 08:05 296157                     /opt/play-1.2.3/framework/lib/slf4j-log4j12-1.6.1.jar
7f936ec5a000-7f936ec5c000 r--s 0000d000 08:05 296109                     /opt/play-1.2.3/framework/lib/commons-codec-1.4.jar
7f936ec5c000-7f936ec5d000 rw-p 00000000 00:00 0 
7f936ec5d000-7f936ec5f000 r--s 0000f000 08:05 924518                     /usr/lib/jvm/java-6-openjdk/jre/lib/ext/pulse-java.jar
7f936ec5f000-7f936ec67000 r--s 00066000 08:05 136034                     /usr/share/java/gnome-java-bridge.jar
7f936ec67000-7f936ec6f000 rw-s 00000000 08:05 785576                     /tmp/hsperfdata_pascal/25882
7f936ec6f000-7f936ec70000 rw-p 00000000 00:00 0 
7f936ec70000-7f936ec71000 r--p 00000000 00:00 0 
7f936ec71000-7f936ec73000 rw-p 00000000 00:00 0 
7f936ec73000-7f936ec74000 r--p 00020000 08:05 1068846                    /lib/x86_64-linux-gnu/ld-2.13.so
7f936ec74000-7f936ec76000 rw-p 00021000 08:05 1068846                    /lib/x86_64-linux-gnu/ld-2.13.so
7fff9d382000-7fff9d3a4000 rw-p 00000000 00:00 0                          [stack]
7fff9d3ff000-7fff9d400000 r-xp 00000000 00:00 0                          [vdso]
ffffffffff600000-ffffffffff601000 r-xp 00000000 00:00 0                  [vsyscall]

VM Arguments:
jvm_args: -Xdebug -Xrunjdwp:transport=dt_socket,address=0,server=y,suspend=n -Dplay.debug=yes -Dplay.id= -Dapplication.path=/home/pascal/workspace/codeboard-core -Djava.endorsed.dirs=/opt/play-1.2.3/framework/endorsed -javaagent:/opt/play-1.2.3/framework/play-1.2.3.jar -Dfile.encoding=UTF-8 
java_command: play.server.Server
Launcher Type: SUN_STANDARD

Environment Variables:
PATH=/home/pascal/bin:/usr/lib/lightdm/lightdm:/usr/local/sbin:/usr/local/bin:/usr/sbin:/usr/bin:/sbin:/bin:/usr/games:/opt/play
USERNAME=pascal
LD_LIBRARY_PATH=/usr/lib/jvm/java-6-openjdk/jre/lib/amd64/server:/usr/lib/jvm/java-6-openjdk/jre/lib/amd64:/usr/lib/jvm/java-6-openjdk/jre/../lib/amd64
SHELL=/bin/bash
DISPLAY=:0

Signal Handlers:
SIGSEGV: [libjvm.so+0x783e60], sa_mask[0]=0x7ffbfeff, sa_flags=0x10000004
SIGBUS: [libjvm.so+0x783e60], sa_mask[0]=0x7ffbfeff, sa_flags=0x10000004
SIGFPE: [libjvm.so+0x6485c0], sa_mask[0]=0x7ffbfeff, sa_flags=0x10000004
SIGPIPE: [libjvm.so+0x6485c0], sa_mask[0]=0x7ffbfeff, sa_flags=0x10000004
SIGXFSZ: [libjvm.so+0x6485c0], sa_mask[0]=0x7ffbfeff, sa_flags=0x10000004
SIGILL: [libjvm.so+0x6485c0], sa_mask[0]=0x7ffbfeff, sa_flags=0x10000004
SIGUSR1: SIG_DFL, sa_mask[0]=0x00000000, sa_flags=0x00000000
SIGUSR2: [libjvm.so+0x648770], sa_mask[0]=0x00000004, sa_flags=0x10000004
SIGHUP: [libjvm.so+0x64b280], sa_mask[0]=0x7ffbfeff, sa_flags=0x10000004
SIGINT: [libjvm.so+0x64b280], sa_mask[0]=0x7ffbfeff, sa_flags=0x10000004
SIGTERM: [libjvm.so+0x64b280], sa_mask[0]=0x7ffbfeff, sa_flags=0x10000004
SIGQUIT: [libjvm.so+0x64b280], sa_mask[0]=0x7ffbfeff, sa_flags=0x10000004


---------------  S Y S T E M  ---------------

OS:Ubuntu 11.10 (oneiric)
uname:Linux 3.0.0-12-generic #20-Ubuntu SMP Fri Oct 7 14:56:25 UTC 2011 x86_64
libc:glibc 2.13 NPTL 2.13 
rlimit: STACK 8192k, CORE 0k, NPROC 128386, NOFILE 4096, AS infinity
load average:0,01 0,06 0,05

/proc/meminfo:
MemTotal:       16449340 kB
MemFree:        11320892 kB
Buffers:          184524 kB
Cached:          2204080 kB
SwapCached:            0 kB
Active:          2906068 kB
Inactive:        1768572 kB
Active(anon):    2300744 kB
Inactive(anon):    42564 kB
Active(file):     605324 kB
Inactive(file):  1726008 kB
Unevictable:          32 kB
Mlocked:              32 kB
SwapTotal:      16755708 kB
SwapFree:       16755708 kB
Dirty:               192 kB
Writeback:             0 kB
AnonPages:       2286332 kB
Mapped:           261804 kB
Shmem:             57280 kB
Slab:             155860 kB
SReclaimable:     124308 kB
SUnreclaim:        31552 kB
KernelStack:        4728 kB
PageTables:        34584 kB
NFS_Unstable:          0 kB
Bounce:                0 kB
WritebackTmp:          0 kB
CommitLimit:    24980376 kB
Committed_AS:    5144856 kB
VmallocTotal:   34359738367 kB
VmallocUsed:      175284 kB
VmallocChunk:   34359558652 kB
HardwareCorrupted:     0 kB
AnonHugePages:         0 kB
HugePages_Total:       0
HugePages_Free:        0
HugePages_Rsvd:        0
HugePages_Surp:        0
Hugepagesize:       2048 kB
DirectMap4k:      145408 kB
DirectMap2M:    16615424 kB


CPU:total 8 (4 cores per cpu, 2 threads per core) family 6 model 42 stepping 7, cmov, cx8, fxsr, mmx, sse, sse2, sse3, ssse3, sse4.1, sse4.2, popcnt, ht

Memory: 4k page, physical 16449340k(11320892k free), swap 16755708k(16755708k free)

vm_info: OpenJDK 64-Bit Server VM (20.0-b11) for linux-amd64 JRE (1.6.0_23-b23), built on Oct 22 2011 01:00:57 by "buildd" with gcc 4.6.1

time: Fri Dec  2 19:45:36 2011
elapsed time: 1712 seconds

