#
# A fatal error has been detected by the Java Runtime Environment:
#
#  SIGSEGV (0xb) at pc=0x00007fc5b572894e, pid=29562, tid=140486988801792
#
# JRE version: 6.0_23-b23
# Java VM: OpenJDK 64-Bit Server VM (20.0-b11 mixed mode linux-amd64 compressed oops)
# Derivative: IcedTea6 1.11pre
# Distribution: Ubuntu 11.10, package 6b23~pre11-0ubuntu1.11.10
# Problematic frame:
# V  [libjvm.so+0x5bc94e]  PhaseIdealLoop::build_loop_late_post(Node*)+0x14e
#
# If you would like to submit a bug report, please include
# instructions how to reproduce the bug and visit:
#   https://bugs.launchpad.net/ubuntu/+source/openjdk-6/
#

---------------  T H R E A D  ---------------

Current thread (0x00007fc5a80b3000):  JavaThread "C2 CompilerThread0" daemon [_thread_in_native, id=29582, stack(0x00007fc5ad002000,0x00007fc5ad103000)]

siginfo:si_signo=SIGSEGV: si_errno=0, si_code=1 (SEGV_MAPERR), si_addr=0x0000000000000008

Registers:
RAX=0x0000000000000000, RBX=0x00007fc5ad0ff930, RCX=0x00000000034965d0, RDX=0x0000000000002000
RSP=0x00007fc5ad0fe170, RBP=0x00007fc5ad0fe1b0, RSI=0x00000000028be780, RDI=0x0000000000000000
R8 =0x0000000004513e10, R9 =0x00007fc5ad0ff930, R10=0x00000000028be780, R11=0x0000000000000000
R12=0x0000000003b4ec50, R13=0x00007fc5a1ab16a8, R14=0x00007fc5ad0ff950, R15=0x00000000025c2618
RIP=0x00007fc5b572894e, EFLAGS=0x0000000000010283, CSGSFS=0x0000000000000033, ERR=0x0000000000000004
  TRAPNO=0x000000000000000e

Top of Stack: (sp=0x00007fc5ad0fe170)
0x00007fc5ad0fe170:   00007fc5a8218ff0 00007fc5ad0fe450
0x00007fc5ad0fe180:   00007fc5ad0fe1b0 00007fc5ad0ff930
0x00007fc5ad0fe190:   0000000000000002 0000000003b4ec50
0x00007fc5ad0fe1a0:   00007fc5a85dfb28 00007fc5ad0fe450
0x00007fc5ad0fe1b0:   00007fc5ad0fe220 00007fc5b5728ebb
0x00007fc5ad0fe1c0:   00007fc5a8196c20 00007fc500000100
0x00007fc5ad0fe1d0:   00007fc500000001 00007fc5ad1002d0
0x00007fc5ad0fe1e0:   00007fc5ad0fe470 00007fc5ad0fe410
0x00007fc5ad0fe1f0:   0000000000001692 00007fc5ad0ff930
0x00007fc5ad0fe200:   0000000000000002 0000000000000001
0x00007fc5ad0fe210:   0000000000000001 00007fc5a8196c20
0x00007fc5ad0fe220:   00007fc5ad0fe4c0 00007fc5b5729a82
0x00007fc5ad0fe230:   00007fc5ad0fe270 00007fc5a8196bb0
0x00007fc5ad0fe240:   0000000003aca410 00007fc5ad0ff950
0x00007fc5ad0fe250:   0000000003c64368 00007fc5ad0fe510
0x00007fc5ad0fe260:   0000000003c646d8 0000000003c64628
0x00007fc5ad0fe270:   00007fc5ad0fe340 00007fc5b55da8f1
0x00007fc5ad0fe280:   0000000000000000 0000000003a1e720
0x00007fc5ad0fe290:   00007fc5b5cfd7e0 0000000000000004
0x00007fc5ad0fe2a0:   00007fc5ad0feed8 00007fc5ad0feef8
0x00007fc5ad0fe2b0:   00007fc5ad0fe2e0 00007fc5b579c814
0x00007fc5ad0fe2c0:   00000000025c4e08 00007fc5ad0fe3b0
0x00007fc5ad0fe2d0:   00007fc5ad0fe2e0 00007fc5b5478402
0x00007fc5ad0fe2e0:   00007fc5ad0fe340 00007fc5b55dcea5
0x00007fc5ad0fe2f0:   00007fc5a9233d70 00007fc5a0514b10
0x00007fc5ad0fe300:   000000000269d660 00000000b57f108d
0x00007fc5ad0fe310:   00007fc5ad0feef8 0000000000010040
0x00007fc5ad0fe320:   00007fc5ad0fe510 00007fc5ad0fe510
0x00007fc5ad0fe330:   00007fc5a0514bc0 00007fc5a0514b58
0x00007fc5ad0fe340:   00007fc5ad0fe430 00007fc5b62e51c0
0x00007fc5ad0fe350:   00007fc5ad0fe3e0 0000000000010010
0x00007fc5ad0fe360:   0000000004313470 0000000000010000 

Instructions: (pc=0x00007fc5b572894e)
0x00007fc5b572892e:   4c 39 e8 0f 84 ad 03 00 00 8b 70 28 49 89 c7 0f
0x00007fc5b572893e:   1f 00 4c 8b 93 e0 09 00 00 49 8d 34 f2 48 8b 06
0x00007fc5b572894e:   48 8b 50 08 48 83 3a 00 75 27 8b 4b 28 0f 1f 44
0x00007fc5b572895e:   00 00 8b 50 28 31 c0 39 ca 73 0c 48 8b 43 30 48 

Register to memory mapping:

RAX=0x0000000000000000 is an unknown value
RBX=0x00007fc5ad0ff930 is pointing into the stack for thread: 0x00007fc5a80b3000
RCX=0x00000000034965d0 is an unknown value
RDX=0x0000000000002000 is an unknown value
RSP=0x00007fc5ad0fe170 is pointing into the stack for thread: 0x00007fc5a80b3000
RBP=0x00007fc5ad0fe1b0 is pointing into the stack for thread: 0x00007fc5a80b3000
RSI=0x00000000028be780 is an unknown value
RDI=0x0000000000000000 is an unknown value
R8 =0x0000000004513e10 is an unknown value
R9 =0x00007fc5ad0ff930 is pointing into the stack for thread: 0x00007fc5a80b3000
R10=0x00000000028be780 is an unknown value
R11=0x0000000000000000 is an unknown value
R12=0x0000000003b4ec50 is an unknown value
R13=0x00007fc5a1ab16a8 is an unknown value
R14=0x00007fc5ad0ff950 is pointing into the stack for thread: 0x00007fc5a80b3000
R15=0x00000000025c2618 is an unknown value


Stack: [0x00007fc5ad002000,0x00007fc5ad103000],  sp=0x00007fc5ad0fe170,  free space=1008k
Native frames: (J=compiled Java code, j=interpreted, Vv=VM code, C=native code)
V  [libjvm.so+0x5bc94e]  PhaseIdealLoop::build_loop_late_post(Node*)+0x14e
V  [libjvm.so+0x5bcebb]  PhaseIdealLoop::build_loop_late(VectorSet&, Node_List&, Node_Stack&)+0x10b
V  [libjvm.so+0x5bda82]  PhaseIdealLoop::build_and_optimize(bool, bool)+0x692
V  [libjvm.so+0x37bc8a]  Compile::Optimize()+0xd2a
V  [libjvm.so+0x37c9f3]  Compile::Compile(ciEnv*, C2Compiler*, ciMethod*, int, bool, bool)+0xad3
V  [libjvm.so+0x3062d0]  C2Compiler::compile_method(ciEnv*, ciMethod*, int)+0xe0
V  [libjvm.so+0x3810d3]  CompileBroker::invoke_compiler_on_method(CompileTask*)+0x2a3
V  [libjvm.so+0x381a1b]  CompileBroker::compiler_thread_loop()+0x45b
V  [libjvm.so+0x74bca8]  JavaThread::thread_main_inner()+0x58
V  [libjvm.so+0x64bc22]  java_start(Thread*)+0x112


Current CompileTask:
C2: 117702 540      jregex.Pretokenizer.next()V (1064 bytes)


---------------  P R O C E S S  ---------------

Java Threads: ( => current thread )
  0x00007fc5a811a000 JavaThread "net.sf.ehcache.CacheManager@747fee41" daemon [_thread_blocked, id=840, stack(0x00007fc5ac306000,0x00007fc5ac407000)]
  0x00007fc5a0f90800 JavaThread "pool-2-thread-5" [_thread_blocked, id=32072, stack(0x00007fc5a78f9000,0x00007fc5a79fa000)]
  0x00007fc5a0dd7800 JavaThread "New I/O server worker #1-4" [_thread_in_native, id=32071, stack(0x00007fc5a79fa000,0x00007fc5a7afb000)]
  0x00007fc5a001c800 JavaThread "pool-2-thread-3" [_thread_blocked, id=32069, stack(0x00007fc5a7afb000,0x00007fc5a7bfc000)]
  0x00007fc5a00b9800 JavaThread "pool-2-thread-2" [_thread_blocked, id=32066, stack(0x00007fc5ac508000,0x00007fc5ac609000)]
  0x00007fc5a09b7800 JavaThread "com.mchange.v2.async.ThreadPoolAsynchronousRunner$PoolThread-#2" daemon [_thread_blocked, id=30198, stack(0x00007fc5a7bfc000,0x00007fc5a7cfd000)]
  0x00007fc5a0c7f800 JavaThread "com.mchange.v2.async.ThreadPoolAsynchronousRunner$PoolThread-#1" daemon [_thread_blocked, id=30197, stack(0x00007fc5a7cfd000,0x00007fc5a7dfe000)]
  0x00007fc5a0c6e800 JavaThread "com.mchange.v2.async.ThreadPoolAsynchronousRunner$PoolThread-#0" daemon [_thread_blocked, id=30196, stack(0x00007fc5a7dfe000,0x00007fc5a7eff000)]
  0x00007fc5a0c40000 JavaThread "Timer-0" daemon [_thread_blocked, id=30195, stack(0x00007fc5a7eff000,0x00007fc5a8000000)]
  0x00007fc5a0136800 JavaThread "play-thread-1" [_thread_in_Java, id=29590, stack(0x00007fc5ac407000,0x00007fc5ac508000)]
  0x00007fc5a00ca800 JavaThread "DestroyJavaVM" [_thread_blocked, id=29567, stack(0x00007fc5b6a10000,0x00007fc5b6b11000)]
  0x00007fc5a00ea000 JavaThread "New I/O server boss #1 ([id: 0x319c0bd6, /0:0:0:0:0:0:0:0:9090])" [_thread_in_native, id=29588, stack(0x00007fc5ac609000,0x00007fc5ac70a000)]
  0x00007fc5a80b8800 JavaThread "Low Memory Detector" daemon [_thread_blocked, id=29584, stack(0x00007fc5ace00000,0x00007fc5acf01000)]
  0x00007fc5a80b6000 JavaThread "C2 CompilerThread1" daemon [_thread_in_native, id=29583, stack(0x00007fc5acf01000,0x00007fc5ad002000)]
=>0x00007fc5a80b3000 JavaThread "C2 CompilerThread0" daemon [_thread_in_native, id=29582, stack(0x00007fc5ad002000,0x00007fc5ad103000)]
  0x00007fc5a80b0800 JavaThread "JDWP Event Helper Thread" daemon [_thread_blocked, id=29581, stack(0x00007fc5ad103000,0x00007fc5ad204000)]
  0x00007fc5a80ad000 JavaThread "JDWP Transport Listener: dt_socket" daemon [_thread_in_native, id=29580, stack(0x00007fc5ad204000,0x00007fc5ad305000)]
  0x00007fc5a8070800 JavaThread "Signal Dispatcher" daemon [_thread_blocked, id=29579, stack(0x00007fc5ad50a000,0x00007fc5ad60b000)]
  0x00007fc5a805f000 JavaThread "Finalizer" daemon [_thread_blocked, id=29578, stack(0x00007fc5ad60b000,0x00007fc5ad70c000)]
  0x00007fc5a805d000 JavaThread "Reference Handler" daemon [_thread_blocked, id=29577, stack(0x00007fc5ad70c000,0x00007fc5ad80d000)]

Other Threads:
  0x00007fc5a8056000 VMThread [stack: 0x00007fc5ad80d000,0x00007fc5ad90e000] [id=29576]
  0x00007fc5a80c3800 WatcherThread [stack: 0x00007fc5accff000,0x00007fc5ace00000] [id=29585]

VM state:not at safepoint (normal execution)

VM Mutex/Monitor currently owned by a thread: None

Heap
 PSYoungGen      total 73344K, used 70788K [0x00000007ac560000, 0x00000007b1b30000, 0x0000000800000000)
  eden space 62656K, 95% used [0x00000007ac560000,0x00000007b001c9d8,0x00000007b0290000)
  from space 10688K, 99% used [0x00000007b0420000,0x00000007b0e847f8,0x00000007b0e90000)
  to   space 12608K, 0% used [0x00000007b0ee0000,0x00000007b0ee0000,0x00000007b1b30000)
 PSOldGen        total 171392K, used 0K [0x0000000705000000, 0x000000070f760000, 0x00000007ac560000)
  object space 171392K, 0% used [0x0000000705000000,0x0000000705000000,0x000000070f760000)
 PSPermGen       total 45440K, used 45320K [0x00000006faa00000, 0x00000006fd660000, 0x0000000705000000)
  object space 45440K, 99% used [0x00000006faa00000,0x00000006fd642080,0x00000006fd660000)

Code Cache  [0x00007fc5af9c5000, 0x00007fc5afd75000, 0x00007fc5b29c5000)
 total_blobs=1183 nmethods=519 adapters=625 free_code_cache=46636224 largest_free_block=90048

Dynamic libraries:
00400000-00409000 r-xp 00000000 08:05 920882                             /usr/lib/jvm/java-6-openjdk/jre/bin/java
00608000-00609000 r--p 00008000 08:05 920882                             /usr/lib/jvm/java-6-openjdk/jre/bin/java
00609000-0060a000 rw-p 00009000 08:05 920882                             /usr/lib/jvm/java-6-openjdk/jre/bin/java
024e7000-04e4c000 rw-p 00000000 00:00 0                                  [heap]
6faa00000-6fd660000 rw-p 00000000 00:00 0 
6fd660000-705000000 rw-p 00000000 00:00 0 
705000000-70f760000 rw-p 00000000 00:00 0 
70f760000-7ac560000 rw-p 00000000 00:00 0 
7ac560000-7b1b30000 rw-p 00000000 00:00 0 
7b1b30000-800000000 rw-p 00000000 00:00 0 
7fc5a0000000-7fc5a203d000 rw-p 00000000 00:00 0 
7fc5a203d000-7fc5a4000000 ---p 00000000 00:00 0 
7fc5a78f9000-7fc5a78fc000 ---p 00000000 00:00 0 
7fc5a78fc000-7fc5a79fa000 rw-p 00000000 00:00 0 
7fc5a79fa000-7fc5a79fd000 ---p 00000000 00:00 0 
7fc5a79fd000-7fc5a7afb000 rw-p 00000000 00:00 0 
7fc5a7afb000-7fc5a7afe000 ---p 00000000 00:00 0 
7fc5a7afe000-7fc5a7bfc000 rw-p 00000000 00:00 0 
7fc5a7bfc000-7fc5a7bff000 ---p 00000000 00:00 0 
7fc5a7bff000-7fc5a7cfd000 rw-p 00000000 00:00 0 
7fc5a7cfd000-7fc5a7d00000 ---p 00000000 00:00 0 
7fc5a7d00000-7fc5a7dfe000 rw-p 00000000 00:00 0 
7fc5a7dfe000-7fc5a7e01000 ---p 00000000 00:00 0 
7fc5a7e01000-7fc5a7eff000 rw-p 00000000 00:00 0 
7fc5a7eff000-7fc5a7f02000 ---p 00000000 00:00 0 
7fc5a7f02000-7fc5a8000000 rw-p 00000000 00:00 0 
7fc5a8000000-7fc5aa158000 rw-p 00000000 00:00 0 
7fc5aa158000-7fc5ac000000 ---p 00000000 00:00 0 
7fc5ac0fa000-7fc5ac0fd000 r--s 00031000 08:05 924515                     /usr/lib/jvm/java-6-openjdk/jre/lib/ext/sunjce_provider.jar
7fc5ac0fd000-7fc5ac0ff000 r--s 00013000 08:05 924465                     /usr/lib/jvm/java-6-openjdk/jre/lib/jce.jar
7fc5ac0ff000-7fc5ac105000 r-xp 00000000 08:05 924543                     /usr/lib/jvm/java-6-openjdk/jre/lib/amd64/libmanagement.so
7fc5ac105000-7fc5ac304000 ---p 00006000 08:05 924543                     /usr/lib/jvm/java-6-openjdk/jre/lib/amd64/libmanagement.so
7fc5ac304000-7fc5ac305000 r--p 00005000 08:05 924543                     /usr/lib/jvm/java-6-openjdk/jre/lib/amd64/libmanagement.so
7fc5ac305000-7fc5ac306000 rw-p 00006000 08:05 924543                     /usr/lib/jvm/java-6-openjdk/jre/lib/amd64/libmanagement.so
7fc5ac306000-7fc5ac309000 ---p 00000000 00:00 0 
7fc5ac309000-7fc5ac407000 rw-p 00000000 00:00 0 
7fc5ac407000-7fc5ac40a000 ---p 00000000 00:00 0 
7fc5ac40a000-7fc5ac508000 rw-p 00000000 00:00 0 
7fc5ac508000-7fc5ac50b000 ---p 00000000 00:00 0 
7fc5ac50b000-7fc5ac609000 rw-p 00000000 00:00 0 
7fc5ac609000-7fc5ac60c000 ---p 00000000 00:00 0 
7fc5ac60c000-7fc5ac70a000 rw-p 00000000 00:00 0 
7fc5ac70a000-7fc5ac712000 r-xp 00000000 08:05 920896                     /usr/lib/jvm/java-6-openjdk/jre/lib/amd64/libnio.so
7fc5ac712000-7fc5ac911000 ---p 00008000 08:05 920896                     /usr/lib/jvm/java-6-openjdk/jre/lib/amd64/libnio.so
7fc5ac911000-7fc5ac912000 r--p 00007000 08:05 920896                     /usr/lib/jvm/java-6-openjdk/jre/lib/amd64/libnio.so
7fc5ac912000-7fc5ac913000 rw-p 00008000 08:05 920896                     /usr/lib/jvm/java-6-openjdk/jre/lib/amd64/libnio.so
7fc5ac913000-7fc5ac928000 r-xp 00000000 08:05 920905                     /usr/lib/jvm/java-6-openjdk/jre/lib/amd64/libnet.so
7fc5ac928000-7fc5acb27000 ---p 00015000 08:05 920905                     /usr/lib/jvm/java-6-openjdk/jre/lib/amd64/libnet.so
7fc5acb27000-7fc5acb28000 r--p 00014000 08:05 920905                     /usr/lib/jvm/java-6-openjdk/jre/lib/amd64/libnet.so
7fc5acb28000-7fc5acb29000 rw-p 00015000 08:05 920905                     /usr/lib/jvm/java-6-openjdk/jre/lib/amd64/libnet.so
7fc5acb29000-7fc5acb38000 r--s 00074000 08:05 296141                     /opt/play-1.2.3/framework/lib/joda-time-1.6.jar
7fc5acb38000-7fc5acb3e000 r--s 00038000 08:05 296158                     /opt/play-1.2.3/framework/lib/snakeyaml-1.7.jar
7fc5acb3e000-7fc5acb45000 r--s 0006a000 08:05 296148                     /opt/play-1.2.3/framework/lib/mail-1.4.3.jar
7fc5acb45000-7fc5acb47000 r--s 0000c000 08:05 296101                     /opt/play-1.2.3/framework/lib/activation-1.1.1.jar
7fc5acb47000-7fc5acb52000 r--s 00124000 08:05 296123                     /opt/play-1.2.3/framework/lib/h2-1.3.149.jar
7fc5acb52000-7fc5acb55000 r--s 00024000 08:05 296113                     /opt/play-1.2.3/framework/lib/commons-io-2.0.1.jar
7fc5acb55000-7fc5acb57000 r--s 0000b000 08:05 296139                     /opt/play-1.2.3/framework/lib/jj-textile.jar
7fc5acb57000-7fc5acb5c000 r--s 00048000 08:05 296117                     /opt/play-1.2.3/framework/lib/dom4j-1.6.1.jar
7fc5acb5c000-7fc5acb5f000 r--s 00011000 08:05 296119                     /opt/play-1.2.3/framework/lib/ezmorph-1.0.3.jar
7fc5acb5f000-7fc5acb62000 r--s 0000f000 08:05 296120                     /opt/play-1.2.3/framework/lib/geronimo-servlet_2.5_spec-1.2.jar
7fc5acb62000-7fc5acb64000 r--s 00002000 08:05 296144                     /opt/play-1.2.3/framework/lib/jta-1.1.jar
7fc5acb64000-7fc5acb6c000 r--s 0008a000 08:05 296134                     /opt/play-1.2.3/framework/lib/javassist-3.9.0.GA.jar
7fc5acb6c000-7fc5acb6d000 r--s 00007000 08:05 296111                     /opt/play-1.2.3/framework/lib/commons-email-1.2.jar
7fc5acb6d000-7fc5acb72000 r--s 00014000 08:05 296131                     /opt/play-1.2.3/framework/lib/hibernate-jpa-2.0-api-1.0.0.Final.jar
7fc5acb72000-7fc5acb74000 r--s 00015000 08:05 296142                     /opt/play-1.2.3/framework/lib/jregex-1.2_01.jar
7fc5acb74000-7fc5acb7d000 r--s 0005d000 08:05 296129                     /opt/play-1.2.3/framework/lib/hibernate-entitymanager-3.6.0.Final.jar
7fc5acb7d000-7fc5acb80000 r--s 00022000 08:05 296133                     /opt/play-1.2.3/framework/lib/jamon-2.7.jar
7fc5acb80000-7fc5acb87000 r--s 00059000 08:05 296147                     /opt/play-1.2.3/framework/lib/log4j-1.2.15.jar
7fc5acb87000-7fc5acbac000 r--s 00172000 08:05 296105                     /opt/play-1.2.3/framework/lib/bcprov-jdk15-1.45.jar
7fc5acbac000-7fc5acbbb000 r--s 000b2000 08:05 296151                     /opt/play-1.2.3/framework/lib/netty-3.2.4.Final.jar
7fc5acbbb000-7fc5acbc1000 r--s 00032000 08:05 296136                     /opt/play-1.2.3/framework/lib/jaxen-1.1.jar
7fc5acbc1000-7fc5acbc8000 r--s 00038000 08:05 296140                     /opt/play-1.2.3/framework/lib/jj-wikitext.jar
7fc5acbc8000-7fc5acbd7000 r--s 000d9000 08:05 296132                     /opt/play-1.2.3/framework/lib/ivy-2.2.0.jar
7fc5acbd7000-7fc5acc2b000 r--s 00516000 08:05 296121                     /opt/play-1.2.3/framework/lib/groovy-all-1.7.7.jar
7fc5acc2b000-7fc5acc31000 r--s 00034000 08:05 296145                     /opt/play-1.2.3/framework/lib/junit-4.8.1.jar
7fc5acc31000-7fc5acc3b000 r--s 0006f000 08:05 296118                     /opt/play-1.2.3/framework/lib/ehcache-core-2.0.0.jar
7fc5acc3b000-7fc5acc3d000 r--s 00008000 08:05 296155                     /opt/play-1.2.3/framework/lib/signpost-core-1.2.jar
7fc5acc3d000-7fc5acc3f000 r--s 0000e000 08:05 296114                     /opt/play-1.2.3/framework/lib/commons-javaflow-1066591.jar
7fc5acc3f000-7fc5acc45000 r--s 0007e000 08:05 296154                     /opt/play-1.2.3/framework/lib/postgresql-9.0.jar
7fc5acc45000-7fc5acc47000 r--s 0000d000 08:05 296116                     /opt/play-1.2.3/framework/lib/commons-logging-1.1.1.jar
7fc5acc47000-7fc5acc48000 r--s 00000000 08:05 296135                     /opt/play-1.2.3/framework/lib/javax.inject-1.0.jar
7fc5acc48000-7fc5acc4e000 r--s 00067000 08:05 296102                     /opt/play-1.2.3/framework/lib/antlr-2.7.6.jar
7fc5acc4e000-7fc5acc54000 r--s 00049000 08:05 296104                     /opt/play-1.2.3/framework/lib/async-http-client-1.6.3.jar
7fc5acc54000-7fc5acc5b000 r--s 000b7000 08:05 296150                     /opt/play-1.2.3/framework/lib/mysql-connector-java-5.1.13.jar
7fc5acc5b000-7fc5acc5e000 r--s 0000f000 08:05 296125                     /opt/play-1.2.3/framework/lib/hibernate-commons-annotations-3.2.0.Final.jar
7fc5acc5e000-7fc5acc60000 r--s 0000d000 08:05 296112                     /opt/play-1.2.3/framework/lib/commons-fileupload-1.2.2.jar
7fc5acc60000-7fc5acc66000 r--s 00049000 08:05 296107                     /opt/play-1.2.3/framework/lib/cglib-nodep-2.2.jar
7fc5acc66000-7fc5acc74000 r--s 0007f000 08:05 296110                     /opt/play-1.2.3/framework/lib/commons-collections-3.2.1.jar
7fc5acc74000-7fc5acc7f000 r--s 0005a000 08:05 296159                     /opt/play-1.2.3/framework/lib/xstream-1.3.jar
7fc5acc7f000-7fc5acc86000 r--s 00049000 08:05 296153                     /opt/play-1.2.3/framework/lib/oval-1.50.jar
7fc5acc86000-7fc5acc88000 r--s 00005000 08:05 296156                     /opt/play-1.2.3/framework/lib/slf4j-api-1.6.1.jar
7fc5acc88000-7fc5acc8d000 r--s 00041000 08:05 296115                     /opt/play-1.2.3/framework/lib/commons-lang-2.6.jar
7fc5acc8d000-7fc5acc98000 r--s 0008b000 08:05 296106                     /opt/play-1.2.3/framework/lib/c3p0-0.9.1.2.jar
7fc5acc98000-7fc5accc1000 r--s 00403000 08:05 296152                     /opt/play-1.2.3/framework/lib/org.eclipse.jdt.core-3.6.0.jar
7fc5accc1000-7fc5accf3000 r--s 002c7000 08:05 296127                     /opt/play-1.2.3/framework/lib/hibernate-core-3.6.1.Final.jar
7fc5accf3000-7fc5accf8000 r--s 00034000 08:05 296108                     /opt/play-1.2.3/framework/lib/commons-beanutils-1.8.3.jar
7fc5accf8000-7fc5accfd000 r--s 0002e000 08:05 296103                     /opt/play-1.2.3/framework/lib/asm-all-3.3.1.jar
7fc5accfd000-7fc5accff000 r--s 00015000 08:05 296138                     /opt/play-1.2.3/framework/lib/jj-simplecaptcha.jar
7fc5accff000-7fc5acd00000 ---p 00000000 00:00 0 
7fc5acd00000-7fc5ace00000 rw-p 00000000 00:00 0 
7fc5ace00000-7fc5ace03000 ---p 00000000 00:00 0 
7fc5ace03000-7fc5acf01000 rw-p 00000000 00:00 0 
7fc5acf01000-7fc5acf04000 ---p 00000000 00:00 0 
7fc5acf04000-7fc5ad002000 rw-p 00000000 00:00 0 
7fc5ad002000-7fc5ad005000 ---p 00000000 00:00 0 
7fc5ad005000-7fc5ad103000 rw-p 00000000 00:00 0 
7fc5ad103000-7fc5ad106000 ---p 00000000 00:00 0 
7fc5ad106000-7fc5ad204000 rw-p 00000000 00:00 0 
7fc5ad204000-7fc5ad207000 ---p 00000000 00:00 0 
7fc5ad207000-7fc5ad305000 rw-p 00000000 00:00 0 
7fc5ad305000-7fc5ad309000 r-xp 00000000 08:05 920894                     /usr/lib/jvm/java-6-openjdk/jre/lib/amd64/libdt_socket.so
7fc5ad309000-7fc5ad508000 ---p 00004000 08:05 920894                     /usr/lib/jvm/java-6-openjdk/jre/lib/amd64/libdt_socket.so
7fc5ad508000-7fc5ad509000 r--p 00003000 08:05 920894                     /usr/lib/jvm/java-6-openjdk/jre/lib/amd64/libdt_socket.so
7fc5ad509000-7fc5ad50a000 rw-p 00004000 08:05 920894                     /usr/lib/jvm/java-6-openjdk/jre/lib/amd64/libdt_socket.so
7fc5ad50a000-7fc5ad50d000 ---p 00000000 00:00 0 
7fc5ad50d000-7fc5ad60b000 rw-p 00000000 00:00 0 
7fc5ad60b000-7fc5ad60e000 ---p 00000000 00:00 0 
7fc5ad60e000-7fc5ad70c000 rw-p 00000000 00:00 0 
7fc5ad70c000-7fc5ad70f000 ---p 00000000 00:00 0 
7fc5ad70f000-7fc5ad80d000 rw-p 00000000 00:00 0 
7fc5ad80d000-7fc5ad80e000 ---p 00000000 00:00 0 
7fc5ad80e000-7fc5ae24a000 rw-p 00000000 00:00 0 
7fc5ae24a000-7fc5ae3db000 r--s 037b8000 08:05 924546                     /usr/lib/jvm/java-6-openjdk/jre/lib/rt.jar
7fc5ae3db000-7fc5ae403000 rw-p 00000000 00:00 0 
7fc5ae403000-7fc5ae404000 ---p 00000000 00:00 0 
7fc5ae404000-7fc5ae504000 rw-p 00000000 00:00 0 
7fc5ae504000-7fc5ae505000 ---p 00000000 00:00 0 
7fc5ae505000-7fc5ae605000 rw-p 00000000 00:00 0 
7fc5ae605000-7fc5ae606000 ---p 00000000 00:00 0 
7fc5ae606000-7fc5ae706000 rw-p 00000000 00:00 0 
7fc5ae706000-7fc5ae707000 ---p 00000000 00:00 0 
7fc5ae707000-7fc5ae807000 rw-p 00000000 00:00 0 
7fc5ae807000-7fc5ae808000 ---p 00000000 00:00 0 
7fc5ae808000-7fc5ae908000 rw-p 00000000 00:00 0 
7fc5ae908000-7fc5ae909000 ---p 00000000 00:00 0 
7fc5ae909000-7fc5aea09000 rw-p 00000000 00:00 0 
7fc5aea09000-7fc5aea0a000 ---p 00000000 00:00 0 
7fc5aea0a000-7fc5aeb0a000 rw-p 00000000 00:00 0 
7fc5aeb0a000-7fc5aeb0b000 ---p 00000000 00:00 0 
7fc5aeb0b000-7fc5aec22000 rw-p 00000000 00:00 0 
7fc5aec22000-7fc5aec5e000 rw-p 00000000 00:00 0 
7fc5aec5e000-7fc5aecb2000 rw-p 00000000 00:00 0 
7fc5aecb2000-7fc5af199000 rw-p 00000000 00:00 0 
7fc5af199000-7fc5af1b0000 rw-p 00000000 00:00 0 
7fc5af1b0000-7fc5af1ec000 rw-p 00000000 00:00 0 
7fc5af1ec000-7fc5af240000 rw-p 00000000 00:00 0 
7fc5af240000-7fc5af726000 rw-p 00000000 00:00 0 
7fc5af726000-7fc5af752000 rw-p 00000000 00:00 0 
7fc5af752000-7fc5af9c4000 rw-p 00000000 00:00 0 
7fc5af9c4000-7fc5af9c5000 rw-p 00000000 00:00 0 
7fc5af9c5000-7fc5afd75000 rwxp 00000000 00:00 0 
7fc5afd75000-7fc5b29c5000 rw-p 00000000 00:00 0 
7fc5b29c5000-7fc5b29cc000 r-xp 00000000 08:05 924533                     /usr/lib/jvm/java-6-openjdk/jre/lib/amd64/libzip.so
7fc5b29cc000-7fc5b2bcb000 ---p 00007000 08:05 924533                     /usr/lib/jvm/java-6-openjdk/jre/lib/amd64/libzip.so
7fc5b2bcb000-7fc5b2bcc000 r--p 00006000 08:05 924533                     /usr/lib/jvm/java-6-openjdk/jre/lib/amd64/libzip.so
7fc5b2bcc000-7fc5b2bcd000 rw-p 00007000 08:05 924533                     /usr/lib/jvm/java-6-openjdk/jre/lib/amd64/libzip.so
7fc5b2bcd000-7fc5b2bd9000 r-xp 00000000 08:05 1068842                    /lib/x86_64-linux-gnu/libnss_files-2.13.so
7fc5b2bd9000-7fc5b2dd8000 ---p 0000c000 08:05 1068842                    /lib/x86_64-linux-gnu/libnss_files-2.13.so
7fc5b2dd8000-7fc5b2dd9000 r--p 0000b000 08:05 1068842                    /lib/x86_64-linux-gnu/libnss_files-2.13.so
7fc5b2dd9000-7fc5b2dda000 rw-p 0000c000 08:05 1068842                    /lib/x86_64-linux-gnu/libnss_files-2.13.so
7fc5b2dda000-7fc5b2de4000 r-xp 00000000 08:05 1068848                    /lib/x86_64-linux-gnu/libnss_nis-2.13.so
7fc5b2de4000-7fc5b2fe4000 ---p 0000a000 08:05 1068848                    /lib/x86_64-linux-gnu/libnss_nis-2.13.so
7fc5b2fe4000-7fc5b2fe5000 r--p 0000a000 08:05 1068848                    /lib/x86_64-linux-gnu/libnss_nis-2.13.so
7fc5b2fe5000-7fc5b2fe6000 rw-p 0000b000 08:05 1068848                    /lib/x86_64-linux-gnu/libnss_nis-2.13.so
7fc5b2fe6000-7fc5b2ffd000 r-xp 00000000 08:05 1068837                    /lib/x86_64-linux-gnu/libnsl-2.13.so
7fc5b2ffd000-7fc5b31fc000 ---p 00017000 08:05 1068837                    /lib/x86_64-linux-gnu/libnsl-2.13.so
7fc5b31fc000-7fc5b31fd000 r--p 00016000 08:05 1068837                    /lib/x86_64-linux-gnu/libnsl-2.13.so
7fc5b31fd000-7fc5b31fe000 rw-p 00017000 08:05 1068837                    /lib/x86_64-linux-gnu/libnsl-2.13.so
7fc5b31fe000-7fc5b3200000 rw-p 00000000 00:00 0 
7fc5b3200000-7fc5b3208000 r-xp 00000000 08:05 1068834                    /lib/x86_64-linux-gnu/libnss_compat-2.13.so
7fc5b3208000-7fc5b3407000 ---p 00008000 08:05 1068834                    /lib/x86_64-linux-gnu/libnss_compat-2.13.so
7fc5b3407000-7fc5b3408000 r--p 00007000 08:05 1068834                    /lib/x86_64-linux-gnu/libnss_compat-2.13.so
7fc5b3408000-7fc5b3409000 rw-p 00008000 08:05 1068834                    /lib/x86_64-linux-gnu/libnss_compat-2.13.so
7fc5b3409000-7fc5b3d3a000 r--p 00000000 08:05 922981                     /usr/lib/locale/locale-archive
7fc5b3d3a000-7fc5b3d3d000 r-xp 00000000 08:05 920914                     /usr/lib/jvm/java-6-openjdk/jre/lib/amd64/libnpt.so
7fc5b3d3d000-7fc5b3f3c000 ---p 00003000 08:05 920914                     /usr/lib/jvm/java-6-openjdk/jre/lib/amd64/libnpt.so
7fc5b3f3c000-7fc5b3f3d000 r--p 00002000 08:05 920914                     /usr/lib/jvm/java-6-openjdk/jre/lib/amd64/libnpt.so
7fc5b3f3d000-7fc5b3f3e000 rw-p 00003000 08:05 920914                     /usr/lib/jvm/java-6-openjdk/jre/lib/amd64/libnpt.so
7fc5b3f3e000-7fc5b3f47000 r-xp 00000000 08:05 924528                     /usr/lib/jvm/java-6-openjdk/jre/lib/amd64/libinstrument.so
7fc5b3f47000-7fc5b4147000 ---p 00009000 08:05 924528                     /usr/lib/jvm/java-6-openjdk/jre/lib/amd64/libinstrument.so
7fc5b4147000-7fc5b4148000 r--p 00009000 08:05 924528                     /usr/lib/jvm/java-6-openjdk/jre/lib/amd64/libinstrument.so
7fc5b4148000-7fc5b4149000 rw-p 0000a000 08:05 924528                     /usr/lib/jvm/java-6-openjdk/jre/lib/amd64/libinstrument.so
7fc5b4149000-7fc5b4183000 r-xp 00000000 08:05 920913                     /usr/lib/jvm/java-6-openjdk/jre/lib/amd64/libjdwp.so
7fc5b4183000-7fc5b4382000 ---p 0003a000 08:05 920913                     /usr/lib/jvm/java-6-openjdk/jre/lib/amd64/libjdwp.so
7fc5b4382000-7fc5b4383000 r--p 00039000 08:05 920913                     /usr/lib/jvm/java-6-openjdk/jre/lib/amd64/libjdwp.so
7fc5b4383000-7fc5b4384000 rw-p 0003a000 08:05 920913                     /usr/lib/jvm/java-6-openjdk/jre/lib/amd64/libjdwp.so
7fc5b4384000-7fc5b43b0000 r-xp 00000000 08:05 924532                     /usr/lib/jvm/java-6-openjdk/jre/lib/amd64/libjava.so
7fc5b43b0000-7fc5b45af000 ---p 0002c000 08:05 924532                     /usr/lib/jvm/java-6-openjdk/jre/lib/amd64/libjava.so
7fc5b45af000-7fc5b45b0000 r--p 0002b000 08:05 924532                     /usr/lib/jvm/java-6-openjdk/jre/lib/amd64/libjava.so
7fc5b45b0000-7fc5b45b3000 rw-p 0002c000 08:05 924532                     /usr/lib/jvm/java-6-openjdk/jre/lib/amd64/libjava.so
7fc5b45b3000-7fc5b45c1000 r-xp 00000000 08:05 920904                     /usr/lib/jvm/java-6-openjdk/jre/lib/amd64/libverify.so
7fc5b45c1000-7fc5b47c0000 ---p 0000e000 08:05 920904                     /usr/lib/jvm/java-6-openjdk/jre/lib/amd64/libverify.so
7fc5b47c0000-7fc5b47c2000 r--p 0000d000 08:05 920904                     /usr/lib/jvm/java-6-openjdk/jre/lib/amd64/libverify.so
7fc5b47c2000-7fc5b47c3000 rw-p 0000f000 08:05 920904                     /usr/lib/jvm/java-6-openjdk/jre/lib/amd64/libverify.so
7fc5b47c3000-7fc5b47ca000 r-xp 00000000 08:05 1044505                    /lib/x86_64-linux-gnu/librt-2.13.so
7fc5b47ca000-7fc5b49c9000 ---p 00007000 08:05 1044505                    /lib/x86_64-linux-gnu/librt-2.13.so
7fc5b49c9000-7fc5b49ca000 r--p 00006000 08:05 1044505                    /lib/x86_64-linux-gnu/librt-2.13.so
7fc5b49ca000-7fc5b49cb000 rw-p 00007000 08:05 1044505                    /lib/x86_64-linux-gnu/librt-2.13.so
7fc5b49cb000-7fc5b49e0000 r-xp 00000000 08:05 1068525                    /lib/x86_64-linux-gnu/libgcc_s.so.1
7fc5b49e0000-7fc5b4bdf000 ---p 00015000 08:05 1068525                    /lib/x86_64-linux-gnu/libgcc_s.so.1
7fc5b4bdf000-7fc5b4be0000 r--p 00014000 08:05 1068525                    /lib/x86_64-linux-gnu/libgcc_s.so.1
7fc5b4be0000-7fc5b4be1000 rw-p 00015000 08:05 1068525                    /lib/x86_64-linux-gnu/libgcc_s.so.1
7fc5b4be1000-7fc5b4c64000 r-xp 00000000 08:05 1068849                    /lib/x86_64-linux-gnu/libm-2.13.so
7fc5b4c64000-7fc5b4e63000 ---p 00083000 08:05 1068849                    /lib/x86_64-linux-gnu/libm-2.13.so
7fc5b4e63000-7fc5b4e64000 r--p 00082000 08:05 1068849                    /lib/x86_64-linux-gnu/libm-2.13.so
7fc5b4e64000-7fc5b4e65000 rw-p 00083000 08:05 1068849                    /lib/x86_64-linux-gnu/libm-2.13.so
7fc5b4e65000-7fc5b4f4d000 r-xp 00000000 08:05 914676                     /usr/lib/x86_64-linux-gnu/libstdc++.so.6.0.16
7fc5b4f4d000-7fc5b514d000 ---p 000e8000 08:05 914676                     /usr/lib/x86_64-linux-gnu/libstdc++.so.6.0.16
7fc5b514d000-7fc5b5155000 r--p 000e8000 08:05 914676                     /usr/lib/x86_64-linux-gnu/libstdc++.so.6.0.16
7fc5b5155000-7fc5b5157000 rw-p 000f0000 08:05 914676                     /usr/lib/x86_64-linux-gnu/libstdc++.so.6.0.16
7fc5b5157000-7fc5b516c000 rw-p 00000000 00:00 0 
7fc5b516c000-7fc5b5a6f000 r-xp 00000000 08:05 924535                     /usr/lib/jvm/java-6-openjdk/jre/lib/amd64/server/libjvm.so
7fc5b5a6f000-7fc5b5c6e000 ---p 00903000 08:05 924535                     /usr/lib/jvm/java-6-openjdk/jre/lib/amd64/server/libjvm.so
7fc5b5c6e000-7fc5b5cef000 r--p 00902000 08:05 924535                     /usr/lib/jvm/java-6-openjdk/jre/lib/amd64/server/libjvm.so
7fc5b5cef000-7fc5b5d0a000 rw-p 00983000 08:05 924535                     /usr/lib/jvm/java-6-openjdk/jre/lib/amd64/server/libjvm.so
7fc5b5d0a000-7fc5b5d33000 rw-p 00000000 00:00 0 
7fc5b5d33000-7fc5b5d4a000 r-xp 00000000 08:05 1048733                    /lib/x86_64-linux-gnu/libz.so.1.2.3.4
7fc5b5d4a000-7fc5b5f49000 ---p 00017000 08:05 1048733                    /lib/x86_64-linux-gnu/libz.so.1.2.3.4
7fc5b5f49000-7fc5b5f4a000 r--p 00016000 08:05 1048733                    /lib/x86_64-linux-gnu/libz.so.1.2.3.4
7fc5b5f4a000-7fc5b5f4b000 rw-p 00017000 08:05 1048733                    /lib/x86_64-linux-gnu/libz.so.1.2.3.4
7fc5b5f4b000-7fc5b60e0000 r-xp 00000000 08:05 1068839                    /lib/x86_64-linux-gnu/libc-2.13.so
7fc5b60e0000-7fc5b62df000 ---p 00195000 08:05 1068839                    /lib/x86_64-linux-gnu/libc-2.13.so
7fc5b62df000-7fc5b62e3000 r--p 00194000 08:05 1068839                    /lib/x86_64-linux-gnu/libc-2.13.so
7fc5b62e3000-7fc5b62e4000 rw-p 00198000 08:05 1068839                    /lib/x86_64-linux-gnu/libc-2.13.so
7fc5b62e4000-7fc5b62ea000 rw-p 00000000 00:00 0 
7fc5b62ea000-7fc5b62ec000 r-xp 00000000 08:05 1068840                    /lib/x86_64-linux-gnu/libdl-2.13.so
7fc5b62ec000-7fc5b64ec000 ---p 00002000 08:05 1068840                    /lib/x86_64-linux-gnu/libdl-2.13.so
7fc5b64ec000-7fc5b64ed000 r--p 00002000 08:05 1068840                    /lib/x86_64-linux-gnu/libdl-2.13.so
7fc5b64ed000-7fc5b64ee000 rw-p 00003000 08:05 1068840                    /lib/x86_64-linux-gnu/libdl-2.13.so
7fc5b64ee000-7fc5b64f2000 r-xp 00000000 08:05 920901                     /usr/lib/jvm/java-6-openjdk/jre/lib/amd64/jli/libjli.so
7fc5b64f2000-7fc5b66f1000 ---p 00004000 08:05 920901                     /usr/lib/jvm/java-6-openjdk/jre/lib/amd64/jli/libjli.so
7fc5b66f1000-7fc5b66f2000 r--p 00003000 08:05 920901                     /usr/lib/jvm/java-6-openjdk/jre/lib/amd64/jli/libjli.so
7fc5b66f2000-7fc5b66f3000 rw-p 00004000 08:05 920901                     /usr/lib/jvm/java-6-openjdk/jre/lib/amd64/jli/libjli.so
7fc5b66f3000-7fc5b670b000 r-xp 00000000 08:05 1068847                    /lib/x86_64-linux-gnu/libpthread-2.13.so
7fc5b670b000-7fc5b690a000 ---p 00018000 08:05 1068847                    /lib/x86_64-linux-gnu/libpthread-2.13.so
7fc5b690a000-7fc5b690b000 r--p 00017000 08:05 1068847                    /lib/x86_64-linux-gnu/libpthread-2.13.so
7fc5b690b000-7fc5b690c000 rw-p 00018000 08:05 1068847                    /lib/x86_64-linux-gnu/libpthread-2.13.so
7fc5b690c000-7fc5b6910000 rw-p 00000000 00:00 0 
7fc5b6910000-7fc5b6931000 r-xp 00000000 08:05 1068846                    /lib/x86_64-linux-gnu/ld-2.13.so
7fc5b6931000-7fc5b6937000 r--s 00040000 08:05 296149                     /opt/play-1.2.3/framework/lib/memcached-2.6.jar
7fc5b6937000-7fc5b6939000 r--s 00001000 08:05 296143                     /opt/play-1.2.3/framework/lib/jsr107cache-1.0.jar
7fc5b6939000-7fc5b693d000 r--s 00027000 08:05 296122                     /opt/play-1.2.3/framework/lib/gson-1.7.1.jar
7fc5b693d000-7fc5b6942000 r--s 00020000 08:05 296137                     /opt/play-1.2.3/framework/lib/jj-imaging.jar
7fc5b6942000-7fc5b6945000 r--s 0007d000 08:05 924457                     /usr/lib/jvm/java-6-openjdk/jre/lib/jsse.jar
7fc5b6945000-7fc5b6950000 r--s 000b8000 08:05 296160                     /opt/play-1.2.3/framework/play-1.2.3.jar
7fc5b6950000-7fc5b695f000 rw-p 00000000 00:00 0 
7fc5b695f000-7fc5b6a10000 rw-p 00000000 00:00 0 
7fc5b6a10000-7fc5b6a13000 ---p 00000000 00:00 0 
7fc5b6a13000-7fc5b6b16000 rw-p 00000000 00:00 0 
7fc5b6b16000-7fc5b6b17000 r--s 00002000 08:05 296157                     /opt/play-1.2.3/framework/lib/slf4j-log4j12-1.6.1.jar
7fc5b6b17000-7fc5b6b19000 r--s 0000d000 08:05 296109                     /opt/play-1.2.3/framework/lib/commons-codec-1.4.jar
7fc5b6b19000-7fc5b6b1a000 rw-p 00000000 00:00 0 
7fc5b6b1a000-7fc5b6b1c000 r--s 0000f000 08:05 924518                     /usr/lib/jvm/java-6-openjdk/jre/lib/ext/pulse-java.jar
7fc5b6b1c000-7fc5b6b24000 r--s 00066000 08:05 136034                     /usr/share/java/gnome-java-bridge.jar
7fc5b6b24000-7fc5b6b2c000 rw-s 00000000 08:05 785185                     /tmp/hsperfdata_pascal/29562
7fc5b6b2c000-7fc5b6b2d000 rw-p 00000000 00:00 0 
7fc5b6b2d000-7fc5b6b2e000 r--p 00000000 00:00 0 
7fc5b6b2e000-7fc5b6b30000 rw-p 00000000 00:00 0 
7fc5b6b30000-7fc5b6b31000 r--p 00020000 08:05 1068846                    /lib/x86_64-linux-gnu/ld-2.13.so
7fc5b6b31000-7fc5b6b33000 rw-p 00021000 08:05 1068846                    /lib/x86_64-linux-gnu/ld-2.13.so
7fff2db3f000-7fff2db61000 rw-p 00000000 00:00 0                          [stack]
7fff2dbff000-7fff2dc00000 r-xp 00000000 00:00 0                          [vdso]
ffffffffff600000-ffffffffff601000 r-xp 00000000 00:00 0                  [vsyscall]

VM Arguments:
jvm_args: -Xdebug -Xrunjdwp:transport=dt_socket,address=0,server=y,suspend=n -Dplay.debug=yes -Dplay.id= -Dapplication.path=/home/pascal/workspace/codeboard-core -Djava.endorsed.dirs=/opt/play-1.2.3/framework/endorsed -javaagent:/opt/play-1.2.3/framework/play-1.2.3.jar -Dfile.encoding=UTF-8 
java_command: play.server.Server
Launcher Type: SUN_STANDARD

Environment Variables:
PATH=/home/pascal/bin:/usr/lib/lightdm/lightdm:/usr/local/sbin:/usr/local/bin:/usr/sbin:/usr/bin:/sbin:/bin:/usr/games:/opt/play
USERNAME=pascal
LD_LIBRARY_PATH=/usr/lib/jvm/java-6-openjdk/jre/lib/amd64/server:/usr/lib/jvm/java-6-openjdk/jre/lib/amd64:/usr/lib/jvm/java-6-openjdk/jre/../lib/amd64
SHELL=/bin/bash
DISPLAY=:0

Signal Handlers:
SIGSEGV: [libjvm.so+0x783e60], sa_mask[0]=0x7ffbfeff, sa_flags=0x10000004
SIGBUS: [libjvm.so+0x783e60], sa_mask[0]=0x7ffbfeff, sa_flags=0x10000004
SIGFPE: [libjvm.so+0x6485c0], sa_mask[0]=0x7ffbfeff, sa_flags=0x10000004
SIGPIPE: [libjvm.so+0x6485c0], sa_mask[0]=0x7ffbfeff, sa_flags=0x10000004
SIGXFSZ: [libjvm.so+0x6485c0], sa_mask[0]=0x7ffbfeff, sa_flags=0x10000004
SIGILL: [libjvm.so+0x6485c0], sa_mask[0]=0x7ffbfeff, sa_flags=0x10000004
SIGUSR1: SIG_DFL, sa_mask[0]=0x00000000, sa_flags=0x00000000
SIGUSR2: [libjvm.so+0x648770], sa_mask[0]=0x00000004, sa_flags=0x10000004
SIGHUP: [libjvm.so+0x64b280], sa_mask[0]=0x7ffbfeff, sa_flags=0x10000004
SIGINT: [libjvm.so+0x64b280], sa_mask[0]=0x7ffbfeff, sa_flags=0x10000004
SIGTERM: [libjvm.so+0x64b280], sa_mask[0]=0x7ffbfeff, sa_flags=0x10000004
SIGQUIT: [libjvm.so+0x64b280], sa_mask[0]=0x7ffbfeff, sa_flags=0x10000004


---------------  S Y S T E M  ---------------

OS:Ubuntu 11.10 (oneiric)
uname:Linux 3.0.0-12-generic #20-Ubuntu SMP Fri Oct 7 14:56:25 UTC 2011 x86_64
libc:glibc 2.13 NPTL 2.13 
rlimit: STACK 8192k, CORE 0k, NPROC 128386, NOFILE 4096, AS infinity
load average:0,25 0,23 0,23

/proc/meminfo:
MemTotal:       16449340 kB
MemFree:        10867776 kB
Buffers:          181136 kB
Cached:          2066040 kB
SwapCached:            0 kB
Active:          3456032 kB
Inactive:        1715668 kB
Active(anon):    2939552 kB
Inactive(anon):    39692 kB
Active(file):     516480 kB
Inactive(file):  1675976 kB
Unevictable:          64 kB
Mlocked:              64 kB
SwapTotal:      16755708 kB
SwapFree:       16755708 kB
Dirty:               384 kB
Writeback:             0 kB
AnonPages:       2924712 kB
Mapped:           244740 kB
Shmem:             54724 kB
Slab:             106820 kB
SReclaimable:      74440 kB
SUnreclaim:        32380 kB
KernelStack:        4824 kB
PageTables:        38208 kB
NFS_Unstable:          0 kB
Bounce:                0 kB
WritebackTmp:          0 kB
CommitLimit:    24980376 kB
Committed_AS:    5996912 kB
VmallocTotal:   34359738367 kB
VmallocUsed:      175300 kB
VmallocChunk:   34359547900 kB
HardwareCorrupted:     0 kB
AnonHugePages:         0 kB
HugePages_Total:       0
HugePages_Free:        0
HugePages_Rsvd:        0
HugePages_Surp:        0
Hugepagesize:       2048 kB
DirectMap4k:      147456 kB
DirectMap2M:    16613376 kB


CPU:total 8 (4 cores per cpu, 2 threads per core) family 6 model 42 stepping 7, cmov, cx8, fxsr, mmx, sse, sse2, sse3, ssse3, sse4.1, sse4.2, popcnt, ht

Memory: 4k page, physical 16449340k(10867776k free), swap 16755708k(16755708k free)

vm_info: OpenJDK 64-Bit Server VM (20.0-b11) for linux-amd64 JRE (1.6.0_23-b23), built on Oct 22 2011 01:00:57 by "buildd" with gcc 4.6.1

time: Sun Nov 27 23:03:38 2011
elapsed time: 117 seconds

