#
# A fatal error has been detected by the Java Runtime Environment:
#
#  SIGSEGV (0xb) at pc=0x00007f91b00e294e, pid=19423, tid=140263492118272
#
# JRE version: 6.0_23-b23
# Java VM: OpenJDK 64-Bit Server VM (20.0-b11 mixed mode linux-amd64 compressed oops)
# Derivative: IcedTea6 1.11pre
# Distribution: Ubuntu 11.10, package 6b23~pre11-0ubuntu1.11.10
# Problematic frame:
# V  [libjvm.so+0x5bc94e]  PhaseIdealLoop::build_loop_late_post(Node*)+0x14e
#
# If you would like to submit a bug report, please include
# instructions how to reproduce the bug and visit:
#   https://bugs.launchpad.net/ubuntu/+source/openjdk-6/
#

---------------  T H R E A D  ---------------

Current thread (0x0000000002598000):  JavaThread "C2 CompilerThread0" daemon [_thread_in_native, id=19439, stack(0x00007f91a38f6000,0x00007f91a39f7000)]

siginfo:si_signo=SIGSEGV: si_errno=0, si_code=1 (SEGV_MAPERR), si_addr=0x0000000000000008

Registers:
RAX=0x0000000000000000, RBX=0x00007f91a39f3ab0, RCX=0x00007f91a4531c50, RDX=0x0000000000002000
RSP=0x00007f91a39f22f0, RBP=0x00007f91a39f2330, RSI=0x00007f91a40d1200, RDI=0x0000000000000000
R8 =0x00007f91a4521c30, R9 =0x00007f91a39f3ab0, R10=0x00007f91a40d1200, R11=0x0000000000000000
R12=0x00007f91a49eb8d0, R13=0x00007f91a435c228, R14=0x00007f91a39f3ad0, R15=0x00007f91a53f9458
RIP=0x00007f91b00e294e, EFLAGS=0x0000000000010206, CSGSFS=0x0000000000000033, ERR=0x0000000000000004
  TRAPNO=0x000000000000000e

Top of Stack: (sp=0x00007f91a39f22f0)
0x00007f91a39f22f0:   00007f91a44f52f8 00007f91a39f25d0
0x00007f91a39f2300:   00007f91a39f2330 00007f91a39f3ab0
0x00007f91a39f2310:   0000000000000002 00007f91a49eb8d0
0x00007f91a39f2320:   00007f91a5400d38 00007f91a39f25d0
0x00007f91a39f2330:   00007f91a39f23a0 00007f91b00e2ebb
0x00007f91a39f2340:   00000000025aae20 0000000000000100
0x00007f91a39f2350:   00007f9100000001 00007f91a39f4450
0x00007f91a39f2360:   00007f91a39f25f0 00007f91a39f2590
0x00007f91a39f2370:   0000000000001804 00007f91a39f3ab0
0x00007f91a39f2380:   0000000000000007 0000000000000001
0x00007f91a39f2390:   0000000000000001 00000000025aae20
0x00007f91a39f23a0:   00007f91a39f2640 00007f91b00e3a82
0x00007f91a39f23b0:   00007f91a4f059f0 00000000025aadb0
0x00007f91a39f23c0:   00007f91a39f23d0 00007f91a39f3ad0
0x00007f91a39f23d0:   00007f91a39f2430 00007f91aff158ce
0x00007f91a39f23e0:   00007f91a4e046c0 00007f91a4356190
0x00007f91a39f23f0:   0000000000000000 0000000000000038
0x00007f91a39f2400:   00007f91a4e046c0 00007f91a39f51d0
0x00007f91a39f2410:   00007f91b06cbf2a 00007f91b06e7b58
0x00007f91a39f2420:   00007f91a39f3058 00007f91a39f3078
0x00007f91a39f2430:   00007f91a39f2460 00007f91b0156814
0x00007f91a39f2440:   00007f91a53fbb40 00007f91a39f2530
0x00007f91a39f2450:   00007f91a39f2460 00007f91afe32402
0x00007f91a39f2460:   00007f91a39f24c0 00007f91aff96ea5
0x00007f91a39f2470:   0000000002864060 00007f919c26f3b0
0x00007f91a39f2480:   00007f91a504b5c0 00000000b01ab08d
0x00007f91a39f2490:   00007f91a39f3078 0000000000010040
0x00007f91a39f24a0:   00007f91a39f2690 00007f91a39f2690
0x00007f91a39f24b0:   00007f919c26f460 00007f919c26f3f8
0x00007f91a39f24c0:   00007f91a39f25b0 00007f91a4000020
0x00007f91a39f24d0:   00007f91a39f2560 0000000000010010
0x00007f91a39f24e0:   00007f91a4d4d740 0000000000010000 

Instructions: (pc=0x00007f91b00e294e)
0x00007f91b00e292e:   4c 39 e8 0f 84 ad 03 00 00 8b 70 28 49 89 c7 0f
0x00007f91b00e293e:   1f 00 4c 8b 93 e0 09 00 00 49 8d 34 f2 48 8b 06
0x00007f91b00e294e:   48 8b 50 08 48 83 3a 00 75 27 8b 4b 28 0f 1f 44
0x00007f91b00e295e:   00 00 8b 50 28 31 c0 39 ca 73 0c 48 8b 43 30 48 

Register to memory mapping:

RAX=0x0000000000000000 is an unknown value
RBX=0x00007f91a39f3ab0 is pointing into the stack for thread: 0x0000000002598000
RCX=0x00007f91a4531c50 is an unknown value
RDX=0x0000000000002000 is an unknown value
RSP=0x00007f91a39f22f0 is pointing into the stack for thread: 0x0000000002598000
RBP=0x00007f91a39f2330 is pointing into the stack for thread: 0x0000000002598000
RSI=0x00007f91a40d1200 is an unknown value
RDI=0x0000000000000000 is an unknown value
R8 =0x00007f91a4521c30 is an unknown value
R9 =0x00007f91a39f3ab0 is pointing into the stack for thread: 0x0000000002598000
R10=0x00007f91a40d1200 is an unknown value
R11=0x0000000000000000 is an unknown value
R12=0x00007f91a49eb8d0 is an unknown value
R13=0x00007f91a435c228 is an unknown value
R14=0x00007f91a39f3ad0 is pointing into the stack for thread: 0x0000000002598000
R15=0x00007f91a53f9458 is an unknown value


Stack: [0x00007f91a38f6000,0x00007f91a39f7000],  sp=0x00007f91a39f22f0,  free space=1008k
Native frames: (J=compiled Java code, j=interpreted, Vv=VM code, C=native code)
V  [libjvm.so+0x5bc94e]  PhaseIdealLoop::build_loop_late_post(Node*)+0x14e
V  [libjvm.so+0x5bcebb]  PhaseIdealLoop::build_loop_late(VectorSet&, Node_List&, Node_Stack&)+0x10b
V  [libjvm.so+0x5bda82]  PhaseIdealLoop::build_and_optimize(bool, bool)+0x692
V  [libjvm.so+0x37bc8a]  Compile::Optimize()+0xd2a
V  [libjvm.so+0x37c9f3]  Compile::Compile(ciEnv*, C2Compiler*, ciMethod*, int, bool, bool)+0xad3
V  [libjvm.so+0x3062d0]  C2Compiler::compile_method(ciEnv*, ciMethod*, int)+0xe0
V  [libjvm.so+0x3810d3]  CompileBroker::invoke_compiler_on_method(CompileTask*)+0x2a3
V  [libjvm.so+0x381a1b]  CompileBroker::compiler_thread_loop()+0x45b
V  [libjvm.so+0x74bca8]  JavaThread::thread_main_inner()+0x58
V  [libjvm.so+0x64bc22]  java_start(Thread*)+0x112


Current CompileTask:
C2:2450176 889      jregex.Pretokenizer.next()V (1064 bytes)


---------------  P R O C E S S  ---------------

Java Threads: ( => current thread )
  0x00007f919c12f800 JavaThread "net.sf.ehcache.CacheManager@f151bf2" daemon [_thread_blocked, id=14703, stack(0x00007f91a2cb8000,0x00007f91a2db9000)]
  0x00007f91a488a000 JavaThread "New I/O server worker #1-4" [_thread_in_native, id=14702, stack(0x00007f91a24a6000,0x00007f91a25a7000)]
  0x00007f919c17f800 JavaThread "File Reaper" daemon [_thread_blocked, id=19457, stack(0x00007f91a20a2000,0x00007f91a21a3000)]
  0x0000000004192800 JavaThread "com.mchange.v2.async.ThreadPoolAsynchronousRunner$PoolThread-#2" daemon [_thread_blocked, id=19450, stack(0x00007f91a26ad000,0x00007f91a27ae000)]
  0x0000000002bfa800 JavaThread "com.mchange.v2.async.ThreadPoolAsynchronousRunner$PoolThread-#1" daemon [_thread_blocked, id=19449, stack(0x00007f91a27ae000,0x00007f91a28af000)]
  0x0000000002ce4000 JavaThread "com.mchange.v2.async.ThreadPoolAsynchronousRunner$PoolThread-#0" daemon [_thread_blocked, id=19448, stack(0x00007f91a28af000,0x00007f91a29b0000)]
  0x0000000003784000 JavaThread "Timer-0" daemon [_thread_blocked, id=19447, stack(0x00007f91a29b0000,0x00007f91a2ab1000)]
  0x00007f91a466b800 JavaThread "play-thread-1" [_thread_in_Java, id=19445, stack(0x00007f91a2db9000,0x00007f91a2eba000)]
  0x00007f91a45dd800 JavaThread "DestroyJavaVM" [_thread_blocked, id=19424, stack(0x00007f91b13ca000,0x00007f91b14cb000)]
  0x00007f91a4424000 JavaThread "New I/O server boss #1 ([id: 0x4c6504bc, /0:0:0:0:0:0:0:0:9090])" [_thread_in_native, id=19443, stack(0x00007f91a2fbb000,0x00007f91a30bc000)]
  0x00007f91a4004000 JavaThread "Low Memory Detector" daemon [_thread_blocked, id=19441, stack(0x00007f91a36f4000,0x00007f91a37f5000)]
  0x000000000259a800 JavaThread "C2 CompilerThread1" daemon [_thread_in_native, id=19440, stack(0x00007f91a37f5000,0x00007f91a38f6000)]
=>0x0000000002598000 JavaThread "C2 CompilerThread0" daemon [_thread_in_native, id=19439, stack(0x00007f91a38f6000,0x00007f91a39f7000)]
  0x000000000258b800 JavaThread "JDWP Event Helper Thread" daemon [_thread_blocked, id=19438, stack(0x00007f91a39f7000,0x00007f91a3af8000)]
  0x0000000002588000 JavaThread "JDWP Transport Listener: dt_socket" daemon [_thread_in_native, id=19437, stack(0x00007f91a3af8000,0x00007f91a3bf9000)]
  0x000000000254b000 JavaThread "Signal Dispatcher" daemon [_thread_blocked, id=19436, stack(0x00007f91a3dfe000,0x00007f91a3eff000)]
  0x0000000002539800 JavaThread "Finalizer" daemon [_thread_blocked, id=19435, stack(0x00007f91a3eff000,0x00007f91a4000000)]
  0x0000000002532000 JavaThread "Reference Handler" daemon [_thread_blocked, id=19434, stack(0x00007f91a80c6000,0x00007f91a81c7000)]

Other Threads:
  0x000000000252b800 VMThread [stack: 0x00007f91a81c7000,0x00007f91a82c8000] [id=19433]
  0x00007f91a4006800 WatcherThread [stack: 0x00007f91a35f3000,0x00007f91a36f4000] [id=19442]

VM state:not at safepoint (normal execution)

VM Mutex/Monitor currently owned by a thread: None

Heap
 PSYoungGen      total 67584K, used 31692K [0x00000007ac560000, 0x00000007b1ec0000, 0x0000000800000000)
  eden space 59648K, 39% used [0x00000007ac560000,0x00000007adc9d6f8,0x00000007affa0000)
  from space 7936K, 99% used [0x00000007b0110000,0x00000007b08c5ca0,0x00000007b08d0000)
  to   space 15936K, 0% used [0x00000007b0f30000,0x00000007b0f30000,0x00000007b1ec0000)
 PSOldGen        total 171392K, used 7501K [0x0000000705000000, 0x000000070f760000, 0x00000007ac560000)
  object space 171392K, 4% used [0x0000000705000000,0x0000000705753720,0x000000070f760000)
 PSPermGen       total 47168K, used 47114K [0x00000006faa00000, 0x00000006fd810000, 0x0000000705000000)
  object space 47168K, 99% used [0x00000006faa00000,0x00000006fd802a48,0x00000006fd810000)

Code Cache  [0x00007f91aa37f000, 0x00007f91aa85f000, 0x00007f91ad37f000)
 total_blobs=1537 nmethods=871 adapters=627 free_code_cache=45334016 largest_free_block=7040

Dynamic libraries:
00400000-00409000 r-xp 00000000 08:05 920882                             /usr/lib/jvm/java-6-openjdk/jre/bin/java
00608000-00609000 r--p 00008000 08:05 920882                             /usr/lib/jvm/java-6-openjdk/jre/bin/java
00609000-0060a000 rw-p 00009000 08:05 920882                             /usr/lib/jvm/java-6-openjdk/jre/bin/java
024ac000-05b87000 rw-p 00000000 00:00 0                                  [heap]
6faa00000-6fd810000 rw-p 00000000 00:00 0 
6fd810000-705000000 rw-p 00000000 00:00 0 
705000000-70f760000 rw-p 00000000 00:00 0 
70f760000-7ac560000 rw-p 00000000 00:00 0 
7ac560000-7b1ec0000 rw-p 00000000 00:00 0 
7b1ec0000-7b2170000 ---p 00000000 00:00 0 
7b2170000-800000000 rw-p 00000000 00:00 0 
7f919c000000-7f919c4bd000 rw-p 00000000 00:00 0 
7f919c4bd000-7f91a0000000 ---p 00000000 00:00 0 
7f91a20a2000-7f91a20a5000 ---p 00000000 00:00 0 
7f91a20a5000-7f91a21a3000 rw-p 00000000 00:00 0 
7f91a21a3000-7f91a21a6000 ---p 00000000 00:00 0 
7f91a21a6000-7f91a22a4000 rw-p 00000000 00:00 0 
7f91a22a4000-7f91a22a7000 ---p 00000000 00:00 0 
7f91a22a7000-7f91a23a5000 rw-p 00000000 00:00 0 
7f91a23a5000-7f91a23a8000 ---p 00000000 00:00 0 
7f91a23a8000-7f91a24a6000 rw-p 00000000 00:00 0 
7f91a24a6000-7f91a24a9000 ---p 00000000 00:00 0 
7f91a24a9000-7f91a25a7000 rw-p 00000000 00:00 0 
7f91a25a7000-7f91a25aa000 ---p 00000000 00:00 0 
7f91a25aa000-7f91a26a8000 rw-p 00000000 00:00 0 
7f91a26a8000-7f91a26ab000 r--s 00031000 08:05 924515                     /usr/lib/jvm/java-6-openjdk/jre/lib/ext/sunjce_provider.jar
7f91a26ab000-7f91a26ad000 r--s 00013000 08:05 924465                     /usr/lib/jvm/java-6-openjdk/jre/lib/jce.jar
7f91a26ad000-7f91a26b0000 ---p 00000000 00:00 0 
7f91a26b0000-7f91a27ae000 rw-p 00000000 00:00 0 
7f91a27ae000-7f91a27b1000 ---p 00000000 00:00 0 
7f91a27b1000-7f91a28af000 rw-p 00000000 00:00 0 
7f91a28af000-7f91a28b2000 ---p 00000000 00:00 0 
7f91a28b2000-7f91a29b0000 rw-p 00000000 00:00 0 
7f91a29b0000-7f91a29b3000 ---p 00000000 00:00 0 
7f91a29b3000-7f91a2ab1000 rw-p 00000000 00:00 0 
7f91a2ab1000-7f91a2ab7000 r-xp 00000000 08:05 924543                     /usr/lib/jvm/java-6-openjdk/jre/lib/amd64/libmanagement.so
7f91a2ab7000-7f91a2cb6000 ---p 00006000 08:05 924543                     /usr/lib/jvm/java-6-openjdk/jre/lib/amd64/libmanagement.so
7f91a2cb6000-7f91a2cb7000 r--p 00005000 08:05 924543                     /usr/lib/jvm/java-6-openjdk/jre/lib/amd64/libmanagement.so
7f91a2cb7000-7f91a2cb8000 rw-p 00006000 08:05 924543                     /usr/lib/jvm/java-6-openjdk/jre/lib/amd64/libmanagement.so
7f91a2cb8000-7f91a2cbb000 ---p 00000000 00:00 0 
7f91a2cbb000-7f91a2db9000 rw-p 00000000 00:00 0 
7f91a2db9000-7f91a2dbc000 ---p 00000000 00:00 0 
7f91a2dbc000-7f91a2eba000 rw-p 00000000 00:00 0 
7f91a2eba000-7f91a2ebd000 ---p 00000000 00:00 0 
7f91a2ebd000-7f91a2fbb000 rw-p 00000000 00:00 0 
7f91a2fbb000-7f91a2fbe000 ---p 00000000 00:00 0 
7f91a2fbe000-7f91a30bc000 rw-p 00000000 00:00 0 
7f91a30bc000-7f91a30c4000 r-xp 00000000 08:05 920896                     /usr/lib/jvm/java-6-openjdk/jre/lib/amd64/libnio.so
7f91a30c4000-7f91a32c3000 ---p 00008000 08:05 920896                     /usr/lib/jvm/java-6-openjdk/jre/lib/amd64/libnio.so
7f91a32c3000-7f91a32c4000 r--p 00007000 08:05 920896                     /usr/lib/jvm/java-6-openjdk/jre/lib/amd64/libnio.so
7f91a32c4000-7f91a32c5000 rw-p 00008000 08:05 920896                     /usr/lib/jvm/java-6-openjdk/jre/lib/amd64/libnio.so
7f91a32c5000-7f91a32da000 r-xp 00000000 08:05 920905                     /usr/lib/jvm/java-6-openjdk/jre/lib/amd64/libnet.so
7f91a32da000-7f91a34d9000 ---p 00015000 08:05 920905                     /usr/lib/jvm/java-6-openjdk/jre/lib/amd64/libnet.so
7f91a34d9000-7f91a34da000 r--p 00014000 08:05 920905                     /usr/lib/jvm/java-6-openjdk/jre/lib/amd64/libnet.so
7f91a34da000-7f91a34db000 rw-p 00015000 08:05 920905                     /usr/lib/jvm/java-6-openjdk/jre/lib/amd64/libnet.so
7f91a34db000-7f91a34e1000 r--s 00038000 08:05 300716                     /opt/play-1.2.4/framework/lib/snakeyaml-1.7.jar
7f91a34e1000-7f91a34e8000 r--s 0006a000 08:05 300694                     /opt/play-1.2.4/framework/lib/mail-1.4.3.jar
7f91a34e8000-7f91a34ea000 r--s 0000c000 08:05 300600                     /opt/play-1.2.4/framework/lib/activation-1.1.1.jar
7f91a34ea000-7f91a34f5000 r--s 00124000 08:05 300644                     /opt/play-1.2.4/framework/lib/h2-1.3.149.jar
7f91a34f5000-7f91a34f8000 r--s 00024000 08:05 300624                     /opt/play-1.2.4/framework/lib/commons-io-2.0.1.jar
7f91a34f8000-7f91a34fa000 r--s 0000b000 08:05 300676                     /opt/play-1.2.4/framework/lib/jj-textile.jar
7f91a34fa000-7f91a34ff000 r--s 00048000 08:05 300632                     /opt/play-1.2.4/framework/lib/dom4j-1.6.1.jar
7f91a34ff000-7f91a3502000 r--s 00011000 08:05 300636                     /opt/play-1.2.4/framework/lib/ezmorph-1.0.3.jar
7f91a3502000-7f91a3509000 r--s 0004d000 08:05 300606                     /opt/play-1.2.4/framework/lib/async-http-client-1.6.5.jar
7f91a3509000-7f91a350c000 r--s 0000f000 08:05 300638                     /opt/play-1.2.4/framework/lib/geronimo-servlet_2.5_spec-1.2.jar
7f91a350c000-7f91a350e000 r--s 00002000 08:05 300686                     /opt/play-1.2.4/framework/lib/jta-1.1.jar
7f91a350e000-7f91a3516000 r--s 0008a000 08:05 300666                     /opt/play-1.2.4/framework/lib/javassist-3.9.0.GA.jar
7f91a3516000-7f91a3517000 r--s 00007000 08:05 300620                     /opt/play-1.2.4/framework/lib/commons-email-1.2.jar
7f91a3517000-7f91a351c000 r--s 00014000 08:05 300660                     /opt/play-1.2.4/framework/lib/hibernate-jpa-2.0-api-1.0.0.Final.jar
7f91a351c000-7f91a351e000 r--s 00015000 08:05 300682                     /opt/play-1.2.4/framework/lib/jregex-1.2_01.jar
7f91a351e000-7f91a3527000 r--s 0005d000 08:05 300656                     /opt/play-1.2.4/framework/lib/hibernate-entitymanager-3.6.0.Final.jar
7f91a3527000-7f91a352a000 r--s 00022000 08:05 300664                     /opt/play-1.2.4/framework/lib/jamon-2.7.jar
7f91a352a000-7f91a354f000 r--s 00172000 08:05 300608                     /opt/play-1.2.4/framework/lib/bcprov-jdk15-1.45.jar
7f91a354f000-7f91a3555000 r--s 00032000 08:05 300670                     /opt/play-1.2.4/framework/lib/jaxen-1.1.jar
7f91a3555000-7f91a355e000 r--s 0006d000 08:05 300692                     /opt/play-1.2.4/framework/lib/log4j-1.2.16.jar
7f91a355e000-7f91a3565000 r--s 00038000 08:05 300678                     /opt/play-1.2.4/framework/lib/jj-wikitext.jar
7f91a3565000-7f91a3574000 r--s 000d9000 08:05 300662                     /opt/play-1.2.4/framework/lib/ivy-2.2.0.jar
7f91a3574000-7f91a357a000 r--s 00034000 08:05 300688                     /opt/play-1.2.4/framework/lib/junit-4.8.1.jar
7f91a357a000-7f91a3584000 r--s 0006f000 08:05 300634                     /opt/play-1.2.4/framework/lib/ehcache-core-2.0.0.jar
7f91a3584000-7f91a3586000 r--s 00008000 08:05 300708                     /opt/play-1.2.4/framework/lib/signpost-core-1.2.jar
7f91a3586000-7f91a3588000 r--s 0000e000 08:05 300626                     /opt/play-1.2.4/framework/lib/commons-javaflow-1066591.jar
7f91a3588000-7f91a358e000 r--s 0007e000 08:05 300706                     /opt/play-1.2.4/framework/lib/postgresql-9.0.jar
7f91a358e000-7f91a3590000 r--s 0000d000 08:05 300630                     /opt/play-1.2.4/framework/lib/commons-logging-1.1.1.jar
7f91a3590000-7f91a359f000 r--s 0007c000 08:05 300680                     /opt/play-1.2.4/framework/lib/joda-time-2.0.jar
7f91a359f000-7f91a35f3000 r--s 00520000 08:05 300640                     /opt/play-1.2.4/framework/lib/groovy-all-1.7.10.jar
7f91a35f3000-7f91a35f4000 ---p 00000000 00:00 0 
7f91a35f4000-7f91a36f4000 rw-p 00000000 00:00 0 
7f91a36f4000-7f91a36f7000 ---p 00000000 00:00 0 
7f91a36f7000-7f91a37f5000 rw-p 00000000 00:00 0 
7f91a37f5000-7f91a37f8000 ---p 00000000 00:00 0 
7f91a37f8000-7f91a38f6000 rw-p 00000000 00:00 0 
7f91a38f6000-7f91a38f9000 ---p 00000000 00:00 0 
7f91a38f9000-7f91a39f7000 rw-p 00000000 00:00 0 
7f91a39f7000-7f91a39fa000 ---p 00000000 00:00 0 
7f91a39fa000-7f91a3af8000 rw-p 00000000 00:00 0 
7f91a3af8000-7f91a3afb000 ---p 00000000 00:00 0 
7f91a3afb000-7f91a3bf9000 rw-p 00000000 00:00 0 
7f91a3bf9000-7f91a3bfd000 r-xp 00000000 08:05 920894                     /usr/lib/jvm/java-6-openjdk/jre/lib/amd64/libdt_socket.so
7f91a3bfd000-7f91a3dfc000 ---p 00004000 08:05 920894                     /usr/lib/jvm/java-6-openjdk/jre/lib/amd64/libdt_socket.so
7f91a3dfc000-7f91a3dfd000 r--p 00003000 08:05 920894                     /usr/lib/jvm/java-6-openjdk/jre/lib/amd64/libdt_socket.so
7f91a3dfd000-7f91a3dfe000 rw-p 00004000 08:05 920894                     /usr/lib/jvm/java-6-openjdk/jre/lib/amd64/libdt_socket.so
7f91a3dfe000-7f91a3e01000 ---p 00000000 00:00 0 
7f91a3e01000-7f91a3eff000 rw-p 00000000 00:00 0 
7f91a3eff000-7f91a3f02000 ---p 00000000 00:00 0 
7f91a3f02000-7f91a4000000 rw-p 00000000 00:00 0 
7f91a4000000-7f91a7dd7000 rw-p 00000000 00:00 0 
7f91a7dd7000-7f91a8000000 ---p 00000000 00:00 0 
7f91a8000000-7f91a8006000 r--s 00067000 08:05 300602                     /opt/play-1.2.4/framework/lib/antlr-2.7.6.jar
7f91a8006000-7f91a800d000 r--s 000b7000 08:05 300698                     /opt/play-1.2.4/framework/lib/mysql-connector-java-5.1.13.jar
7f91a800d000-7f91a8010000 r--s 0000f000 08:05 300648                     /opt/play-1.2.4/framework/lib/hibernate-commons-annotations-3.2.0.Final.jar
7f91a8010000-7f91a8012000 r--s 0000d000 08:05 300622                     /opt/play-1.2.4/framework/lib/commons-fileupload-1.2.2.jar
7f91a8012000-7f91a8018000 r--s 00049000 08:05 300612                     /opt/play-1.2.4/framework/lib/cglib-nodep-2.2.jar
7f91a8018000-7f91a8026000 r--s 0007f000 08:05 300618                     /opt/play-1.2.4/framework/lib/commons-collections-3.2.1.jar
7f91a8026000-7f91a8031000 r--s 0005a000 08:05 300718                     /opt/play-1.2.4/framework/lib/xstream-1.3.jar
7f91a8031000-7f91a8038000 r--s 00049000 08:05 300704                     /opt/play-1.2.4/framework/lib/oval-1.50.jar
7f91a8038000-7f91a803a000 r--s 00005000 08:05 300710                     /opt/play-1.2.4/framework/lib/slf4j-api-1.6.1.jar
7f91a803a000-7f91a803f000 r--s 00041000 08:05 300628                     /opt/play-1.2.4/framework/lib/commons-lang-2.6.jar
7f91a803f000-7f91a804a000 r--s 0008b000 08:05 300610                     /opt/play-1.2.4/framework/lib/c3p0-0.9.1.2.jar
7f91a804a000-7f91a8074000 r--s 00427000 08:05 300702                     /opt/play-1.2.4/framework/lib/org.eclipse.jdt.core-3.8.0.v_C03.jar
7f91a8074000-7f91a80a6000 r--s 002c7000 08:05 300652                     /opt/play-1.2.4/framework/lib/hibernate-core-3.6.1.Final.jar
7f91a80a6000-7f91a80b6000 r--s 000b2000 08:05 300700                     /opt/play-1.2.4/framework/lib/netty-3.2.5.Final.jar
7f91a80b6000-7f91a80bb000 r--s 00034000 08:05 300614                     /opt/play-1.2.4/framework/lib/commons-beanutils-1.8.3.jar
7f91a80bb000-7f91a80c0000 r--s 0002e000 08:05 300604                     /opt/play-1.2.4/framework/lib/asm-all-3.3.1.jar
7f91a80c0000-7f91a80c6000 r--s 00040000 08:05 300696                     /opt/play-1.2.4/framework/lib/memcached-2.6.jar
7f91a80c6000-7f91a80c9000 ---p 00000000 00:00 0 
7f91a80c9000-7f91a81c7000 rw-p 00000000 00:00 0 
7f91a81c7000-7f91a81c8000 ---p 00000000 00:00 0 
7f91a81c8000-7f91a8c04000 rw-p 00000000 00:00 0 
7f91a8c04000-7f91a8d95000 r--s 037b8000 08:05 924546                     /usr/lib/jvm/java-6-openjdk/jre/lib/rt.jar
7f91a8d95000-7f91a8dbd000 rw-p 00000000 00:00 0 
7f91a8dbd000-7f91a8dbe000 ---p 00000000 00:00 0 
7f91a8dbe000-7f91a8ebe000 rw-p 00000000 00:00 0 
7f91a8ebe000-7f91a8ebf000 ---p 00000000 00:00 0 
7f91a8ebf000-7f91a8fbf000 rw-p 00000000 00:00 0 
7f91a8fbf000-7f91a8fc0000 ---p 00000000 00:00 0 
7f91a8fc0000-7f91a90c0000 rw-p 00000000 00:00 0 
7f91a90c0000-7f91a90c1000 ---p 00000000 00:00 0 
7f91a90c1000-7f91a91c1000 rw-p 00000000 00:00 0 
7f91a91c1000-7f91a91c2000 ---p 00000000 00:00 0 
7f91a91c2000-7f91a92c2000 rw-p 00000000 00:00 0 
7f91a92c2000-7f91a92c3000 ---p 00000000 00:00 0 
7f91a92c3000-7f91a93c3000 rw-p 00000000 00:00 0 
7f91a93c3000-7f91a93c4000 ---p 00000000 00:00 0 
7f91a93c4000-7f91a94c4000 rw-p 00000000 00:00 0 
7f91a94c4000-7f91a94c5000 ---p 00000000 00:00 0 
7f91a94c5000-7f91a95dd000 rw-p 00000000 00:00 0 
7f91a95dd000-7f91a9618000 rw-p 00000000 00:00 0 
7f91a9618000-7f91a966c000 rw-p 00000000 00:00 0 
7f91a966c000-7f91a9b53000 rw-p 00000000 00:00 0 
7f91a9b53000-7f91a9b6b000 rw-p 00000000 00:00 0 
7f91a9b6b000-7f91a9ba6000 rw-p 00000000 00:00 0 
7f91a9ba6000-7f91a9bfa000 rw-p 00000000 00:00 0 
7f91a9bfa000-7f91aa0e0000 rw-p 00000000 00:00 0 
7f91aa0e0000-7f91aa10e000 rw-p 00000000 00:00 0 
7f91aa10e000-7f91aa10f000 ---p 00000000 00:00 0 
7f91aa10f000-7f91aa37e000 rw-p 00000000 00:00 0 
7f91aa37e000-7f91aa37f000 rw-p 00000000 00:00 0 
7f91aa37f000-7f91aa85f000 rwxp 00000000 00:00 0 
7f91aa85f000-7f91ad37f000 rw-p 00000000 00:00 0 
7f91ad37f000-7f91ad386000 r-xp 00000000 08:05 924533                     /usr/lib/jvm/java-6-openjdk/jre/lib/amd64/libzip.so
7f91ad386000-7f91ad585000 ---p 00007000 08:05 924533                     /usr/lib/jvm/java-6-openjdk/jre/lib/amd64/libzip.so
7f91ad585000-7f91ad586000 r--p 00006000 08:05 924533                     /usr/lib/jvm/java-6-openjdk/jre/lib/amd64/libzip.so
7f91ad586000-7f91ad587000 rw-p 00007000 08:05 924533                     /usr/lib/jvm/java-6-openjdk/jre/lib/amd64/libzip.so
7f91ad587000-7f91ad593000 r-xp 00000000 08:05 1068842                    /lib/x86_64-linux-gnu/libnss_files-2.13.so
7f91ad593000-7f91ad792000 ---p 0000c000 08:05 1068842                    /lib/x86_64-linux-gnu/libnss_files-2.13.so
7f91ad792000-7f91ad793000 r--p 0000b000 08:05 1068842                    /lib/x86_64-linux-gnu/libnss_files-2.13.so
7f91ad793000-7f91ad794000 rw-p 0000c000 08:05 1068842                    /lib/x86_64-linux-gnu/libnss_files-2.13.so
7f91ad794000-7f91ad79e000 r-xp 00000000 08:05 1068848                    /lib/x86_64-linux-gnu/libnss_nis-2.13.so
7f91ad79e000-7f91ad99e000 ---p 0000a000 08:05 1068848                    /lib/x86_64-linux-gnu/libnss_nis-2.13.so
7f91ad99e000-7f91ad99f000 r--p 0000a000 08:05 1068848                    /lib/x86_64-linux-gnu/libnss_nis-2.13.so
7f91ad99f000-7f91ad9a0000 rw-p 0000b000 08:05 1068848                    /lib/x86_64-linux-gnu/libnss_nis-2.13.so
7f91ad9a0000-7f91ad9b7000 r-xp 00000000 08:05 1068837                    /lib/x86_64-linux-gnu/libnsl-2.13.so
7f91ad9b7000-7f91adbb6000 ---p 00017000 08:05 1068837                    /lib/x86_64-linux-gnu/libnsl-2.13.so
7f91adbb6000-7f91adbb7000 r--p 00016000 08:05 1068837                    /lib/x86_64-linux-gnu/libnsl-2.13.so
7f91adbb7000-7f91adbb8000 rw-p 00017000 08:05 1068837                    /lib/x86_64-linux-gnu/libnsl-2.13.so
7f91adbb8000-7f91adbba000 rw-p 00000000 00:00 0 
7f91adbba000-7f91adbc2000 r-xp 00000000 08:05 1068834                    /lib/x86_64-linux-gnu/libnss_compat-2.13.so
7f91adbc2000-7f91addc1000 ---p 00008000 08:05 1068834                    /lib/x86_64-linux-gnu/libnss_compat-2.13.so
7f91addc1000-7f91addc2000 r--p 00007000 08:05 1068834                    /lib/x86_64-linux-gnu/libnss_compat-2.13.so
7f91addc2000-7f91addc3000 rw-p 00008000 08:05 1068834                    /lib/x86_64-linux-gnu/libnss_compat-2.13.so
7f91addc3000-7f91ae6f4000 r--p 00000000 08:05 922981                     /usr/lib/locale/locale-archive
7f91ae6f4000-7f91ae6f7000 r-xp 00000000 08:05 920914                     /usr/lib/jvm/java-6-openjdk/jre/lib/amd64/libnpt.so
7f91ae6f7000-7f91ae8f6000 ---p 00003000 08:05 920914                     /usr/lib/jvm/java-6-openjdk/jre/lib/amd64/libnpt.so
7f91ae8f6000-7f91ae8f7000 r--p 00002000 08:05 920914                     /usr/lib/jvm/java-6-openjdk/jre/lib/amd64/libnpt.so
7f91ae8f7000-7f91ae8f8000 rw-p 00003000 08:05 920914                     /usr/lib/jvm/java-6-openjdk/jre/lib/amd64/libnpt.so
7f91ae8f8000-7f91ae901000 r-xp 00000000 08:05 924528                     /usr/lib/jvm/java-6-openjdk/jre/lib/amd64/libinstrument.so
7f91ae901000-7f91aeb01000 ---p 00009000 08:05 924528                     /usr/lib/jvm/java-6-openjdk/jre/lib/amd64/libinstrument.so
7f91aeb01000-7f91aeb02000 r--p 00009000 08:05 924528                     /usr/lib/jvm/java-6-openjdk/jre/lib/amd64/libinstrument.so
7f91aeb02000-7f91aeb03000 rw-p 0000a000 08:05 924528                     /usr/lib/jvm/java-6-openjdk/jre/lib/amd64/libinstrument.so
7f91aeb03000-7f91aeb3d000 r-xp 00000000 08:05 920913                     /usr/lib/jvm/java-6-openjdk/jre/lib/amd64/libjdwp.so
7f91aeb3d000-7f91aed3c000 ---p 0003a000 08:05 920913                     /usr/lib/jvm/java-6-openjdk/jre/lib/amd64/libjdwp.so
7f91aed3c000-7f91aed3d000 r--p 00039000 08:05 920913                     /usr/lib/jvm/java-6-openjdk/jre/lib/amd64/libjdwp.so
7f91aed3d000-7f91aed3e000 rw-p 0003a000 08:05 920913                     /usr/lib/jvm/java-6-openjdk/jre/lib/amd64/libjdwp.so
7f91aed3e000-7f91aed6a000 r-xp 00000000 08:05 924532                     /usr/lib/jvm/java-6-openjdk/jre/lib/amd64/libjava.so
7f91aed6a000-7f91aef69000 ---p 0002c000 08:05 924532                     /usr/lib/jvm/java-6-openjdk/jre/lib/amd64/libjava.so
7f91aef69000-7f91aef6a000 r--p 0002b000 08:05 924532                     /usr/lib/jvm/java-6-openjdk/jre/lib/amd64/libjava.so
7f91aef6a000-7f91aef6d000 rw-p 0002c000 08:05 924532                     /usr/lib/jvm/java-6-openjdk/jre/lib/amd64/libjava.so
7f91aef6d000-7f91aef7b000 r-xp 00000000 08:05 920904                     /usr/lib/jvm/java-6-openjdk/jre/lib/amd64/libverify.so
7f91aef7b000-7f91af17a000 ---p 0000e000 08:05 920904                     /usr/lib/jvm/java-6-openjdk/jre/lib/amd64/libverify.so
7f91af17a000-7f91af17c000 r--p 0000d000 08:05 920904                     /usr/lib/jvm/java-6-openjdk/jre/lib/amd64/libverify.so
7f91af17c000-7f91af17d000 rw-p 0000f000 08:05 920904                     /usr/lib/jvm/java-6-openjdk/jre/lib/amd64/libverify.so
7f91af17d000-7f91af184000 r-xp 00000000 08:05 1044505                    /lib/x86_64-linux-gnu/librt-2.13.so
7f91af184000-7f91af383000 ---p 00007000 08:05 1044505                    /lib/x86_64-linux-gnu/librt-2.13.so
7f91af383000-7f91af384000 r--p 00006000 08:05 1044505                    /lib/x86_64-linux-gnu/librt-2.13.so
7f91af384000-7f91af385000 rw-p 00007000 08:05 1044505                    /lib/x86_64-linux-gnu/librt-2.13.so
7f91af385000-7f91af39a000 r-xp 00000000 08:05 1068525                    /lib/x86_64-linux-gnu/libgcc_s.so.1
7f91af39a000-7f91af599000 ---p 00015000 08:05 1068525                    /lib/x86_64-linux-gnu/libgcc_s.so.1
7f91af599000-7f91af59a000 r--p 00014000 08:05 1068525                    /lib/x86_64-linux-gnu/libgcc_s.so.1
7f91af59a000-7f91af59b000 rw-p 00015000 08:05 1068525                    /lib/x86_64-linux-gnu/libgcc_s.so.1
7f91af59b000-7f91af61e000 r-xp 00000000 08:05 1068849                    /lib/x86_64-linux-gnu/libm-2.13.so
7f91af61e000-7f91af81d000 ---p 00083000 08:05 1068849                    /lib/x86_64-linux-gnu/libm-2.13.so
7f91af81d000-7f91af81e000 r--p 00082000 08:05 1068849                    /lib/x86_64-linux-gnu/libm-2.13.so
7f91af81e000-7f91af81f000 rw-p 00083000 08:05 1068849                    /lib/x86_64-linux-gnu/libm-2.13.so
7f91af81f000-7f91af907000 r-xp 00000000 08:05 914676                     /usr/lib/x86_64-linux-gnu/libstdc++.so.6.0.16
7f91af907000-7f91afb07000 ---p 000e8000 08:05 914676                     /usr/lib/x86_64-linux-gnu/libstdc++.so.6.0.16
7f91afb07000-7f91afb0f000 r--p 000e8000 08:05 914676                     /usr/lib/x86_64-linux-gnu/libstdc++.so.6.0.16
7f91afb0f000-7f91afb11000 rw-p 000f0000 08:05 914676                     /usr/lib/x86_64-linux-gnu/libstdc++.so.6.0.16
7f91afb11000-7f91afb26000 rw-p 00000000 00:00 0 
7f91afb26000-7f91b0429000 r-xp 00000000 08:05 924535                     /usr/lib/jvm/java-6-openjdk/jre/lib/amd64/server/libjvm.so
7f91b0429000-7f91b0628000 ---p 00903000 08:05 924535                     /usr/lib/jvm/java-6-openjdk/jre/lib/amd64/server/libjvm.so
7f91b0628000-7f91b06a9000 r--p 00902000 08:05 924535                     /usr/lib/jvm/java-6-openjdk/jre/lib/amd64/server/libjvm.so
7f91b06a9000-7f91b06c4000 rw-p 00983000 08:05 924535                     /usr/lib/jvm/java-6-openjdk/jre/lib/amd64/server/libjvm.so
7f91b06c4000-7f91b06ed000 rw-p 00000000 00:00 0 
7f91b06ed000-7f91b0704000 r-xp 00000000 08:05 1048733                    /lib/x86_64-linux-gnu/libz.so.1.2.3.4
7f91b0704000-7f91b0903000 ---p 00017000 08:05 1048733                    /lib/x86_64-linux-gnu/libz.so.1.2.3.4
7f91b0903000-7f91b0904000 r--p 00016000 08:05 1048733                    /lib/x86_64-linux-gnu/libz.so.1.2.3.4
7f91b0904000-7f91b0905000 rw-p 00017000 08:05 1048733                    /lib/x86_64-linux-gnu/libz.so.1.2.3.4
7f91b0905000-7f91b0a9a000 r-xp 00000000 08:05 1068839                    /lib/x86_64-linux-gnu/libc-2.13.so
7f91b0a9a000-7f91b0c99000 ---p 00195000 08:05 1068839                    /lib/x86_64-linux-gnu/libc-2.13.so
7f91b0c99000-7f91b0c9d000 r--p 00194000 08:05 1068839                    /lib/x86_64-linux-gnu/libc-2.13.so
7f91b0c9d000-7f91b0c9e000 rw-p 00198000 08:05 1068839                    /lib/x86_64-linux-gnu/libc-2.13.so
7f91b0c9e000-7f91b0ca4000 rw-p 00000000 00:00 0 
7f91b0ca4000-7f91b0ca6000 r-xp 00000000 08:05 1068840                    /lib/x86_64-linux-gnu/libdl-2.13.so
7f91b0ca6000-7f91b0ea6000 ---p 00002000 08:05 1068840                    /lib/x86_64-linux-gnu/libdl-2.13.so
7f91b0ea6000-7f91b0ea7000 r--p 00002000 08:05 1068840                    /lib/x86_64-linux-gnu/libdl-2.13.so
7f91b0ea7000-7f91b0ea8000 rw-p 00003000 08:05 1068840                    /lib/x86_64-linux-gnu/libdl-2.13.so
7f91b0ea8000-7f91b0eac000 r-xp 00000000 08:05 920901                     /usr/lib/jvm/java-6-openjdk/jre/lib/amd64/jli/libjli.so
7f91b0eac000-7f91b10ab000 ---p 00004000 08:05 920901                     /usr/lib/jvm/java-6-openjdk/jre/lib/amd64/jli/libjli.so
7f91b10ab000-7f91b10ac000 r--p 00003000 08:05 920901                     /usr/lib/jvm/java-6-openjdk/jre/lib/amd64/jli/libjli.so
7f91b10ac000-7f91b10ad000 rw-p 00004000 08:05 920901                     /usr/lib/jvm/java-6-openjdk/jre/lib/amd64/jli/libjli.so
7f91b10ad000-7f91b10c5000 r-xp 00000000 08:05 1068847                    /lib/x86_64-linux-gnu/libpthread-2.13.so
7f91b10c5000-7f91b12c4000 ---p 00018000 08:05 1068847                    /lib/x86_64-linux-gnu/libpthread-2.13.so
7f91b12c4000-7f91b12c5000 r--p 00017000 08:05 1068847                    /lib/x86_64-linux-gnu/libpthread-2.13.so
7f91b12c5000-7f91b12c6000 rw-p 00018000 08:05 1068847                    /lib/x86_64-linux-gnu/libpthread-2.13.so
7f91b12c6000-7f91b12ca000 rw-p 00000000 00:00 0 
7f91b12ca000-7f91b12eb000 r-xp 00000000 08:05 1068846                    /lib/x86_64-linux-gnu/ld-2.13.so
7f91b12eb000-7f91b12ec000 r--s 00000000 08:05 300668                     /opt/play-1.2.4/framework/lib/javax.inject-1.0.jar
7f91b12ec000-7f91b12ee000 r--s 00015000 08:05 300674                     /opt/play-1.2.4/framework/lib/jj-simplecaptcha.jar
7f91b12ee000-7f91b12f0000 r--s 00001000 08:05 300684                     /opt/play-1.2.4/framework/lib/jsr107cache-1.0.jar
7f91b12f0000-7f91b12f4000 r--s 00027000 08:05 300642                     /opt/play-1.2.4/framework/lib/gson-1.7.1.jar
7f91b12f4000-7f91b12f6000 r--s 0000d000 08:05 300616                     /opt/play-1.2.4/framework/lib/commons-codec-1.4.jar
7f91b12f6000-7f91b12fb000 r--s 00020000 08:05 300672                     /opt/play-1.2.4/framework/lib/jj-imaging.jar
7f91b12fb000-7f91b12fe000 r--s 0007d000 08:05 924457                     /usr/lib/jvm/java-6-openjdk/jre/lib/jsse.jar
7f91b12fe000-7f91b130a000 r--s 000c2000 08:05 300728                     /opt/play-1.2.4/framework/play-1.2.4.jar
7f91b130a000-7f91b131e000 rw-p 00000000 00:00 0 
7f91b131e000-7f91b13ca000 rw-p 00000000 00:00 0 
7f91b13ca000-7f91b13cd000 ---p 00000000 00:00 0 
7f91b13cd000-7f91b14d0000 rw-p 00000000 00:00 0 
7f91b14d0000-7f91b14d1000 r--s 00002000 08:05 300712                     /opt/play-1.2.4/framework/lib/slf4j-log4j12-1.6.1.jar
7f91b14d1000-7f91b14d3000 r--s 00014000 08:05 947774                     /home/pascal/Projects/workspace/codeboard-core/lib/markdownpapers-core-1.2.5.jar
7f91b14d3000-7f91b14d4000 rw-p 00000000 00:00 0 
7f91b14d4000-7f91b14d6000 r--s 0000f000 08:05 924518                     /usr/lib/jvm/java-6-openjdk/jre/lib/ext/pulse-java.jar
7f91b14d6000-7f91b14de000 r--s 00066000 08:05 136034                     /usr/share/java/gnome-java-bridge.jar
7f91b14de000-7f91b14e6000 rw-s 00000000 08:05 783790                     /tmp/hsperfdata_pascal/19423
7f91b14e6000-7f91b14e7000 rw-p 00000000 00:00 0 
7f91b14e7000-7f91b14e8000 r--p 00000000 00:00 0 
7f91b14e8000-7f91b14ea000 rw-p 00000000 00:00 0 
7f91b14ea000-7f91b14eb000 r--p 00020000 08:05 1068846                    /lib/x86_64-linux-gnu/ld-2.13.so
7f91b14eb000-7f91b14ed000 rw-p 00021000 08:05 1068846                    /lib/x86_64-linux-gnu/ld-2.13.so
7fffc3357000-7fffc3379000 rw-p 00000000 00:00 0                          [stack]
7fffc33ff000-7fffc3400000 r-xp 00000000 00:00 0                          [vdso]
ffffffffff600000-ffffffffff601000 r-xp 00000000 00:00 0                  [vsyscall]

VM Arguments:
jvm_args: -javaagent:/opt/play-1.2.4/framework/play-1.2.4.jar -XX:-UseSplitVerifier -Dfile.encoding=utf-8 -Xdebug -Xrunjdwp:transport=dt_socket,address=8000,server=y,suspend=n -Dplay.debug=yes -Dapplication.path=/home/pascal/Projects/workspace/codeboard-core -Dplay.id= 
java_command: play.server.Server 
Launcher Type: SUN_STANDARD

Environment Variables:
PATH=/usr/lib/lightdm/lightdm:/usr/local/sbin:/usr/local/bin:/usr/sbin:/usr/bin:/sbin:/bin:/usr/games:/opt/play:/home/pascal/.gem/ruby/1.8/bin
USERNAME=pascal
LD_LIBRARY_PATH=/usr/lib/jvm/java-6-openjdk/jre/lib/amd64/server:/usr/lib/jvm/java-6-openjdk/jre/lib/amd64:/usr/lib/jvm/java-6-openjdk/jre/../lib/amd64
SHELL=/bin/bash
DISPLAY=:0

Signal Handlers:
SIGSEGV: [libjvm.so+0x783e60], sa_mask[0]=0x7ffbfeff, sa_flags=0x10000004
SIGBUS: [libjvm.so+0x783e60], sa_mask[0]=0x7ffbfeff, sa_flags=0x10000004
SIGFPE: [libjvm.so+0x6485c0], sa_mask[0]=0x7ffbfeff, sa_flags=0x10000004
SIGPIPE: [libjvm.so+0x6485c0], sa_mask[0]=0x7ffbfeff, sa_flags=0x10000004
SIGXFSZ: [libjvm.so+0x6485c0], sa_mask[0]=0x7ffbfeff, sa_flags=0x10000004
SIGILL: [libjvm.so+0x6485c0], sa_mask[0]=0x7ffbfeff, sa_flags=0x10000004
SIGUSR1: SIG_DFL, sa_mask[0]=0x00000000, sa_flags=0x00000000
SIGUSR2: [libjvm.so+0x648770], sa_mask[0]=0x00000000, sa_flags=0x10000004
SIGHUP: [libjvm.so+0x64b280], sa_mask[0]=0x7ffbfeff, sa_flags=0x10000004
SIGINT: [libjvm.so+0x64b280], sa_mask[0]=0x7ffbfeff, sa_flags=0x10000004
SIGTERM: [libjvm.so+0x64b280], sa_mask[0]=0x7ffbfeff, sa_flags=0x10000004
SIGQUIT: [libjvm.so+0x64b280], sa_mask[0]=0x7ffbfeff, sa_flags=0x10000004


---------------  S Y S T E M  ---------------

OS:Ubuntu 11.10 (oneiric)
uname:Linux 3.0.0-14-generic #23-Ubuntu SMP Mon Nov 21 20:28:43 UTC 2011 x86_64
libc:glibc 2.13 NPTL 2.13 
rlimit: STACK 8192k, CORE 0k, NPROC 128386, NOFILE 4096, AS infinity
load average:0,00 0,01 0,05

/proc/meminfo:
MemTotal:       16449332 kB
MemFree:        11891248 kB
Buffers:          108776 kB
Cached:          1917304 kB
SwapCached:            0 kB
Active:          2506752 kB
Inactive:        1664192 kB
Active(anon):    2149076 kB
Inactive(anon):    34760 kB
Active(file):     357676 kB
Inactive(file):  1629432 kB
Unevictable:          32 kB
Mlocked:              32 kB
SwapTotal:      16755708 kB
SwapFree:       16755708 kB
Dirty:               176 kB
Writeback:             0 kB
AnonPages:       2145352 kB
Mapped:           221904 kB
Shmem:             38968 kB
Slab:              84696 kB
SReclaimable:      51144 kB
SUnreclaim:        33552 kB
KernelStack:        4456 kB
PageTables:        32560 kB
NFS_Unstable:          0 kB
Bounce:                0 kB
WritebackTmp:          0 kB
CommitLimit:    24980372 kB
Committed_AS:    4933596 kB
VmallocTotal:   34359738367 kB
VmallocUsed:      175284 kB
VmallocChunk:   34359558652 kB
HardwareCorrupted:     0 kB
AnonHugePages:         0 kB
HugePages_Total:       0
HugePages_Free:        0
HugePages_Rsvd:        0
HugePages_Surp:        0
Hugepagesize:       2048 kB
DirectMap4k:      157696 kB
DirectMap2M:    16603136 kB


CPU:total 8 (4 cores per cpu, 2 threads per core) family 6 model 42 stepping 7, cmov, cx8, fxsr, mmx, sse, sse2, sse3, ssse3, sse4.1, sse4.2, popcnt, ht

Memory: 4k page, physical 16449332k(11891248k free), swap 16755708k(16755708k free)

vm_info: OpenJDK 64-Bit Server VM (20.0-b11) for linux-amd64 JRE (1.6.0_23-b23), built on Oct 22 2011 01:00:57 by "buildd" with gcc 4.6.1

time: Tue Dec 27 20:26:45 2011
elapsed time: 2450 seconds

