#
# A fatal error has been detected by the Java Runtime Environment:
#
#  SIGSEGV (0xb) at pc=0x00007fceafc2294e, pid=1733, tid=140525479859968
#
# JRE version: 6.0_23-b23
# Java VM: OpenJDK 64-Bit Server VM (20.0-b11 mixed mode linux-amd64 compressed oops)
# Derivative: IcedTea6 1.11pre
# Distribution: Ubuntu 11.10, package 6b23~pre11-0ubuntu1.11.10
# Problematic frame:
# V  [libjvm.so+0x5bc94e]  PhaseIdealLoop::build_loop_late_post(Node*)+0x14e
#
# If you would like to submit a bug report, please include
# instructions how to reproduce the bug and visit:
#   https://bugs.launchpad.net/ubuntu/+source/openjdk-6/
#

---------------  T H R E A D  ---------------

Current thread (0x00007fcea4058000):  JavaThread "C2 CompilerThread1" daemon [_thread_in_native, id=1754, stack(0x00007fcea33f1000,0x00007fcea34f2000)]

siginfo:si_signo=SIGSEGV: si_errno=0, si_code=1 (SEGV_MAPERR), si_addr=0x0000000000000008

Registers:
RAX=0x0000000000000000, RBX=0x00007fcea34eea30, RCX=0x00007fcea425d460, RDX=0x0000000000002000
RSP=0x00007fcea34ed270, RBP=0x00007fcea34ed2b0, RSI=0x00007fcea62349f0, RDI=0x0000000000000000
R8 =0x00007fcea5c968f0, R9 =0x00007fcea34eea30, R10=0x00007fcea62349f0, R11=0x0000000000000000
R12=0x00000000014fd4b0, R13=0x0000000000b05cc8, R14=0x00007fcea34eea50, R15=0x00007fcea6169e08
RIP=0x00007fceafc2294e, EFLAGS=0x0000000000010283, CSGSFS=0x0000000000000033, ERR=0x0000000000000004
  TRAPNO=0x000000000000000e

Top of Stack: (sp=0x00007fcea34ed270)
0x00007fcea34ed270:   00007fcea5de7f88 00007fcea34ed550
0x00007fcea34ed280:   00007fcea34ed2b0 00007fcea34eea30
0x00007fcea34ed290:   0000000000000002 00000000014fd4b0
0x00007fcea34ed2a0:   00007fcea660f7c8 00007fcea34ed550
0x00007fcea34ed2b0:   00007fcea34ed320 00007fceafc22ebb
0x00007fcea34ed2c0:   0000000001321f70 00007fce00000100
0x00007fcea34ed2d0:   00007fce00000001 00007fcea34ef3d0
0x00007fcea34ed2e0:   00007fcea34ed570 00007fcea34ed510
0x00007fcea34ed2f0:   0000000000001804 00007fcea34eea30
0x00007fcea34ed300:   0000000000000007 0000000000000001
0x00007fcea34ed310:   0000000000000001 0000000001321f70
0x00007fcea34ed320:   00007fcea34ed5c0 00007fceafc23a82
0x00007fcea34ed330:   0000000001436c08 0000000001321f00
0x00007fcea34ed340:   00007fcea34ed350 00007fcea34eea50
0x00007fcea34ed350:   00007fcea34ed3b0 00007fceafa558ce
0x00007fcea34ed360:   00000000026ad8d0 00000000011e00c8
0x00007fcea34ed370:   0000000000000000 0000000000000038
0x00007fcea34ed380:   00000000026ad8d0 00007fcea34f0150
0x00007fcea34ed390:   00007fceb020bf2a 00007fceb0227b58
0x00007fcea34ed3a0:   00007fcea34edfd8 00007fcea34edff8
0x00007fcea34ed3b0:   00007fcea34ed3e0 00007fceafc96814
0x00007fcea34ed3c0:   00007fcea660a5d0 00007fcea34ed4b0
0x00007fcea34ed3d0:   00007fcea34ed3e0 00007fceaf972402
0x00007fcea34ed3e0:   00007fcea34ed440 00007fceafad6ea5
0x00007fcea34ed3f0:   00000000017a0f00 00007fcea5e58620
0x00007fcea34ed400:   0000000000cc6f40 00000000afceb08d
0x00007fcea34ed410:   00007fcea34edff8 0000000000010040
0x00007fcea34ed420:   00007fcea34ed610 00007fcea34ed610
0x00007fcea34ed430:   00007fcea5e586d0 00007fcea5e58668
0x00007fcea34ed440:   00007fcea34ed530 00007fcea4000020
0x00007fcea34ed450:   00007fcea34ed4e0 0000000000010010
0x00007fcea34ed460:   00007fcea5ccbc80 0000000000010000 

Instructions: (pc=0x00007fceafc2294e)
0x00007fceafc2292e:   4c 39 e8 0f 84 ad 03 00 00 8b 70 28 49 89 c7 0f
0x00007fceafc2293e:   1f 00 4c 8b 93 e0 09 00 00 49 8d 34 f2 48 8b 06
0x00007fceafc2294e:   48 8b 50 08 48 83 3a 00 75 27 8b 4b 28 0f 1f 44
0x00007fceafc2295e:   00 00 8b 50 28 31 c0 39 ca 73 0c 48 8b 43 30 48 

Register to memory mapping:

RAX=0x0000000000000000 is an unknown value
RBX=0x00007fcea34eea30 is pointing into the stack for thread: 0x00007fcea4058000
RCX=0x00007fcea425d460 is an unknown value
RDX=0x0000000000002000 is an unknown value
RSP=0x00007fcea34ed270 is pointing into the stack for thread: 0x00007fcea4058000
RBP=0x00007fcea34ed2b0 is pointing into the stack for thread: 0x00007fcea4058000
RSI=0x00007fcea62349f0 is an unknown value
RDI=0x0000000000000000 is an unknown value
R8 =0x00007fcea5c968f0 is an unknown value
R9 =0x00007fcea34eea30 is pointing into the stack for thread: 0x00007fcea4058000
R10=0x00007fcea62349f0 is an unknown value
R11=0x0000000000000000 is an unknown value
R12=0x00000000014fd4b0 is an unknown value
R13=0x0000000000b05cc8 is an unknown value
R14=0x00007fcea34eea50 is pointing into the stack for thread: 0x00007fcea4058000
R15=0x00007fcea6169e08 is an unknown value


Stack: [0x00007fcea33f1000,0x00007fcea34f2000],  sp=0x00007fcea34ed270,  free space=1008k
Native frames: (J=compiled Java code, j=interpreted, Vv=VM code, C=native code)
V  [libjvm.so+0x5bc94e]  PhaseIdealLoop::build_loop_late_post(Node*)+0x14e
V  [libjvm.so+0x5bcebb]  PhaseIdealLoop::build_loop_late(VectorSet&, Node_List&, Node_Stack&)+0x10b
V  [libjvm.so+0x5bda82]  PhaseIdealLoop::build_and_optimize(bool, bool)+0x692
V  [libjvm.so+0x37bc8a]  Compile::Optimize()+0xd2a
V  [libjvm.so+0x37c9f3]  Compile::Compile(ciEnv*, C2Compiler*, ciMethod*, int, bool, bool)+0xad3
V  [libjvm.so+0x3062d0]  C2Compiler::compile_method(ciEnv*, ciMethod*, int)+0xe0
V  [libjvm.so+0x3810d3]  CompileBroker::invoke_compiler_on_method(CompileTask*)+0x2a3
V  [libjvm.so+0x381a1b]  CompileBroker::compiler_thread_loop()+0x45b
V  [libjvm.so+0x74bca8]  JavaThread::thread_main_inner()+0x58
V  [libjvm.so+0x64bc22]  java_start(Thread*)+0x112


Current CompileTask:
C2:1964449 1317      jregex.Pretokenizer.next()V (1064 bytes)


---------------  P R O C E S S  ---------------

Java Threads: ( => current thread )
  0x000000000270e800 JavaThread "net.sf.ehcache.CacheManager@30aa769a" daemon [_thread_blocked, id=25942, stack(0x00007fcea2716000,0x00007fcea2817000)]
  0x00007fcea62a3800 JavaThread "New I/O server worker #1-6" [_thread_in_native, id=20244, stack(0x00007fcea2918000,0x00007fcea2a19000)]
  0x00007fcea62a6800 JavaThread "New I/O server worker #1-4" [_thread_in_native, id=20243, stack(0x00007fcea1c06000,0x00007fcea1d07000)]
  0x00007fcea7148800 JavaThread "New I/O server worker #1-2" [_thread_in_native, id=20242, stack(0x00007fcea1f09000,0x00007fcea200a000)]
  0x00007fcea5f41000 JavaThread "New I/O server worker #1-3" [_thread_in_native, id=20241, stack(0x00007fcea1e08000,0x00007fcea1f09000)]
  0x00007fcea60c8800 JavaThread "New I/O server worker #1-5" [_thread_in_native, id=20240, stack(0x00007fcea1d07000,0x00007fcea1e08000)]
  0x00007fcea43b9800 JavaThread "New I/O server worker #1-1" [_thread_in_native, id=20239, stack(0x00007fcea1b05000,0x00007fcea1c06000)]
  0x00007fcea5fef800 JavaThread "File Reaper" daemon [_thread_blocked, id=1793, stack(0x00007fcea200a000,0x00007fcea210b000)]
  0x00007fcea416a000 JavaThread "com.mchange.v2.async.ThreadPoolAsynchronousRunner$PoolThread-#2" daemon [_thread_blocked, id=1792, stack(0x00007fcea210b000,0x00007fcea220c000)]
  0x00007fcea4378800 JavaThread "com.mchange.v2.async.ThreadPoolAsynchronousRunner$PoolThread-#1" daemon [_thread_blocked, id=1791, stack(0x00007fcea220c000,0x00007fcea230d000)]
  0x00007fcea5be2000 JavaThread "com.mchange.v2.async.ThreadPoolAsynchronousRunner$PoolThread-#0" daemon [_thread_blocked, id=1790, stack(0x00007fcea230d000,0x00007fcea240e000)]
  0x00007fcea44b7000 JavaThread "Timer-0" daemon [_thread_blocked, id=1789, stack(0x00007fcea240e000,0x00007fcea250f000)]
  0x00007fcea43d2800 JavaThread "play-thread-1" [_thread_in_Java, id=1761, stack(0x00007fcea2817000,0x00007fcea2918000)]
  0x00007fcea43e4800 JavaThread "DestroyJavaVM" [_thread_blocked, id=1734, stack(0x00007fceb0f0a000,0x00007fceb100b000)]
  0x00007fcea4175800 JavaThread "New I/O server boss #1 ([id: 0x34b23d12, /0:0:0:0:0:0:0:0:9090])" [_thread_in_native, id=1757, stack(0x00007fcea2a19000,0x00007fcea2b1a000)]
  0x00007fcea405a800 JavaThread "Low Memory Detector" daemon [_thread_blocked, id=1755, stack(0x00007fcea32f0000,0x00007fcea33f1000)]
=>0x00007fcea4058000 JavaThread "C2 CompilerThread1" daemon [_thread_in_native, id=1754, stack(0x00007fcea33f1000,0x00007fcea34f2000)]
  0x00007fcea4055000 JavaThread "C2 CompilerThread0" daemon [_thread_in_native, id=1753, stack(0x00007fcea34f2000,0x00007fcea35f3000)]
  0x00007fcea4052800 JavaThread "JDWP Event Helper Thread" daemon [_thread_blocked, id=1752, stack(0x00007fcea35f3000,0x00007fcea36f4000)]
  0x00007fcea404f000 JavaThread "JDWP Transport Listener: dt_socket" daemon [_thread_in_native, id=1751, stack(0x00007fcea36f4000,0x00007fcea37f5000)]
  0x00007fcea401f000 JavaThread "Signal Dispatcher" daemon [_thread_blocked, id=1750, stack(0x00007fcea39fa000,0x00007fcea3afb000)]
  0x00007fcea4001000 JavaThread "Finalizer" daemon [_thread_blocked, id=1749, stack(0x00007fcea3afb000,0x00007fcea3bfc000)]
  0x0000000000714000 JavaThread "Reference Handler" daemon [_thread_blocked, id=1748, stack(0x00007fcea3bfc000,0x00007fcea3cfd000)]

Other Threads:
  0x000000000070d000 VMThread [stack: 0x00007fcea3cfd000,0x00007fcea3dfe000] [id=1747]
  0x00007fcea4065800 WatcherThread [stack: 0x00007fcea31ef000,0x00007fcea32f0000] [id=1756]

VM state:not at safepoint (normal execution)

VM Mutex/Monitor currently owned by a thread: None

Heap
 PSYoungGen      total 55552K, used 10026K [0x00000007ac560000, 0x00000007b0cb0000, 0x0000000800000000)
  eden space 55232K, 17% used [0x00000007ac560000,0x00000007acee2be0,0x00000007afb50000)
  from space 320K, 90% used [0x00000007b0c60000,0x00000007b0ca8000,0x00000007b0cb0000)
  to   space 3072K, 0% used [0x00000007b06b0000,0x00000007b06b0000,0x00000007b09b0000)
 PSOldGen        total 171392K, used 36045K [0x0000000705000000, 0x000000070f760000, 0x00000007ac560000)
  object space 171392K, 21% used [0x0000000705000000,0x00000007073334b8,0x000000070f760000)
 PSPermGen       total 67136K, used 66968K [0x00000006faa00000, 0x00000006feb90000, 0x0000000705000000)
  object space 67136K, 99% used [0x00000006faa00000,0x00000006feb66140,0x00000006feb90000)

Code Cache  [0x00007fcea9ebf000, 0x00007fceaa59f000, 0x00007fceacebf000)
 total_blobs=1950 nmethods=1285 adapters=626 free_code_cache=43234688 largest_free_block=21632

Dynamic libraries:
00400000-00409000 r-xp 00000000 08:05 920882                             /usr/lib/jvm/java-6-openjdk/jre/bin/java
00608000-00609000 r--p 00008000 08:05 920882                             /usr/lib/jvm/java-6-openjdk/jre/bin/java
00609000-0060a000 rw-p 00009000 08:05 920882                             /usr/lib/jvm/java-6-openjdk/jre/bin/java
0068e000-03c15000 rw-p 00000000 00:00 0                                  [heap]
6faa00000-6feb90000 rw-p 00000000 00:00 0 
6feb90000-705000000 rw-p 00000000 00:00 0 
705000000-70f760000 rw-p 00000000 00:00 0 
70f760000-7ac560000 rw-p 00000000 00:00 0 
7ac560000-7b0cb0000 rw-p 00000000 00:00 0 
7b0cb0000-7b1e50000 ---p 00000000 00:00 0 
7b1e50000-800000000 rw-p 00000000 00:00 0 
7fcea1b05000-7fcea1b08000 ---p 00000000 00:00 0 
7fcea1b08000-7fcea1c06000 rw-p 00000000 00:00 0 
7fcea1c06000-7fcea1c09000 ---p 00000000 00:00 0 
7fcea1c09000-7fcea1d07000 rw-p 00000000 00:00 0 
7fcea1d07000-7fcea1d0a000 ---p 00000000 00:00 0 
7fcea1d0a000-7fcea1e08000 rw-p 00000000 00:00 0 
7fcea1e08000-7fcea1e0b000 ---p 00000000 00:00 0 
7fcea1e0b000-7fcea1f09000 rw-p 00000000 00:00 0 
7fcea1f09000-7fcea1f0c000 ---p 00000000 00:00 0 
7fcea1f0c000-7fcea200a000 rw-p 00000000 00:00 0 
7fcea200a000-7fcea200d000 ---p 00000000 00:00 0 
7fcea200d000-7fcea210b000 rw-p 00000000 00:00 0 
7fcea210b000-7fcea210e000 ---p 00000000 00:00 0 
7fcea210e000-7fcea220c000 rw-p 00000000 00:00 0 
7fcea220c000-7fcea220f000 ---p 00000000 00:00 0 
7fcea220f000-7fcea230d000 rw-p 00000000 00:00 0 
7fcea230d000-7fcea2310000 ---p 00000000 00:00 0 
7fcea2310000-7fcea240e000 rw-p 00000000 00:00 0 
7fcea240e000-7fcea2411000 ---p 00000000 00:00 0 
7fcea2411000-7fcea250f000 rw-p 00000000 00:00 0 
7fcea250f000-7fcea2515000 r-xp 00000000 08:05 924543                     /usr/lib/jvm/java-6-openjdk/jre/lib/amd64/libmanagement.so
7fcea2515000-7fcea2714000 ---p 00006000 08:05 924543                     /usr/lib/jvm/java-6-openjdk/jre/lib/amd64/libmanagement.so
7fcea2714000-7fcea2715000 r--p 00005000 08:05 924543                     /usr/lib/jvm/java-6-openjdk/jre/lib/amd64/libmanagement.so
7fcea2715000-7fcea2716000 rw-p 00006000 08:05 924543                     /usr/lib/jvm/java-6-openjdk/jre/lib/amd64/libmanagement.so
7fcea2716000-7fcea2719000 ---p 00000000 00:00 0 
7fcea2719000-7fcea2817000 rw-p 00000000 00:00 0 
7fcea2817000-7fcea281a000 ---p 00000000 00:00 0 
7fcea281a000-7fcea2918000 rw-p 00000000 00:00 0 
7fcea2918000-7fcea291b000 ---p 00000000 00:00 0 
7fcea291b000-7fcea2a19000 rw-p 00000000 00:00 0 
7fcea2a19000-7fcea2a1c000 ---p 00000000 00:00 0 
7fcea2a1c000-7fcea2b1a000 rw-p 00000000 00:00 0 
7fcea2b1a000-7fcea2b22000 r-xp 00000000 08:05 920896                     /usr/lib/jvm/java-6-openjdk/jre/lib/amd64/libnio.so
7fcea2b22000-7fcea2d21000 ---p 00008000 08:05 920896                     /usr/lib/jvm/java-6-openjdk/jre/lib/amd64/libnio.so
7fcea2d21000-7fcea2d22000 r--p 00007000 08:05 920896                     /usr/lib/jvm/java-6-openjdk/jre/lib/amd64/libnio.so
7fcea2d22000-7fcea2d23000 rw-p 00008000 08:05 920896                     /usr/lib/jvm/java-6-openjdk/jre/lib/amd64/libnio.so
7fcea2d23000-7fcea2d38000 r-xp 00000000 08:05 920905                     /usr/lib/jvm/java-6-openjdk/jre/lib/amd64/libnet.so
7fcea2d38000-7fcea2f37000 ---p 00015000 08:05 920905                     /usr/lib/jvm/java-6-openjdk/jre/lib/amd64/libnet.so
7fcea2f37000-7fcea2f38000 r--p 00014000 08:05 920905                     /usr/lib/jvm/java-6-openjdk/jre/lib/amd64/libnet.so
7fcea2f38000-7fcea2f39000 rw-p 00015000 08:05 920905                     /usr/lib/jvm/java-6-openjdk/jre/lib/amd64/libnet.so
7fcea301d000-7fcea3020000 r--s 00031000 08:05 924515                     /usr/lib/jvm/java-6-openjdk/jre/lib/ext/sunjce_provider.jar
7fcea3020000-7fcea3022000 r--s 00013000 08:05 924465                     /usr/lib/jvm/java-6-openjdk/jre/lib/jce.jar
7fcea3022000-7fcea3031000 r--s 00074000 08:05 296141                     /opt/play-1.2.3/framework/lib/joda-time-1.6.jar
7fcea3031000-7fcea3037000 r--s 00038000 08:05 296158                     /opt/play-1.2.3/framework/lib/snakeyaml-1.7.jar
7fcea3037000-7fcea303e000 r--s 0006a000 08:05 296148                     /opt/play-1.2.3/framework/lib/mail-1.4.3.jar
7fcea303e000-7fcea3040000 r--s 0000c000 08:05 296101                     /opt/play-1.2.3/framework/lib/activation-1.1.1.jar
7fcea3040000-7fcea304b000 r--s 00124000 08:05 296123                     /opt/play-1.2.3/framework/lib/h2-1.3.149.jar
7fcea304b000-7fcea304e000 r--s 00024000 08:05 296113                     /opt/play-1.2.3/framework/lib/commons-io-2.0.1.jar
7fcea304e000-7fcea3050000 r--s 0000b000 08:05 296139                     /opt/play-1.2.3/framework/lib/jj-textile.jar
7fcea3050000-7fcea3055000 r--s 00048000 08:05 296117                     /opt/play-1.2.3/framework/lib/dom4j-1.6.1.jar
7fcea3055000-7fcea3058000 r--s 00011000 08:05 296119                     /opt/play-1.2.3/framework/lib/ezmorph-1.0.3.jar
7fcea3058000-7fcea305b000 r--s 0000f000 08:05 296120                     /opt/play-1.2.3/framework/lib/geronimo-servlet_2.5_spec-1.2.jar
7fcea305b000-7fcea305d000 r--s 00002000 08:05 296144                     /opt/play-1.2.3/framework/lib/jta-1.1.jar
7fcea305d000-7fcea3065000 r--s 0008a000 08:05 296134                     /opt/play-1.2.3/framework/lib/javassist-3.9.0.GA.jar
7fcea3065000-7fcea3066000 r--s 00007000 08:05 296111                     /opt/play-1.2.3/framework/lib/commons-email-1.2.jar
7fcea3066000-7fcea306b000 r--s 00014000 08:05 296131                     /opt/play-1.2.3/framework/lib/hibernate-jpa-2.0-api-1.0.0.Final.jar
7fcea306b000-7fcea306d000 r--s 00015000 08:05 296142                     /opt/play-1.2.3/framework/lib/jregex-1.2_01.jar
7fcea306d000-7fcea3076000 r--s 0005d000 08:05 296129                     /opt/play-1.2.3/framework/lib/hibernate-entitymanager-3.6.0.Final.jar
7fcea3076000-7fcea3079000 r--s 00022000 08:05 296133                     /opt/play-1.2.3/framework/lib/jamon-2.7.jar
7fcea3079000-7fcea3080000 r--s 00059000 08:05 296147                     /opt/play-1.2.3/framework/lib/log4j-1.2.15.jar
7fcea3080000-7fcea30a5000 r--s 00172000 08:05 296105                     /opt/play-1.2.3/framework/lib/bcprov-jdk15-1.45.jar
7fcea30a5000-7fcea30b4000 r--s 000b2000 08:05 296151                     /opt/play-1.2.3/framework/lib/netty-3.2.4.Final.jar
7fcea30b4000-7fcea30ba000 r--s 00032000 08:05 296136                     /opt/play-1.2.3/framework/lib/jaxen-1.1.jar
7fcea30ba000-7fcea30c1000 r--s 00038000 08:05 296140                     /opt/play-1.2.3/framework/lib/jj-wikitext.jar
7fcea30c1000-7fcea30d0000 r--s 000d9000 08:05 296132                     /opt/play-1.2.3/framework/lib/ivy-2.2.0.jar
7fcea30d0000-7fcea3124000 r--s 00516000 08:05 296121                     /opt/play-1.2.3/framework/lib/groovy-all-1.7.7.jar
7fcea3124000-7fcea312a000 r--s 00034000 08:05 296145                     /opt/play-1.2.3/framework/lib/junit-4.8.1.jar
7fcea312a000-7fcea3134000 r--s 0006f000 08:05 296118                     /opt/play-1.2.3/framework/lib/ehcache-core-2.0.0.jar
7fcea3134000-7fcea3136000 r--s 00008000 08:05 296155                     /opt/play-1.2.3/framework/lib/signpost-core-1.2.jar
7fcea3136000-7fcea3138000 r--s 0000e000 08:05 296114                     /opt/play-1.2.3/framework/lib/commons-javaflow-1066591.jar
7fcea3138000-7fcea313e000 r--s 0007e000 08:05 296154                     /opt/play-1.2.3/framework/lib/postgresql-9.0.jar
7fcea313e000-7fcea3140000 r--s 0000d000 08:05 296116                     /opt/play-1.2.3/framework/lib/commons-logging-1.1.1.jar
7fcea3140000-7fcea3141000 r--s 00000000 08:05 296135                     /opt/play-1.2.3/framework/lib/javax.inject-1.0.jar
7fcea3141000-7fcea3147000 r--s 00067000 08:05 296102                     /opt/play-1.2.3/framework/lib/antlr-2.7.6.jar
7fcea3147000-7fcea314d000 r--s 00049000 08:05 296104                     /opt/play-1.2.3/framework/lib/async-http-client-1.6.3.jar
7fcea314d000-7fcea3154000 r--s 000b7000 08:05 296150                     /opt/play-1.2.3/framework/lib/mysql-connector-java-5.1.13.jar
7fcea3154000-7fcea3157000 r--s 0000f000 08:05 296125                     /opt/play-1.2.3/framework/lib/hibernate-commons-annotations-3.2.0.Final.jar
7fcea3157000-7fcea3159000 r--s 0000d000 08:05 296112                     /opt/play-1.2.3/framework/lib/commons-fileupload-1.2.2.jar
7fcea3159000-7fcea315f000 r--s 00049000 08:05 296107                     /opt/play-1.2.3/framework/lib/cglib-nodep-2.2.jar
7fcea315f000-7fcea316d000 r--s 0007f000 08:05 296110                     /opt/play-1.2.3/framework/lib/commons-collections-3.2.1.jar
7fcea316d000-7fcea3178000 r--s 0005a000 08:05 296159                     /opt/play-1.2.3/framework/lib/xstream-1.3.jar
7fcea3178000-7fcea317f000 r--s 00049000 08:05 296153                     /opt/play-1.2.3/framework/lib/oval-1.50.jar
7fcea317f000-7fcea3184000 r--s 00041000 08:05 296115                     /opt/play-1.2.3/framework/lib/commons-lang-2.6.jar
7fcea3184000-7fcea318f000 r--s 0008b000 08:05 296106                     /opt/play-1.2.3/framework/lib/c3p0-0.9.1.2.jar
7fcea318f000-7fcea31b8000 r--s 00403000 08:05 296152                     /opt/play-1.2.3/framework/lib/org.eclipse.jdt.core-3.6.0.jar
7fcea31b8000-7fcea31ea000 r--s 002c7000 08:05 296127                     /opt/play-1.2.3/framework/lib/hibernate-core-3.6.1.Final.jar
7fcea31ea000-7fcea31ef000 r--s 00034000 08:05 296108                     /opt/play-1.2.3/framework/lib/commons-beanutils-1.8.3.jar
7fcea31ef000-7fcea31f0000 ---p 00000000 00:00 0 
7fcea31f0000-7fcea32f0000 rw-p 00000000 00:00 0 
7fcea32f0000-7fcea32f3000 ---p 00000000 00:00 0 
7fcea32f3000-7fcea33f1000 rw-p 00000000 00:00 0 
7fcea33f1000-7fcea33f4000 ---p 00000000 00:00 0 
7fcea33f4000-7fcea34f2000 rw-p 00000000 00:00 0 
7fcea34f2000-7fcea34f5000 ---p 00000000 00:00 0 
7fcea34f5000-7fcea35f3000 rw-p 00000000 00:00 0 
7fcea35f3000-7fcea35f6000 ---p 00000000 00:00 0 
7fcea35f6000-7fcea36f4000 rw-p 00000000 00:00 0 
7fcea36f4000-7fcea36f7000 ---p 00000000 00:00 0 
7fcea36f7000-7fcea37f5000 rw-p 00000000 00:00 0 
7fcea37f5000-7fcea37f9000 r-xp 00000000 08:05 920894                     /usr/lib/jvm/java-6-openjdk/jre/lib/amd64/libdt_socket.so
7fcea37f9000-7fcea39f8000 ---p 00004000 08:05 920894                     /usr/lib/jvm/java-6-openjdk/jre/lib/amd64/libdt_socket.so
7fcea39f8000-7fcea39f9000 r--p 00003000 08:05 920894                     /usr/lib/jvm/java-6-openjdk/jre/lib/amd64/libdt_socket.so
7fcea39f9000-7fcea39fa000 rw-p 00004000 08:05 920894                     /usr/lib/jvm/java-6-openjdk/jre/lib/amd64/libdt_socket.so
7fcea39fa000-7fcea39fd000 ---p 00000000 00:00 0 
7fcea39fd000-7fcea3afb000 rw-p 00000000 00:00 0 
7fcea3afb000-7fcea3afe000 ---p 00000000 00:00 0 
7fcea3afe000-7fcea3bfc000 rw-p 00000000 00:00 0 
7fcea3bfc000-7fcea3bff000 ---p 00000000 00:00 0 
7fcea3bff000-7fcea3cfd000 rw-p 00000000 00:00 0 
7fcea3cfd000-7fcea3cfe000 ---p 00000000 00:00 0 
7fcea3cfe000-7fcea4000000 rw-p 00000000 00:00 0 
7fcea4000000-7fcea796d000 rw-p 00000000 00:00 0 
7fcea796d000-7fcea8000000 ---p 00000000 00:00 0 
7fcea8001000-7fcea8003000 r--s 00005000 08:05 296156                     /opt/play-1.2.3/framework/lib/slf4j-api-1.6.1.jar
7fcea8003000-7fcea8008000 r--s 0002e000 08:05 296103                     /opt/play-1.2.3/framework/lib/asm-all-3.3.1.jar
7fcea8008000-7fcea800a000 r--s 00015000 08:05 296138                     /opt/play-1.2.3/framework/lib/jj-simplecaptcha.jar
7fcea800a000-7fcea8744000 rw-p 00000000 00:00 0 
7fcea8744000-7fcea88d5000 r--s 037b8000 08:05 924546                     /usr/lib/jvm/java-6-openjdk/jre/lib/rt.jar
7fcea88d5000-7fcea88fd000 rw-p 00000000 00:00 0 
7fcea88fd000-7fcea88fe000 ---p 00000000 00:00 0 
7fcea88fe000-7fcea89fe000 rw-p 00000000 00:00 0 
7fcea89fe000-7fcea89ff000 ---p 00000000 00:00 0 
7fcea89ff000-7fcea8aff000 rw-p 00000000 00:00 0 
7fcea8aff000-7fcea8b00000 ---p 00000000 00:00 0 
7fcea8b00000-7fcea8c00000 rw-p 00000000 00:00 0 
7fcea8c00000-7fcea8c01000 ---p 00000000 00:00 0 
7fcea8c01000-7fcea8d01000 rw-p 00000000 00:00 0 
7fcea8d01000-7fcea8d02000 ---p 00000000 00:00 0 
7fcea8d02000-7fcea8e02000 rw-p 00000000 00:00 0 
7fcea8e02000-7fcea8e03000 ---p 00000000 00:00 0 
7fcea8e03000-7fcea8f03000 rw-p 00000000 00:00 0 
7fcea8f03000-7fcea8f04000 ---p 00000000 00:00 0 
7fcea8f04000-7fcea9004000 rw-p 00000000 00:00 0 
7fcea9004000-7fcea9005000 ---p 00000000 00:00 0 
7fcea9005000-7fcea9126000 rw-p 00000000 00:00 0 
7fcea9126000-7fcea9158000 rw-p 00000000 00:00 0 
7fcea9158000-7fcea91ac000 rw-p 00000000 00:00 0 
7fcea91ac000-7fcea9693000 rw-p 00000000 00:00 0 
7fcea9693000-7fcea96b4000 rw-p 00000000 00:00 0 
7fcea96b4000-7fcea96e6000 rw-p 00000000 00:00 0 
7fcea96e6000-7fcea973a000 rw-p 00000000 00:00 0 
7fcea973a000-7fcea9c20000 rw-p 00000000 00:00 0 
7fcea9c20000-7fcea9c45000 rw-p 00000000 00:00 0 
7fcea9c45000-7fcea9c4e000 ---p 00000000 00:00 0 
7fcea9c4e000-7fcea9ebe000 rw-p 00000000 00:00 0 
7fcea9ebe000-7fcea9ebf000 rw-p 00000000 00:00 0 
7fcea9ebf000-7fceaa59f000 rwxp 00000000 00:00 0 
7fceaa59f000-7fceacebf000 rw-p 00000000 00:00 0 
7fceacebf000-7fceacec6000 r-xp 00000000 08:05 924533                     /usr/lib/jvm/java-6-openjdk/jre/lib/amd64/libzip.so
7fceacec6000-7fcead0c5000 ---p 00007000 08:05 924533                     /usr/lib/jvm/java-6-openjdk/jre/lib/amd64/libzip.so
7fcead0c5000-7fcead0c6000 r--p 00006000 08:05 924533                     /usr/lib/jvm/java-6-openjdk/jre/lib/amd64/libzip.so
7fcead0c6000-7fcead0c7000 rw-p 00007000 08:05 924533                     /usr/lib/jvm/java-6-openjdk/jre/lib/amd64/libzip.so
7fcead0c7000-7fcead0d3000 r-xp 00000000 08:05 1068842                    /lib/x86_64-linux-gnu/libnss_files-2.13.so
7fcead0d3000-7fcead2d2000 ---p 0000c000 08:05 1068842                    /lib/x86_64-linux-gnu/libnss_files-2.13.so
7fcead2d2000-7fcead2d3000 r--p 0000b000 08:05 1068842                    /lib/x86_64-linux-gnu/libnss_files-2.13.so
7fcead2d3000-7fcead2d4000 rw-p 0000c000 08:05 1068842                    /lib/x86_64-linux-gnu/libnss_files-2.13.so
7fcead2d4000-7fcead2de000 r-xp 00000000 08:05 1068848                    /lib/x86_64-linux-gnu/libnss_nis-2.13.so
7fcead2de000-7fcead4de000 ---p 0000a000 08:05 1068848                    /lib/x86_64-linux-gnu/libnss_nis-2.13.so
7fcead4de000-7fcead4df000 r--p 0000a000 08:05 1068848                    /lib/x86_64-linux-gnu/libnss_nis-2.13.so
7fcead4df000-7fcead4e0000 rw-p 0000b000 08:05 1068848                    /lib/x86_64-linux-gnu/libnss_nis-2.13.so
7fcead4e0000-7fcead4f7000 r-xp 00000000 08:05 1068837                    /lib/x86_64-linux-gnu/libnsl-2.13.so
7fcead4f7000-7fcead6f6000 ---p 00017000 08:05 1068837                    /lib/x86_64-linux-gnu/libnsl-2.13.so
7fcead6f6000-7fcead6f7000 r--p 00016000 08:05 1068837                    /lib/x86_64-linux-gnu/libnsl-2.13.so
7fcead6f7000-7fcead6f8000 rw-p 00017000 08:05 1068837                    /lib/x86_64-linux-gnu/libnsl-2.13.so
7fcead6f8000-7fcead6fa000 rw-p 00000000 00:00 0 
7fcead6fa000-7fcead702000 r-xp 00000000 08:05 1068834                    /lib/x86_64-linux-gnu/libnss_compat-2.13.so
7fcead702000-7fcead901000 ---p 00008000 08:05 1068834                    /lib/x86_64-linux-gnu/libnss_compat-2.13.so
7fcead901000-7fcead902000 r--p 00007000 08:05 1068834                    /lib/x86_64-linux-gnu/libnss_compat-2.13.so
7fcead902000-7fcead903000 rw-p 00008000 08:05 1068834                    /lib/x86_64-linux-gnu/libnss_compat-2.13.so
7fcead903000-7fceae234000 r--p 00000000 08:05 922981                     /usr/lib/locale/locale-archive
7fceae234000-7fceae237000 r-xp 00000000 08:05 920914                     /usr/lib/jvm/java-6-openjdk/jre/lib/amd64/libnpt.so
7fceae237000-7fceae436000 ---p 00003000 08:05 920914                     /usr/lib/jvm/java-6-openjdk/jre/lib/amd64/libnpt.so
7fceae436000-7fceae437000 r--p 00002000 08:05 920914                     /usr/lib/jvm/java-6-openjdk/jre/lib/amd64/libnpt.so
7fceae437000-7fceae438000 rw-p 00003000 08:05 920914                     /usr/lib/jvm/java-6-openjdk/jre/lib/amd64/libnpt.so
7fceae438000-7fceae441000 r-xp 00000000 08:05 924528                     /usr/lib/jvm/java-6-openjdk/jre/lib/amd64/libinstrument.so
7fceae441000-7fceae641000 ---p 00009000 08:05 924528                     /usr/lib/jvm/java-6-openjdk/jre/lib/amd64/libinstrument.so
7fceae641000-7fceae642000 r--p 00009000 08:05 924528                     /usr/lib/jvm/java-6-openjdk/jre/lib/amd64/libinstrument.so
7fceae642000-7fceae643000 rw-p 0000a000 08:05 924528                     /usr/lib/jvm/java-6-openjdk/jre/lib/amd64/libinstrument.so
7fceae643000-7fceae67d000 r-xp 00000000 08:05 920913                     /usr/lib/jvm/java-6-openjdk/jre/lib/amd64/libjdwp.so
7fceae67d000-7fceae87c000 ---p 0003a000 08:05 920913                     /usr/lib/jvm/java-6-openjdk/jre/lib/amd64/libjdwp.so
7fceae87c000-7fceae87d000 r--p 00039000 08:05 920913                     /usr/lib/jvm/java-6-openjdk/jre/lib/amd64/libjdwp.so
7fceae87d000-7fceae87e000 rw-p 0003a000 08:05 920913                     /usr/lib/jvm/java-6-openjdk/jre/lib/amd64/libjdwp.so
7fceae87e000-7fceae8aa000 r-xp 00000000 08:05 924532                     /usr/lib/jvm/java-6-openjdk/jre/lib/amd64/libjava.so
7fceae8aa000-7fceaeaa9000 ---p 0002c000 08:05 924532                     /usr/lib/jvm/java-6-openjdk/jre/lib/amd64/libjava.so
7fceaeaa9000-7fceaeaaa000 r--p 0002b000 08:05 924532                     /usr/lib/jvm/java-6-openjdk/jre/lib/amd64/libjava.so
7fceaeaaa000-7fceaeaad000 rw-p 0002c000 08:05 924532                     /usr/lib/jvm/java-6-openjdk/jre/lib/amd64/libjava.so
7fceaeaad000-7fceaeabb000 r-xp 00000000 08:05 920904                     /usr/lib/jvm/java-6-openjdk/jre/lib/amd64/libverify.so
7fceaeabb000-7fceaecba000 ---p 0000e000 08:05 920904                     /usr/lib/jvm/java-6-openjdk/jre/lib/amd64/libverify.so
7fceaecba000-7fceaecbc000 r--p 0000d000 08:05 920904                     /usr/lib/jvm/java-6-openjdk/jre/lib/amd64/libverify.so
7fceaecbc000-7fceaecbd000 rw-p 0000f000 08:05 920904                     /usr/lib/jvm/java-6-openjdk/jre/lib/amd64/libverify.so
7fceaecbd000-7fceaecc4000 r-xp 00000000 08:05 1044505                    /lib/x86_64-linux-gnu/librt-2.13.so
7fceaecc4000-7fceaeec3000 ---p 00007000 08:05 1044505                    /lib/x86_64-linux-gnu/librt-2.13.so
7fceaeec3000-7fceaeec4000 r--p 00006000 08:05 1044505                    /lib/x86_64-linux-gnu/librt-2.13.so
7fceaeec4000-7fceaeec5000 rw-p 00007000 08:05 1044505                    /lib/x86_64-linux-gnu/librt-2.13.so
7fceaeec5000-7fceaeeda000 r-xp 00000000 08:05 1068525                    /lib/x86_64-linux-gnu/libgcc_s.so.1
7fceaeeda000-7fceaf0d9000 ---p 00015000 08:05 1068525                    /lib/x86_64-linux-gnu/libgcc_s.so.1
7fceaf0d9000-7fceaf0da000 r--p 00014000 08:05 1068525                    /lib/x86_64-linux-gnu/libgcc_s.so.1
7fceaf0da000-7fceaf0db000 rw-p 00015000 08:05 1068525                    /lib/x86_64-linux-gnu/libgcc_s.so.1
7fceaf0db000-7fceaf15e000 r-xp 00000000 08:05 1068849                    /lib/x86_64-linux-gnu/libm-2.13.so
7fceaf15e000-7fceaf35d000 ---p 00083000 08:05 1068849                    /lib/x86_64-linux-gnu/libm-2.13.so
7fceaf35d000-7fceaf35e000 r--p 00082000 08:05 1068849                    /lib/x86_64-linux-gnu/libm-2.13.so
7fceaf35e000-7fceaf35f000 rw-p 00083000 08:05 1068849                    /lib/x86_64-linux-gnu/libm-2.13.so
7fceaf35f000-7fceaf447000 r-xp 00000000 08:05 914676                     /usr/lib/x86_64-linux-gnu/libstdc++.so.6.0.16
7fceaf447000-7fceaf647000 ---p 000e8000 08:05 914676                     /usr/lib/x86_64-linux-gnu/libstdc++.so.6.0.16
7fceaf647000-7fceaf64f000 r--p 000e8000 08:05 914676                     /usr/lib/x86_64-linux-gnu/libstdc++.so.6.0.16
7fceaf64f000-7fceaf651000 rw-p 000f0000 08:05 914676                     /usr/lib/x86_64-linux-gnu/libstdc++.so.6.0.16
7fceaf651000-7fceaf666000 rw-p 00000000 00:00 0 
7fceaf666000-7fceaff69000 r-xp 00000000 08:05 924535                     /usr/lib/jvm/java-6-openjdk/jre/lib/amd64/server/libjvm.so
7fceaff69000-7fceb0168000 ---p 00903000 08:05 924535                     /usr/lib/jvm/java-6-openjdk/jre/lib/amd64/server/libjvm.so
7fceb0168000-7fceb01e9000 r--p 00902000 08:05 924535                     /usr/lib/jvm/java-6-openjdk/jre/lib/amd64/server/libjvm.so
7fceb01e9000-7fceb0204000 rw-p 00983000 08:05 924535                     /usr/lib/jvm/java-6-openjdk/jre/lib/amd64/server/libjvm.so
7fceb0204000-7fceb022d000 rw-p 00000000 00:00 0 
7fceb022d000-7fceb0244000 r-xp 00000000 08:05 1048733                    /lib/x86_64-linux-gnu/libz.so.1.2.3.4
7fceb0244000-7fceb0443000 ---p 00017000 08:05 1048733                    /lib/x86_64-linux-gnu/libz.so.1.2.3.4
7fceb0443000-7fceb0444000 r--p 00016000 08:05 1048733                    /lib/x86_64-linux-gnu/libz.so.1.2.3.4
7fceb0444000-7fceb0445000 rw-p 00017000 08:05 1048733                    /lib/x86_64-linux-gnu/libz.so.1.2.3.4
7fceb0445000-7fceb05da000 r-xp 00000000 08:05 1068839                    /lib/x86_64-linux-gnu/libc-2.13.so
7fceb05da000-7fceb07d9000 ---p 00195000 08:05 1068839                    /lib/x86_64-linux-gnu/libc-2.13.so
7fceb07d9000-7fceb07dd000 r--p 00194000 08:05 1068839                    /lib/x86_64-linux-gnu/libc-2.13.so
7fceb07dd000-7fceb07de000 rw-p 00198000 08:05 1068839                    /lib/x86_64-linux-gnu/libc-2.13.so
7fceb07de000-7fceb07e4000 rw-p 00000000 00:00 0 
7fceb07e4000-7fceb07e6000 r-xp 00000000 08:05 1068840                    /lib/x86_64-linux-gnu/libdl-2.13.so
7fceb07e6000-7fceb09e6000 ---p 00002000 08:05 1068840                    /lib/x86_64-linux-gnu/libdl-2.13.so
7fceb09e6000-7fceb09e7000 r--p 00002000 08:05 1068840                    /lib/x86_64-linux-gnu/libdl-2.13.so
7fceb09e7000-7fceb09e8000 rw-p 00003000 08:05 1068840                    /lib/x86_64-linux-gnu/libdl-2.13.so
7fceb09e8000-7fceb09ec000 r-xp 00000000 08:05 920901                     /usr/lib/jvm/java-6-openjdk/jre/lib/amd64/jli/libjli.so
7fceb09ec000-7fceb0beb000 ---p 00004000 08:05 920901                     /usr/lib/jvm/java-6-openjdk/jre/lib/amd64/jli/libjli.so
7fceb0beb000-7fceb0bec000 r--p 00003000 08:05 920901                     /usr/lib/jvm/java-6-openjdk/jre/lib/amd64/jli/libjli.so
7fceb0bec000-7fceb0bed000 rw-p 00004000 08:05 920901                     /usr/lib/jvm/java-6-openjdk/jre/lib/amd64/jli/libjli.so
7fceb0bed000-7fceb0c05000 r-xp 00000000 08:05 1068847                    /lib/x86_64-linux-gnu/libpthread-2.13.so
7fceb0c05000-7fceb0e04000 ---p 00018000 08:05 1068847                    /lib/x86_64-linux-gnu/libpthread-2.13.so
7fceb0e04000-7fceb0e05000 r--p 00017000 08:05 1068847                    /lib/x86_64-linux-gnu/libpthread-2.13.so
7fceb0e05000-7fceb0e06000 rw-p 00018000 08:05 1068847                    /lib/x86_64-linux-gnu/libpthread-2.13.so
7fceb0e06000-7fceb0e0a000 rw-p 00000000 00:00 0 
7fceb0e0a000-7fceb0e2b000 r-xp 00000000 08:05 1068846                    /lib/x86_64-linux-gnu/ld-2.13.so
7fceb0e2b000-7fceb0e31000 r--s 00040000 08:05 296149                     /opt/play-1.2.3/framework/lib/memcached-2.6.jar
7fceb0e31000-7fceb0e33000 r--s 00001000 08:05 296143                     /opt/play-1.2.3/framework/lib/jsr107cache-1.0.jar
7fceb0e33000-7fceb0e37000 r--s 00027000 08:05 296122                     /opt/play-1.2.3/framework/lib/gson-1.7.1.jar
7fceb0e37000-7fceb0e3c000 r--s 00020000 08:05 296137                     /opt/play-1.2.3/framework/lib/jj-imaging.jar
7fceb0e3c000-7fceb0e3f000 r--s 0007d000 08:05 924457                     /usr/lib/jvm/java-6-openjdk/jre/lib/jsse.jar
7fceb0e3f000-7fceb0e4a000 r--s 000b8000 08:05 296160                     /opt/play-1.2.3/framework/play-1.2.3.jar
7fceb0e4a000-7fceb0e66000 rw-p 00000000 00:00 0 
7fceb0e66000-7fceb0f0a000 rw-p 00000000 00:00 0 
7fceb0f0a000-7fceb0f0d000 ---p 00000000 00:00 0 
7fceb0f0d000-7fceb1010000 rw-p 00000000 00:00 0 
7fceb1010000-7fceb1011000 r--s 00002000 08:05 296157                     /opt/play-1.2.3/framework/lib/slf4j-log4j12-1.6.1.jar
7fceb1011000-7fceb1013000 r--s 0000d000 08:05 296109                     /opt/play-1.2.3/framework/lib/commons-codec-1.4.jar
7fceb1013000-7fceb1014000 rw-p 00000000 00:00 0 
7fceb1014000-7fceb1016000 r--s 0000f000 08:05 924518                     /usr/lib/jvm/java-6-openjdk/jre/lib/ext/pulse-java.jar
7fceb1016000-7fceb101e000 r--s 00066000 08:05 136034                     /usr/share/java/gnome-java-bridge.jar
7fceb101e000-7fceb1026000 rw-s 00000000 08:05 785576                     /tmp/hsperfdata_pascal/1733
7fceb1026000-7fceb1027000 rw-p 00000000 00:00 0 
7fceb1027000-7fceb1028000 r--p 00000000 00:00 0 
7fceb1028000-7fceb102a000 rw-p 00000000 00:00 0 
7fceb102a000-7fceb102b000 r--p 00020000 08:05 1068846                    /lib/x86_64-linux-gnu/ld-2.13.so
7fceb102b000-7fceb102d000 rw-p 00021000 08:05 1068846                    /lib/x86_64-linux-gnu/ld-2.13.so
7fff485ca000-7fff485ec000 rw-p 00000000 00:00 0                          [stack]
7fff485ff000-7fff48600000 r-xp 00000000 00:00 0                          [vdso]
ffffffffff600000-ffffffffff601000 r-xp 00000000 00:00 0                  [vsyscall]

VM Arguments:
jvm_args: -Xdebug -Xrunjdwp:transport=dt_socket,address=0,server=y,suspend=n -Dplay.debug=yes -Dplay.id= -Dapplication.path=/home/pascal/workspace/codeboard-core -Djava.endorsed.dirs=/opt/play-1.2.3/framework/endorsed -javaagent:/opt/play-1.2.3/framework/play-1.2.3.jar -Dfile.encoding=UTF-8 
java_command: play.server.Server
Launcher Type: SUN_STANDARD

Environment Variables:
PATH=/home/pascal/bin:/usr/lib/lightdm/lightdm:/usr/local/sbin:/usr/local/bin:/usr/sbin:/usr/bin:/sbin:/bin:/usr/games:/opt/play
USERNAME=pascal
LD_LIBRARY_PATH=/usr/lib/jvm/java-6-openjdk/jre/lib/amd64/server:/usr/lib/jvm/java-6-openjdk/jre/lib/amd64:/usr/lib/jvm/java-6-openjdk/jre/../lib/amd64
SHELL=/bin/bash
DISPLAY=:0

Signal Handlers:
SIGSEGV: [libjvm.so+0x783e60], sa_mask[0]=0x7ffbfeff, sa_flags=0x10000004
SIGBUS: [libjvm.so+0x783e60], sa_mask[0]=0x7ffbfeff, sa_flags=0x10000004
SIGFPE: [libjvm.so+0x6485c0], sa_mask[0]=0x7ffbfeff, sa_flags=0x10000004
SIGPIPE: [libjvm.so+0x6485c0], sa_mask[0]=0x7ffbfeff, sa_flags=0x10000004
SIGXFSZ: [libjvm.so+0x6485c0], sa_mask[0]=0x7ffbfeff, sa_flags=0x10000004
SIGILL: [libjvm.so+0x6485c0], sa_mask[0]=0x7ffbfeff, sa_flags=0x10000004
SIGUSR1: SIG_DFL, sa_mask[0]=0x00000000, sa_flags=0x00000000
SIGUSR2: [libjvm.so+0x648770], sa_mask[0]=0x00000004, sa_flags=0x10000004
SIGHUP: [libjvm.so+0x64b280], sa_mask[0]=0x7ffbfeff, sa_flags=0x10000004
SIGINT: [libjvm.so+0x64b280], sa_mask[0]=0x7ffbfeff, sa_flags=0x10000004
SIGTERM: [libjvm.so+0x64b280], sa_mask[0]=0x7ffbfeff, sa_flags=0x10000004
SIGQUIT: [libjvm.so+0x64b280], sa_mask[0]=0x7ffbfeff, sa_flags=0x10000004


---------------  S Y S T E M  ---------------

OS:Ubuntu 11.10 (oneiric)
uname:Linux 3.0.0-12-generic #20-Ubuntu SMP Fri Oct 7 14:56:25 UTC 2011 x86_64
libc:glibc 2.13 NPTL 2.13 
rlimit: STACK 8192k, CORE 0k, NPROC 128386, NOFILE 4096, AS infinity
load average:0,15 0,15 0,14

/proc/meminfo:
MemTotal:       16449340 kB
MemFree:        10805636 kB
Buffers:          204276 kB
Cached:          2277404 kB
SwapCached:            0 kB
Active:          3382168 kB
Inactive:        1798824 kB
Active(anon):    2714588 kB
Inactive(anon):    42436 kB
Active(file):     667580 kB
Inactive(file):  1756388 kB
Unevictable:          32 kB
Mlocked:              32 kB
SwapTotal:      16755708 kB
SwapFree:       16755708 kB
Dirty:               308 kB
Writeback:             0 kB
AnonPages:       2699528 kB
Mapped:           286084 kB
Shmem:             57712 kB
Slab:             162652 kB
SReclaimable:     129832 kB
SUnreclaim:        32820 kB
KernelStack:        4984 kB
PageTables:        35980 kB
NFS_Unstable:          0 kB
Bounce:                0 kB
WritebackTmp:          0 kB
CommitLimit:    24980376 kB
Committed_AS:    5666528 kB
VmallocTotal:   34359738367 kB
VmallocUsed:      175284 kB
VmallocChunk:   34359558652 kB
HardwareCorrupted:     0 kB
AnonHugePages:         0 kB
HugePages_Total:       0
HugePages_Free:        0
HugePages_Rsvd:        0
HugePages_Surp:        0
Hugepagesize:       2048 kB
DirectMap4k:      149504 kB
DirectMap2M:    16611328 kB


CPU:total 8 (4 cores per cpu, 2 threads per core) family 6 model 42 stepping 7, cmov, cx8, fxsr, mmx, sse, sse2, sse3, ssse3, sse4.1, sse4.2, popcnt, ht

Memory: 4k page, physical 16449340k(10805636k free), swap 16755708k(16755708k free)

vm_info: OpenJDK 64-Bit Server VM (20.0-b11) for linux-amd64 JRE (1.6.0_23-b23), built on Oct 22 2011 01:00:57 by "buildd" with gcc 4.6.1

time: Fri Dec  2 22:05:31 2011
elapsed time: 1964 seconds

