#
# A fatal error has been detected by the Java Runtime Environment:
#
#  SIGSEGV (0xb) at pc=0x00007f55fd78e94e, pid=844, tid=140007159789312
#
# JRE version: 6.0_23-b23
# Java VM: OpenJDK 64-Bit Server VM (20.0-b11 mixed mode linux-amd64 compressed oops)
# Derivative: IcedTea6 1.11pre
# Distribution: Ubuntu 11.10, package 6b23~pre11-0ubuntu1.11.10
# Problematic frame:
# V  [libjvm.so+0x5bc94e]  PhaseIdealLoop::build_loop_late_post(Node*)+0x14e
#
# If you would like to submit a bug report, please include
# instructions how to reproduce the bug and visit:
#   https://bugs.launchpad.net/ubuntu/+source/openjdk-6/
#

---------------  T H R E A D  ---------------

Current thread (0x00007f55f0001000):  JavaThread "C2 CompilerThread1" daemon [_thread_in_native, id=865, stack(0x00007f55f4f67000,0x00007f55f5068000)]

siginfo:si_signo=SIGSEGV: si_errno=0, si_code=1 (SEGV_MAPERR), si_addr=0x0000000000000008

Registers:
RAX=0x0000000000000000, RBX=0x00007f55f50649b0, RCX=0x00007f55f09dc1d0, RDX=0x0000000000002000
RSP=0x00007f55f50631f0, RBP=0x00007f55f5063230, RSI=0x00007f55f0a141f0, RDI=0x0000000000000000
R8 =0x00007f55f09cc1b0, R9 =0x00007f55f50649b0, R10=0x00007f55f0a141f0, R11=0x0000000000000000
R12=0x00007f55f073e890, R13=0x00007f55f07e2ea8, R14=0x00007f55f50649d0, R15=0x00007f55f0ab55d8
RIP=0x00007f55fd78e94e, EFLAGS=0x0000000000010202, CSGSFS=0x0000000000000033, ERR=0x0000000000000004
  TRAPNO=0x000000000000000e

Top of Stack: (sp=0x00007f55f50631f0)
0x00007f55f50631f0:   00007f55f0c9c228 00007f55f50634d0
0x00007f55f5063200:   00007f55f5063230 00007f55f50649b0
0x00007f55f5063210:   0000000000000002 00007f55f073e890
0x00007f55f5063220:   00007f55f0abceb8 00007f55f50634d0
0x00007f55f5063230:   00007f55f50632a0 00007f55fd78eebb
0x00007f55f5063240:   00007f55f0159480 00007f5500000100
0x00007f55f5063250:   00007f5500000001 00007f55f5065350
0x00007f55f5063260:   00007f55f50634f0 00007f55f5063490
0x00007f55f5063270:   0000000000001804 00007f55f50649b0
0x00007f55f5063280:   0000000000000007 0000000000000001
0x00007f55f5063290:   0000000000000001 00007f55f0159480
0x00007f55f50632a0:   00007f55f5063540 00007f55fd78fa82
0x00007f55f50632b0:   00007f55f50632f0 00007f55f0159410
0x00007f55f50632c0:   00007f55f0ecb830 00007f55f50649d0
0x00007f55f50632d0:   00007f55f108ec68 00007f55f5063590
0x00007f55f50632e0:   00007f55f108efd8 00007f55f108ef28
0x00007f55f50632f0:   00007f55f50633c0 00007f55fd6408f1
0x00007f55f5063300:   0000000000000000 00007f55f0694508
0x00007f55f5063310:   00007f55fdd637e0 0000000000000004
0x00007f55f5063320:   00007f55f5063f58 00007f55f5063f78
0x00007f55f5063330:   00007f55f5063360 00007f55fd802814
0x00007f55f5063340:   00007f55f0ab7cc0 00007f55f5063430
0x00007f55f5063350:   00007f55f5063360 00007f55fd4de402
0x00007f55f5063360:   00007f55f50633c0 00007f55fd642ea5
0x00007f55f5063370:   00007f55f03ffad0 00007f55f05a3010
0x00007f55f5063380:   00007f55f0402c10 00000000fd85708d
0x00007f55f5063390:   00007f55f5063f78 0000000000010040
0x00007f55f50633a0:   00007f55f5063590 00007f55f5063590
0x00007f55f50633b0:   00007f55f05a30c0 00007f55f05a3058
0x00007f55f50633c0:   00007f55f50634b0 00007f55f0000020
0x00007f55f50633d0:   00007f55f5063460 0000000000010010
0x00007f55f50633e0:   00007f55f096c1c0 0000000000010000 

Instructions: (pc=0x00007f55fd78e94e)
0x00007f55fd78e92e:   4c 39 e8 0f 84 ad 03 00 00 8b 70 28 49 89 c7 0f
0x00007f55fd78e93e:   1f 00 4c 8b 93 e0 09 00 00 49 8d 34 f2 48 8b 06
0x00007f55fd78e94e:   48 8b 50 08 48 83 3a 00 75 27 8b 4b 28 0f 1f 44
0x00007f55fd78e95e:   00 00 8b 50 28 31 c0 39 ca 73 0c 48 8b 43 30 48 

Register to memory mapping:

RAX=0x0000000000000000 is an unknown value
RBX=0x00007f55f50649b0 is pointing into the stack for thread: 0x00007f55f0001000
RCX=0x00007f55f09dc1d0 is an unknown value
RDX=0x0000000000002000 is an unknown value
RSP=0x00007f55f50631f0 is pointing into the stack for thread: 0x00007f55f0001000
RBP=0x00007f55f5063230 is pointing into the stack for thread: 0x00007f55f0001000
RSI=0x00007f55f0a141f0 is an unknown value
RDI=0x0000000000000000 is an unknown value
R8 =0x00007f55f09cc1b0 is an unknown value
R9 =0x00007f55f50649b0 is pointing into the stack for thread: 0x00007f55f0001000
R10=0x00007f55f0a141f0 is an unknown value
R11=0x0000000000000000 is an unknown value
R12=0x00007f55f073e890 is an unknown value
R13=0x00007f55f07e2ea8 is an unknown value
R14=0x00007f55f50649d0 is pointing into the stack for thread: 0x00007f55f0001000
R15=0x00007f55f0ab55d8 is an unknown value


Stack: [0x00007f55f4f67000,0x00007f55f5068000],  sp=0x00007f55f50631f0,  free space=1008k
Native frames: (J=compiled Java code, j=interpreted, Vv=VM code, C=native code)
V  [libjvm.so+0x5bc94e]  PhaseIdealLoop::build_loop_late_post(Node*)+0x14e
V  [libjvm.so+0x5bcebb]  PhaseIdealLoop::build_loop_late(VectorSet&, Node_List&, Node_Stack&)+0x10b
V  [libjvm.so+0x5bda82]  PhaseIdealLoop::build_and_optimize(bool, bool)+0x692
V  [libjvm.so+0x37bc8a]  Compile::Optimize()+0xd2a
V  [libjvm.so+0x37c9f3]  Compile::Compile(ciEnv*, C2Compiler*, ciMethod*, int, bool, bool)+0xad3
V  [libjvm.so+0x3062d0]  C2Compiler::compile_method(ciEnv*, ciMethod*, int)+0xe0
V  [libjvm.so+0x3810d3]  CompileBroker::invoke_compiler_on_method(CompileTask*)+0x2a3
V  [libjvm.so+0x381a1b]  CompileBroker::compiler_thread_loop()+0x45b
V  [libjvm.so+0x74bca8]  JavaThread::thread_main_inner()+0x58
V  [libjvm.so+0x64bc22]  java_start(Thread*)+0x112


Current CompileTask:
C2: 801498 771      jregex.Pretokenizer.next()V (1064 bytes)


---------------  P R O C E S S  ---------------

Java Threads: ( => current thread )
  0x00007f55f08cb800 JavaThread "net.sf.ehcache.CacheManager@3bf27f74" daemon [_thread_blocked, id=25683, stack(0x00007f55f41bd000,0x00007f55f42be000)]
  0x0000000002cc9000 JavaThread "New I/O server worker #1-12" [_thread_in_native, id=24454, stack(0x00007f55ef9f5000,0x00007f55efaf6000)]
  0x00000000011f9800 JavaThread "New I/O server worker #1-10" [_thread_in_native, id=20752, stack(0x00007f55f43bf000,0x00007f55f44c0000)]
  0x0000000001066000 JavaThread "New I/O server worker #1-11" [_thread_in_native, id=18828, stack(0x00007f55ef7f3000,0x00007f55ef8f4000)]
  0x000000000128e800 JavaThread "File Reaper" daemon [_thread_blocked, id=7172, stack(0x00007f55ef6f2000,0x00007f55ef7f3000)]
  0x0000000000b7b800 JavaThread "com.mchange.v2.async.ThreadPoolAsynchronousRunner$PoolThread-#2" daemon [_thread_blocked, id=1658, stack(0x00007f55efaf6000,0x00007f55efbf7000)]
  0x0000000002729000 JavaThread "com.mchange.v2.async.ThreadPoolAsynchronousRunner$PoolThread-#1" daemon [_thread_blocked, id=1657, stack(0x00007f55efbf7000,0x00007f55efcf8000)]
  0x0000000000e81800 JavaThread "com.mchange.v2.async.ThreadPoolAsynchronousRunner$PoolThread-#0" daemon [_thread_blocked, id=1656, stack(0x00007f55efcf8000,0x00007f55efdf9000)]
  0x000000000227b800 JavaThread "Timer-0" daemon [_thread_blocked, id=1655, stack(0x00007f55f40bc000,0x00007f55f41bd000)]
  0x00007f55f03f9800 JavaThread "play-thread-1" [_thread_in_Java, id=871, stack(0x00007f55f42be000,0x00007f55f43bf000)]
  0x00007f55f0531000 JavaThread "DestroyJavaVM" [_thread_blocked, id=849, stack(0x00007f55fea76000,0x00007f55feb77000)]
  0x00007f55f03ae800 JavaThread "New I/O server boss #1 ([id: 0x34b23d12, /0:0:0:0:0:0:0:0:9090])" [_thread_in_native, id=868, stack(0x00007f55f44c0000,0x00007f55f45c1000)]
  0x00007f55f0003800 JavaThread "Low Memory Detector" daemon [_thread_blocked, id=866, stack(0x00007f55f4e66000,0x00007f55f4f67000)]
=>0x00007f55f0001000 JavaThread "C2 CompilerThread1" daemon [_thread_in_native, id=865, stack(0x00007f55f4f67000,0x00007f55f5068000)]
  0x0000000000ab9800 JavaThread "C2 CompilerThread0" daemon [_thread_in_native, id=864, stack(0x00007f55f5068000,0x00007f55f5169000)]
  0x0000000000aad800 JavaThread "JDWP Event Helper Thread" daemon [_thread_blocked, id=863, stack(0x00007f55f5169000,0x00007f55f526a000)]
  0x0000000000aa9800 JavaThread "JDWP Transport Listener: dt_socket" daemon [_thread_in_native, id=862, stack(0x00007f55f526a000,0x00007f55f536b000)]
  0x0000000000a6d000 JavaThread "Signal Dispatcher" daemon [_thread_blocked, id=861, stack(0x00007f55f5570000,0x00007f55f5671000)]
  0x0000000000a5b800 JavaThread "Finalizer" daemon [_thread_blocked, id=860, stack(0x00007f55f5671000,0x00007f55f5772000)]
  0x0000000000a54000 JavaThread "Reference Handler" daemon [_thread_blocked, id=859, stack(0x00007f55f5772000,0x00007f55f5873000)]

Other Threads:
  0x0000000000a4d000 VMThread [stack: 0x00007f55f5873000,0x00007f55f5974000] [id=858]
  0x00007f55f000e800 WatcherThread [stack: 0x00007f55f4d65000,0x00007f55f4e66000] [id=867]

VM state:not at safepoint (normal execution)

VM Mutex/Monitor currently owned by a thread: None

Heap
 PSYoungGen      total 68736K, used 41404K [0x00000007ac560000, 0x00000007b1780000, 0x0000000800000000)
  eden space 55552K, 71% used [0x00000007ac560000,0x00000007aebe4d68,0x00000007afba0000)
  from space 13184K, 14% used [0x00000007b0aa0000,0x00000007b0c8a690,0x00000007b1780000)
  to   space 14272K, 0% used [0x00000007afba0000,0x00000007afba0000,0x00000007b0990000)
 PSOldGen        total 171392K, used 11514K [0x0000000705000000, 0x000000070f760000, 0x00000007ac560000)
  object space 171392K, 6% used [0x0000000705000000,0x0000000705b3ea10,0x000000070f760000)
 PSPermGen       total 50048K, used 49886K [0x00000006faa00000, 0x00000006fdae0000, 0x0000000705000000)
  object space 50048K, 99% used [0x00000006faa00000,0x00000006fdab7b60,0x00000006fdae0000)

Code Cache  [0x00007f55f7a2b000, 0x00007f55f7ecb000, 0x00007f55faa2b000)
 total_blobs=1403 nmethods=739 adapters=625 free_code_cache=45558144 largest_free_block=21824

Dynamic libraries:
00400000-00409000 r-xp 00000000 08:05 920882                             /usr/lib/jvm/java-6-openjdk/jre/bin/java
00608000-00609000 r--p 00008000 08:05 920882                             /usr/lib/jvm/java-6-openjdk/jre/bin/java
00609000-0060a000 rw-p 00009000 08:05 920882                             /usr/lib/jvm/java-6-openjdk/jre/bin/java
009ce000-04c01000 rw-p 00000000 00:00 0                                  [heap]
6faa00000-6fdae0000 rw-p 00000000 00:00 0 
6fdae0000-705000000 rw-p 00000000 00:00 0 
705000000-70f760000 rw-p 00000000 00:00 0 
70f760000-7ac560000 rw-p 00000000 00:00 0 
7ac560000-7b1780000 rw-p 00000000 00:00 0 
7b1780000-7b1dd0000 ---p 00000000 00:00 0 
7b1dd0000-800000000 rw-p 00000000 00:00 0 
7f55ef6f2000-7f55ef6f5000 ---p 00000000 00:00 0 
7f55ef6f5000-7f55ef7f3000 rw-p 00000000 00:00 0 
7f55ef7f3000-7f55ef7f6000 ---p 00000000 00:00 0 
7f55ef7f6000-7f55ef8f4000 rw-p 00000000 00:00 0 
7f55ef8f4000-7f55ef8f7000 ---p 00000000 00:00 0 
7f55ef8f7000-7f55ef9f5000 rw-p 00000000 00:00 0 
7f55ef9f5000-7f55ef9f8000 ---p 00000000 00:00 0 
7f55ef9f8000-7f55efaf6000 rw-p 00000000 00:00 0 
7f55efaf6000-7f55efaf9000 ---p 00000000 00:00 0 
7f55efaf9000-7f55efbf7000 rw-p 00000000 00:00 0 
7f55efbf7000-7f55efbfa000 ---p 00000000 00:00 0 
7f55efbfa000-7f55efcf8000 rw-p 00000000 00:00 0 
7f55efcf8000-7f55efcfb000 ---p 00000000 00:00 0 
7f55efcfb000-7f55efdf9000 rw-p 00000000 00:00 0 
7f55efdf9000-7f55efdff000 r-xp 00000000 08:05 924543                     /usr/lib/jvm/java-6-openjdk/jre/lib/amd64/libmanagement.so
7f55efdff000-7f55efffe000 ---p 00006000 08:05 924543                     /usr/lib/jvm/java-6-openjdk/jre/lib/amd64/libmanagement.so
7f55efffe000-7f55effff000 r--p 00005000 08:05 924543                     /usr/lib/jvm/java-6-openjdk/jre/lib/amd64/libmanagement.so
7f55effff000-7f55f0000000 rw-p 00006000 08:05 924543                     /usr/lib/jvm/java-6-openjdk/jre/lib/amd64/libmanagement.so
7f55f0000000-7f55f2834000 rw-p 00000000 00:00 0 
7f55f2834000-7f55f4000000 ---p 00000000 00:00 0 
7f55f40bc000-7f55f40bf000 ---p 00000000 00:00 0 
7f55f40bf000-7f55f41bd000 rw-p 00000000 00:00 0 
7f55f41bd000-7f55f41c0000 ---p 00000000 00:00 0 
7f55f41c0000-7f55f42be000 rw-p 00000000 00:00 0 
7f55f42be000-7f55f42c1000 ---p 00000000 00:00 0 
7f55f42c1000-7f55f43bf000 rw-p 00000000 00:00 0 
7f55f43bf000-7f55f43c2000 ---p 00000000 00:00 0 
7f55f43c2000-7f55f44c0000 rw-p 00000000 00:00 0 
7f55f44c0000-7f55f44c3000 ---p 00000000 00:00 0 
7f55f44c3000-7f55f45c1000 rw-p 00000000 00:00 0 
7f55f45c1000-7f55f45c9000 r-xp 00000000 08:05 920896                     /usr/lib/jvm/java-6-openjdk/jre/lib/amd64/libnio.so
7f55f45c9000-7f55f47c8000 ---p 00008000 08:05 920896                     /usr/lib/jvm/java-6-openjdk/jre/lib/amd64/libnio.so
7f55f47c8000-7f55f47c9000 r--p 00007000 08:05 920896                     /usr/lib/jvm/java-6-openjdk/jre/lib/amd64/libnio.so
7f55f47c9000-7f55f47ca000 rw-p 00008000 08:05 920896                     /usr/lib/jvm/java-6-openjdk/jre/lib/amd64/libnio.so
7f55f48b3000-7f55f48c8000 r-xp 00000000 08:05 920905                     /usr/lib/jvm/java-6-openjdk/jre/lib/amd64/libnet.so
7f55f48c8000-7f55f4ac7000 ---p 00015000 08:05 920905                     /usr/lib/jvm/java-6-openjdk/jre/lib/amd64/libnet.so
7f55f4ac7000-7f55f4ac8000 r--p 00014000 08:05 920905                     /usr/lib/jvm/java-6-openjdk/jre/lib/amd64/libnet.so
7f55f4ac8000-7f55f4ac9000 rw-p 00015000 08:05 920905                     /usr/lib/jvm/java-6-openjdk/jre/lib/amd64/libnet.so
7f55f4b8a000-7f55f4b8d000 r--s 00031000 08:05 924515                     /usr/lib/jvm/java-6-openjdk/jre/lib/ext/sunjce_provider.jar
7f55f4b8d000-7f55f4b8f000 r--s 00013000 08:05 924465                     /usr/lib/jvm/java-6-openjdk/jre/lib/jce.jar
7f55f4b8f000-7f55f4b9e000 r--s 00074000 08:05 296141                     /opt/play-1.2.3/framework/lib/joda-time-1.6.jar
7f55f4b9e000-7f55f4ba4000 r--s 00038000 08:05 296158                     /opt/play-1.2.3/framework/lib/snakeyaml-1.7.jar
7f55f4ba4000-7f55f4bab000 r--s 0006a000 08:05 296148                     /opt/play-1.2.3/framework/lib/mail-1.4.3.jar
7f55f4bab000-7f55f4bad000 r--s 0000c000 08:05 296101                     /opt/play-1.2.3/framework/lib/activation-1.1.1.jar
7f55f4bad000-7f55f4bb8000 r--s 00124000 08:05 296123                     /opt/play-1.2.3/framework/lib/h2-1.3.149.jar
7f55f4bb8000-7f55f4bbb000 r--s 00024000 08:05 296113                     /opt/play-1.2.3/framework/lib/commons-io-2.0.1.jar
7f55f4bbb000-7f55f4bbd000 r--s 0000b000 08:05 296139                     /opt/play-1.2.3/framework/lib/jj-textile.jar
7f55f4bbd000-7f55f4bc2000 r--s 00048000 08:05 296117                     /opt/play-1.2.3/framework/lib/dom4j-1.6.1.jar
7f55f4bc2000-7f55f4bc5000 r--s 00011000 08:05 296119                     /opt/play-1.2.3/framework/lib/ezmorph-1.0.3.jar
7f55f4bc5000-7f55f4bc8000 r--s 0000f000 08:05 296120                     /opt/play-1.2.3/framework/lib/geronimo-servlet_2.5_spec-1.2.jar
7f55f4bc8000-7f55f4bca000 r--s 00002000 08:05 296144                     /opt/play-1.2.3/framework/lib/jta-1.1.jar
7f55f4bca000-7f55f4bd2000 r--s 0008a000 08:05 296134                     /opt/play-1.2.3/framework/lib/javassist-3.9.0.GA.jar
7f55f4bd2000-7f55f4bd3000 r--s 00007000 08:05 296111                     /opt/play-1.2.3/framework/lib/commons-email-1.2.jar
7f55f4bd3000-7f55f4bd8000 r--s 00014000 08:05 296131                     /opt/play-1.2.3/framework/lib/hibernate-jpa-2.0-api-1.0.0.Final.jar
7f55f4bd8000-7f55f4bda000 r--s 00015000 08:05 296142                     /opt/play-1.2.3/framework/lib/jregex-1.2_01.jar
7f55f4bda000-7f55f4be3000 r--s 0005d000 08:05 296129                     /opt/play-1.2.3/framework/lib/hibernate-entitymanager-3.6.0.Final.jar
7f55f4be3000-7f55f4be6000 r--s 00022000 08:05 296133                     /opt/play-1.2.3/framework/lib/jamon-2.7.jar
7f55f4be6000-7f55f4bed000 r--s 00059000 08:05 296147                     /opt/play-1.2.3/framework/lib/log4j-1.2.15.jar
7f55f4bed000-7f55f4c12000 r--s 00172000 08:05 296105                     /opt/play-1.2.3/framework/lib/bcprov-jdk15-1.45.jar
7f55f4c12000-7f55f4c21000 r--s 000b2000 08:05 296151                     /opt/play-1.2.3/framework/lib/netty-3.2.4.Final.jar
7f55f4c21000-7f55f4c27000 r--s 00032000 08:05 296136                     /opt/play-1.2.3/framework/lib/jaxen-1.1.jar
7f55f4c27000-7f55f4c2e000 r--s 00038000 08:05 296140                     /opt/play-1.2.3/framework/lib/jj-wikitext.jar
7f55f4c2e000-7f55f4c3d000 r--s 000d9000 08:05 296132                     /opt/play-1.2.3/framework/lib/ivy-2.2.0.jar
7f55f4c3d000-7f55f4c91000 r--s 00516000 08:05 296121                     /opt/play-1.2.3/framework/lib/groovy-all-1.7.7.jar
7f55f4c91000-7f55f4c97000 r--s 00034000 08:05 296145                     /opt/play-1.2.3/framework/lib/junit-4.8.1.jar
7f55f4c97000-7f55f4ca1000 r--s 0006f000 08:05 296118                     /opt/play-1.2.3/framework/lib/ehcache-core-2.0.0.jar
7f55f4ca1000-7f55f4ca3000 r--s 00008000 08:05 296155                     /opt/play-1.2.3/framework/lib/signpost-core-1.2.jar
7f55f4ca3000-7f55f4ca5000 r--s 0000e000 08:05 296114                     /opt/play-1.2.3/framework/lib/commons-javaflow-1066591.jar
7f55f4ca5000-7f55f4cab000 r--s 0007e000 08:05 296154                     /opt/play-1.2.3/framework/lib/postgresql-9.0.jar
7f55f4cab000-7f55f4cad000 r--s 0000d000 08:05 296116                     /opt/play-1.2.3/framework/lib/commons-logging-1.1.1.jar
7f55f4cad000-7f55f4cae000 r--s 00000000 08:05 296135                     /opt/play-1.2.3/framework/lib/javax.inject-1.0.jar
7f55f4cae000-7f55f4cb4000 r--s 00067000 08:05 296102                     /opt/play-1.2.3/framework/lib/antlr-2.7.6.jar
7f55f4cb4000-7f55f4cba000 r--s 00049000 08:05 296104                     /opt/play-1.2.3/framework/lib/async-http-client-1.6.3.jar
7f55f4cba000-7f55f4cc1000 r--s 000b7000 08:05 296150                     /opt/play-1.2.3/framework/lib/mysql-connector-java-5.1.13.jar
7f55f4cc1000-7f55f4cc4000 r--s 0000f000 08:05 296125                     /opt/play-1.2.3/framework/lib/hibernate-commons-annotations-3.2.0.Final.jar
7f55f4cc4000-7f55f4cc6000 r--s 0000d000 08:05 296112                     /opt/play-1.2.3/framework/lib/commons-fileupload-1.2.2.jar
7f55f4cc6000-7f55f4ccc000 r--s 00049000 08:05 296107                     /opt/play-1.2.3/framework/lib/cglib-nodep-2.2.jar
7f55f4ccc000-7f55f4cda000 r--s 0007f000 08:05 296110                     /opt/play-1.2.3/framework/lib/commons-collections-3.2.1.jar
7f55f4cda000-7f55f4ce5000 r--s 0005a000 08:05 296159                     /opt/play-1.2.3/framework/lib/xstream-1.3.jar
7f55f4ce5000-7f55f4cec000 r--s 00049000 08:05 296153                     /opt/play-1.2.3/framework/lib/oval-1.50.jar
7f55f4cec000-7f55f4cee000 r--s 00005000 08:05 296156                     /opt/play-1.2.3/framework/lib/slf4j-api-1.6.1.jar
7f55f4cee000-7f55f4cf3000 r--s 00041000 08:05 296115                     /opt/play-1.2.3/framework/lib/commons-lang-2.6.jar
7f55f4cf3000-7f55f4cfe000 r--s 0008b000 08:05 296106                     /opt/play-1.2.3/framework/lib/c3p0-0.9.1.2.jar
7f55f4cfe000-7f55f4d27000 r--s 00403000 08:05 296152                     /opt/play-1.2.3/framework/lib/org.eclipse.jdt.core-3.6.0.jar
7f55f4d27000-7f55f4d59000 r--s 002c7000 08:05 296127                     /opt/play-1.2.3/framework/lib/hibernate-core-3.6.1.Final.jar
7f55f4d59000-7f55f4d5e000 r--s 00034000 08:05 296108                     /opt/play-1.2.3/framework/lib/commons-beanutils-1.8.3.jar
7f55f4d5e000-7f55f4d63000 r--s 0002e000 08:05 296103                     /opt/play-1.2.3/framework/lib/asm-all-3.3.1.jar
7f55f4d63000-7f55f4d65000 r--s 00015000 08:05 296138                     /opt/play-1.2.3/framework/lib/jj-simplecaptcha.jar
7f55f4d65000-7f55f4d66000 ---p 00000000 00:00 0 
7f55f4d66000-7f55f4e66000 rw-p 00000000 00:00 0 
7f55f4e66000-7f55f4e69000 ---p 00000000 00:00 0 
7f55f4e69000-7f55f4f67000 rw-p 00000000 00:00 0 
7f55f4f67000-7f55f4f6a000 ---p 00000000 00:00 0 
7f55f4f6a000-7f55f5068000 rw-p 00000000 00:00 0 
7f55f5068000-7f55f506b000 ---p 00000000 00:00 0 
7f55f506b000-7f55f5169000 rw-p 00000000 00:00 0 
7f55f5169000-7f55f516c000 ---p 00000000 00:00 0 
7f55f516c000-7f55f526a000 rw-p 00000000 00:00 0 
7f55f526a000-7f55f526d000 ---p 00000000 00:00 0 
7f55f526d000-7f55f536b000 rw-p 00000000 00:00 0 
7f55f536b000-7f55f536f000 r-xp 00000000 08:05 920894                     /usr/lib/jvm/java-6-openjdk/jre/lib/amd64/libdt_socket.so
7f55f536f000-7f55f556e000 ---p 00004000 08:05 920894                     /usr/lib/jvm/java-6-openjdk/jre/lib/amd64/libdt_socket.so
7f55f556e000-7f55f556f000 r--p 00003000 08:05 920894                     /usr/lib/jvm/java-6-openjdk/jre/lib/amd64/libdt_socket.so
7f55f556f000-7f55f5570000 rw-p 00004000 08:05 920894                     /usr/lib/jvm/java-6-openjdk/jre/lib/amd64/libdt_socket.so
7f55f5570000-7f55f5573000 ---p 00000000 00:00 0 
7f55f5573000-7f55f5671000 rw-p 00000000 00:00 0 
7f55f5671000-7f55f5674000 ---p 00000000 00:00 0 
7f55f5674000-7f55f5772000 rw-p 00000000 00:00 0 
7f55f5772000-7f55f5775000 ---p 00000000 00:00 0 
7f55f5775000-7f55f5873000 rw-p 00000000 00:00 0 
7f55f5873000-7f55f5874000 ---p 00000000 00:00 0 
7f55f5874000-7f55f62b0000 rw-p 00000000 00:00 0 
7f55f62b0000-7f55f6441000 r--s 037b8000 08:05 924546                     /usr/lib/jvm/java-6-openjdk/jre/lib/rt.jar
7f55f6441000-7f55f6469000 rw-p 00000000 00:00 0 
7f55f6469000-7f55f646a000 ---p 00000000 00:00 0 
7f55f646a000-7f55f656a000 rw-p 00000000 00:00 0 
7f55f656a000-7f55f656b000 ---p 00000000 00:00 0 
7f55f656b000-7f55f666b000 rw-p 00000000 00:00 0 
7f55f666b000-7f55f666c000 ---p 00000000 00:00 0 
7f55f666c000-7f55f676c000 rw-p 00000000 00:00 0 
7f55f676c000-7f55f676d000 ---p 00000000 00:00 0 
7f55f676d000-7f55f686d000 rw-p 00000000 00:00 0 
7f55f686d000-7f55f686e000 ---p 00000000 00:00 0 
7f55f686e000-7f55f696e000 rw-p 00000000 00:00 0 
7f55f696e000-7f55f696f000 ---p 00000000 00:00 0 
7f55f696f000-7f55f6a6f000 rw-p 00000000 00:00 0 
7f55f6a6f000-7f55f6a70000 ---p 00000000 00:00 0 
7f55f6a70000-7f55f6b70000 rw-p 00000000 00:00 0 
7f55f6b70000-7f55f6b71000 ---p 00000000 00:00 0 
7f55f6b71000-7f55f6c8a000 rw-p 00000000 00:00 0 
7f55f6c8a000-7f55f6cc4000 rw-p 00000000 00:00 0 
7f55f6cc4000-7f55f6d18000 rw-p 00000000 00:00 0 
7f55f6d18000-7f55f71ff000 rw-p 00000000 00:00 0 
7f55f71ff000-7f55f7218000 rw-p 00000000 00:00 0 
7f55f7218000-7f55f7252000 rw-p 00000000 00:00 0 
7f55f7252000-7f55f72a6000 rw-p 00000000 00:00 0 
7f55f72a6000-7f55f778c000 rw-p 00000000 00:00 0 
7f55f778c000-7f55f77b6000 rw-p 00000000 00:00 0 
7f55f77b6000-7f55f77b9000 ---p 00000000 00:00 0 
7f55f77b9000-7f55f7a2a000 rw-p 00000000 00:00 0 
7f55f7a2a000-7f55f7a2b000 rw-p 00000000 00:00 0 
7f55f7a2b000-7f55f7ecb000 rwxp 00000000 00:00 0 
7f55f7ecb000-7f55faa2b000 rw-p 00000000 00:00 0 
7f55faa2b000-7f55faa32000 r-xp 00000000 08:05 924533                     /usr/lib/jvm/java-6-openjdk/jre/lib/amd64/libzip.so
7f55faa32000-7f55fac31000 ---p 00007000 08:05 924533                     /usr/lib/jvm/java-6-openjdk/jre/lib/amd64/libzip.so
7f55fac31000-7f55fac32000 r--p 00006000 08:05 924533                     /usr/lib/jvm/java-6-openjdk/jre/lib/amd64/libzip.so
7f55fac32000-7f55fac33000 rw-p 00007000 08:05 924533                     /usr/lib/jvm/java-6-openjdk/jre/lib/amd64/libzip.so
7f55fac33000-7f55fac3f000 r-xp 00000000 08:05 1068842                    /lib/x86_64-linux-gnu/libnss_files-2.13.so
7f55fac3f000-7f55fae3e000 ---p 0000c000 08:05 1068842                    /lib/x86_64-linux-gnu/libnss_files-2.13.so
7f55fae3e000-7f55fae3f000 r--p 0000b000 08:05 1068842                    /lib/x86_64-linux-gnu/libnss_files-2.13.so
7f55fae3f000-7f55fae40000 rw-p 0000c000 08:05 1068842                    /lib/x86_64-linux-gnu/libnss_files-2.13.so
7f55fae40000-7f55fae4a000 r-xp 00000000 08:05 1068848                    /lib/x86_64-linux-gnu/libnss_nis-2.13.so
7f55fae4a000-7f55fb04a000 ---p 0000a000 08:05 1068848                    /lib/x86_64-linux-gnu/libnss_nis-2.13.so
7f55fb04a000-7f55fb04b000 r--p 0000a000 08:05 1068848                    /lib/x86_64-linux-gnu/libnss_nis-2.13.so
7f55fb04b000-7f55fb04c000 rw-p 0000b000 08:05 1068848                    /lib/x86_64-linux-gnu/libnss_nis-2.13.so
7f55fb04c000-7f55fb063000 r-xp 00000000 08:05 1068837                    /lib/x86_64-linux-gnu/libnsl-2.13.so
7f55fb063000-7f55fb262000 ---p 00017000 08:05 1068837                    /lib/x86_64-linux-gnu/libnsl-2.13.so
7f55fb262000-7f55fb263000 r--p 00016000 08:05 1068837                    /lib/x86_64-linux-gnu/libnsl-2.13.so
7f55fb263000-7f55fb264000 rw-p 00017000 08:05 1068837                    /lib/x86_64-linux-gnu/libnsl-2.13.so
7f55fb264000-7f55fb266000 rw-p 00000000 00:00 0 
7f55fb266000-7f55fb26e000 r-xp 00000000 08:05 1068834                    /lib/x86_64-linux-gnu/libnss_compat-2.13.so
7f55fb26e000-7f55fb46d000 ---p 00008000 08:05 1068834                    /lib/x86_64-linux-gnu/libnss_compat-2.13.so
7f55fb46d000-7f55fb46e000 r--p 00007000 08:05 1068834                    /lib/x86_64-linux-gnu/libnss_compat-2.13.so
7f55fb46e000-7f55fb46f000 rw-p 00008000 08:05 1068834                    /lib/x86_64-linux-gnu/libnss_compat-2.13.so
7f55fb46f000-7f55fbda0000 r--p 00000000 08:05 922981                     /usr/lib/locale/locale-archive
7f55fbda0000-7f55fbda3000 r-xp 00000000 08:05 920914                     /usr/lib/jvm/java-6-openjdk/jre/lib/amd64/libnpt.so
7f55fbda3000-7f55fbfa2000 ---p 00003000 08:05 920914                     /usr/lib/jvm/java-6-openjdk/jre/lib/amd64/libnpt.so
7f55fbfa2000-7f55fbfa3000 r--p 00002000 08:05 920914                     /usr/lib/jvm/java-6-openjdk/jre/lib/amd64/libnpt.so
7f55fbfa3000-7f55fbfa4000 rw-p 00003000 08:05 920914                     /usr/lib/jvm/java-6-openjdk/jre/lib/amd64/libnpt.so
7f55fbfa4000-7f55fbfad000 r-xp 00000000 08:05 924528                     /usr/lib/jvm/java-6-openjdk/jre/lib/amd64/libinstrument.so
7f55fbfad000-7f55fc1ad000 ---p 00009000 08:05 924528                     /usr/lib/jvm/java-6-openjdk/jre/lib/amd64/libinstrument.so
7f55fc1ad000-7f55fc1ae000 r--p 00009000 08:05 924528                     /usr/lib/jvm/java-6-openjdk/jre/lib/amd64/libinstrument.so
7f55fc1ae000-7f55fc1af000 rw-p 0000a000 08:05 924528                     /usr/lib/jvm/java-6-openjdk/jre/lib/amd64/libinstrument.so
7f55fc1af000-7f55fc1e9000 r-xp 00000000 08:05 920913                     /usr/lib/jvm/java-6-openjdk/jre/lib/amd64/libjdwp.so
7f55fc1e9000-7f55fc3e8000 ---p 0003a000 08:05 920913                     /usr/lib/jvm/java-6-openjdk/jre/lib/amd64/libjdwp.so
7f55fc3e8000-7f55fc3e9000 r--p 00039000 08:05 920913                     /usr/lib/jvm/java-6-openjdk/jre/lib/amd64/libjdwp.so
7f55fc3e9000-7f55fc3ea000 rw-p 0003a000 08:05 920913                     /usr/lib/jvm/java-6-openjdk/jre/lib/amd64/libjdwp.so
7f55fc3ea000-7f55fc416000 r-xp 00000000 08:05 924532                     /usr/lib/jvm/java-6-openjdk/jre/lib/amd64/libjava.so
7f55fc416000-7f55fc615000 ---p 0002c000 08:05 924532                     /usr/lib/jvm/java-6-openjdk/jre/lib/amd64/libjava.so
7f55fc615000-7f55fc616000 r--p 0002b000 08:05 924532                     /usr/lib/jvm/java-6-openjdk/jre/lib/amd64/libjava.so
7f55fc616000-7f55fc619000 rw-p 0002c000 08:05 924532                     /usr/lib/jvm/java-6-openjdk/jre/lib/amd64/libjava.so
7f55fc619000-7f55fc627000 r-xp 00000000 08:05 920904                     /usr/lib/jvm/java-6-openjdk/jre/lib/amd64/libverify.so
7f55fc627000-7f55fc826000 ---p 0000e000 08:05 920904                     /usr/lib/jvm/java-6-openjdk/jre/lib/amd64/libverify.so
7f55fc826000-7f55fc828000 r--p 0000d000 08:05 920904                     /usr/lib/jvm/java-6-openjdk/jre/lib/amd64/libverify.so
7f55fc828000-7f55fc829000 rw-p 0000f000 08:05 920904                     /usr/lib/jvm/java-6-openjdk/jre/lib/amd64/libverify.so
7f55fc829000-7f55fc830000 r-xp 00000000 08:05 1044505                    /lib/x86_64-linux-gnu/librt-2.13.so
7f55fc830000-7f55fca2f000 ---p 00007000 08:05 1044505                    /lib/x86_64-linux-gnu/librt-2.13.so
7f55fca2f000-7f55fca30000 r--p 00006000 08:05 1044505                    /lib/x86_64-linux-gnu/librt-2.13.so
7f55fca30000-7f55fca31000 rw-p 00007000 08:05 1044505                    /lib/x86_64-linux-gnu/librt-2.13.so
7f55fca31000-7f55fca46000 r-xp 00000000 08:05 1068525                    /lib/x86_64-linux-gnu/libgcc_s.so.1
7f55fca46000-7f55fcc45000 ---p 00015000 08:05 1068525                    /lib/x86_64-linux-gnu/libgcc_s.so.1
7f55fcc45000-7f55fcc46000 r--p 00014000 08:05 1068525                    /lib/x86_64-linux-gnu/libgcc_s.so.1
7f55fcc46000-7f55fcc47000 rw-p 00015000 08:05 1068525                    /lib/x86_64-linux-gnu/libgcc_s.so.1
7f55fcc47000-7f55fccca000 r-xp 00000000 08:05 1068849                    /lib/x86_64-linux-gnu/libm-2.13.so
7f55fccca000-7f55fcec9000 ---p 00083000 08:05 1068849                    /lib/x86_64-linux-gnu/libm-2.13.so
7f55fcec9000-7f55fceca000 r--p 00082000 08:05 1068849                    /lib/x86_64-linux-gnu/libm-2.13.so
7f55fceca000-7f55fcecb000 rw-p 00083000 08:05 1068849                    /lib/x86_64-linux-gnu/libm-2.13.so
7f55fcecb000-7f55fcfb3000 r-xp 00000000 08:05 914676                     /usr/lib/x86_64-linux-gnu/libstdc++.so.6.0.16
7f55fcfb3000-7f55fd1b3000 ---p 000e8000 08:05 914676                     /usr/lib/x86_64-linux-gnu/libstdc++.so.6.0.16
7f55fd1b3000-7f55fd1bb000 r--p 000e8000 08:05 914676                     /usr/lib/x86_64-linux-gnu/libstdc++.so.6.0.16
7f55fd1bb000-7f55fd1bd000 rw-p 000f0000 08:05 914676                     /usr/lib/x86_64-linux-gnu/libstdc++.so.6.0.16
7f55fd1bd000-7f55fd1d2000 rw-p 00000000 00:00 0 
7f55fd1d2000-7f55fdad5000 r-xp 00000000 08:05 924535                     /usr/lib/jvm/java-6-openjdk/jre/lib/amd64/server/libjvm.so
7f55fdad5000-7f55fdcd4000 ---p 00903000 08:05 924535                     /usr/lib/jvm/java-6-openjdk/jre/lib/amd64/server/libjvm.so
7f55fdcd4000-7f55fdd55000 r--p 00902000 08:05 924535                     /usr/lib/jvm/java-6-openjdk/jre/lib/amd64/server/libjvm.so
7f55fdd55000-7f55fdd70000 rw-p 00983000 08:05 924535                     /usr/lib/jvm/java-6-openjdk/jre/lib/amd64/server/libjvm.so
7f55fdd70000-7f55fdd99000 rw-p 00000000 00:00 0 
7f55fdd99000-7f55fddb0000 r-xp 00000000 08:05 1048733                    /lib/x86_64-linux-gnu/libz.so.1.2.3.4
7f55fddb0000-7f55fdfaf000 ---p 00017000 08:05 1048733                    /lib/x86_64-linux-gnu/libz.so.1.2.3.4
7f55fdfaf000-7f55fdfb0000 r--p 00016000 08:05 1048733                    /lib/x86_64-linux-gnu/libz.so.1.2.3.4
7f55fdfb0000-7f55fdfb1000 rw-p 00017000 08:05 1048733                    /lib/x86_64-linux-gnu/libz.so.1.2.3.4
7f55fdfb1000-7f55fe146000 r-xp 00000000 08:05 1068839                    /lib/x86_64-linux-gnu/libc-2.13.so
7f55fe146000-7f55fe345000 ---p 00195000 08:05 1068839                    /lib/x86_64-linux-gnu/libc-2.13.so
7f55fe345000-7f55fe349000 r--p 00194000 08:05 1068839                    /lib/x86_64-linux-gnu/libc-2.13.so
7f55fe349000-7f55fe34a000 rw-p 00198000 08:05 1068839                    /lib/x86_64-linux-gnu/libc-2.13.so
7f55fe34a000-7f55fe350000 rw-p 00000000 00:00 0 
7f55fe350000-7f55fe352000 r-xp 00000000 08:05 1068840                    /lib/x86_64-linux-gnu/libdl-2.13.so
7f55fe352000-7f55fe552000 ---p 00002000 08:05 1068840                    /lib/x86_64-linux-gnu/libdl-2.13.so
7f55fe552000-7f55fe553000 r--p 00002000 08:05 1068840                    /lib/x86_64-linux-gnu/libdl-2.13.so
7f55fe553000-7f55fe554000 rw-p 00003000 08:05 1068840                    /lib/x86_64-linux-gnu/libdl-2.13.so
7f55fe554000-7f55fe558000 r-xp 00000000 08:05 920901                     /usr/lib/jvm/java-6-openjdk/jre/lib/amd64/jli/libjli.so
7f55fe558000-7f55fe757000 ---p 00004000 08:05 920901                     /usr/lib/jvm/java-6-openjdk/jre/lib/amd64/jli/libjli.so
7f55fe757000-7f55fe758000 r--p 00003000 08:05 920901                     /usr/lib/jvm/java-6-openjdk/jre/lib/amd64/jli/libjli.so
7f55fe758000-7f55fe759000 rw-p 00004000 08:05 920901                     /usr/lib/jvm/java-6-openjdk/jre/lib/amd64/jli/libjli.so
7f55fe759000-7f55fe771000 r-xp 00000000 08:05 1068847                    /lib/x86_64-linux-gnu/libpthread-2.13.so
7f55fe771000-7f55fe970000 ---p 00018000 08:05 1068847                    /lib/x86_64-linux-gnu/libpthread-2.13.so
7f55fe970000-7f55fe971000 r--p 00017000 08:05 1068847                    /lib/x86_64-linux-gnu/libpthread-2.13.so
7f55fe971000-7f55fe972000 rw-p 00018000 08:05 1068847                    /lib/x86_64-linux-gnu/libpthread-2.13.so
7f55fe972000-7f55fe976000 rw-p 00000000 00:00 0 
7f55fe976000-7f55fe997000 r-xp 00000000 08:05 1068846                    /lib/x86_64-linux-gnu/ld-2.13.so
7f55fe997000-7f55fe99d000 r--s 00040000 08:05 296149                     /opt/play-1.2.3/framework/lib/memcached-2.6.jar
7f55fe99d000-7f55fe99f000 r--s 00001000 08:05 296143                     /opt/play-1.2.3/framework/lib/jsr107cache-1.0.jar
7f55fe99f000-7f55fe9a3000 r--s 00027000 08:05 296122                     /opt/play-1.2.3/framework/lib/gson-1.7.1.jar
7f55fe9a3000-7f55fe9a8000 r--s 00020000 08:05 296137                     /opt/play-1.2.3/framework/lib/jj-imaging.jar
7f55fe9a8000-7f55fe9ab000 r--s 0007d000 08:05 924457                     /usr/lib/jvm/java-6-openjdk/jre/lib/jsse.jar
7f55fe9ab000-7f55fe9b6000 r--s 000b8000 08:05 296160                     /opt/play-1.2.3/framework/play-1.2.3.jar
7f55fe9b6000-7f55fe9c9000 rw-p 00000000 00:00 0 
7f55fe9c9000-7f55fea76000 rw-p 00000000 00:00 0 
7f55fea76000-7f55fea79000 ---p 00000000 00:00 0 
7f55fea79000-7f55feb7c000 rw-p 00000000 00:00 0 
7f55feb7c000-7f55feb7d000 r--s 00002000 08:05 296157                     /opt/play-1.2.3/framework/lib/slf4j-log4j12-1.6.1.jar
7f55feb7d000-7f55feb7f000 r--s 0000d000 08:05 296109                     /opt/play-1.2.3/framework/lib/commons-codec-1.4.jar
7f55feb7f000-7f55feb80000 rw-p 00000000 00:00 0 
7f55feb80000-7f55feb82000 r--s 0000f000 08:05 924518                     /usr/lib/jvm/java-6-openjdk/jre/lib/ext/pulse-java.jar
7f55feb82000-7f55feb8a000 r--s 00066000 08:05 136034                     /usr/share/java/gnome-java-bridge.jar
7f55feb8a000-7f55feb92000 rw-s 00000000 08:05 785185                     /tmp/hsperfdata_pascal/844
7f55feb92000-7f55feb93000 rw-p 00000000 00:00 0 
7f55feb93000-7f55feb94000 r--p 00000000 00:00 0 
7f55feb94000-7f55feb96000 rw-p 00000000 00:00 0 
7f55feb96000-7f55feb97000 r--p 00020000 08:05 1068846                    /lib/x86_64-linux-gnu/ld-2.13.so
7f55feb97000-7f55feb99000 rw-p 00021000 08:05 1068846                    /lib/x86_64-linux-gnu/ld-2.13.so
7fffcded9000-7fffcdefb000 rw-p 00000000 00:00 0                          [stack]
7fffcdf5f000-7fffcdf60000 r-xp 00000000 00:00 0                          [vdso]
ffffffffff600000-ffffffffff601000 r-xp 00000000 00:00 0                  [vsyscall]

VM Arguments:
jvm_args: -Xdebug -Xrunjdwp:transport=dt_socket,address=0,server=y,suspend=n -Dplay.debug=yes -Dplay.id= -Dapplication.path=/home/pascal/workspace/codeboard-core -Djava.endorsed.dirs=/opt/play-1.2.3/framework/endorsed -javaagent:/opt/play-1.2.3/framework/play-1.2.3.jar -Dfile.encoding=UTF-8 
java_command: play.server.Server
Launcher Type: SUN_STANDARD

Environment Variables:
PATH=/home/pascal/bin:/usr/lib/lightdm/lightdm:/usr/local/sbin:/usr/local/bin:/usr/sbin:/usr/bin:/sbin:/bin:/usr/games:/opt/play
USERNAME=pascal
LD_LIBRARY_PATH=/usr/lib/jvm/java-6-openjdk/jre/lib/amd64/server:/usr/lib/jvm/java-6-openjdk/jre/lib/amd64:/usr/lib/jvm/java-6-openjdk/jre/../lib/amd64
SHELL=/bin/bash
DISPLAY=:0

Signal Handlers:
SIGSEGV: [libjvm.so+0x783e60], sa_mask[0]=0x7ffbfeff, sa_flags=0x10000004
SIGBUS: [libjvm.so+0x783e60], sa_mask[0]=0x7ffbfeff, sa_flags=0x10000004
SIGFPE: [libjvm.so+0x6485c0], sa_mask[0]=0x7ffbfeff, sa_flags=0x10000004
SIGPIPE: [libjvm.so+0x6485c0], sa_mask[0]=0x7ffbfeff, sa_flags=0x10000004
SIGXFSZ: [libjvm.so+0x6485c0], sa_mask[0]=0x7ffbfeff, sa_flags=0x10000004
SIGILL: [libjvm.so+0x6485c0], sa_mask[0]=0x7ffbfeff, sa_flags=0x10000004
SIGUSR1: SIG_DFL, sa_mask[0]=0x00000000, sa_flags=0x00000000
SIGUSR2: [libjvm.so+0x648770], sa_mask[0]=0x00000004, sa_flags=0x10000004
SIGHUP: [libjvm.so+0x64b280], sa_mask[0]=0x7ffbfeff, sa_flags=0x10000004
SIGINT: [libjvm.so+0x64b280], sa_mask[0]=0x7ffbfeff, sa_flags=0x10000004
SIGTERM: [libjvm.so+0x64b280], sa_mask[0]=0x7ffbfeff, sa_flags=0x10000004
SIGQUIT: [libjvm.so+0x64b280], sa_mask[0]=0x7ffbfeff, sa_flags=0x10000004


---------------  S Y S T E M  ---------------

OS:Ubuntu 11.10 (oneiric)
uname:Linux 3.0.0-12-generic #20-Ubuntu SMP Fri Oct 7 14:56:25 UTC 2011 x86_64
libc:glibc 2.13 NPTL 2.13 
rlimit: STACK 8192k, CORE 0k, NPROC 128386, NOFILE 4096, AS infinity
load average:0,12 0,15 0,19

/proc/meminfo:
MemTotal:       16449340 kB
MemFree:        10818184 kB
Buffers:          182512 kB
Cached:          2066744 kB
SwapCached:            0 kB
Active:          3504248 kB
Inactive:        1716176 kB
Active(anon):    2986176 kB
Inactive(anon):    39776 kB
Active(file):     518072 kB
Inactive(file):  1676400 kB
Unevictable:          64 kB
Mlocked:              64 kB
SwapTotal:      16755708 kB
SwapFree:       16755708 kB
Dirty:               560 kB
Writeback:             0 kB
AnonPages:       2971356 kB
Mapped:           244864 kB
Shmem:             54788 kB
Slab:             107428 kB
SReclaimable:      74556 kB
SUnreclaim:        32872 kB
KernelStack:        4824 kB
PageTables:        38424 kB
NFS_Unstable:          0 kB
Bounce:                0 kB
WritebackTmp:          0 kB
CommitLimit:    24980376 kB
Committed_AS:    6012612 kB
VmallocTotal:   34359738367 kB
VmallocUsed:      175300 kB
VmallocChunk:   34359547900 kB
HardwareCorrupted:     0 kB
AnonHugePages:         0 kB
HugePages_Total:       0
HugePages_Free:        0
HugePages_Rsvd:        0
HugePages_Surp:        0
Hugepagesize:       2048 kB
DirectMap4k:      147456 kB
DirectMap2M:    16613376 kB


CPU:total 8 (4 cores per cpu, 2 threads per core) family 6 model 42 stepping 7, cmov, cx8, fxsr, mmx, sse, sse2, sse3, ssse3, sse4.1, sse4.2, popcnt, ht

Memory: 4k page, physical 16449340k(10818184k free), swap 16755708k(16755708k free)

vm_info: OpenJDK 64-Bit Server VM (20.0-b11) for linux-amd64 JRE (1.6.0_23-b23), built on Oct 22 2011 01:00:57 by "buildd" with gcc 4.6.1

time: Sun Nov 27 23:17:05 2011
elapsed time: 801 seconds

