#
# A fatal error has been detected by the Java Runtime Environment:
#
#  SIGSEGV (0xb) at pc=0x00007fbab73a494e, pid=6382, tid=140439772976896
#
# JRE version: 6.0_23-b23
# Java VM: OpenJDK 64-Bit Server VM (20.0-b11 mixed mode linux-amd64 compressed oops)
# Derivative: IcedTea6 1.11pre
# Distribution: Ubuntu 11.10, package 6b23~pre11-0ubuntu1.11.10
# Problematic frame:
# V  [libjvm.so+0x5bc94e]  PhaseIdealLoop::build_loop_late_post(Node*)+0x14e
#
# If you would like to submit a bug report, please include
# instructions how to reproduce the bug and visit:
#   https://bugs.launchpad.net/ubuntu/+source/openjdk-6/
#

---------------  T H R E A D  ---------------

Current thread (0x00007fbaa8058000):  JavaThread "C2 CompilerThread1" daemon [_thread_in_native, id=6399, stack(0x00007fbaaeb7d000,0x00007fbaaec7e000)]

siginfo:si_signo=SIGSEGV: si_errno=0, si_code=1 (SEGV_MAPERR), si_addr=0x0000000000000008

Registers:
RAX=0x0000000000000000, RBX=0x00007fbaaec7aab0, RCX=0x000000000356cf90, RDX=0x0000000000002000
RSP=0x00007fbaaec792f0, RBP=0x00007fbaaec79330, RSI=0x00000000026aa370, RDI=0x0000000000000000
R8 =0x000000000268e2a0, R9 =0x00007fbaaec7aab0, R10=0x00000000026aa370, R11=0x0000000000000000
R12=0x00007fbaa8162580, R13=0x00007fbaa89ea688, R14=0x00007fbaaec7aad0, R15=0x0000000001de5418
RIP=0x00007fbab73a494e, EFLAGS=0x0000000000010206, CSGSFS=0x0000000000000033, ERR=0x0000000000000004
  TRAPNO=0x000000000000000e

Top of Stack: (sp=0x00007fbaaec792f0)
0x00007fbaaec792f0:   00007fbaa8a94ad8 00007fbaaec795d0
0x00007fbaaec79300:   00007fbaaec79330 00007fbaaec7aab0
0x00007fbaaec79310:   0000000000000002 00007fbaa8162580
0x00007fbaaec79320:   0000000002570188 00007fbaaec795d0
0x00007fbaaec79330:   00007fbaaec793a0 00007fbab73a4ebb
0x00007fbaaec79340:   0000000001b178d0 00007fba00000100
0x00007fbaaec79350:   00007fba00000001 00007fbaaec7b450
0x00007fbaaec79360:   00007fbaaec795f0 00007fbaaec79590
0x00007fbaaec79370:   0000000000001804 00007fbaaec7aab0
0x00007fbaaec79380:   0000000000000007 0000000000000001
0x00007fbaaec79390:   0000000000000001 0000000001b178d0
0x00007fbaaec793a0:   00007fbaaec79640 00007fbab73a5a82
0x00007fbaaec793b0:   00007fbaaec793f0 0000000001b17860
0x00007fbaaec793c0:   00007fbaa9082868 00007fbaaec7aad0
0x00007fbaaec793d0:   00007fbaa8c284c8 00007fbaaec79690
0x00007fbaaec793e0:   00007fbaa8c28838 00007fbaa8c28788
0x00007fbaaec793f0:   00007fbaaec794c0 00007fbab72568f1
0x00007fbaaec79400:   0000000000000000 00007fbaa81959a0
0x00007fbaaec79410:   00007fbab79797e0 0000000000000004
0x00007fbaaec79420:   00007fbaaec7a058 00007fbaaec7a078
0x00007fbaaec79430:   00007fbaaec79460 00007fbab7418814
0x00007fbaaec79440:   000000000256af90 00007fbaaec79530
0x00007fbaaec79450:   00007fbaaec79460 00007fbab70f4402
0x00007fbaaec79460:   00007fbaaec794c0 00007fbab7258ea5
0x00007fbaaec79470:   00007fbaa90e3e00 00007fbaa87f8690
0x00007fbaaec79480:   00007fbaa90b6fa0 00000000b746d08d
0x00007fbaaec79490:   00007fbaaec7a078 0000000000010040
0x00007fbaaec794a0:   00007fbaaec79690 00007fbaaec79690
0x00007fbaaec794b0:   00007fbaa87f8740 00007fbaa87f86d8
0x00007fbaaec794c0:   00007fbaaec795b0 00007fbab7f611c0
0x00007fbaaec794d0:   00007fbaaec79560 0000000000010010
0x00007fbaaec794e0:   0000000003fcba90 0000000000010000 

Instructions: (pc=0x00007fbab73a494e)
0x00007fbab73a492e:   4c 39 e8 0f 84 ad 03 00 00 8b 70 28 49 89 c7 0f
0x00007fbab73a493e:   1f 00 4c 8b 93 e0 09 00 00 49 8d 34 f2 48 8b 06
0x00007fbab73a494e:   48 8b 50 08 48 83 3a 00 75 27 8b 4b 28 0f 1f 44
0x00007fbab73a495e:   00 00 8b 50 28 31 c0 39 ca 73 0c 48 8b 43 30 48 

Register to memory mapping:

RAX=0x0000000000000000 is an unknown value
RBX=0x00007fbaaec7aab0 is pointing into the stack for thread: 0x00007fbaa8058000
RCX=0x000000000356cf90 is an unknown value
RDX=0x0000000000002000 is an unknown value
RSP=0x00007fbaaec792f0 is pointing into the stack for thread: 0x00007fbaa8058000
RBP=0x00007fbaaec79330 is pointing into the stack for thread: 0x00007fbaa8058000
RSI=0x00000000026aa370 is an unknown value
RDI=0x0000000000000000 is an unknown value
R8 =0x000000000268e2a0 is an unknown value
R9 =0x00007fbaaec7aab0 is pointing into the stack for thread: 0x00007fbaa8058000
R10=0x00000000026aa370 is an unknown value
R11=0x0000000000000000 is an unknown value
R12=0x00007fbaa8162580 is an unknown value
R13=0x00007fbaa89ea688 is an unknown value
R14=0x00007fbaaec7aad0 is pointing into the stack for thread: 0x00007fbaa8058000
R15=0x0000000001de5418 is an unknown value


Stack: [0x00007fbaaeb7d000,0x00007fbaaec7e000],  sp=0x00007fbaaec792f0,  free space=1008k
Native frames: (J=compiled Java code, j=interpreted, Vv=VM code, C=native code)
V  [libjvm.so+0x5bc94e]  PhaseIdealLoop::build_loop_late_post(Node*)+0x14e
V  [libjvm.so+0x5bcebb]  PhaseIdealLoop::build_loop_late(VectorSet&, Node_List&, Node_Stack&)+0x10b
V  [libjvm.so+0x5bda82]  PhaseIdealLoop::build_and_optimize(bool, bool)+0x692
V  [libjvm.so+0x37bc8a]  Compile::Optimize()+0xd2a
V  [libjvm.so+0x37c9f3]  Compile::Compile(ciEnv*, C2Compiler*, ciMethod*, int, bool, bool)+0xad3
V  [libjvm.so+0x3062d0]  C2Compiler::compile_method(ciEnv*, ciMethod*, int)+0xe0
V  [libjvm.so+0x3810d3]  CompileBroker::invoke_compiler_on_method(CompileTask*)+0x2a3
V  [libjvm.so+0x381a1b]  CompileBroker::compiler_thread_loop()+0x45b
V  [libjvm.so+0x74bca8]  JavaThread::thread_main_inner()+0x58
V  [libjvm.so+0x64bc22]  java_start(Thread*)+0x112


Current CompileTask:
C2:4305233 676      jregex.Pretokenizer.next()V (1064 bytes)


---------------  P R O C E S S  ---------------

Java Threads: ( => current thread )
  0x00007fbaa0447000 JavaThread "net.sf.ehcache.CacheManager@78bffcc0" daemon [_thread_blocked, id=26258, stack(0x00007fbaae198000,0x00007fbaae299000)]
  0x00000000018ff000 JavaThread "New I/O server worker #1-3" [_thread_in_native, id=22138, stack(0x00007fbaae39a000,0x00007fbaae49b000)]
  0x00007fbaa04e8800 JavaThread "com.mchange.v2.async.ThreadPoolAsynchronousRunner$PoolThread-#2" daemon [_thread_blocked, id=7087, stack(0x00007fbaadb8d000,0x00007fbaadc8e000)]
  0x00007fbaa05a8000 JavaThread "com.mchange.v2.async.ThreadPoolAsynchronousRunner$PoolThread-#1" daemon [_thread_blocked, id=7086, stack(0x00007fbaadc8e000,0x00007fbaadd8f000)]
  0x00007fbaa058f000 JavaThread "com.mchange.v2.async.ThreadPoolAsynchronousRunner$PoolThread-#0" daemon [_thread_blocked, id=7085, stack(0x00007fbaadd8f000,0x00007fbaade90000)]
  0x00007fbaa02d8000 JavaThread "Timer-0" daemon [_thread_blocked, id=7084, stack(0x00007fbaade90000,0x00007fbaadf91000)]
  0x0000000001ac6000 JavaThread "play-thread-1" [_thread_in_Java, id=7081, stack(0x00007fbaae299000,0x00007fbaae39a000)]
  0x00007fbaa001b000 JavaThread "DestroyJavaVM" [_thread_blocked, id=6383, stack(0x00007fbab868c000,0x00007fbab878d000)]
  0x00007fbaa0033800 JavaThread "New I/O server boss #1 ([id: 0x319c0bd6, /0:0:0:0:0:0:0:0:9090])" [_thread_in_native, id=7078, stack(0x00007fbaae49b000,0x00007fbaae59c000)]
  0x00007fbaa805a800 JavaThread "Low Memory Detector" daemon [_thread_blocked, id=6400, stack(0x00007fbaaea7c000,0x00007fbaaeb7d000)]
=>0x00007fbaa8058000 JavaThread "C2 CompilerThread1" daemon [_thread_in_native, id=6399, stack(0x00007fbaaeb7d000,0x00007fbaaec7e000)]
  0x00007fbaa8055000 JavaThread "C2 CompilerThread0" daemon [_thread_in_native, id=6398, stack(0x00007fbaaec7e000,0x00007fbaaed7f000)]
  0x00007fbaa8052800 JavaThread "JDWP Event Helper Thread" daemon [_thread_blocked, id=6397, stack(0x00007fbaaed7f000,0x00007fbaaee80000)]
  0x00007fbaa804f000 JavaThread "JDWP Transport Listener: dt_socket" daemon [_thread_in_native, id=6396, stack(0x00007fbaaee80000,0x00007fbaaef81000)]
  0x00007fbaa801f000 JavaThread "Signal Dispatcher" daemon [_thread_blocked, id=6395, stack(0x00007fbaaf186000,0x00007fbaaf287000)]
  0x00007fbaa8001000 JavaThread "Finalizer" daemon [_thread_blocked, id=6394, stack(0x00007fbaaf287000,0x00007fbaaf388000)]
  0x00000000018c5000 JavaThread "Reference Handler" daemon [_thread_blocked, id=6393, stack(0x00007fbaaf388000,0x00007fbaaf489000)]

Other Threads:
  0x00000000018be000 VMThread [stack: 0x00007fbaaf489000,0x00007fbaaf58a000] [id=6392]
  0x00007fbaa805d000 WatcherThread [stack: 0x00007fbaae97b000,0x00007fbaaea7c000] [id=6401]

VM state:not at safepoint (normal execution)

VM Mutex/Monitor currently owned by a thread: None

Heap
 PSYoungGen      total 70272K, used 34722K [0x00000007ac560000, 0x00000007b1780000, 0x0000000800000000)
  eden space 58240K, 55% used [0x00000007ac560000,0x00000007ae4b1660,0x00000007afe40000)
  from space 12032K, 22% used [0x00000007b0bc0000,0x00000007b0e57340,0x00000007b1780000)
  to   space 12928K, 0% used [0x00000007afe40000,0x00000007afe40000,0x00000007b0ae0000)
 PSOldGen        total 171392K, used 8125K [0x0000000705000000, 0x000000070f760000, 0x00000007ac560000)
  object space 171392K, 4% used [0x0000000705000000,0x00000007057ef480,0x000000070f760000)
 PSPermGen       total 46400K, used 46371K [0x00000006faa00000, 0x00000006fd750000, 0x0000000705000000)
  object space 46400K, 99% used [0x00000006faa00000,0x00000006fd748fa8,0x00000006fd750000)

Code Cache  [0x00007fbab1641000, 0x00007fbab1ab1000, 0x00007fbab4641000)
 total_blobs=1324 nmethods=661 adapters=624 free_code_cache=45758976 largest_free_block=39360

Dynamic libraries:
00400000-00409000 r-xp 00000000 08:05 920882                             /usr/lib/jvm/java-6-openjdk/jre/bin/java
00608000-00609000 r--p 00008000 08:05 920882                             /usr/lib/jvm/java-6-openjdk/jre/bin/java
00609000-0060a000 rw-p 00009000 08:05 920882                             /usr/lib/jvm/java-6-openjdk/jre/bin/java
0183f000-04588000 rw-p 00000000 00:00 0                                  [heap]
6faa00000-6fd750000 rw-p 00000000 00:00 0 
6fd750000-705000000 rw-p 00000000 00:00 0 
705000000-70f760000 rw-p 00000000 00:00 0 
70f760000-7ac560000 rw-p 00000000 00:00 0 
7ac560000-7b1780000 rw-p 00000000 00:00 0 
7b1780000-7b1a30000 ---p 00000000 00:00 0 
7b1a30000-800000000 rw-p 00000000 00:00 0 
7fbaa0000000-7fbaa0843000 rw-p 00000000 00:00 0 
7fbaa0843000-7fbaa4000000 ---p 00000000 00:00 0 
7fbaa7dea000-7fbaa7dff000 r-xp 00000000 08:05 920905                     /usr/lib/jvm/java-6-openjdk/jre/lib/amd64/libnet.so
7fbaa7dff000-7fbaa7ffe000 ---p 00015000 08:05 920905                     /usr/lib/jvm/java-6-openjdk/jre/lib/amd64/libnet.so
7fbaa7ffe000-7fbaa7fff000 r--p 00014000 08:05 920905                     /usr/lib/jvm/java-6-openjdk/jre/lib/amd64/libnet.so
7fbaa7fff000-7fbaa8000000 rw-p 00015000 08:05 920905                     /usr/lib/jvm/java-6-openjdk/jre/lib/amd64/libnet.so
7fbaa8000000-7fbaaabf7000 rw-p 00000000 00:00 0 
7fbaaabf7000-7fbaac000000 ---p 00000000 00:00 0 
7fbaad88a000-7fbaad88d000 ---p 00000000 00:00 0 
7fbaad88d000-7fbaad98b000 rw-p 00000000 00:00 0 
7fbaad98b000-7fbaad98e000 ---p 00000000 00:00 0 
7fbaad98e000-7fbaada8c000 rw-p 00000000 00:00 0 
7fbaada8c000-7fbaada8f000 ---p 00000000 00:00 0 
7fbaada8f000-7fbaadb8d000 rw-p 00000000 00:00 0 
7fbaadb8d000-7fbaadb90000 ---p 00000000 00:00 0 
7fbaadb90000-7fbaadc8e000 rw-p 00000000 00:00 0 
7fbaadc8e000-7fbaadc91000 ---p 00000000 00:00 0 
7fbaadc91000-7fbaadd8f000 rw-p 00000000 00:00 0 
7fbaadd8f000-7fbaadd92000 ---p 00000000 00:00 0 
7fbaadd92000-7fbaade90000 rw-p 00000000 00:00 0 
7fbaade90000-7fbaade93000 ---p 00000000 00:00 0 
7fbaade93000-7fbaadf91000 rw-p 00000000 00:00 0 
7fbaadf91000-7fbaadf97000 r-xp 00000000 08:05 924543                     /usr/lib/jvm/java-6-openjdk/jre/lib/amd64/libmanagement.so
7fbaadf97000-7fbaae196000 ---p 00006000 08:05 924543                     /usr/lib/jvm/java-6-openjdk/jre/lib/amd64/libmanagement.so
7fbaae196000-7fbaae197000 r--p 00005000 08:05 924543                     /usr/lib/jvm/java-6-openjdk/jre/lib/amd64/libmanagement.so
7fbaae197000-7fbaae198000 rw-p 00006000 08:05 924543                     /usr/lib/jvm/java-6-openjdk/jre/lib/amd64/libmanagement.so
7fbaae198000-7fbaae19b000 ---p 00000000 00:00 0 
7fbaae19b000-7fbaae299000 rw-p 00000000 00:00 0 
7fbaae299000-7fbaae29c000 ---p 00000000 00:00 0 
7fbaae29c000-7fbaae39a000 rw-p 00000000 00:00 0 
7fbaae39a000-7fbaae39d000 ---p 00000000 00:00 0 
7fbaae39d000-7fbaae49b000 rw-p 00000000 00:00 0 
7fbaae49b000-7fbaae49e000 ---p 00000000 00:00 0 
7fbaae49e000-7fbaae59c000 rw-p 00000000 00:00 0 
7fbaae59c000-7fbaae5a4000 r-xp 00000000 08:05 920896                     /usr/lib/jvm/java-6-openjdk/jre/lib/amd64/libnio.so
7fbaae5a4000-7fbaae7a3000 ---p 00008000 08:05 920896                     /usr/lib/jvm/java-6-openjdk/jre/lib/amd64/libnio.so
7fbaae7a3000-7fbaae7a4000 r--p 00007000 08:05 920896                     /usr/lib/jvm/java-6-openjdk/jre/lib/amd64/libnio.so
7fbaae7a4000-7fbaae7a5000 rw-p 00008000 08:05 920896                     /usr/lib/jvm/java-6-openjdk/jre/lib/amd64/libnio.so
7fbaae7a5000-7fbaae7b4000 r--s 00074000 08:05 296141                     /opt/play-1.2.3/framework/lib/joda-time-1.6.jar
7fbaae7b4000-7fbaae7ba000 r--s 00038000 08:05 296158                     /opt/play-1.2.3/framework/lib/snakeyaml-1.7.jar
7fbaae7ba000-7fbaae7c1000 r--s 0006a000 08:05 296148                     /opt/play-1.2.3/framework/lib/mail-1.4.3.jar
7fbaae7c1000-7fbaae7c3000 r--s 0000c000 08:05 296101                     /opt/play-1.2.3/framework/lib/activation-1.1.1.jar
7fbaae7c3000-7fbaae7ce000 r--s 00124000 08:05 296123                     /opt/play-1.2.3/framework/lib/h2-1.3.149.jar
7fbaae7ce000-7fbaae7d1000 r--s 00024000 08:05 296113                     /opt/play-1.2.3/framework/lib/commons-io-2.0.1.jar
7fbaae7d1000-7fbaae7d3000 r--s 0000b000 08:05 296139                     /opt/play-1.2.3/framework/lib/jj-textile.jar
7fbaae7d3000-7fbaae7d8000 r--s 00048000 08:05 296117                     /opt/play-1.2.3/framework/lib/dom4j-1.6.1.jar
7fbaae7d8000-7fbaae7db000 r--s 00011000 08:05 296119                     /opt/play-1.2.3/framework/lib/ezmorph-1.0.3.jar
7fbaae7db000-7fbaae7de000 r--s 0000f000 08:05 296120                     /opt/play-1.2.3/framework/lib/geronimo-servlet_2.5_spec-1.2.jar
7fbaae7de000-7fbaae7e0000 r--s 00002000 08:05 296144                     /opt/play-1.2.3/framework/lib/jta-1.1.jar
7fbaae7e0000-7fbaae7e8000 r--s 0008a000 08:05 296134                     /opt/play-1.2.3/framework/lib/javassist-3.9.0.GA.jar
7fbaae7e8000-7fbaae7e9000 r--s 00007000 08:05 296111                     /opt/play-1.2.3/framework/lib/commons-email-1.2.jar
7fbaae7e9000-7fbaae7ee000 r--s 00014000 08:05 296131                     /opt/play-1.2.3/framework/lib/hibernate-jpa-2.0-api-1.0.0.Final.jar
7fbaae7ee000-7fbaae7f0000 r--s 00015000 08:05 296142                     /opt/play-1.2.3/framework/lib/jregex-1.2_01.jar
7fbaae7f0000-7fbaae7f9000 r--s 0005d000 08:05 296129                     /opt/play-1.2.3/framework/lib/hibernate-entitymanager-3.6.0.Final.jar
7fbaae7f9000-7fbaae7fc000 r--s 00022000 08:05 296133                     /opt/play-1.2.3/framework/lib/jamon-2.7.jar
7fbaae7fc000-7fbaae803000 r--s 00059000 08:05 296147                     /opt/play-1.2.3/framework/lib/log4j-1.2.15.jar
7fbaae803000-7fbaae828000 r--s 00172000 08:05 296105                     /opt/play-1.2.3/framework/lib/bcprov-jdk15-1.45.jar
7fbaae828000-7fbaae837000 r--s 000b2000 08:05 296151                     /opt/play-1.2.3/framework/lib/netty-3.2.4.Final.jar
7fbaae837000-7fbaae83d000 r--s 00032000 08:05 296136                     /opt/play-1.2.3/framework/lib/jaxen-1.1.jar
7fbaae83d000-7fbaae844000 r--s 00038000 08:05 296140                     /opt/play-1.2.3/framework/lib/jj-wikitext.jar
7fbaae844000-7fbaae853000 r--s 000d9000 08:05 296132                     /opt/play-1.2.3/framework/lib/ivy-2.2.0.jar
7fbaae853000-7fbaae8a7000 r--s 00516000 08:05 296121                     /opt/play-1.2.3/framework/lib/groovy-all-1.7.7.jar
7fbaae8a7000-7fbaae8ad000 r--s 00034000 08:05 296145                     /opt/play-1.2.3/framework/lib/junit-4.8.1.jar
7fbaae8ad000-7fbaae8b7000 r--s 0006f000 08:05 296118                     /opt/play-1.2.3/framework/lib/ehcache-core-2.0.0.jar
7fbaae8b7000-7fbaae8b9000 r--s 00008000 08:05 296155                     /opt/play-1.2.3/framework/lib/signpost-core-1.2.jar
7fbaae8b9000-7fbaae8bb000 r--s 0000e000 08:05 296114                     /opt/play-1.2.3/framework/lib/commons-javaflow-1066591.jar
7fbaae8bb000-7fbaae8c1000 r--s 0007e000 08:05 296154                     /opt/play-1.2.3/framework/lib/postgresql-9.0.jar
7fbaae8c1000-7fbaae8c3000 r--s 0000d000 08:05 296116                     /opt/play-1.2.3/framework/lib/commons-logging-1.1.1.jar
7fbaae8c3000-7fbaae8c4000 r--s 00000000 08:05 296135                     /opt/play-1.2.3/framework/lib/javax.inject-1.0.jar
7fbaae8c4000-7fbaae8ca000 r--s 00067000 08:05 296102                     /opt/play-1.2.3/framework/lib/antlr-2.7.6.jar
7fbaae8ca000-7fbaae8d0000 r--s 00049000 08:05 296104                     /opt/play-1.2.3/framework/lib/async-http-client-1.6.3.jar
7fbaae8d0000-7fbaae8d7000 r--s 000b7000 08:05 296150                     /opt/play-1.2.3/framework/lib/mysql-connector-java-5.1.13.jar
7fbaae8d7000-7fbaae8da000 r--s 0000f000 08:05 296125                     /opt/play-1.2.3/framework/lib/hibernate-commons-annotations-3.2.0.Final.jar
7fbaae8da000-7fbaae8dc000 r--s 0000d000 08:05 296112                     /opt/play-1.2.3/framework/lib/commons-fileupload-1.2.2.jar
7fbaae8dc000-7fbaae8e2000 r--s 00049000 08:05 296107                     /opt/play-1.2.3/framework/lib/cglib-nodep-2.2.jar
7fbaae8e2000-7fbaae8f0000 r--s 0007f000 08:05 296110                     /opt/play-1.2.3/framework/lib/commons-collections-3.2.1.jar
7fbaae8f0000-7fbaae8fb000 r--s 0005a000 08:05 296159                     /opt/play-1.2.3/framework/lib/xstream-1.3.jar
7fbaae8fb000-7fbaae902000 r--s 00049000 08:05 296153                     /opt/play-1.2.3/framework/lib/oval-1.50.jar
7fbaae902000-7fbaae904000 r--s 00005000 08:05 296156                     /opt/play-1.2.3/framework/lib/slf4j-api-1.6.1.jar
7fbaae904000-7fbaae909000 r--s 00041000 08:05 296115                     /opt/play-1.2.3/framework/lib/commons-lang-2.6.jar
7fbaae909000-7fbaae914000 r--s 0008b000 08:05 296106                     /opt/play-1.2.3/framework/lib/c3p0-0.9.1.2.jar
7fbaae914000-7fbaae93d000 r--s 00403000 08:05 296152                     /opt/play-1.2.3/framework/lib/org.eclipse.jdt.core-3.6.0.jar
7fbaae93d000-7fbaae96f000 r--s 002c7000 08:05 296127                     /opt/play-1.2.3/framework/lib/hibernate-core-3.6.1.Final.jar
7fbaae96f000-7fbaae974000 r--s 00034000 08:05 296108                     /opt/play-1.2.3/framework/lib/commons-beanutils-1.8.3.jar
7fbaae974000-7fbaae979000 r--s 0002e000 08:05 296103                     /opt/play-1.2.3/framework/lib/asm-all-3.3.1.jar
7fbaae979000-7fbaae97b000 r--s 00015000 08:05 296138                     /opt/play-1.2.3/framework/lib/jj-simplecaptcha.jar
7fbaae97b000-7fbaae97c000 ---p 00000000 00:00 0 
7fbaae97c000-7fbaaea7c000 rw-p 00000000 00:00 0 
7fbaaea7c000-7fbaaea7f000 ---p 00000000 00:00 0 
7fbaaea7f000-7fbaaeb7d000 rw-p 00000000 00:00 0 
7fbaaeb7d000-7fbaaeb80000 ---p 00000000 00:00 0 
7fbaaeb80000-7fbaaec7e000 rw-p 00000000 00:00 0 
7fbaaec7e000-7fbaaec81000 ---p 00000000 00:00 0 
7fbaaec81000-7fbaaed7f000 rw-p 00000000 00:00 0 
7fbaaed7f000-7fbaaed82000 ---p 00000000 00:00 0 
7fbaaed82000-7fbaaee80000 rw-p 00000000 00:00 0 
7fbaaee80000-7fbaaee83000 ---p 00000000 00:00 0 
7fbaaee83000-7fbaaef81000 rw-p 00000000 00:00 0 
7fbaaef81000-7fbaaef85000 r-xp 00000000 08:05 920894                     /usr/lib/jvm/java-6-openjdk/jre/lib/amd64/libdt_socket.so
7fbaaef85000-7fbaaf184000 ---p 00004000 08:05 920894                     /usr/lib/jvm/java-6-openjdk/jre/lib/amd64/libdt_socket.so
7fbaaf184000-7fbaaf185000 r--p 00003000 08:05 920894                     /usr/lib/jvm/java-6-openjdk/jre/lib/amd64/libdt_socket.so
7fbaaf185000-7fbaaf186000 rw-p 00004000 08:05 920894                     /usr/lib/jvm/java-6-openjdk/jre/lib/amd64/libdt_socket.so
7fbaaf186000-7fbaaf189000 ---p 00000000 00:00 0 
7fbaaf189000-7fbaaf287000 rw-p 00000000 00:00 0 
7fbaaf287000-7fbaaf28a000 ---p 00000000 00:00 0 
7fbaaf28a000-7fbaaf388000 rw-p 00000000 00:00 0 
7fbaaf388000-7fbaaf38b000 ---p 00000000 00:00 0 
7fbaaf38b000-7fbaaf489000 rw-p 00000000 00:00 0 
7fbaaf489000-7fbaaf48a000 ---p 00000000 00:00 0 
7fbaaf48a000-7fbaafec6000 rw-p 00000000 00:00 0 
7fbaafec6000-7fbab0057000 r--s 037b8000 08:05 924546                     /usr/lib/jvm/java-6-openjdk/jre/lib/rt.jar
7fbab0057000-7fbab007f000 rw-p 00000000 00:00 0 
7fbab007f000-7fbab0080000 ---p 00000000 00:00 0 
7fbab0080000-7fbab0180000 rw-p 00000000 00:00 0 
7fbab0180000-7fbab0181000 ---p 00000000 00:00 0 
7fbab0181000-7fbab0281000 rw-p 00000000 00:00 0 
7fbab0281000-7fbab0282000 ---p 00000000 00:00 0 
7fbab0282000-7fbab0382000 rw-p 00000000 00:00 0 
7fbab0382000-7fbab0383000 ---p 00000000 00:00 0 
7fbab0383000-7fbab0483000 rw-p 00000000 00:00 0 
7fbab0483000-7fbab0484000 ---p 00000000 00:00 0 
7fbab0484000-7fbab0584000 rw-p 00000000 00:00 0 
7fbab0584000-7fbab0585000 ---p 00000000 00:00 0 
7fbab0585000-7fbab0685000 rw-p 00000000 00:00 0 
7fbab0685000-7fbab0686000 ---p 00000000 00:00 0 
7fbab0686000-7fbab0786000 rw-p 00000000 00:00 0 
7fbab0786000-7fbab0787000 ---p 00000000 00:00 0 
7fbab0787000-7fbab089e000 rw-p 00000000 00:00 0 
7fbab089e000-7fbab08da000 rw-p 00000000 00:00 0 
7fbab08da000-7fbab092e000 rw-p 00000000 00:00 0 
7fbab092e000-7fbab0e15000 rw-p 00000000 00:00 0 
7fbab0e15000-7fbab0e2c000 rw-p 00000000 00:00 0 
7fbab0e2c000-7fbab0e68000 rw-p 00000000 00:00 0 
7fbab0e68000-7fbab0ebc000 rw-p 00000000 00:00 0 
7fbab0ebc000-7fbab13a2000 rw-p 00000000 00:00 0 
7fbab13a2000-7fbab13cc000 rw-p 00000000 00:00 0 
7fbab13cc000-7fbab13ce000 ---p 00000000 00:00 0 
7fbab13ce000-7fbab1640000 rw-p 00000000 00:00 0 
7fbab1640000-7fbab1641000 rw-p 00000000 00:00 0 
7fbab1641000-7fbab1ab1000 rwxp 00000000 00:00 0 
7fbab1ab1000-7fbab4641000 rw-p 00000000 00:00 0 
7fbab4641000-7fbab4648000 r-xp 00000000 08:05 924533                     /usr/lib/jvm/java-6-openjdk/jre/lib/amd64/libzip.so
7fbab4648000-7fbab4847000 ---p 00007000 08:05 924533                     /usr/lib/jvm/java-6-openjdk/jre/lib/amd64/libzip.so
7fbab4847000-7fbab4848000 r--p 00006000 08:05 924533                     /usr/lib/jvm/java-6-openjdk/jre/lib/amd64/libzip.so
7fbab4848000-7fbab4849000 rw-p 00007000 08:05 924533                     /usr/lib/jvm/java-6-openjdk/jre/lib/amd64/libzip.so
7fbab4849000-7fbab4855000 r-xp 00000000 08:05 1068842                    /lib/x86_64-linux-gnu/libnss_files-2.13.so
7fbab4855000-7fbab4a54000 ---p 0000c000 08:05 1068842                    /lib/x86_64-linux-gnu/libnss_files-2.13.so
7fbab4a54000-7fbab4a55000 r--p 0000b000 08:05 1068842                    /lib/x86_64-linux-gnu/libnss_files-2.13.so
7fbab4a55000-7fbab4a56000 rw-p 0000c000 08:05 1068842                    /lib/x86_64-linux-gnu/libnss_files-2.13.so
7fbab4a56000-7fbab4a60000 r-xp 00000000 08:05 1068848                    /lib/x86_64-linux-gnu/libnss_nis-2.13.so
7fbab4a60000-7fbab4c60000 ---p 0000a000 08:05 1068848                    /lib/x86_64-linux-gnu/libnss_nis-2.13.so
7fbab4c60000-7fbab4c61000 r--p 0000a000 08:05 1068848                    /lib/x86_64-linux-gnu/libnss_nis-2.13.so
7fbab4c61000-7fbab4c62000 rw-p 0000b000 08:05 1068848                    /lib/x86_64-linux-gnu/libnss_nis-2.13.so
7fbab4c62000-7fbab4c79000 r-xp 00000000 08:05 1068837                    /lib/x86_64-linux-gnu/libnsl-2.13.so
7fbab4c79000-7fbab4e78000 ---p 00017000 08:05 1068837                    /lib/x86_64-linux-gnu/libnsl-2.13.so
7fbab4e78000-7fbab4e79000 r--p 00016000 08:05 1068837                    /lib/x86_64-linux-gnu/libnsl-2.13.so
7fbab4e79000-7fbab4e7a000 rw-p 00017000 08:05 1068837                    /lib/x86_64-linux-gnu/libnsl-2.13.so
7fbab4e7a000-7fbab4e7c000 rw-p 00000000 00:00 0 
7fbab4e7c000-7fbab4e84000 r-xp 00000000 08:05 1068834                    /lib/x86_64-linux-gnu/libnss_compat-2.13.so
7fbab4e84000-7fbab5083000 ---p 00008000 08:05 1068834                    /lib/x86_64-linux-gnu/libnss_compat-2.13.so
7fbab5083000-7fbab5084000 r--p 00007000 08:05 1068834                    /lib/x86_64-linux-gnu/libnss_compat-2.13.so
7fbab5084000-7fbab5085000 rw-p 00008000 08:05 1068834                    /lib/x86_64-linux-gnu/libnss_compat-2.13.so
7fbab5085000-7fbab59b6000 r--p 00000000 08:05 922981                     /usr/lib/locale/locale-archive
7fbab59b6000-7fbab59b9000 r-xp 00000000 08:05 920914                     /usr/lib/jvm/java-6-openjdk/jre/lib/amd64/libnpt.so
7fbab59b9000-7fbab5bb8000 ---p 00003000 08:05 920914                     /usr/lib/jvm/java-6-openjdk/jre/lib/amd64/libnpt.so
7fbab5bb8000-7fbab5bb9000 r--p 00002000 08:05 920914                     /usr/lib/jvm/java-6-openjdk/jre/lib/amd64/libnpt.so
7fbab5bb9000-7fbab5bba000 rw-p 00003000 08:05 920914                     /usr/lib/jvm/java-6-openjdk/jre/lib/amd64/libnpt.so
7fbab5bba000-7fbab5bc3000 r-xp 00000000 08:05 924528                     /usr/lib/jvm/java-6-openjdk/jre/lib/amd64/libinstrument.so
7fbab5bc3000-7fbab5dc3000 ---p 00009000 08:05 924528                     /usr/lib/jvm/java-6-openjdk/jre/lib/amd64/libinstrument.so
7fbab5dc3000-7fbab5dc4000 r--p 00009000 08:05 924528                     /usr/lib/jvm/java-6-openjdk/jre/lib/amd64/libinstrument.so
7fbab5dc4000-7fbab5dc5000 rw-p 0000a000 08:05 924528                     /usr/lib/jvm/java-6-openjdk/jre/lib/amd64/libinstrument.so
7fbab5dc5000-7fbab5dff000 r-xp 00000000 08:05 920913                     /usr/lib/jvm/java-6-openjdk/jre/lib/amd64/libjdwp.so
7fbab5dff000-7fbab5ffe000 ---p 0003a000 08:05 920913                     /usr/lib/jvm/java-6-openjdk/jre/lib/amd64/libjdwp.so
7fbab5ffe000-7fbab5fff000 r--p 00039000 08:05 920913                     /usr/lib/jvm/java-6-openjdk/jre/lib/amd64/libjdwp.so
7fbab5fff000-7fbab6000000 rw-p 0003a000 08:05 920913                     /usr/lib/jvm/java-6-openjdk/jre/lib/amd64/libjdwp.so
7fbab6000000-7fbab602c000 r-xp 00000000 08:05 924532                     /usr/lib/jvm/java-6-openjdk/jre/lib/amd64/libjava.so
7fbab602c000-7fbab622b000 ---p 0002c000 08:05 924532                     /usr/lib/jvm/java-6-openjdk/jre/lib/amd64/libjava.so
7fbab622b000-7fbab622c000 r--p 0002b000 08:05 924532                     /usr/lib/jvm/java-6-openjdk/jre/lib/amd64/libjava.so
7fbab622c000-7fbab622f000 rw-p 0002c000 08:05 924532                     /usr/lib/jvm/java-6-openjdk/jre/lib/amd64/libjava.so
7fbab622f000-7fbab623d000 r-xp 00000000 08:05 920904                     /usr/lib/jvm/java-6-openjdk/jre/lib/amd64/libverify.so
7fbab623d000-7fbab643c000 ---p 0000e000 08:05 920904                     /usr/lib/jvm/java-6-openjdk/jre/lib/amd64/libverify.so
7fbab643c000-7fbab643e000 r--p 0000d000 08:05 920904                     /usr/lib/jvm/java-6-openjdk/jre/lib/amd64/libverify.so
7fbab643e000-7fbab643f000 rw-p 0000f000 08:05 920904                     /usr/lib/jvm/java-6-openjdk/jre/lib/amd64/libverify.so
7fbab643f000-7fbab6446000 r-xp 00000000 08:05 1044505                    /lib/x86_64-linux-gnu/librt-2.13.so
7fbab6446000-7fbab6645000 ---p 00007000 08:05 1044505                    /lib/x86_64-linux-gnu/librt-2.13.so
7fbab6645000-7fbab6646000 r--p 00006000 08:05 1044505                    /lib/x86_64-linux-gnu/librt-2.13.so
7fbab6646000-7fbab6647000 rw-p 00007000 08:05 1044505                    /lib/x86_64-linux-gnu/librt-2.13.so
7fbab6647000-7fbab665c000 r-xp 00000000 08:05 1068525                    /lib/x86_64-linux-gnu/libgcc_s.so.1
7fbab665c000-7fbab685b000 ---p 00015000 08:05 1068525                    /lib/x86_64-linux-gnu/libgcc_s.so.1
7fbab685b000-7fbab685c000 r--p 00014000 08:05 1068525                    /lib/x86_64-linux-gnu/libgcc_s.so.1
7fbab685c000-7fbab685d000 rw-p 00015000 08:05 1068525                    /lib/x86_64-linux-gnu/libgcc_s.so.1
7fbab685d000-7fbab68e0000 r-xp 00000000 08:05 1068849                    /lib/x86_64-linux-gnu/libm-2.13.so
7fbab68e0000-7fbab6adf000 ---p 00083000 08:05 1068849                    /lib/x86_64-linux-gnu/libm-2.13.so
7fbab6adf000-7fbab6ae0000 r--p 00082000 08:05 1068849                    /lib/x86_64-linux-gnu/libm-2.13.so
7fbab6ae0000-7fbab6ae1000 rw-p 00083000 08:05 1068849                    /lib/x86_64-linux-gnu/libm-2.13.so
7fbab6ae1000-7fbab6bc9000 r-xp 00000000 08:05 914676                     /usr/lib/x86_64-linux-gnu/libstdc++.so.6.0.16
7fbab6bc9000-7fbab6dc9000 ---p 000e8000 08:05 914676                     /usr/lib/x86_64-linux-gnu/libstdc++.so.6.0.16
7fbab6dc9000-7fbab6dd1000 r--p 000e8000 08:05 914676                     /usr/lib/x86_64-linux-gnu/libstdc++.so.6.0.16
7fbab6dd1000-7fbab6dd3000 rw-p 000f0000 08:05 914676                     /usr/lib/x86_64-linux-gnu/libstdc++.so.6.0.16
7fbab6dd3000-7fbab6de8000 rw-p 00000000 00:00 0 
7fbab6de8000-7fbab76eb000 r-xp 00000000 08:05 924535                     /usr/lib/jvm/java-6-openjdk/jre/lib/amd64/server/libjvm.so
7fbab76eb000-7fbab78ea000 ---p 00903000 08:05 924535                     /usr/lib/jvm/java-6-openjdk/jre/lib/amd64/server/libjvm.so
7fbab78ea000-7fbab796b000 r--p 00902000 08:05 924535                     /usr/lib/jvm/java-6-openjdk/jre/lib/amd64/server/libjvm.so
7fbab796b000-7fbab7986000 rw-p 00983000 08:05 924535                     /usr/lib/jvm/java-6-openjdk/jre/lib/amd64/server/libjvm.so
7fbab7986000-7fbab79af000 rw-p 00000000 00:00 0 
7fbab79af000-7fbab79c6000 r-xp 00000000 08:05 1048733                    /lib/x86_64-linux-gnu/libz.so.1.2.3.4
7fbab79c6000-7fbab7bc5000 ---p 00017000 08:05 1048733                    /lib/x86_64-linux-gnu/libz.so.1.2.3.4
7fbab7bc5000-7fbab7bc6000 r--p 00016000 08:05 1048733                    /lib/x86_64-linux-gnu/libz.so.1.2.3.4
7fbab7bc6000-7fbab7bc7000 rw-p 00017000 08:05 1048733                    /lib/x86_64-linux-gnu/libz.so.1.2.3.4
7fbab7bc7000-7fbab7d5c000 r-xp 00000000 08:05 1068839                    /lib/x86_64-linux-gnu/libc-2.13.so
7fbab7d5c000-7fbab7f5b000 ---p 00195000 08:05 1068839                    /lib/x86_64-linux-gnu/libc-2.13.so
7fbab7f5b000-7fbab7f5f000 r--p 00194000 08:05 1068839                    /lib/x86_64-linux-gnu/libc-2.13.so
7fbab7f5f000-7fbab7f60000 rw-p 00198000 08:05 1068839                    /lib/x86_64-linux-gnu/libc-2.13.so
7fbab7f60000-7fbab7f66000 rw-p 00000000 00:00 0 
7fbab7f66000-7fbab7f68000 r-xp 00000000 08:05 1068840                    /lib/x86_64-linux-gnu/libdl-2.13.so
7fbab7f68000-7fbab8168000 ---p 00002000 08:05 1068840                    /lib/x86_64-linux-gnu/libdl-2.13.so
7fbab8168000-7fbab8169000 r--p 00002000 08:05 1068840                    /lib/x86_64-linux-gnu/libdl-2.13.so
7fbab8169000-7fbab816a000 rw-p 00003000 08:05 1068840                    /lib/x86_64-linux-gnu/libdl-2.13.so
7fbab816a000-7fbab816e000 r-xp 00000000 08:05 920901                     /usr/lib/jvm/java-6-openjdk/jre/lib/amd64/jli/libjli.so
7fbab816e000-7fbab836d000 ---p 00004000 08:05 920901                     /usr/lib/jvm/java-6-openjdk/jre/lib/amd64/jli/libjli.so
7fbab836d000-7fbab836e000 r--p 00003000 08:05 920901                     /usr/lib/jvm/java-6-openjdk/jre/lib/amd64/jli/libjli.so
7fbab836e000-7fbab836f000 rw-p 00004000 08:05 920901                     /usr/lib/jvm/java-6-openjdk/jre/lib/amd64/jli/libjli.so
7fbab836f000-7fbab8387000 r-xp 00000000 08:05 1068847                    /lib/x86_64-linux-gnu/libpthread-2.13.so
7fbab8387000-7fbab8586000 ---p 00018000 08:05 1068847                    /lib/x86_64-linux-gnu/libpthread-2.13.so
7fbab8586000-7fbab8587000 r--p 00017000 08:05 1068847                    /lib/x86_64-linux-gnu/libpthread-2.13.so
7fbab8587000-7fbab8588000 rw-p 00018000 08:05 1068847                    /lib/x86_64-linux-gnu/libpthread-2.13.so
7fbab8588000-7fbab858c000 rw-p 00000000 00:00 0 
7fbab858c000-7fbab85ad000 r-xp 00000000 08:05 1068846                    /lib/x86_64-linux-gnu/ld-2.13.so
7fbab85ad000-7fbab85b3000 r--s 00040000 08:05 296149                     /opt/play-1.2.3/framework/lib/memcached-2.6.jar
7fbab85b3000-7fbab85b5000 r--s 00001000 08:05 296143                     /opt/play-1.2.3/framework/lib/jsr107cache-1.0.jar
7fbab85b5000-7fbab85b9000 r--s 00027000 08:05 296122                     /opt/play-1.2.3/framework/lib/gson-1.7.1.jar
7fbab85b9000-7fbab85be000 r--s 00020000 08:05 296137                     /opt/play-1.2.3/framework/lib/jj-imaging.jar
7fbab85be000-7fbab85c1000 r--s 0007d000 08:05 924457                     /usr/lib/jvm/java-6-openjdk/jre/lib/jsse.jar
7fbab85c1000-7fbab85cc000 r--s 000b8000 08:05 296160                     /opt/play-1.2.3/framework/play-1.2.3.jar
7fbab85cc000-7fbab85de000 rw-p 00000000 00:00 0 
7fbab85de000-7fbab868c000 rw-p 00000000 00:00 0 
7fbab868c000-7fbab868f000 ---p 00000000 00:00 0 
7fbab868f000-7fbab8792000 rw-p 00000000 00:00 0 
7fbab8792000-7fbab8793000 r--s 00002000 08:05 296157                     /opt/play-1.2.3/framework/lib/slf4j-log4j12-1.6.1.jar
7fbab8793000-7fbab8795000 r--s 0000d000 08:05 296109                     /opt/play-1.2.3/framework/lib/commons-codec-1.4.jar
7fbab8795000-7fbab8796000 rw-p 00000000 00:00 0 
7fbab8796000-7fbab8798000 r--s 0000f000 08:05 924518                     /usr/lib/jvm/java-6-openjdk/jre/lib/ext/pulse-java.jar
7fbab8798000-7fbab87a0000 r--s 00066000 08:05 136034                     /usr/share/java/gnome-java-bridge.jar
7fbab87a0000-7fbab87a8000 rw-s 00000000 08:05 785212                     /tmp/hsperfdata_pascal/6382
7fbab87a8000-7fbab87a9000 rw-p 00000000 00:00 0 
7fbab87a9000-7fbab87aa000 r--p 00000000 00:00 0 
7fbab87aa000-7fbab87ac000 rw-p 00000000 00:00 0 
7fbab87ac000-7fbab87ad000 r--p 00020000 08:05 1068846                    /lib/x86_64-linux-gnu/ld-2.13.so
7fbab87ad000-7fbab87af000 rw-p 00021000 08:05 1068846                    /lib/x86_64-linux-gnu/ld-2.13.so
7fff69804000-7fff69826000 rw-p 00000000 00:00 0                          [stack]
7fff698cb000-7fff698cc000 r-xp 00000000 00:00 0                          [vdso]
ffffffffff600000-ffffffffff601000 r-xp 00000000 00:00 0                  [vsyscall]

VM Arguments:
jvm_args: -javaagent:/opt/play-1.2.3/framework/play-1.2.3.jar -Dfile.encoding=utf-8 -Xdebug -Xrunjdwp:transport=dt_socket,address=8000,server=y,suspend=n -Dplay.debug=yes -Dapplication.path=/home/pascal/workspace/codeboard-core -Dplay.id= 
java_command: play.server.Server 
Launcher Type: SUN_STANDARD

Environment Variables:
PATH=/home/pascal/bin:/usr/lib/lightdm/lightdm:/usr/local/sbin:/usr/local/bin:/usr/sbin:/usr/bin:/sbin:/bin:/usr/games:/opt/play:/home/pascal/.gem/ruby/1.8/bin
USERNAME=pascal
LD_LIBRARY_PATH=/usr/lib/jvm/java-6-openjdk/jre/lib/amd64/server:/usr/lib/jvm/java-6-openjdk/jre/lib/amd64:/usr/lib/jvm/java-6-openjdk/jre/../lib/amd64
SHELL=/bin/bash
DISPLAY=:0

Signal Handlers:
SIGSEGV: [libjvm.so+0x783e60], sa_mask[0]=0x7ffbfeff, sa_flags=0x10000004
SIGBUS: [libjvm.so+0x783e60], sa_mask[0]=0x7ffbfeff, sa_flags=0x10000004
SIGFPE: [libjvm.so+0x6485c0], sa_mask[0]=0x7ffbfeff, sa_flags=0x10000004
SIGPIPE: [libjvm.so+0x6485c0], sa_mask[0]=0x7ffbfeff, sa_flags=0x10000004
SIGXFSZ: [libjvm.so+0x6485c0], sa_mask[0]=0x7ffbfeff, sa_flags=0x10000004
SIGILL: [libjvm.so+0x6485c0], sa_mask[0]=0x7ffbfeff, sa_flags=0x10000004
SIGUSR1: SIG_DFL, sa_mask[0]=0x00000000, sa_flags=0x00000000
SIGUSR2: [libjvm.so+0x648770], sa_mask[0]=0x00000000, sa_flags=0x10000004
SIGHUP: [libjvm.so+0x64b280], sa_mask[0]=0x7ffbfeff, sa_flags=0x10000004
SIGINT: [libjvm.so+0x64b280], sa_mask[0]=0x7ffbfeff, sa_flags=0x10000004
SIGTERM: [libjvm.so+0x64b280], sa_mask[0]=0x7ffbfeff, sa_flags=0x10000004
SIGQUIT: [libjvm.so+0x64b280], sa_mask[0]=0x7ffbfeff, sa_flags=0x10000004


---------------  S Y S T E M  ---------------

OS:Ubuntu 11.10 (oneiric)
uname:Linux 3.0.0-12-generic #20-Ubuntu SMP Fri Oct 7 14:56:25 UTC 2011 x86_64
libc:glibc 2.13 NPTL 2.13 
rlimit: STACK 8192k, CORE 0k, NPROC 128386, NOFILE 4096, AS infinity
load average:0,04 0,04 0,05

/proc/meminfo:
MemTotal:       16449340 kB
MemFree:        10778128 kB
Buffers:          248084 kB
Cached:          2231668 kB
SwapCached:            0 kB
Active:          3651816 kB
Inactive:        1502560 kB
Active(anon):    2690292 kB
Inactive(anon):    39404 kB
Active(file):     961524 kB
Inactive(file):  1463156 kB
Unevictable:           0 kB
Mlocked:               0 kB
SwapTotal:      16755708 kB
SwapFree:       16755708 kB
Dirty:               340 kB
Writeback:             0 kB
AnonPages:       2676160 kB
Mapped:           226056 kB
Shmem:             54696 kB
Slab:             206896 kB
SReclaimable:     174480 kB
SUnreclaim:        32416 kB
KernelStack:        4352 kB
PageTables:        33684 kB
NFS_Unstable:          0 kB
Bounce:                0 kB
WritebackTmp:          0 kB
CommitLimit:    24980376 kB
Committed_AS:    5230956 kB
VmallocTotal:   34359738367 kB
VmallocUsed:      175544 kB
VmallocChunk:   34359558652 kB
HardwareCorrupted:     0 kB
AnonHugePages:         0 kB
HugePages_Total:       0
HugePages_Free:        0
HugePages_Rsvd:        0
HugePages_Surp:        0
Hugepagesize:       2048 kB
DirectMap4k:      169984 kB
DirectMap2M:    16590848 kB


CPU:total 8 (4 cores per cpu, 2 threads per core) family 6 model 42 stepping 7, cmov, cx8, fxsr, mmx, sse, sse2, sse3, ssse3, sse4.1, sse4.2, popcnt, ht

Memory: 4k page, physical 16449340k(10778128k free), swap 16755708k(16755708k free)

vm_info: OpenJDK 64-Bit Server VM (20.0-b11) for linux-amd64 JRE (1.6.0_23-b23), built on Oct 22 2011 01:00:57 by "buildd" with gcc 4.6.1

time: Tue Nov 22 23:00:10 2011
elapsed time: 4305 seconds

