#
# A fatal error has been detected by the Java Runtime Environment:
#
#  SIGSEGV (0xb) at pc=0x00007ff569b3080e, pid=30616, tid=140691875350272
#
# JRE version: 6.0_23-b23
# Java VM: OpenJDK 64-Bit Server VM (20.0-b11 mixed mode linux-amd64 compressed oops)
# Derivative: IcedTea6 1.11pre
# Distribution: Ubuntu oneiric (development branch), package 6b23~pre10-0ubuntu5
# Problematic frame:
# V  [libjvm.so+0x5bc80e]  PhaseIdealLoop::build_loop_late_post(Node*)+0x14e
#
# If you would like to submit a bug report, please include
# instructions how to reproduce the bug and visit:
#   https://bugs.launchpad.net/ubuntu/+source/openjdk-6/
#

---------------  T H R E A D  ---------------

Current thread (0x00007ff55c0b5800):  JavaThread "C2 CompilerThread1" daemon [_thread_in_native, id=30633, stack(0x00007ff56130c000,0x00007ff56140d000)]

siginfo:si_signo=SIGSEGV: si_errno=0, si_code=1 (SEGV_MAPERR), si_addr=0x0000000000000008

Registers:
RAX=0x0000000000000000, RBX=0x00007ff5614097b0, RCX=0x00007ff556d66e20, RDX=0x0000000000002000
RSP=0x00007ff561407ff0, RBP=0x00007ff561408030, RSI=0x00007ff55c811170, RDI=0x0000000000000000
R8 =0x00007ff55c7e90f0, R9 =0x00007ff5614097b0, R10=0x00007ff55c811170, R11=0x0000000000000000
R12=0x00007ff554ac8cb0, R13=0x00007ff55ce2b958, R14=0x00007ff5614097d0, R15=0x00007ff55cd8fe58
RIP=0x00007ff569b3080e, EFLAGS=0x0000000000010206, CSGSFS=0x0000000000000033, ERR=0x0000000000000004
  TRAPNO=0x000000000000000e

Top of Stack: (sp=0x00007ff561407ff0)
0x00007ff561407ff0:   0000000002723bd8 00007ff5614082d0
0x00007ff561408000:   00007ff561408030 00007ff5614097b0
0x00007ff561408010:   0000000000000002 00007ff554ac8cb0
0x00007ff561408020:   00007ff55cd97738 00007ff5614082d0
0x00007ff561408030:   00007ff5614080a0 00007ff569b30d7b
0x00007ff561408040:   00007ff55cafc350 00007ff500000100
0x00007ff561408050:   00007ff500000001 00007ff56140a150
0x00007ff561408060:   00007ff5614082f0 00007ff561408290
0x00007ff561408070:   0000000000001804 00007ff5614097b0
0x00007ff561408080:   0000000000000007 0000000000000001
0x00007ff561408090:   0000000000000001 00007ff55cafc350
0x00007ff5614080a0:   00007ff561408340 00007ff569b31942
0x00007ff5614080b0:   00007ff555d1e868 00007ff55cafc2e0
0x00007ff5614080c0:   00007ff5614080d0 00007ff5614097d0
0x00007ff5614080d0:   00007ff561408130 00007ff5699638ce
0x00007ff5614080e0:   00007ff55c0082a0 00007ff55ce1d9a0
0x00007ff5614080f0:   0000000000000010 000000000000000c
0x00007ff561408100:   00007ff55c0082a0 00007ff55ce1d9a0
0x00007ff561408110:   00007ff56a1057e0 0000000000000004
0x00007ff561408120:   00007ff561408d58 00007ff561408d78
0x00007ff561408130:   00007ff561408160 00007ff569ba4664
0x00007ff561408140:   00007ff55cd92540 00007ff561408230
0x00007ff561408150:   00007ff561408160 00007ff569880402
0x00007ff561408160:   00007ff5614081c0 00007ff5699e4ea5
0x00007ff561408170:   00007ff555d28960 00007ff555ac0d60
0x00007ff561408180:   00007ff555c1edd0 0000000069bf8edd
0x00007ff561408190:   00007ff561408d78 0000000000010040
0x00007ff5614081a0:   00007ff561408390 00007ff561408390
0x00007ff5614081b0:   00007ff555ac0e10 00007ff555ac0da8
0x00007ff5614081c0:   00007ff5614082b0 00007ff55c000020
0x00007ff5614081d0:   00007ff561408260 0000000000010010
0x00007ff5614081e0:   00007ff556d9eda0 0000000000010000 

Instructions: (pc=0x00007ff569b3080e)
0x00007ff569b307ee:   4c 39 e8 0f 84 ad 03 00 00 8b 70 28 49 89 c7 0f
0x00007ff569b307fe:   1f 00 4c 8b 93 e0 09 00 00 49 8d 34 f2 48 8b 06
0x00007ff569b3080e:   48 8b 50 08 48 83 3a 00 75 27 8b 4b 28 0f 1f 44
0x00007ff569b3081e:   00 00 8b 50 28 31 c0 39 ca 73 0c 48 8b 43 30 48 

Register to memory mapping:

RAX=0x0000000000000000 is an unknown value
RBX=0x00007ff5614097b0 is pointing into the stack for thread: 0x00007ff55c0b5800
RCX=0x00007ff556d66e20 is an unknown value
RDX=0x0000000000002000 is an unknown value
RSP=0x00007ff561407ff0 is pointing into the stack for thread: 0x00007ff55c0b5800
RBP=0x00007ff561408030 is pointing into the stack for thread: 0x00007ff55c0b5800
RSI=0x00007ff55c811170 is an unknown value
RDI=0x0000000000000000 is an unknown value
R8 =0x00007ff55c7e90f0 is an unknown value
R9 =0x00007ff5614097b0 is pointing into the stack for thread: 0x00007ff55c0b5800
R10=0x00007ff55c811170 is an unknown value
R11=0x0000000000000000 is an unknown value
R12=0x00007ff554ac8cb0 is an unknown value
R13=0x00007ff55ce2b958 is an unknown value
R14=0x00007ff5614097d0 is pointing into the stack for thread: 0x00007ff55c0b5800
R15=0x00007ff55cd8fe58 is an unknown value


Stack: [0x00007ff56130c000,0x00007ff56140d000],  sp=0x00007ff561407ff0,  free space=1007k
Native frames: (J=compiled Java code, j=interpreted, Vv=VM code, C=native code)
V  [libjvm.so+0x5bc80e]  PhaseIdealLoop::build_loop_late_post(Node*)+0x14e
V  [libjvm.so+0x5bcd7b]  PhaseIdealLoop::build_loop_late(VectorSet&, Node_List&, Node_Stack&)+0x10b
V  [libjvm.so+0x5bd942]  PhaseIdealLoop::build_and_optimize(bool, bool)+0x692
V  [libjvm.so+0x37bc8a]  Compile::Optimize()+0xd2a
V  [libjvm.so+0x37c9f3]  Compile::Compile(ciEnv*, C2Compiler*, ciMethod*, int, bool, bool)+0xad3
V  [libjvm.so+0x3062d0]  C2Compiler::compile_method(ciEnv*, ciMethod*, int)+0xe0
V  [libjvm.so+0x3810d3]  CompileBroker::invoke_compiler_on_method(CompileTask*)+0x2a3
V  [libjvm.so+0x381a1b]  CompileBroker::compiler_thread_loop()+0x45b
V  [libjvm.so+0x74baf8]  JavaThread::thread_main_inner()+0x58
V  [libjvm.so+0x64ba72]  java_start(Thread*)+0x112


Current CompileTask:
C2:25343772 1406      jregex.Pretokenizer.next()V (1064 bytes)


---------------  P R O C E S S  ---------------

Java Threads: ( => current thread )
  0x00000000027ab800 JavaThread "net.sf.ehcache.CacheManager@6b12ed47" daemon [_thread_blocked, id=24302, stack(0x00007ff560626000,0x00007ff560727000)]
  0x00007ff55d6d1800 JavaThread "New I/O server worker #1-1" [_thread_in_native, id=24300, stack(0x00007ff560828000,0x00007ff560929000)]
  0x00007ff5543cb000 JavaThread "File Reaper" daemon [_thread_blocked, id=26274, stack(0x00007ff55bdfe000,0x00007ff55beff000)]
  0x00007ff55457d800 JavaThread "com.mchange.v2.async.ThreadPoolAsynchronousRunner$PoolThread-#2" daemon [_thread_blocked, id=31235, stack(0x00007ff56001b000,0x00007ff56011c000)]
  0x00007ff55452f800 JavaThread "com.mchange.v2.async.ThreadPoolAsynchronousRunner$PoolThread-#1" daemon [_thread_blocked, id=31234, stack(0x00007ff56011c000,0x00007ff56021d000)]
  0x00007ff55454c800 JavaThread "com.mchange.v2.async.ThreadPoolAsynchronousRunner$PoolThread-#0" daemon [_thread_blocked, id=31233, stack(0x00007ff56021d000,0x00007ff56031e000)]
  0x00007ff554584800 JavaThread "Timer-0" daemon [_thread_blocked, id=31232, stack(0x00007ff56031e000,0x00007ff56041f000)]
  0x0000000002606800 JavaThread "play-thread-1" [_thread_in_Java, id=31229, stack(0x00007ff560727000,0x00007ff560828000)]
  0x00007ff5540eb000 JavaThread "DestroyJavaVM" [_thread_blocked, id=30617, stack(0x00007ff56ae18000,0x00007ff56af19000)]
  0x00007ff5542e0000 JavaThread "New I/O server boss #1 ([id: 0x21c783c5, /0:0:0:0:0:0:0:0:9090])" [_thread_in_native, id=30636, stack(0x00007ff560929000,0x00007ff560a2a000)]
  0x00007ff55c0b8800 JavaThread "Low Memory Detector" daemon [_thread_blocked, id=30634, stack(0x00007ff56120b000,0x00007ff56130c000)]
=>0x00007ff55c0b5800 JavaThread "C2 CompilerThread1" daemon [_thread_in_native, id=30633, stack(0x00007ff56130c000,0x00007ff56140d000)]
  0x00007ff55c0b3000 JavaThread "C2 CompilerThread0" daemon [_thread_in_native, id=30632, stack(0x00007ff56140d000,0x00007ff56150e000)]
  0x00007ff55c0b0800 JavaThread "JDWP Event Helper Thread" daemon [_thread_blocked, id=30631, stack(0x00007ff56150e000,0x00007ff56160f000)]
  0x00007ff55c0ad000 JavaThread "JDWP Transport Listener: dt_socket" daemon [_thread_in_native, id=30630, stack(0x00007ff56160f000,0x00007ff561710000)]
  0x00007ff55c070800 JavaThread "Signal Dispatcher" daemon [_thread_blocked, id=30629, stack(0x00007ff561915000,0x00007ff561a16000)]
  0x00007ff55c05f000 JavaThread "Finalizer" daemon [_thread_blocked, id=30628, stack(0x00007ff561a16000,0x00007ff561b17000)]
  0x00007ff55c05d000 JavaThread "Reference Handler" daemon [_thread_blocked, id=30627, stack(0x00007ff561b17000,0x00007ff561c18000)]

Other Threads:
  0x00007ff55c056000 VMThread [stack: 0x00007ff561c18000,0x00007ff561d19000] [id=30626]
  0x00007ff55c0c3000 WatcherThread [stack: 0x00007ff56110a000,0x00007ff56120b000] [id=30635]

VM state:not at safepoint (normal execution)

VM Mutex/Monitor currently owned by a thread: None

Heap
 PSYoungGen      total 45056K, used 7027K [0x00000007ac560000, 0x00000007af2d0000, 0x0000000800000000)
  eden space 43584K, 15% used [0x00000007ac560000,0x00000007acc0cc00,0x00000007aeff0000)
  from space 1472K, 13% used [0x00000007af160000,0x00000007af190000,0x00000007af2d0000)
  to   space 1472K, 0% used [0x00000007aeff0000,0x00000007aeff0000,0x00000007af160000)
 PSOldGen        total 171392K, used 31834K [0x0000000705000000, 0x000000070f760000, 0x00000007ac560000)
  object space 171392K, 18% used [0x0000000705000000,0x0000000706f16910,0x000000070f760000)
 PSPermGen       total 65408K, used 65220K [0x00000006faa00000, 0x00000006fe9e0000, 0x0000000705000000)
  object space 65408K, 99% used [0x00000006faa00000,0x00000006fe9b10a8,0x00000006fe9e0000)

Code Cache  [0x00007ff563dcf000, 0x00007ff5645cf000, 0x00007ff566dcf000)
 total_blobs=2015 nmethods=1346 adapters=629 free_code_cache=42094144 largest_free_block=28800

Dynamic libraries:
00400000-00409000 r-xp 00000000 08:05 916794                             /usr/lib/jvm/java-6-openjdk/jre/bin/java
00608000-00609000 r--p 00008000 08:05 916794                             /usr/lib/jvm/java-6-openjdk/jre/bin/java
00609000-0060a000 rw-p 00009000 08:05 916794                             /usr/lib/jvm/java-6-openjdk/jre/bin/java
0257b000-04a7e000 rw-p 00000000 00:00 0                                  [heap]
6faa00000-6fe9e0000 rw-p 00000000 00:00 0 
6fe9e0000-705000000 rw-p 00000000 00:00 0 
705000000-70f760000 rw-p 00000000 00:00 0 
70f760000-7ac560000 rw-p 00000000 00:00 0 
7ac560000-7af2d0000 rw-p 00000000 00:00 0 
7af2d0000-7b1900000 ---p 00000000 00:00 0 
7b1900000-800000000 rw-p 00000000 00:00 0 
7ff554000000-7ff5572c1000 rw-p 00000000 00:00 0 
7ff5572c1000-7ff558000000 ---p 00000000 00:00 0 
7ff55bbfc000-7ff55bbff000 ---p 00000000 00:00 0 
7ff55bbff000-7ff55bcfd000 rw-p 00000000 00:00 0 
7ff55bcfd000-7ff55bd00000 ---p 00000000 00:00 0 
7ff55bd00000-7ff55bdfe000 rw-p 00000000 00:00 0 
7ff55bdfe000-7ff55be01000 ---p 00000000 00:00 0 
7ff55be01000-7ff55beff000 rw-p 00000000 00:00 0 
7ff55beff000-7ff55bf02000 ---p 00000000 00:00 0 
7ff55bf02000-7ff55c000000 rw-p 00000000 00:00 0 
7ff55c000000-7ff55f80c000 rw-p 00000000 00:00 0 
7ff55f80c000-7ff560000000 ---p 00000000 00:00 0 
7ff56001b000-7ff56001e000 ---p 00000000 00:00 0 
7ff56001e000-7ff56011c000 rw-p 00000000 00:00 0 
7ff56011c000-7ff56011f000 ---p 00000000 00:00 0 
7ff56011f000-7ff56021d000 rw-p 00000000 00:00 0 
7ff56021d000-7ff560220000 ---p 00000000 00:00 0 
7ff560220000-7ff56031e000 rw-p 00000000 00:00 0 
7ff56031e000-7ff560321000 ---p 00000000 00:00 0 
7ff560321000-7ff56041f000 rw-p 00000000 00:00 0 
7ff56041f000-7ff560425000 r-xp 00000000 08:05 957624                     /usr/lib/jvm/java-6-openjdk/jre/lib/amd64/libmanagement.so
7ff560425000-7ff560624000 ---p 00006000 08:05 957624                     /usr/lib/jvm/java-6-openjdk/jre/lib/amd64/libmanagement.so
7ff560624000-7ff560625000 r--p 00005000 08:05 957624                     /usr/lib/jvm/java-6-openjdk/jre/lib/amd64/libmanagement.so
7ff560625000-7ff560626000 rw-p 00006000 08:05 957624                     /usr/lib/jvm/java-6-openjdk/jre/lib/amd64/libmanagement.so
7ff560626000-7ff560629000 ---p 00000000 00:00 0 
7ff560629000-7ff560727000 rw-p 00000000 00:00 0 
7ff560727000-7ff56072a000 ---p 00000000 00:00 0 
7ff56072a000-7ff560828000 rw-p 00000000 00:00 0 
7ff560828000-7ff56082b000 ---p 00000000 00:00 0 
7ff56082b000-7ff560929000 rw-p 00000000 00:00 0 
7ff560929000-7ff56092c000 ---p 00000000 00:00 0 
7ff56092c000-7ff560a2a000 rw-p 00000000 00:00 0 
7ff560a2a000-7ff560a32000 r-xp 00000000 08:05 918650                     /usr/lib/jvm/java-6-openjdk/jre/lib/amd64/libnio.so
7ff560a32000-7ff560c31000 ---p 00008000 08:05 918650                     /usr/lib/jvm/java-6-openjdk/jre/lib/amd64/libnio.so
7ff560c31000-7ff560c32000 r--p 00007000 08:05 918650                     /usr/lib/jvm/java-6-openjdk/jre/lib/amd64/libnio.so
7ff560c32000-7ff560c33000 rw-p 00008000 08:05 918650                     /usr/lib/jvm/java-6-openjdk/jre/lib/amd64/libnio.so
7ff560c33000-7ff560c48000 r-xp 00000000 08:05 920838                     /usr/lib/jvm/java-6-openjdk/jre/lib/amd64/libnet.so
7ff560c48000-7ff560e47000 ---p 00015000 08:05 920838                     /usr/lib/jvm/java-6-openjdk/jre/lib/amd64/libnet.so
7ff560e47000-7ff560e48000 r--p 00014000 08:05 920838                     /usr/lib/jvm/java-6-openjdk/jre/lib/amd64/libnet.so
7ff560e48000-7ff560e49000 rw-p 00015000 08:05 920838                     /usr/lib/jvm/java-6-openjdk/jre/lib/amd64/libnet.so
7ff560f2d000-7ff560f30000 r--s 00031000 08:05 920893                     /usr/lib/jvm/java-6-openjdk/jre/lib/ext/sunjce_provider.jar
7ff560f30000-7ff560f32000 r--s 00013000 08:05 920906                     /usr/lib/jvm/java-6-openjdk/jre/lib/jce.jar
7ff560f32000-7ff560f41000 r--s 00074000 08:05 296141                     /opt/play-1.2.3/framework/lib/joda-time-1.6.jar
7ff560f41000-7ff560f47000 r--s 00038000 08:05 296158                     /opt/play-1.2.3/framework/lib/snakeyaml-1.7.jar
7ff560f47000-7ff560f4e000 r--s 0006a000 08:05 296148                     /opt/play-1.2.3/framework/lib/mail-1.4.3.jar
7ff560f4e000-7ff560f50000 r--s 0000c000 08:05 296101                     /opt/play-1.2.3/framework/lib/activation-1.1.1.jar
7ff560f50000-7ff560f5b000 r--s 00124000 08:05 296123                     /opt/play-1.2.3/framework/lib/h2-1.3.149.jar
7ff560f5b000-7ff560f5e000 r--s 00024000 08:05 296113                     /opt/play-1.2.3/framework/lib/commons-io-2.0.1.jar
7ff560f5e000-7ff560f60000 r--s 0000b000 08:05 296139                     /opt/play-1.2.3/framework/lib/jj-textile.jar
7ff560f60000-7ff560f65000 r--s 00048000 08:05 296117                     /opt/play-1.2.3/framework/lib/dom4j-1.6.1.jar
7ff560f65000-7ff560f68000 r--s 00011000 08:05 296119                     /opt/play-1.2.3/framework/lib/ezmorph-1.0.3.jar
7ff560f68000-7ff560f6b000 r--s 0000f000 08:05 296120                     /opt/play-1.2.3/framework/lib/geronimo-servlet_2.5_spec-1.2.jar
7ff560f6b000-7ff560f6d000 r--s 00002000 08:05 296144                     /opt/play-1.2.3/framework/lib/jta-1.1.jar
7ff560f6d000-7ff560f75000 r--s 0008a000 08:05 296134                     /opt/play-1.2.3/framework/lib/javassist-3.9.0.GA.jar
7ff560f75000-7ff560f76000 r--s 00007000 08:05 296111                     /opt/play-1.2.3/framework/lib/commons-email-1.2.jar
7ff560f76000-7ff560f7b000 r--s 00014000 08:05 296131                     /opt/play-1.2.3/framework/lib/hibernate-jpa-2.0-api-1.0.0.Final.jar
7ff560f7b000-7ff560f7d000 r--s 00015000 08:05 296142                     /opt/play-1.2.3/framework/lib/jregex-1.2_01.jar
7ff560f7d000-7ff560f86000 r--s 0005d000 08:05 296129                     /opt/play-1.2.3/framework/lib/hibernate-entitymanager-3.6.0.Final.jar
7ff560f86000-7ff560f89000 r--s 00022000 08:05 296133                     /opt/play-1.2.3/framework/lib/jamon-2.7.jar
7ff560f89000-7ff560f90000 r--s 00059000 08:05 296147                     /opt/play-1.2.3/framework/lib/log4j-1.2.15.jar
7ff560f90000-7ff560fb5000 r--s 00172000 08:05 296105                     /opt/play-1.2.3/framework/lib/bcprov-jdk15-1.45.jar
7ff560fb5000-7ff560fc4000 r--s 000b2000 08:05 296151                     /opt/play-1.2.3/framework/lib/netty-3.2.4.Final.jar
7ff560fc4000-7ff560fca000 r--s 00032000 08:05 296136                     /opt/play-1.2.3/framework/lib/jaxen-1.1.jar
7ff560fca000-7ff560fd1000 r--s 00038000 08:05 296140                     /opt/play-1.2.3/framework/lib/jj-wikitext.jar
7ff560fd1000-7ff560fe0000 r--s 000d9000 08:05 296132                     /opt/play-1.2.3/framework/lib/ivy-2.2.0.jar
7ff560fe0000-7ff561034000 r--s 00516000 08:05 296121                     /opt/play-1.2.3/framework/lib/groovy-all-1.7.7.jar
7ff561034000-7ff56103a000 r--s 00034000 08:05 296145                     /opt/play-1.2.3/framework/lib/junit-4.8.1.jar
7ff56103a000-7ff561044000 r--s 0006f000 08:05 296118                     /opt/play-1.2.3/framework/lib/ehcache-core-2.0.0.jar
7ff561044000-7ff561046000 r--s 00008000 08:05 296155                     /opt/play-1.2.3/framework/lib/signpost-core-1.2.jar
7ff561046000-7ff561048000 r--s 0000e000 08:05 296114                     /opt/play-1.2.3/framework/lib/commons-javaflow-1066591.jar
7ff561048000-7ff56104e000 r--s 0007e000 08:05 296154                     /opt/play-1.2.3/framework/lib/postgresql-9.0.jar
7ff56104e000-7ff561050000 r--s 0000d000 08:05 296116                     /opt/play-1.2.3/framework/lib/commons-logging-1.1.1.jar
7ff561050000-7ff561051000 r--s 00000000 08:05 296135                     /opt/play-1.2.3/framework/lib/javax.inject-1.0.jar
7ff561051000-7ff561057000 r--s 00067000 08:05 296102                     /opt/play-1.2.3/framework/lib/antlr-2.7.6.jar
7ff561057000-7ff56105d000 r--s 00049000 08:05 296104                     /opt/play-1.2.3/framework/lib/async-http-client-1.6.3.jar
7ff56105d000-7ff561064000 r--s 000b7000 08:05 296150                     /opt/play-1.2.3/framework/lib/mysql-connector-java-5.1.13.jar
7ff561064000-7ff561067000 r--s 0000f000 08:05 296125                     /opt/play-1.2.3/framework/lib/hibernate-commons-annotations-3.2.0.Final.jar
7ff561067000-7ff561069000 r--s 0000d000 08:05 296112                     /opt/play-1.2.3/framework/lib/commons-fileupload-1.2.2.jar
7ff561069000-7ff56106f000 r--s 00049000 08:05 296107                     /opt/play-1.2.3/framework/lib/cglib-nodep-2.2.jar
7ff56106f000-7ff56107d000 r--s 0007f000 08:05 296110                     /opt/play-1.2.3/framework/lib/commons-collections-3.2.1.jar
7ff56107d000-7ff561088000 r--s 0005a000 08:05 296159                     /opt/play-1.2.3/framework/lib/xstream-1.3.jar
7ff561088000-7ff56108f000 r--s 00049000 08:05 296153                     /opt/play-1.2.3/framework/lib/oval-1.50.jar
7ff56108f000-7ff561094000 r--s 00041000 08:05 296115                     /opt/play-1.2.3/framework/lib/commons-lang-2.6.jar
7ff561094000-7ff56109f000 r--s 0008b000 08:05 296106                     /opt/play-1.2.3/framework/lib/c3p0-0.9.1.2.jar
7ff56109f000-7ff5610c8000 r--s 00403000 08:05 296152                     /opt/play-1.2.3/framework/lib/org.eclipse.jdt.core-3.6.0.jar
7ff5610c8000-7ff5610fa000 r--s 002c7000 08:05 296127                     /opt/play-1.2.3/framework/lib/hibernate-core-3.6.1.Final.jar
7ff5610fa000-7ff5610ff000 r--s 00034000 08:05 296108                     /opt/play-1.2.3/framework/lib/commons-beanutils-1.8.3.jar
7ff5610ff000-7ff561104000 r--s 0002e000 08:05 296103                     /opt/play-1.2.3/framework/lib/asm-all-3.3.1.jar
7ff561104000-7ff56110a000 r--s 00040000 08:05 296149                     /opt/play-1.2.3/framework/lib/memcached-2.6.jar
7ff56110a000-7ff56110b000 ---p 00000000 00:00 0 
7ff56110b000-7ff56120b000 rw-p 00000000 00:00 0 
7ff56120b000-7ff56120e000 ---p 00000000 00:00 0 
7ff56120e000-7ff56130c000 rw-p 00000000 00:00 0 
7ff56130c000-7ff56130f000 ---p 00000000 00:00 0 
7ff56130f000-7ff56140d000 rw-p 00000000 00:00 0 
7ff56140d000-7ff561410000 ---p 00000000 00:00 0 
7ff561410000-7ff56150e000 rw-p 00000000 00:00 0 
7ff56150e000-7ff561511000 ---p 00000000 00:00 0 
7ff561511000-7ff56160f000 rw-p 00000000 00:00 0 
7ff56160f000-7ff561612000 ---p 00000000 00:00 0 
7ff561612000-7ff561710000 rw-p 00000000 00:00 0 
7ff561710000-7ff561714000 r-xp 00000000 08:05 918469                     /usr/lib/jvm/java-6-openjdk/jre/lib/amd64/libdt_socket.so
7ff561714000-7ff561913000 ---p 00004000 08:05 918469                     /usr/lib/jvm/java-6-openjdk/jre/lib/amd64/libdt_socket.so
7ff561913000-7ff561914000 r--p 00003000 08:05 918469                     /usr/lib/jvm/java-6-openjdk/jre/lib/amd64/libdt_socket.so
7ff561914000-7ff561915000 rw-p 00004000 08:05 918469                     /usr/lib/jvm/java-6-openjdk/jre/lib/amd64/libdt_socket.so
7ff561915000-7ff561918000 ---p 00000000 00:00 0 
7ff561918000-7ff561a16000 rw-p 00000000 00:00 0 
7ff561a16000-7ff561a19000 ---p 00000000 00:00 0 
7ff561a19000-7ff561b17000 rw-p 00000000 00:00 0 
7ff561b17000-7ff561b1a000 ---p 00000000 00:00 0 
7ff561b1a000-7ff561c18000 rw-p 00000000 00:00 0 
7ff561c18000-7ff561c19000 ---p 00000000 00:00 0 
7ff561c19000-7ff562655000 rw-p 00000000 00:00 0 
7ff562655000-7ff5627e5000 r--s 037b6000 08:05 957627                     /usr/lib/jvm/java-6-openjdk/jre/lib/rt.jar
7ff5627e5000-7ff56280d000 rw-p 00000000 00:00 0 
7ff56280d000-7ff56280e000 ---p 00000000 00:00 0 
7ff56280e000-7ff56290e000 rw-p 00000000 00:00 0 
7ff56290e000-7ff56290f000 ---p 00000000 00:00 0 
7ff56290f000-7ff562a0f000 rw-p 00000000 00:00 0 
7ff562a0f000-7ff562a10000 ---p 00000000 00:00 0 
7ff562a10000-7ff562b10000 rw-p 00000000 00:00 0 
7ff562b10000-7ff562b11000 ---p 00000000 00:00 0 
7ff562b11000-7ff562c11000 rw-p 00000000 00:00 0 
7ff562c11000-7ff562c12000 ---p 00000000 00:00 0 
7ff562c12000-7ff562d12000 rw-p 00000000 00:00 0 
7ff562d12000-7ff562d13000 ---p 00000000 00:00 0 
7ff562d13000-7ff562e13000 rw-p 00000000 00:00 0 
7ff562e13000-7ff562e14000 ---p 00000000 00:00 0 
7ff562e14000-7ff562f14000 rw-p 00000000 00:00 0 
7ff562f14000-7ff562f15000 ---p 00000000 00:00 0 
7ff562f15000-7ff563035000 rw-p 00000000 00:00 0 
7ff563035000-7ff563068000 rw-p 00000000 00:00 0 
7ff563068000-7ff5630bc000 rw-p 00000000 00:00 0 
7ff5630bc000-7ff5635a3000 rw-p 00000000 00:00 0 
7ff5635a3000-7ff5635c3000 rw-p 00000000 00:00 0 
7ff5635c3000-7ff5635f6000 rw-p 00000000 00:00 0 
7ff5635f6000-7ff56364a000 rw-p 00000000 00:00 0 
7ff56364a000-7ff563b30000 rw-p 00000000 00:00 0 
7ff563b30000-7ff563b48000 rw-p 00000000 00:00 0 
7ff563b48000-7ff563b5b000 ---p 00000000 00:00 0 
7ff563b5b000-7ff563dce000 rw-p 00000000 00:00 0 
7ff563dce000-7ff563dcf000 rw-p 00000000 00:00 0 
7ff563dcf000-7ff5645cf000 rwxp 00000000 00:00 0 
7ff5645cf000-7ff566dcf000 rw-p 00000000 00:00 0 
7ff566dcf000-7ff566dd6000 r-xp 00000000 08:05 925488                     /usr/lib/jvm/java-6-openjdk/jre/lib/amd64/libzip.so
7ff566dd6000-7ff566fd5000 ---p 00007000 08:05 925488                     /usr/lib/jvm/java-6-openjdk/jre/lib/amd64/libzip.so
7ff566fd5000-7ff566fd6000 r--p 00006000 08:05 925488                     /usr/lib/jvm/java-6-openjdk/jre/lib/amd64/libzip.so
7ff566fd6000-7ff566fd7000 rw-p 00007000 08:05 925488                     /usr/lib/jvm/java-6-openjdk/jre/lib/amd64/libzip.so
7ff566fd7000-7ff566fe3000 r-xp 00000000 08:05 1068842                    /lib/x86_64-linux-gnu/libnss_files-2.13.so
7ff566fe3000-7ff5671e2000 ---p 0000c000 08:05 1068842                    /lib/x86_64-linux-gnu/libnss_files-2.13.so
7ff5671e2000-7ff5671e3000 r--p 0000b000 08:05 1068842                    /lib/x86_64-linux-gnu/libnss_files-2.13.so
7ff5671e3000-7ff5671e4000 rw-p 0000c000 08:05 1068842                    /lib/x86_64-linux-gnu/libnss_files-2.13.so
7ff5671e4000-7ff5671ee000 r-xp 00000000 08:05 1068848                    /lib/x86_64-linux-gnu/libnss_nis-2.13.so
7ff5671ee000-7ff5673ee000 ---p 0000a000 08:05 1068848                    /lib/x86_64-linux-gnu/libnss_nis-2.13.so
7ff5673ee000-7ff5673ef000 r--p 0000a000 08:05 1068848                    /lib/x86_64-linux-gnu/libnss_nis-2.13.so
7ff5673ef000-7ff5673f0000 rw-p 0000b000 08:05 1068848                    /lib/x86_64-linux-gnu/libnss_nis-2.13.so
7ff5673f0000-7ff567407000 r-xp 00000000 08:05 1068837                    /lib/x86_64-linux-gnu/libnsl-2.13.so
7ff567407000-7ff567606000 ---p 00017000 08:05 1068837                    /lib/x86_64-linux-gnu/libnsl-2.13.so
7ff567606000-7ff567607000 r--p 00016000 08:05 1068837                    /lib/x86_64-linux-gnu/libnsl-2.13.so
7ff567607000-7ff567608000 rw-p 00017000 08:05 1068837                    /lib/x86_64-linux-gnu/libnsl-2.13.so
7ff567608000-7ff56760a000 rw-p 00000000 00:00 0 
7ff56760a000-7ff567612000 r-xp 00000000 08:05 1068834                    /lib/x86_64-linux-gnu/libnss_compat-2.13.so
7ff567612000-7ff567811000 ---p 00008000 08:05 1068834                    /lib/x86_64-linux-gnu/libnss_compat-2.13.so
7ff567811000-7ff567812000 r--p 00007000 08:05 1068834                    /lib/x86_64-linux-gnu/libnss_compat-2.13.so
7ff567812000-7ff567813000 rw-p 00008000 08:05 1068834                    /lib/x86_64-linux-gnu/libnss_compat-2.13.so
7ff567813000-7ff568142000 r--p 00000000 08:05 922981                     /usr/lib/locale/locale-archive
7ff568142000-7ff568145000 r-xp 00000000 08:05 922988                     /usr/lib/jvm/java-6-openjdk/jre/lib/amd64/libnpt.so
7ff568145000-7ff568344000 ---p 00003000 08:05 922988                     /usr/lib/jvm/java-6-openjdk/jre/lib/amd64/libnpt.so
7ff568344000-7ff568345000 r--p 00002000 08:05 922988                     /usr/lib/jvm/java-6-openjdk/jre/lib/amd64/libnpt.so
7ff568345000-7ff568346000 rw-p 00003000 08:05 922988                     /usr/lib/jvm/java-6-openjdk/jre/lib/amd64/libnpt.so
7ff568346000-7ff56834f000 r-xp 00000000 08:05 922991                     /usr/lib/jvm/java-6-openjdk/jre/lib/amd64/libinstrument.so
7ff56834f000-7ff56854f000 ---p 00009000 08:05 922991                     /usr/lib/jvm/java-6-openjdk/jre/lib/amd64/libinstrument.so
7ff56854f000-7ff568550000 r--p 00009000 08:05 922991                     /usr/lib/jvm/java-6-openjdk/jre/lib/amd64/libinstrument.so
7ff568550000-7ff568551000 rw-p 0000a000 08:05 922991                     /usr/lib/jvm/java-6-openjdk/jre/lib/amd64/libinstrument.so
7ff568551000-7ff56858b000 r-xp 00000000 08:05 922987                     /usr/lib/jvm/java-6-openjdk/jre/lib/amd64/libjdwp.so
7ff56858b000-7ff56878a000 ---p 0003a000 08:05 922987                     /usr/lib/jvm/java-6-openjdk/jre/lib/amd64/libjdwp.so
7ff56878a000-7ff56878b000 r--p 00039000 08:05 922987                     /usr/lib/jvm/java-6-openjdk/jre/lib/amd64/libjdwp.so
7ff56878b000-7ff56878c000 rw-p 0003a000 08:05 922987                     /usr/lib/jvm/java-6-openjdk/jre/lib/amd64/libjdwp.so
7ff56878c000-7ff5687b8000 r-xp 00000000 08:05 925247                     /usr/lib/jvm/java-6-openjdk/jre/lib/amd64/libjava.so
7ff5687b8000-7ff5689b7000 ---p 0002c000 08:05 925247                     /usr/lib/jvm/java-6-openjdk/jre/lib/amd64/libjava.so
7ff5689b7000-7ff5689b8000 r--p 0002b000 08:05 925247                     /usr/lib/jvm/java-6-openjdk/jre/lib/amd64/libjava.so
7ff5689b8000-7ff5689bb000 rw-p 0002c000 08:05 925247                     /usr/lib/jvm/java-6-openjdk/jre/lib/amd64/libjava.so
7ff5689bb000-7ff5689c9000 r-xp 00000000 08:05 920832                     /usr/lib/jvm/java-6-openjdk/jre/lib/amd64/libverify.so
7ff5689c9000-7ff568bc8000 ---p 0000e000 08:05 920832                     /usr/lib/jvm/java-6-openjdk/jre/lib/amd64/libverify.so
7ff568bc8000-7ff568bca000 r--p 0000d000 08:05 920832                     /usr/lib/jvm/java-6-openjdk/jre/lib/amd64/libverify.so
7ff568bca000-7ff568bcb000 rw-p 0000f000 08:05 920832                     /usr/lib/jvm/java-6-openjdk/jre/lib/amd64/libverify.so
7ff568bcb000-7ff568bd2000 r-xp 00000000 08:05 1044505                    /lib/x86_64-linux-gnu/librt-2.13.so
7ff568bd2000-7ff568dd1000 ---p 00007000 08:05 1044505                    /lib/x86_64-linux-gnu/librt-2.13.so
7ff568dd1000-7ff568dd2000 r--p 00006000 08:05 1044505                    /lib/x86_64-linux-gnu/librt-2.13.so
7ff568dd2000-7ff568dd3000 rw-p 00007000 08:05 1044505                    /lib/x86_64-linux-gnu/librt-2.13.so
7ff568dd3000-7ff568de8000 r-xp 00000000 08:05 1068525                    /lib/x86_64-linux-gnu/libgcc_s.so.1
7ff568de8000-7ff568fe7000 ---p 00015000 08:05 1068525                    /lib/x86_64-linux-gnu/libgcc_s.so.1
7ff568fe7000-7ff568fe8000 r--p 00014000 08:05 1068525                    /lib/x86_64-linux-gnu/libgcc_s.so.1
7ff568fe8000-7ff568fe9000 rw-p 00015000 08:05 1068525                    /lib/x86_64-linux-gnu/libgcc_s.so.1
7ff568fe9000-7ff56906c000 r-xp 00000000 08:05 1068849                    /lib/x86_64-linux-gnu/libm-2.13.so
7ff56906c000-7ff56926b000 ---p 00083000 08:05 1068849                    /lib/x86_64-linux-gnu/libm-2.13.so
7ff56926b000-7ff56926c000 r--p 00082000 08:05 1068849                    /lib/x86_64-linux-gnu/libm-2.13.so
7ff56926c000-7ff56926d000 rw-p 00083000 08:05 1068849                    /lib/x86_64-linux-gnu/libm-2.13.so
7ff56926d000-7ff569355000 r-xp 00000000 08:05 914676                     /usr/lib/x86_64-linux-gnu/libstdc++.so.6.0.16
7ff569355000-7ff569555000 ---p 000e8000 08:05 914676                     /usr/lib/x86_64-linux-gnu/libstdc++.so.6.0.16
7ff569555000-7ff56955d000 r--p 000e8000 08:05 914676                     /usr/lib/x86_64-linux-gnu/libstdc++.so.6.0.16
7ff56955d000-7ff56955f000 rw-p 000f0000 08:05 914676                     /usr/lib/x86_64-linux-gnu/libstdc++.so.6.0.16
7ff56955f000-7ff569574000 rw-p 00000000 00:00 0 
7ff569574000-7ff569e77000 r-xp 00000000 08:05 957616                     /usr/lib/jvm/java-6-openjdk/jre/lib/amd64/server/libjvm.so
7ff569e77000-7ff56a076000 ---p 00903000 08:05 957616                     /usr/lib/jvm/java-6-openjdk/jre/lib/amd64/server/libjvm.so
7ff56a076000-7ff56a0f7000 r--p 00902000 08:05 957616                     /usr/lib/jvm/java-6-openjdk/jre/lib/amd64/server/libjvm.so
7ff56a0f7000-7ff56a112000 rw-p 00983000 08:05 957616                     /usr/lib/jvm/java-6-openjdk/jre/lib/amd64/server/libjvm.so
7ff56a112000-7ff56a13b000 rw-p 00000000 00:00 0 
7ff56a13b000-7ff56a152000 r-xp 00000000 08:05 1048733                    /lib/x86_64-linux-gnu/libz.so.1.2.3.4
7ff56a152000-7ff56a351000 ---p 00017000 08:05 1048733                    /lib/x86_64-linux-gnu/libz.so.1.2.3.4
7ff56a351000-7ff56a352000 r--p 00016000 08:05 1048733                    /lib/x86_64-linux-gnu/libz.so.1.2.3.4
7ff56a352000-7ff56a353000 rw-p 00017000 08:05 1048733                    /lib/x86_64-linux-gnu/libz.so.1.2.3.4
7ff56a353000-7ff56a4e8000 r-xp 00000000 08:05 1068839                    /lib/x86_64-linux-gnu/libc-2.13.so
7ff56a4e8000-7ff56a6e7000 ---p 00195000 08:05 1068839                    /lib/x86_64-linux-gnu/libc-2.13.so
7ff56a6e7000-7ff56a6eb000 r--p 00194000 08:05 1068839                    /lib/x86_64-linux-gnu/libc-2.13.so
7ff56a6eb000-7ff56a6ec000 rw-p 00198000 08:05 1068839                    /lib/x86_64-linux-gnu/libc-2.13.so
7ff56a6ec000-7ff56a6f2000 rw-p 00000000 00:00 0 
7ff56a6f2000-7ff56a6f4000 r-xp 00000000 08:05 1068840                    /lib/x86_64-linux-gnu/libdl-2.13.so
7ff56a6f4000-7ff56a8f4000 ---p 00002000 08:05 1068840                    /lib/x86_64-linux-gnu/libdl-2.13.so
7ff56a8f4000-7ff56a8f5000 r--p 00002000 08:05 1068840                    /lib/x86_64-linux-gnu/libdl-2.13.so
7ff56a8f5000-7ff56a8f6000 rw-p 00003000 08:05 1068840                    /lib/x86_64-linux-gnu/libdl-2.13.so
7ff56a8f6000-7ff56a8fa000 r-xp 00000000 08:05 918711                     /usr/lib/jvm/java-6-openjdk/jre/lib/amd64/jli/libjli.so
7ff56a8fa000-7ff56aaf9000 ---p 00004000 08:05 918711                     /usr/lib/jvm/java-6-openjdk/jre/lib/amd64/jli/libjli.so
7ff56aaf9000-7ff56aafa000 r--p 00003000 08:05 918711                     /usr/lib/jvm/java-6-openjdk/jre/lib/amd64/jli/libjli.so
7ff56aafa000-7ff56aafb000 rw-p 00004000 08:05 918711                     /usr/lib/jvm/java-6-openjdk/jre/lib/amd64/jli/libjli.so
7ff56aafb000-7ff56ab13000 r-xp 00000000 08:05 1068847                    /lib/x86_64-linux-gnu/libpthread-2.13.so
7ff56ab13000-7ff56ad12000 ---p 00018000 08:05 1068847                    /lib/x86_64-linux-gnu/libpthread-2.13.so
7ff56ad12000-7ff56ad13000 r--p 00017000 08:05 1068847                    /lib/x86_64-linux-gnu/libpthread-2.13.so
7ff56ad13000-7ff56ad14000 rw-p 00018000 08:05 1068847                    /lib/x86_64-linux-gnu/libpthread-2.13.so
7ff56ad14000-7ff56ad18000 rw-p 00000000 00:00 0 
7ff56ad18000-7ff56ad39000 r-xp 00000000 08:05 1068846                    /lib/x86_64-linux-gnu/ld-2.13.so
7ff56ad3a000-7ff56ad3c000 r--s 00005000 08:05 296156                     /opt/play-1.2.3/framework/lib/slf4j-api-1.6.1.jar
7ff56ad3c000-7ff56ad3e000 r--s 00015000 08:05 296138                     /opt/play-1.2.3/framework/lib/jj-simplecaptcha.jar
7ff56ad3e000-7ff56ad40000 r--s 00001000 08:05 296143                     /opt/play-1.2.3/framework/lib/jsr107cache-1.0.jar
7ff56ad40000-7ff56ad44000 r--s 00027000 08:05 296122                     /opt/play-1.2.3/framework/lib/gson-1.7.1.jar
7ff56ad44000-7ff56ad49000 r--s 00020000 08:05 296137                     /opt/play-1.2.3/framework/lib/jj-imaging.jar
7ff56ad49000-7ff56ad4d000 r--s 0007c000 08:05 920907                     /usr/lib/jvm/java-6-openjdk/jre/lib/jsse.jar
7ff56ad4d000-7ff56ad58000 r--s 000b8000 08:05 296160                     /opt/play-1.2.3/framework/play-1.2.3.jar
7ff56ad58000-7ff56ad78000 rw-p 00000000 00:00 0 
7ff56ad78000-7ff56ae18000 rw-p 00000000 00:00 0 
7ff56ae18000-7ff56ae1b000 ---p 00000000 00:00 0 
7ff56ae1b000-7ff56af1e000 rw-p 00000000 00:00 0 
7ff56af1e000-7ff56af1f000 r--s 00002000 08:05 296157                     /opt/play-1.2.3/framework/lib/slf4j-log4j12-1.6.1.jar
7ff56af1f000-7ff56af21000 r--s 0000d000 08:05 296109                     /opt/play-1.2.3/framework/lib/commons-codec-1.4.jar
7ff56af21000-7ff56af22000 rw-p 00000000 00:00 0 
7ff56af22000-7ff56af24000 r--s 0000f000 08:05 920895                     /usr/lib/jvm/java-6-openjdk/jre/lib/ext/pulse-java.jar
7ff56af24000-7ff56af2c000 r--s 00066000 08:05 136034                     /usr/share/java/gnome-java-bridge.jar
7ff56af2c000-7ff56af34000 rw-s 00000000 08:05 803433                     /tmp/hsperfdata_pascal/30616
7ff56af34000-7ff56af35000 rw-p 00000000 00:00 0 
7ff56af35000-7ff56af36000 r--p 00000000 00:00 0 
7ff56af36000-7ff56af38000 rw-p 00000000 00:00 0 
7ff56af38000-7ff56af39000 r--p 00020000 08:05 1068846                    /lib/x86_64-linux-gnu/ld-2.13.so
7ff56af39000-7ff56af3b000 rw-p 00021000 08:05 1068846                    /lib/x86_64-linux-gnu/ld-2.13.so
7fff3857c000-7fff3859e000 rw-p 00000000 00:00 0                          [stack]
7fff385ff000-7fff38600000 r-xp 00000000 00:00 0                          [vdso]
ffffffffff600000-ffffffffff601000 r-xp 00000000 00:00 0                  [vsyscall]

VM Arguments:
jvm_args: -javaagent:/opt/play-1.2.3/framework/play-1.2.3.jar -Dfile.encoding=utf-8 -Xdebug -Xrunjdwp:transport=dt_socket,address=0,server=y,suspend=n -Dplay.debug=yes -Dapplication.path=/home/pascal/workspace/codeboard-core -Dplay.id= 
java_command: play.server.Server 
Launcher Type: SUN_STANDARD

Environment Variables:
PATH=/home/pascal/bin:/usr/lib/lightdm/lightdm:/usr/local/sbin:/usr/local/bin:/usr/sbin:/usr/bin:/sbin:/bin:/usr/games:/opt/play
USERNAME=pascal
LD_LIBRARY_PATH=/usr/lib/jvm/java-6-openjdk/jre/lib/amd64/server:/usr/lib/jvm/java-6-openjdk/jre/lib/amd64:/usr/lib/jvm/java-6-openjdk/jre/../lib/amd64
SHELL=/bin/bash
DISPLAY=:0

Signal Handlers:
SIGSEGV: [libjvm.so+0x783cb0], sa_mask[0]=0x7ffbfeff, sa_flags=0x10000004
SIGBUS: [libjvm.so+0x783cb0], sa_mask[0]=0x7ffbfeff, sa_flags=0x10000004
SIGFPE: [libjvm.so+0x648410], sa_mask[0]=0x7ffbfeff, sa_flags=0x10000004
SIGPIPE: [libjvm.so+0x648410], sa_mask[0]=0x7ffbfeff, sa_flags=0x10000004
SIGXFSZ: [libjvm.so+0x648410], sa_mask[0]=0x7ffbfeff, sa_flags=0x10000004
SIGILL: [libjvm.so+0x648410], sa_mask[0]=0x7ffbfeff, sa_flags=0x10000004
SIGUSR1: SIG_DFL, sa_mask[0]=0x00000000, sa_flags=0x00000000
SIGUSR2: [libjvm.so+0x6485c0], sa_mask[0]=0x00000000, sa_flags=0x10000004
SIGHUP: [libjvm.so+0x64b0d0], sa_mask[0]=0x7ffbfeff, sa_flags=0x10000004
SIGINT: [libjvm.so+0x64b0d0], sa_mask[0]=0x7ffbfeff, sa_flags=0x10000004
SIGTERM: [libjvm.so+0x64b0d0], sa_mask[0]=0x7ffbfeff, sa_flags=0x10000004
SIGQUIT: [libjvm.so+0x64b0d0], sa_mask[0]=0x7ffbfeff, sa_flags=0x10000004


---------------  S Y S T E M  ---------------

OS:Ubuntu 11.10 (oneiric)
uname:Linux 3.0.0-12-generic #20-Ubuntu SMP Fri Oct 7 14:56:25 UTC 2011 x86_64
libc:glibc 2.13 NPTL 2.13 
rlimit: STACK 8192k, CORE 0k, NPROC 128386, NOFILE 4096, AS infinity
load average:0,02 0,13 0,12

/proc/meminfo:
MemTotal:       16449340 kB
MemFree:         8972468 kB
Buffers:          362580 kB
Cached:          2499736 kB
SwapCached:            0 kB
Active:          5107044 kB
Inactive:        1778728 kB
Active(anon):    4042480 kB
Inactive(anon):    35816 kB
Active(file):    1064564 kB
Inactive(file):  1742912 kB
Unevictable:           0 kB
Mlocked:               0 kB
SwapTotal:      16755708 kB
SwapFree:       16755708 kB
Dirty:               600 kB
Writeback:             0 kB
AnonPages:       4024588 kB
Mapped:           303524 kB
Shmem:             54840 kB
Slab:             278428 kB
SReclaimable:     242528 kB
SUnreclaim:        35900 kB
KernelStack:        5064 kB
PageTables:        39780 kB
NFS_Unstable:          0 kB
Bounce:                0 kB
WritebackTmp:          0 kB
CommitLimit:    24980376 kB
Committed_AS:    7009028 kB
VmallocTotal:   34359738367 kB
VmallocUsed:      175324 kB
VmallocChunk:   34359559164 kB
HardwareCorrupted:     0 kB
AnonHugePages:         0 kB
HugePages_Total:       0
HugePages_Free:        0
HugePages_Rsvd:        0
HugePages_Surp:        0
Hugepagesize:       2048 kB
DirectMap4k:      178176 kB
DirectMap2M:    16582656 kB


CPU:total 8 (4 cores per cpu, 2 threads per core) family 6 model 42 stepping 7, cmov, cx8, fxsr, mmx, sse, sse2, sse3, ssse3, sse4.1, sse4.2, popcnt, ht

Memory: 4k page, physical 16449340k(8972468k free), swap 16755708k(16755708k free)

vm_info: OpenJDK 64-Bit Server VM (20.0-b11) for linux-amd64 JRE (1.6.0_23-b23), built on Oct  4 2011 13:37:25 by "buildd" with gcc 4.6.1

time: Sun Nov 20 00:23:25 2011
elapsed time: 25343 seconds

