#
# A fatal error has been detected by the Java Runtime Environment:
#
#  SIGSEGV (0xb) at pc=0x00007effefa0c94e, pid=13194, tid=139637492213504
#
# JRE version: 6.0_23-b23
# Java VM: OpenJDK 64-Bit Server VM (20.0-b11 mixed mode linux-amd64 compressed oops)
# Derivative: IcedTea6 1.11pre
# Distribution: Ubuntu 11.10, package 6b23~pre11-0ubuntu1.11.10
# Problematic frame:
# V  [libjvm.so+0x5bc94e]  PhaseIdealLoop::build_loop_late_post(Node*)+0x14e
#
# If you would like to submit a bug report, please include
# instructions how to reproduce the bug and visit:
#   https://bugs.launchpad.net/ubuntu/+source/openjdk-6/
#

---------------  T H R E A D  ---------------

Current thread (0x00007effe40b6000):  JavaThread "C2 CompilerThread1" daemon [_thread_in_native, id=13215, stack(0x00007effe30ee000,0x00007effe31ef000)]

siginfo:si_signo=SIGSEGV: si_errno=0, si_code=1 (SEGV_MAPERR), si_addr=0x0000000000000008

Registers:
RAX=0x0000000000000000, RBX=0x00007effe31eb8b0, RCX=0x000000000186f770, RDX=0x0000000000002000
RSP=0x00007effe31ea0f0, RBP=0x00007effe31ea130, RSI=0x0000000001c10dc0, RDI=0x0000000000000000
R8 =0x00000000033647a0, R9 =0x00007effe31eb8b0, R10=0x0000000001c10dc0, R11=0x0000000000000000
R12=0x0000000003d072b0, R13=0x0000000001bdf4e8, R14=0x00007effe31eb8d0, R15=0x00007effe47fb368
RIP=0x00007effefa0c94e, EFLAGS=0x0000000000010283, CSGSFS=0x0100000000000033, ERR=0x0000000000000004
  TRAPNO=0x000000000000000e

Top of Stack: (sp=0x00007effe31ea0f0)
0x00007effe31ea0f0:   0000000001402510 00007effe31ea3d0
0x00007effe31ea100:   00007effe31ea130 00007effe31eb8b0
0x00007effe31ea110:   0000000000000002 0000000003d072b0
0x00007effe31ea120:   0000000001ca6a28 00007effe31ea3d0
0x00007effe31ea130:   00007effe31ea1a0 00007effefa0cebb
0x00007effe31ea140:   000000000427b990 00007eff00000100
0x00007effe31ea150:   00007eff00000001 00007effe31ec250
0x00007effe31ea160:   00007effe31ea3f0 00007effe31ea390
0x00007effe31ea170:   0000000000001692 00007effe31eb8b0
0x00007effe31ea180:   0000000000000002 0000000000000001
0x00007effe31ea190:   0000000000000001 000000000427b990
0x00007effe31ea1a0:   00007effe31ea440 00007effefa0da82
0x00007effe31ea1b0:   00007effe31ea1f0 000000000427b920
0x00007effe31ea1c0:   00007effe31ea1f0 00007effe31eb8d0
0x00007effe31ea1d0:   0000000003cb3f38 00007effe31ea490
0x00007effe31ea1e0:   0000000003cb42a8 0000000003cb41f8
0x00007effe31ea1f0:   00007effe31ea2c0 00007effef8be8f1
0x00007effe31ea200:   00007effe40b6000 00000000032ef630
0x00007effe31ea210:   00007effeffe17e0 0000000000000004
0x00007effe31ea220:   00007effe31eae58 00007effe31eae78
0x00007effe31ea230:   00007effe31ea260 00007effefa80814
0x00007effe31ea240:   00007effe47fdb58 00007effe31ea330
0x00007effe31ea250:   00007effe31ea260 00007effef75c402
0x00007effe31ea260:   00007effe31ea2c0 00007effef8c0ea5
0x00007effe31ea270:   0000000003957200 000000000392fe20
0x00007effe31ea280:   000000000395a100 00000000efad508d
0x00007effe31ea290:   00007effe31eae78 0000000000010040
0x00007effe31ea2a0:   00007effe31ea490 00007effe31ea490
0x00007effe31ea2b0:   000000000392fed0 000000000392fe68
0x00007effe31ea2c0:   00007effe31ea3b0 00007efff05c91c0
0x00007effe31ea2d0:   00007effe31ea360 0000000000010010
0x00007effe31ea2e0:   0000000002ee1ae0 0000000000010000 

Instructions: (pc=0x00007effefa0c94e)
0x00007effefa0c92e:   4c 39 e8 0f 84 ad 03 00 00 8b 70 28 49 89 c7 0f
0x00007effefa0c93e:   1f 00 4c 8b 93 e0 09 00 00 49 8d 34 f2 48 8b 06
0x00007effefa0c94e:   48 8b 50 08 48 83 3a 00 75 27 8b 4b 28 0f 1f 44
0x00007effefa0c95e:   00 00 8b 50 28 31 c0 39 ca 73 0c 48 8b 43 30 48 

Register to memory mapping:

RAX=0x0000000000000000 is an unknown value
RBX=0x00007effe31eb8b0 is pointing into the stack for thread: 0x00007effe40b6000
RCX=0x000000000186f770 is an unknown value
RDX=0x0000000000002000 is an unknown value
RSP=0x00007effe31ea0f0 is pointing into the stack for thread: 0x00007effe40b6000
RBP=0x00007effe31ea130 is pointing into the stack for thread: 0x00007effe40b6000
RSI=0x0000000001c10dc0 is an unknown value
RDI=0x0000000000000000 is an unknown value
R8 =0x00000000033647a0 is an unknown value
R9 =0x00007effe31eb8b0 is pointing into the stack for thread: 0x00007effe40b6000
R10=0x0000000001c10dc0 is an unknown value
R11=0x0000000000000000 is an unknown value
R12=0x0000000003d072b0 is an unknown value
R13=0x0000000001bdf4e8 is an unknown value
R14=0x00007effe31eb8d0 is pointing into the stack for thread: 0x00007effe40b6000
R15=0x00007effe47fb368 is an unknown value


Stack: [0x00007effe30ee000,0x00007effe31ef000],  sp=0x00007effe31ea0f0,  free space=1008k
Native frames: (J=compiled Java code, j=interpreted, Vv=VM code, C=native code)
V  [libjvm.so+0x5bc94e]  PhaseIdealLoop::build_loop_late_post(Node*)+0x14e
V  [libjvm.so+0x5bcebb]  PhaseIdealLoop::build_loop_late(VectorSet&, Node_List&, Node_Stack&)+0x10b
V  [libjvm.so+0x5bda82]  PhaseIdealLoop::build_and_optimize(bool, bool)+0x692
V  [libjvm.so+0x37bc8a]  Compile::Optimize()+0xd2a
V  [libjvm.so+0x37c9f3]  Compile::Compile(ciEnv*, C2Compiler*, ciMethod*, int, bool, bool)+0xad3
V  [libjvm.so+0x3062d0]  C2Compiler::compile_method(ciEnv*, ciMethod*, int)+0xe0
V  [libjvm.so+0x3810d3]  CompileBroker::invoke_compiler_on_method(CompileTask*)+0x2a3
V  [libjvm.so+0x381a1b]  CompileBroker::compiler_thread_loop()+0x45b
V  [libjvm.so+0x74bca8]  JavaThread::thread_main_inner()+0x58
V  [libjvm.so+0x64bc22]  java_start(Thread*)+0x112


Current CompileTask:
C2:6423493 726      jregex.Pretokenizer.next()V (1064 bytes)


---------------  P R O C E S S  ---------------

Java Threads: ( => current thread )
  0x00007effe5081800 JavaThread "net.sf.ehcache.CacheManager@144b3c7b" daemon [_thread_blocked, id=1730, stack(0x00007effe25ea000,0x00007effe26eb000)]
  0x00007effe530b000 JavaThread "New I/O server worker #1-1" [_thread_in_native, id=390, stack(0x00007effe1dd8000,0x00007effe1ed9000)]
  0x00007effe6a8a000 JavaThread "New I/O server worker #1-16" [_thread_in_native, id=389, stack(0x00007effe27ec000,0x00007effe28ed000)]
  0x00007effe69a5000 JavaThread "New I/O server worker #1-15" [_thread_in_native, id=388, stack(0x00007effe1ad5000,0x00007effe1bd6000)]
  0x00007effe4bbc800 JavaThread "New I/O server worker #1-14" [_thread_in_native, id=387, stack(0x00007effe1bd6000,0x00007effe1cd7000)]
  0x00007effe5080000 JavaThread "New I/O server worker #1-13" [_thread_in_native, id=386, stack(0x00007effe1ed9000,0x00007effe1fda000)]
  0x00007effe4bd4000 JavaThread "New I/O server worker #1-12" [_thread_in_native, id=384, stack(0x00007effe1cd7000,0x00007effe1dd8000)]
  0x0000000000f50000 JavaThread "File Reaper" daemon [_thread_blocked, id=18015, stack(0x00007effe19d4000,0x00007effe1ad5000)]
  0x00007effe4b1f000 JavaThread "com.mchange.v2.async.ThreadPoolAsynchronousRunner$PoolThread-#2" daemon [_thread_blocked, id=13226, stack(0x00007effe1fdf000,0x00007effe20e0000)]
  0x00007effe4b51000 JavaThread "com.mchange.v2.async.ThreadPoolAsynchronousRunner$PoolThread-#1" daemon [_thread_blocked, id=13225, stack(0x00007effe20e0000,0x00007effe21e1000)]
  0x00007effe4ffe800 JavaThread "com.mchange.v2.async.ThreadPoolAsynchronousRunner$PoolThread-#0" daemon [_thread_blocked, id=13224, stack(0x00007effe21e1000,0x00007effe22e2000)]
  0x00007effe53ec800 JavaThread "Timer-0" daemon [_thread_blocked, id=13223, stack(0x00007effe22e2000,0x00007effe23e3000)]
  0x0000000001719800 JavaThread "play-thread-1" [_thread_in_vm, id=13220, stack(0x00007effe26eb000,0x00007effe27ec000)]
  0x00007effe4495800 JavaThread "DestroyJavaVM" [_thread_blocked, id=13195, stack(0x00007efff0cf4000,0x00007efff0df5000)]
  0x00007effe44a2000 JavaThread "New I/O server boss #1 ([id: 0x5a0029ac, /0:0:0:0:0:0:0:0:9090])" [_thread_in_native, id=13218, stack(0x00007effe28ed000,0x00007effe29ee000)]
  0x00007effe40b8800 JavaThread "Low Memory Detector" daemon [_thread_blocked, id=13216, stack(0x00007effe2fed000,0x00007effe30ee000)]
=>0x00007effe40b6000 JavaThread "C2 CompilerThread1" daemon [_thread_in_native, id=13215, stack(0x00007effe30ee000,0x00007effe31ef000)]
  0x00007effe40b3000 JavaThread "C2 CompilerThread0" daemon [_thread_blocked, id=13214, stack(0x00007effe31ef000,0x00007effe32f0000)]
  0x00007effe40b1000 JavaThread "JDWP Event Helper Thread" daemon [_thread_blocked, id=13213, stack(0x00007effe32f0000,0x00007effe33f1000)]
  0x00007effe40ad000 JavaThread "JDWP Transport Listener: dt_socket" daemon [_thread_in_native, id=13212, stack(0x00007effe33f1000,0x00007effe34f2000)]
  0x00007effe4070800 JavaThread "Signal Dispatcher" daemon [_thread_blocked, id=13211, stack(0x00007effe36f7000,0x00007effe37f8000)]
  0x00007effe405f000 JavaThread "Finalizer" daemon [_thread_blocked, id=13210, stack(0x00007effe37f8000,0x00007effe38f9000)]
  0x00007effe405d000 JavaThread "Reference Handler" daemon [_thread_blocked, id=13209, stack(0x00007effe38f9000,0x00007effe39fa000)]

Other Threads:
  0x00007effe4056800 VMThread [stack: 0x00007effe39fa000,0x00007effe3afb000] [id=13208]
  0x00007effe40c3800 WatcherThread [stack: 0x00007effe2eec000,0x00007effe2fed000] [id=13217]

VM state:not at safepoint (normal execution)

VM Mutex/Monitor currently owned by a thread: None

Heap
 PSYoungGen      total 69888K, used 62007K [0x00000007ac560000, 0x00000007b17e0000, 0x0000000800000000)
  eden space 58240K, 97% used [0x00000007ac560000,0x00000007afcd9d48,0x00000007afe40000)
  from space 11648K, 44% used [0x00000007b0c80000,0x00000007b1194010,0x00000007b17e0000)
  to   space 13120K, 0% used [0x00000007afe40000,0x00000007afe40000,0x00000007b0b10000)
 PSOldGen        total 171392K, used 7650K [0x0000000705000000, 0x000000070f760000, 0x00000007ac560000)
  object space 171392K, 4% used [0x0000000705000000,0x0000000705778848,0x000000070f760000)
 PSPermGen       total 50048K, used 49899K [0x00000006faa00000, 0x00000006fdae0000, 0x0000000705000000)
  object space 50048K, 99% used [0x00000006faa00000,0x00000006fdabafd0,0x00000006fdae0000)

Code Cache  [0x00007effe9ca9000, 0x00007effea179000, 0x00007effecca9000)
 total_blobs=1368 nmethods=704 adapters=625 free_code_cache=45432832 largest_free_block=20608

Dynamic libraries:
00400000-00409000 r-xp 00000000 08:05 920882                             /usr/lib/jvm/java-6-openjdk/jre/bin/java
00608000-00609000 r--p 00008000 08:05 920882                             /usr/lib/jvm/java-6-openjdk/jre/bin/java
00609000-0060a000 rw-p 00009000 08:05 920882                             /usr/lib/jvm/java-6-openjdk/jre/bin/java
00ecf000-04b65000 rw-p 00000000 00:00 0                                  [heap]
6faa00000-6fdae0000 rw-p 00000000 00:00 0 
6fdae0000-705000000 rw-p 00000000 00:00 0 
705000000-70f760000 rw-p 00000000 00:00 0 
70f760000-7ac560000 rw-p 00000000 00:00 0 
7ac560000-7b17e0000 rw-p 00000000 00:00 0 
7b17e0000-7b1d90000 ---p 00000000 00:00 0 
7b1d90000-800000000 rw-p 00000000 00:00 0 
7effe19d4000-7effe19d7000 ---p 00000000 00:00 0 
7effe19d7000-7effe1ad5000 rw-p 00000000 00:00 0 
7effe1ad5000-7effe1ad8000 ---p 00000000 00:00 0 
7effe1ad8000-7effe1bd6000 rw-p 00000000 00:00 0 
7effe1bd6000-7effe1bd9000 ---p 00000000 00:00 0 
7effe1bd9000-7effe1cd7000 rw-p 00000000 00:00 0 
7effe1cd7000-7effe1cda000 ---p 00000000 00:00 0 
7effe1cda000-7effe1dd8000 rw-p 00000000 00:00 0 
7effe1dd8000-7effe1ddb000 ---p 00000000 00:00 0 
7effe1ddb000-7effe1ed9000 rw-p 00000000 00:00 0 
7effe1ed9000-7effe1edc000 ---p 00000000 00:00 0 
7effe1edc000-7effe1fda000 rw-p 00000000 00:00 0 
7effe1fda000-7effe1fdd000 r--s 00031000 08:05 924515                     /usr/lib/jvm/java-6-openjdk/jre/lib/ext/sunjce_provider.jar
7effe1fdd000-7effe1fdf000 r--s 00013000 08:05 924465                     /usr/lib/jvm/java-6-openjdk/jre/lib/jce.jar
7effe1fdf000-7effe1fe2000 ---p 00000000 00:00 0 
7effe1fe2000-7effe20e0000 rw-p 00000000 00:00 0 
7effe20e0000-7effe20e3000 ---p 00000000 00:00 0 
7effe20e3000-7effe21e1000 rw-p 00000000 00:00 0 
7effe21e1000-7effe21e4000 ---p 00000000 00:00 0 
7effe21e4000-7effe22e2000 rw-p 00000000 00:00 0 
7effe22e2000-7effe22e5000 ---p 00000000 00:00 0 
7effe22e5000-7effe23e3000 rw-p 00000000 00:00 0 
7effe23e3000-7effe23e9000 r-xp 00000000 08:05 924543                     /usr/lib/jvm/java-6-openjdk/jre/lib/amd64/libmanagement.so
7effe23e9000-7effe25e8000 ---p 00006000 08:05 924543                     /usr/lib/jvm/java-6-openjdk/jre/lib/amd64/libmanagement.so
7effe25e8000-7effe25e9000 r--p 00005000 08:05 924543                     /usr/lib/jvm/java-6-openjdk/jre/lib/amd64/libmanagement.so
7effe25e9000-7effe25ea000 rw-p 00006000 08:05 924543                     /usr/lib/jvm/java-6-openjdk/jre/lib/amd64/libmanagement.so
7effe25ea000-7effe25ed000 ---p 00000000 00:00 0 
7effe25ed000-7effe26eb000 rw-p 00000000 00:00 0 
7effe26eb000-7effe26ee000 ---p 00000000 00:00 0 
7effe26ee000-7effe27ec000 rw-p 00000000 00:00 0 
7effe27ec000-7effe27ef000 ---p 00000000 00:00 0 
7effe27ef000-7effe28ed000 rw-p 00000000 00:00 0 
7effe28ed000-7effe28f0000 ---p 00000000 00:00 0 
7effe28f0000-7effe29ee000 rw-p 00000000 00:00 0 
7effe29ee000-7effe29f6000 r-xp 00000000 08:05 920896                     /usr/lib/jvm/java-6-openjdk/jre/lib/amd64/libnio.so
7effe29f6000-7effe2bf5000 ---p 00008000 08:05 920896                     /usr/lib/jvm/java-6-openjdk/jre/lib/amd64/libnio.so
7effe2bf5000-7effe2bf6000 r--p 00007000 08:05 920896                     /usr/lib/jvm/java-6-openjdk/jre/lib/amd64/libnio.so
7effe2bf6000-7effe2bf7000 rw-p 00008000 08:05 920896                     /usr/lib/jvm/java-6-openjdk/jre/lib/amd64/libnio.so
7effe2bf7000-7effe2c0c000 r-xp 00000000 08:05 920905                     /usr/lib/jvm/java-6-openjdk/jre/lib/amd64/libnet.so
7effe2c0c000-7effe2e0b000 ---p 00015000 08:05 920905                     /usr/lib/jvm/java-6-openjdk/jre/lib/amd64/libnet.so
7effe2e0b000-7effe2e0c000 r--p 00014000 08:05 920905                     /usr/lib/jvm/java-6-openjdk/jre/lib/amd64/libnet.so
7effe2e0c000-7effe2e0d000 rw-p 00015000 08:05 920905                     /usr/lib/jvm/java-6-openjdk/jre/lib/amd64/libnet.so
7effe2e0d000-7effe2e1c000 r--s 00074000 08:05 296141                     /opt/play-1.2.3/framework/lib/joda-time-1.6.jar
7effe2e1c000-7effe2e22000 r--s 00038000 08:05 296158                     /opt/play-1.2.3/framework/lib/snakeyaml-1.7.jar
7effe2e22000-7effe2e29000 r--s 0006a000 08:05 296148                     /opt/play-1.2.3/framework/lib/mail-1.4.3.jar
7effe2e29000-7effe2e2b000 r--s 0000c000 08:05 296101                     /opt/play-1.2.3/framework/lib/activation-1.1.1.jar
7effe2e2b000-7effe2e36000 r--s 00124000 08:05 296123                     /opt/play-1.2.3/framework/lib/h2-1.3.149.jar
7effe2e36000-7effe2e39000 r--s 00024000 08:05 296113                     /opt/play-1.2.3/framework/lib/commons-io-2.0.1.jar
7effe2e39000-7effe2e3b000 r--s 0000b000 08:05 296139                     /opt/play-1.2.3/framework/lib/jj-textile.jar
7effe2e3b000-7effe2e40000 r--s 00048000 08:05 296117                     /opt/play-1.2.3/framework/lib/dom4j-1.6.1.jar
7effe2e40000-7effe2e43000 r--s 00011000 08:05 296119                     /opt/play-1.2.3/framework/lib/ezmorph-1.0.3.jar
7effe2e43000-7effe2e46000 r--s 0000f000 08:05 296120                     /opt/play-1.2.3/framework/lib/geronimo-servlet_2.5_spec-1.2.jar
7effe2e46000-7effe2e48000 r--s 00002000 08:05 296144                     /opt/play-1.2.3/framework/lib/jta-1.1.jar
7effe2e48000-7effe2e50000 r--s 0008a000 08:05 296134                     /opt/play-1.2.3/framework/lib/javassist-3.9.0.GA.jar
7effe2e50000-7effe2e51000 r--s 00007000 08:05 296111                     /opt/play-1.2.3/framework/lib/commons-email-1.2.jar
7effe2e51000-7effe2e5a000 r--s 0005d000 08:05 296129                     /opt/play-1.2.3/framework/lib/hibernate-entitymanager-3.6.0.Final.jar
7effe2e5a000-7effe2e5d000 r--s 00022000 08:05 296133                     /opt/play-1.2.3/framework/lib/jamon-2.7.jar
7effe2e5d000-7effe2e64000 r--s 00059000 08:05 296147                     /opt/play-1.2.3/framework/lib/log4j-1.2.15.jar
7effe2e64000-7effe2e89000 r--s 00172000 08:05 296105                     /opt/play-1.2.3/framework/lib/bcprov-jdk15-1.45.jar
7effe2e89000-7effe2e98000 r--s 000b2000 08:05 296151                     /opt/play-1.2.3/framework/lib/netty-3.2.4.Final.jar
7effe2e98000-7effe2eec000 r--s 00516000 08:05 296121                     /opt/play-1.2.3/framework/lib/groovy-all-1.7.7.jar
7effe2eec000-7effe2eed000 ---p 00000000 00:00 0 
7effe2eed000-7effe2fed000 rw-p 00000000 00:00 0 
7effe2fed000-7effe2ff0000 ---p 00000000 00:00 0 
7effe2ff0000-7effe30ee000 rw-p 00000000 00:00 0 
7effe30ee000-7effe30f1000 ---p 00000000 00:00 0 
7effe30f1000-7effe31ef000 rw-p 00000000 00:00 0 
7effe31ef000-7effe31f2000 ---p 00000000 00:00 0 
7effe31f2000-7effe32f0000 rw-p 00000000 00:00 0 
7effe32f0000-7effe32f3000 ---p 00000000 00:00 0 
7effe32f3000-7effe33f1000 rw-p 00000000 00:00 0 
7effe33f1000-7effe33f4000 ---p 00000000 00:00 0 
7effe33f4000-7effe34f2000 rw-p 00000000 00:00 0 
7effe34f2000-7effe34f6000 r-xp 00000000 08:05 920894                     /usr/lib/jvm/java-6-openjdk/jre/lib/amd64/libdt_socket.so
7effe34f6000-7effe36f5000 ---p 00004000 08:05 920894                     /usr/lib/jvm/java-6-openjdk/jre/lib/amd64/libdt_socket.so
7effe36f5000-7effe36f6000 r--p 00003000 08:05 920894                     /usr/lib/jvm/java-6-openjdk/jre/lib/amd64/libdt_socket.so
7effe36f6000-7effe36f7000 rw-p 00004000 08:05 920894                     /usr/lib/jvm/java-6-openjdk/jre/lib/amd64/libdt_socket.so
7effe36f7000-7effe36fa000 ---p 00000000 00:00 0 
7effe36fa000-7effe37f8000 rw-p 00000000 00:00 0 
7effe37f8000-7effe37fb000 ---p 00000000 00:00 0 
7effe37fb000-7effe38f9000 rw-p 00000000 00:00 0 
7effe38f9000-7effe38fc000 ---p 00000000 00:00 0 
7effe38fc000-7effe39fa000 rw-p 00000000 00:00 0 
7effe39fa000-7effe39fb000 ---p 00000000 00:00 0 
7effe39fb000-7effe4000000 rw-p 00000000 00:00 0 
7effe4000000-7effe771a000 rw-p 00000000 00:00 0 
7effe771a000-7effe8000000 ---p 00000000 00:00 0 
7effe8000000-7effe8005000 r--s 00014000 08:05 296131                     /opt/play-1.2.3/framework/lib/hibernate-jpa-2.0-api-1.0.0.Final.jar
7effe8005000-7effe8007000 r--s 00015000 08:05 296142                     /opt/play-1.2.3/framework/lib/jregex-1.2_01.jar
7effe8007000-7effe800d000 r--s 00032000 08:05 296136                     /opt/play-1.2.3/framework/lib/jaxen-1.1.jar
7effe800d000-7effe8014000 r--s 00038000 08:05 296140                     /opt/play-1.2.3/framework/lib/jj-wikitext.jar
7effe8014000-7effe8023000 r--s 000d9000 08:05 296132                     /opt/play-1.2.3/framework/lib/ivy-2.2.0.jar
7effe8023000-7effe8029000 r--s 00034000 08:05 296145                     /opt/play-1.2.3/framework/lib/junit-4.8.1.jar
7effe8029000-7effe8033000 r--s 0006f000 08:05 296118                     /opt/play-1.2.3/framework/lib/ehcache-core-2.0.0.jar
7effe8033000-7effe8035000 r--s 00008000 08:05 296155                     /opt/play-1.2.3/framework/lib/signpost-core-1.2.jar
7effe8035000-7effe8037000 r--s 0000e000 08:05 296114                     /opt/play-1.2.3/framework/lib/commons-javaflow-1066591.jar
7effe8037000-7effe803d000 r--s 0007e000 08:05 296154                     /opt/play-1.2.3/framework/lib/postgresql-9.0.jar
7effe803d000-7effe803f000 r--s 0000d000 08:05 296116                     /opt/play-1.2.3/framework/lib/commons-logging-1.1.1.jar
7effe803f000-7effe8040000 r--s 00000000 08:05 296135                     /opt/play-1.2.3/framework/lib/javax.inject-1.0.jar
7effe8040000-7effe8046000 r--s 00067000 08:05 296102                     /opt/play-1.2.3/framework/lib/antlr-2.7.6.jar
7effe8046000-7effe804c000 r--s 00049000 08:05 296104                     /opt/play-1.2.3/framework/lib/async-http-client-1.6.3.jar
7effe804c000-7effe8053000 r--s 000b7000 08:05 296150                     /opt/play-1.2.3/framework/lib/mysql-connector-java-5.1.13.jar
7effe8053000-7effe8056000 r--s 0000f000 08:05 296125                     /opt/play-1.2.3/framework/lib/hibernate-commons-annotations-3.2.0.Final.jar
7effe8056000-7effe8058000 r--s 0000d000 08:05 296112                     /opt/play-1.2.3/framework/lib/commons-fileupload-1.2.2.jar
7effe8058000-7effe805e000 r--s 00049000 08:05 296107                     /opt/play-1.2.3/framework/lib/cglib-nodep-2.2.jar
7effe805e000-7effe806c000 r--s 0007f000 08:05 296110                     /opt/play-1.2.3/framework/lib/commons-collections-3.2.1.jar
7effe806c000-7effe8077000 r--s 0005a000 08:05 296159                     /opt/play-1.2.3/framework/lib/xstream-1.3.jar
7effe8077000-7effe807e000 r--s 00049000 08:05 296153                     /opt/play-1.2.3/framework/lib/oval-1.50.jar
7effe807e000-7effe8080000 r--s 00005000 08:05 296156                     /opt/play-1.2.3/framework/lib/slf4j-api-1.6.1.jar
7effe8080000-7effe8085000 r--s 00041000 08:05 296115                     /opt/play-1.2.3/framework/lib/commons-lang-2.6.jar
7effe8085000-7effe8090000 r--s 0008b000 08:05 296106                     /opt/play-1.2.3/framework/lib/c3p0-0.9.1.2.jar
7effe8090000-7effe80b9000 r--s 00403000 08:05 296152                     /opt/play-1.2.3/framework/lib/org.eclipse.jdt.core-3.6.0.jar
7effe80b9000-7effe80eb000 r--s 002c7000 08:05 296127                     /opt/play-1.2.3/framework/lib/hibernate-core-3.6.1.Final.jar
7effe80eb000-7effe80f0000 r--s 00034000 08:05 296108                     /opt/play-1.2.3/framework/lib/commons-beanutils-1.8.3.jar
7effe80f0000-7effe80f5000 r--s 0002e000 08:05 296103                     /opt/play-1.2.3/framework/lib/asm-all-3.3.1.jar
7effe80f5000-7effe80f7000 r--s 00015000 08:05 296138                     /opt/play-1.2.3/framework/lib/jj-simplecaptcha.jar
7effe80f7000-7effe852e000 rw-p 00000000 00:00 0 
7effe852e000-7effe86bf000 r--s 037b8000 08:05 924546                     /usr/lib/jvm/java-6-openjdk/jre/lib/rt.jar
7effe86bf000-7effe86e7000 rw-p 00000000 00:00 0 
7effe86e7000-7effe86e8000 ---p 00000000 00:00 0 
7effe86e8000-7effe87e8000 rw-p 00000000 00:00 0 
7effe87e8000-7effe87e9000 ---p 00000000 00:00 0 
7effe87e9000-7effe88e9000 rw-p 00000000 00:00 0 
7effe88e9000-7effe88ea000 ---p 00000000 00:00 0 
7effe88ea000-7effe89ea000 rw-p 00000000 00:00 0 
7effe89ea000-7effe89eb000 ---p 00000000 00:00 0 
7effe89eb000-7effe8aeb000 rw-p 00000000 00:00 0 
7effe8aeb000-7effe8aec000 ---p 00000000 00:00 0 
7effe8aec000-7effe8bec000 rw-p 00000000 00:00 0 
7effe8bec000-7effe8bed000 ---p 00000000 00:00 0 
7effe8bed000-7effe8ced000 rw-p 00000000 00:00 0 
7effe8ced000-7effe8cee000 ---p 00000000 00:00 0 
7effe8cee000-7effe8dee000 rw-p 00000000 00:00 0 
7effe8dee000-7effe8def000 ---p 00000000 00:00 0 
7effe8def000-7effe8f08000 rw-p 00000000 00:00 0 
7effe8f08000-7effe8f42000 rw-p 00000000 00:00 0 
7effe8f42000-7effe8f96000 rw-p 00000000 00:00 0 
7effe8f96000-7effe947d000 rw-p 00000000 00:00 0 
7effe947d000-7effe9496000 rw-p 00000000 00:00 0 
7effe9496000-7effe94d0000 rw-p 00000000 00:00 0 
7effe94d0000-7effe9524000 rw-p 00000000 00:00 0 
7effe9524000-7effe9a0a000 rw-p 00000000 00:00 0 
7effe9a0a000-7effe9a34000 rw-p 00000000 00:00 0 
7effe9a34000-7effe9a37000 ---p 00000000 00:00 0 
7effe9a37000-7effe9ca8000 rw-p 00000000 00:00 0 
7effe9ca8000-7effe9ca9000 rw-p 00000000 00:00 0 
7effe9ca9000-7effea179000 rwxp 00000000 00:00 0 
7effea179000-7effecca9000 rw-p 00000000 00:00 0 
7effecca9000-7effeccb0000 r-xp 00000000 08:05 924533                     /usr/lib/jvm/java-6-openjdk/jre/lib/amd64/libzip.so
7effeccb0000-7effeceaf000 ---p 00007000 08:05 924533                     /usr/lib/jvm/java-6-openjdk/jre/lib/amd64/libzip.so
7effeceaf000-7effeceb0000 r--p 00006000 08:05 924533                     /usr/lib/jvm/java-6-openjdk/jre/lib/amd64/libzip.so
7effeceb0000-7effeceb1000 rw-p 00007000 08:05 924533                     /usr/lib/jvm/java-6-openjdk/jre/lib/amd64/libzip.so
7effeceb1000-7effecebd000 r-xp 00000000 08:05 1068842                    /lib/x86_64-linux-gnu/libnss_files-2.13.so
7effecebd000-7effed0bc000 ---p 0000c000 08:05 1068842                    /lib/x86_64-linux-gnu/libnss_files-2.13.so
7effed0bc000-7effed0bd000 r--p 0000b000 08:05 1068842                    /lib/x86_64-linux-gnu/libnss_files-2.13.so
7effed0bd000-7effed0be000 rw-p 0000c000 08:05 1068842                    /lib/x86_64-linux-gnu/libnss_files-2.13.so
7effed0be000-7effed0c8000 r-xp 00000000 08:05 1068848                    /lib/x86_64-linux-gnu/libnss_nis-2.13.so
7effed0c8000-7effed2c8000 ---p 0000a000 08:05 1068848                    /lib/x86_64-linux-gnu/libnss_nis-2.13.so
7effed2c8000-7effed2c9000 r--p 0000a000 08:05 1068848                    /lib/x86_64-linux-gnu/libnss_nis-2.13.so
7effed2c9000-7effed2ca000 rw-p 0000b000 08:05 1068848                    /lib/x86_64-linux-gnu/libnss_nis-2.13.so
7effed2ca000-7effed2e1000 r-xp 00000000 08:05 1068837                    /lib/x86_64-linux-gnu/libnsl-2.13.so
7effed2e1000-7effed4e0000 ---p 00017000 08:05 1068837                    /lib/x86_64-linux-gnu/libnsl-2.13.so
7effed4e0000-7effed4e1000 r--p 00016000 08:05 1068837                    /lib/x86_64-linux-gnu/libnsl-2.13.so
7effed4e1000-7effed4e2000 rw-p 00017000 08:05 1068837                    /lib/x86_64-linux-gnu/libnsl-2.13.so
7effed4e2000-7effed4e4000 rw-p 00000000 00:00 0 
7effed4e4000-7effed4ec000 r-xp 00000000 08:05 1068834                    /lib/x86_64-linux-gnu/libnss_compat-2.13.so
7effed4ec000-7effed6eb000 ---p 00008000 08:05 1068834                    /lib/x86_64-linux-gnu/libnss_compat-2.13.so
7effed6eb000-7effed6ec000 r--p 00007000 08:05 1068834                    /lib/x86_64-linux-gnu/libnss_compat-2.13.so
7effed6ec000-7effed6ed000 rw-p 00008000 08:05 1068834                    /lib/x86_64-linux-gnu/libnss_compat-2.13.so
7effed6ed000-7effee01e000 r--p 00000000 08:05 922981                     /usr/lib/locale/locale-archive
7effee01e000-7effee021000 r-xp 00000000 08:05 920914                     /usr/lib/jvm/java-6-openjdk/jre/lib/amd64/libnpt.so
7effee021000-7effee220000 ---p 00003000 08:05 920914                     /usr/lib/jvm/java-6-openjdk/jre/lib/amd64/libnpt.so
7effee220000-7effee221000 r--p 00002000 08:05 920914                     /usr/lib/jvm/java-6-openjdk/jre/lib/amd64/libnpt.so
7effee221000-7effee222000 rw-p 00003000 08:05 920914                     /usr/lib/jvm/java-6-openjdk/jre/lib/amd64/libnpt.so
7effee222000-7effee22b000 r-xp 00000000 08:05 924528                     /usr/lib/jvm/java-6-openjdk/jre/lib/amd64/libinstrument.so
7effee22b000-7effee42b000 ---p 00009000 08:05 924528                     /usr/lib/jvm/java-6-openjdk/jre/lib/amd64/libinstrument.so
7effee42b000-7effee42c000 r--p 00009000 08:05 924528                     /usr/lib/jvm/java-6-openjdk/jre/lib/amd64/libinstrument.so
7effee42c000-7effee42d000 rw-p 0000a000 08:05 924528                     /usr/lib/jvm/java-6-openjdk/jre/lib/amd64/libinstrument.so
7effee42d000-7effee467000 r-xp 00000000 08:05 920913                     /usr/lib/jvm/java-6-openjdk/jre/lib/amd64/libjdwp.so
7effee467000-7effee666000 ---p 0003a000 08:05 920913                     /usr/lib/jvm/java-6-openjdk/jre/lib/amd64/libjdwp.so
7effee666000-7effee667000 r--p 00039000 08:05 920913                     /usr/lib/jvm/java-6-openjdk/jre/lib/amd64/libjdwp.so
7effee667000-7effee668000 rw-p 0003a000 08:05 920913                     /usr/lib/jvm/java-6-openjdk/jre/lib/amd64/libjdwp.so
7effee668000-7effee694000 r-xp 00000000 08:05 924532                     /usr/lib/jvm/java-6-openjdk/jre/lib/amd64/libjava.so
7effee694000-7effee893000 ---p 0002c000 08:05 924532                     /usr/lib/jvm/java-6-openjdk/jre/lib/amd64/libjava.so
7effee893000-7effee894000 r--p 0002b000 08:05 924532                     /usr/lib/jvm/java-6-openjdk/jre/lib/amd64/libjava.so
7effee894000-7effee897000 rw-p 0002c000 08:05 924532                     /usr/lib/jvm/java-6-openjdk/jre/lib/amd64/libjava.so
7effee897000-7effee8a5000 r-xp 00000000 08:05 920904                     /usr/lib/jvm/java-6-openjdk/jre/lib/amd64/libverify.so
7effee8a5000-7effeeaa4000 ---p 0000e000 08:05 920904                     /usr/lib/jvm/java-6-openjdk/jre/lib/amd64/libverify.so
7effeeaa4000-7effeeaa6000 r--p 0000d000 08:05 920904                     /usr/lib/jvm/java-6-openjdk/jre/lib/amd64/libverify.so
7effeeaa6000-7effeeaa7000 rw-p 0000f000 08:05 920904                     /usr/lib/jvm/java-6-openjdk/jre/lib/amd64/libverify.so
7effeeaa7000-7effeeaae000 r-xp 00000000 08:05 1044505                    /lib/x86_64-linux-gnu/librt-2.13.so
7effeeaae000-7effeecad000 ---p 00007000 08:05 1044505                    /lib/x86_64-linux-gnu/librt-2.13.so
7effeecad000-7effeecae000 r--p 00006000 08:05 1044505                    /lib/x86_64-linux-gnu/librt-2.13.so
7effeecae000-7effeecaf000 rw-p 00007000 08:05 1044505                    /lib/x86_64-linux-gnu/librt-2.13.so
7effeecaf000-7effeecc4000 r-xp 00000000 08:05 1068525                    /lib/x86_64-linux-gnu/libgcc_s.so.1
7effeecc4000-7effeeec3000 ---p 00015000 08:05 1068525                    /lib/x86_64-linux-gnu/libgcc_s.so.1
7effeeec3000-7effeeec4000 r--p 00014000 08:05 1068525                    /lib/x86_64-linux-gnu/libgcc_s.so.1
7effeeec4000-7effeeec5000 rw-p 00015000 08:05 1068525                    /lib/x86_64-linux-gnu/libgcc_s.so.1
7effeeec5000-7effeef48000 r-xp 00000000 08:05 1068849                    /lib/x86_64-linux-gnu/libm-2.13.so
7effeef48000-7effef147000 ---p 00083000 08:05 1068849                    /lib/x86_64-linux-gnu/libm-2.13.so
7effef147000-7effef148000 r--p 00082000 08:05 1068849                    /lib/x86_64-linux-gnu/libm-2.13.so
7effef148000-7effef149000 rw-p 00083000 08:05 1068849                    /lib/x86_64-linux-gnu/libm-2.13.so
7effef149000-7effef231000 r-xp 00000000 08:05 914676                     /usr/lib/x86_64-linux-gnu/libstdc++.so.6.0.16
7effef231000-7effef431000 ---p 000e8000 08:05 914676                     /usr/lib/x86_64-linux-gnu/libstdc++.so.6.0.16
7effef431000-7effef439000 r--p 000e8000 08:05 914676                     /usr/lib/x86_64-linux-gnu/libstdc++.so.6.0.16
7effef439000-7effef43b000 rw-p 000f0000 08:05 914676                     /usr/lib/x86_64-linux-gnu/libstdc++.so.6.0.16
7effef43b000-7effef450000 rw-p 00000000 00:00 0 
7effef450000-7effefd53000 r-xp 00000000 08:05 924535                     /usr/lib/jvm/java-6-openjdk/jre/lib/amd64/server/libjvm.so
7effefd53000-7effeff52000 ---p 00903000 08:05 924535                     /usr/lib/jvm/java-6-openjdk/jre/lib/amd64/server/libjvm.so
7effeff52000-7effeffd3000 r--p 00902000 08:05 924535                     /usr/lib/jvm/java-6-openjdk/jre/lib/amd64/server/libjvm.so
7effeffd3000-7effeffee000 rw-p 00983000 08:05 924535                     /usr/lib/jvm/java-6-openjdk/jre/lib/amd64/server/libjvm.so
7effeffee000-7efff0017000 rw-p 00000000 00:00 0 
7efff0017000-7efff002e000 r-xp 00000000 08:05 1048733                    /lib/x86_64-linux-gnu/libz.so.1.2.3.4
7efff002e000-7efff022d000 ---p 00017000 08:05 1048733                    /lib/x86_64-linux-gnu/libz.so.1.2.3.4
7efff022d000-7efff022e000 r--p 00016000 08:05 1048733                    /lib/x86_64-linux-gnu/libz.so.1.2.3.4
7efff022e000-7efff022f000 rw-p 00017000 08:05 1048733                    /lib/x86_64-linux-gnu/libz.so.1.2.3.4
7efff022f000-7efff03c4000 r-xp 00000000 08:05 1068839                    /lib/x86_64-linux-gnu/libc-2.13.so
7efff03c4000-7efff05c3000 ---p 00195000 08:05 1068839                    /lib/x86_64-linux-gnu/libc-2.13.so
7efff05c3000-7efff05c7000 r--p 00194000 08:05 1068839                    /lib/x86_64-linux-gnu/libc-2.13.so
7efff05c7000-7efff05c8000 rw-p 00198000 08:05 1068839                    /lib/x86_64-linux-gnu/libc-2.13.so
7efff05c8000-7efff05ce000 rw-p 00000000 00:00 0 
7efff05ce000-7efff05d0000 r-xp 00000000 08:05 1068840                    /lib/x86_64-linux-gnu/libdl-2.13.so
7efff05d0000-7efff07d0000 ---p 00002000 08:05 1068840                    /lib/x86_64-linux-gnu/libdl-2.13.so
7efff07d0000-7efff07d1000 r--p 00002000 08:05 1068840                    /lib/x86_64-linux-gnu/libdl-2.13.so
7efff07d1000-7efff07d2000 rw-p 00003000 08:05 1068840                    /lib/x86_64-linux-gnu/libdl-2.13.so
7efff07d2000-7efff07d6000 r-xp 00000000 08:05 920901                     /usr/lib/jvm/java-6-openjdk/jre/lib/amd64/jli/libjli.so
7efff07d6000-7efff09d5000 ---p 00004000 08:05 920901                     /usr/lib/jvm/java-6-openjdk/jre/lib/amd64/jli/libjli.so
7efff09d5000-7efff09d6000 r--p 00003000 08:05 920901                     /usr/lib/jvm/java-6-openjdk/jre/lib/amd64/jli/libjli.so
7efff09d6000-7efff09d7000 rw-p 00004000 08:05 920901                     /usr/lib/jvm/java-6-openjdk/jre/lib/amd64/jli/libjli.so
7efff09d7000-7efff09ef000 r-xp 00000000 08:05 1068847                    /lib/x86_64-linux-gnu/libpthread-2.13.so
7efff09ef000-7efff0bee000 ---p 00018000 08:05 1068847                    /lib/x86_64-linux-gnu/libpthread-2.13.so
7efff0bee000-7efff0bef000 r--p 00017000 08:05 1068847                    /lib/x86_64-linux-gnu/libpthread-2.13.so
7efff0bef000-7efff0bf0000 rw-p 00018000 08:05 1068847                    /lib/x86_64-linux-gnu/libpthread-2.13.so
7efff0bf0000-7efff0bf4000 rw-p 00000000 00:00 0 
7efff0bf4000-7efff0c15000 r-xp 00000000 08:05 1068846                    /lib/x86_64-linux-gnu/ld-2.13.so
7efff0c15000-7efff0c1b000 r--s 00040000 08:05 296149                     /opt/play-1.2.3/framework/lib/memcached-2.6.jar
7efff0c1b000-7efff0c1d000 r--s 00001000 08:05 296143                     /opt/play-1.2.3/framework/lib/jsr107cache-1.0.jar
7efff0c1d000-7efff0c21000 r--s 00027000 08:05 296122                     /opt/play-1.2.3/framework/lib/gson-1.7.1.jar
7efff0c21000-7efff0c26000 r--s 00020000 08:05 296137                     /opt/play-1.2.3/framework/lib/jj-imaging.jar
7efff0c26000-7efff0c29000 r--s 0007d000 08:05 924457                     /usr/lib/jvm/java-6-openjdk/jre/lib/jsse.jar
7efff0c29000-7efff0c34000 r--s 000b8000 08:05 296160                     /opt/play-1.2.3/framework/play-1.2.3.jar
7efff0c34000-7efff0c48000 rw-p 00000000 00:00 0 
7efff0c48000-7efff0cf4000 rw-p 00000000 00:00 0 
7efff0cf4000-7efff0cf7000 ---p 00000000 00:00 0 
7efff0cf7000-7efff0dfa000 rw-p 00000000 00:00 0 
7efff0dfa000-7efff0dfb000 r--s 00002000 08:05 296157                     /opt/play-1.2.3/framework/lib/slf4j-log4j12-1.6.1.jar
7efff0dfb000-7efff0dfd000 r--s 0000d000 08:05 296109                     /opt/play-1.2.3/framework/lib/commons-codec-1.4.jar
7efff0dfd000-7efff0dfe000 rw-p 00000000 00:00 0 
7efff0dfe000-7efff0e00000 r--s 0000f000 08:05 924518                     /usr/lib/jvm/java-6-openjdk/jre/lib/ext/pulse-java.jar
7efff0e00000-7efff0e08000 r--s 00066000 08:05 136034                     /usr/share/java/gnome-java-bridge.jar
7efff0e08000-7efff0e10000 rw-s 00000000 08:05 785576                     /tmp/hsperfdata_pascal/13194
7efff0e10000-7efff0e11000 rw-p 00000000 00:00 0 
7efff0e11000-7efff0e12000 r--p 00000000 00:00 0 
7efff0e12000-7efff0e14000 rw-p 00000000 00:00 0 
7efff0e14000-7efff0e15000 r--p 00020000 08:05 1068846                    /lib/x86_64-linux-gnu/ld-2.13.so
7efff0e15000-7efff0e17000 rw-p 00021000 08:05 1068846                    /lib/x86_64-linux-gnu/ld-2.13.so
7fffb5da1000-7fffb5dc3000 rw-p 00000000 00:00 0                          [stack]
7fffb5dff000-7fffb5e00000 r-xp 00000000 00:00 0                          [vdso]
ffffffffff600000-ffffffffff601000 r-xp 00000000 00:00 0                  [vsyscall]

VM Arguments:
jvm_args: -Xdebug -Xrunjdwp:transport=dt_socket,address=0,server=y,suspend=n -Dplay.debug=yes -Dplay.id= -Dapplication.path=/home/pascal/workspace/codeboard-core -Djava.endorsed.dirs=/opt/play-1.2.3/framework/endorsed -javaagent:/opt/play-1.2.3/framework/play-1.2.3.jar -Dfile.encoding=UTF-8 
java_command: play.server.Server
Launcher Type: SUN_STANDARD

Environment Variables:
PATH=/home/pascal/bin:/usr/lib/lightdm/lightdm:/usr/local/sbin:/usr/local/bin:/usr/sbin:/usr/bin:/sbin:/bin:/usr/games:/opt/play
USERNAME=pascal
LD_LIBRARY_PATH=/usr/lib/jvm/java-6-openjdk/jre/lib/amd64/server:/usr/lib/jvm/java-6-openjdk/jre/lib/amd64:/usr/lib/jvm/java-6-openjdk/jre/../lib/amd64
SHELL=/bin/bash
DISPLAY=:0

Signal Handlers:
SIGSEGV: [libjvm.so+0x783e60], sa_mask[0]=0x7ffbfeff, sa_flags=0x10000004
SIGBUS: [libjvm.so+0x783e60], sa_mask[0]=0x7ffbfeff, sa_flags=0x10000004
SIGFPE: [libjvm.so+0x6485c0], sa_mask[0]=0x7ffbfeff, sa_flags=0x10000004
SIGPIPE: [libjvm.so+0x6485c0], sa_mask[0]=0x7ffbfeff, sa_flags=0x10000004
SIGXFSZ: [libjvm.so+0x6485c0], sa_mask[0]=0x7ffbfeff, sa_flags=0x10000004
SIGILL: [libjvm.so+0x6485c0], sa_mask[0]=0x7ffbfeff, sa_flags=0x10000004
SIGUSR1: SIG_DFL, sa_mask[0]=0x00000000, sa_flags=0x00000000
SIGUSR2: [libjvm.so+0x648770], sa_mask[0]=0x00000004, sa_flags=0x10000004
SIGHUP: [libjvm.so+0x64b280], sa_mask[0]=0x7ffbfeff, sa_flags=0x10000004
SIGINT: [libjvm.so+0x64b280], sa_mask[0]=0x7ffbfeff, sa_flags=0x10000004
SIGTERM: [libjvm.so+0x64b280], sa_mask[0]=0x7ffbfeff, sa_flags=0x10000004
SIGQUIT: [libjvm.so+0x64b280], sa_mask[0]=0x7ffbfeff, sa_flags=0x10000004


---------------  S Y S T E M  ---------------

OS:Ubuntu 11.10 (oneiric)
uname:Linux 3.0.0-12-generic #20-Ubuntu SMP Fri Oct 7 14:56:25 UTC 2011 x86_64
libc:glibc 2.13 NPTL 2.13 
rlimit: STACK 8192k, CORE 0k, NPROC 128386, NOFILE 4096, AS infinity
load average:0,02 0,02 0,05

/proc/meminfo:
MemTotal:       16449340 kB
MemFree:        10915340 kB
Buffers:          198704 kB
Cached:          2237856 kB
SwapCached:            0 kB
Active:          3295340 kB
Inactive:        1778108 kB
Active(anon):    2651608 kB
Inactive(anon):    42904 kB
Active(file):     643732 kB
Inactive(file):  1735204 kB
Unevictable:          32 kB
Mlocked:              32 kB
SwapTotal:      16755708 kB
SwapFree:       16755708 kB
Dirty:               552 kB
Writeback:             0 kB
AnonPages:       2636556 kB
Mapped:           265272 kB
Shmem:             57628 kB
Slab:             160648 kB
SReclaimable:     128036 kB
SUnreclaim:        32612 kB
KernelStack:        4984 kB
PageTables:        35740 kB
NFS_Unstable:          0 kB
Bounce:                0 kB
WritebackTmp:          0 kB
CommitLimit:    24980376 kB
Committed_AS:    5585492 kB
VmallocTotal:   34359738367 kB
VmallocUsed:      175284 kB
VmallocChunk:   34359558652 kB
HardwareCorrupted:     0 kB
AnonHugePages:         0 kB
HugePages_Total:       0
HugePages_Free:        0
HugePages_Rsvd:        0
HugePages_Surp:        0
Hugepagesize:       2048 kB
DirectMap4k:      147456 kB
DirectMap2M:    16613376 kB


CPU:total 8 (4 cores per cpu, 2 threads per core) family 6 model 42 stepping 7, cmov, cx8, fxsr, mmx, sse, sse2, sse3, ssse3, sse4.1, sse4.2, popcnt, ht

Memory: 4k page, physical 16449340k(10915340k free), swap 16755708k(16755708k free)

vm_info: OpenJDK 64-Bit Server VM (20.0-b11) for linux-amd64 JRE (1.6.0_23-b23), built on Oct 22 2011 01:00:57 by "buildd" with gcc 4.6.1

time: Fri Dec  2 21:32:43 2011
elapsed time: 6423 seconds

