#
# A fatal error has been detected by the Java Runtime Environment:
#
#  SIGSEGV (0xb) at pc=0x00007fe118e8594e, pid=6638, tid=140604621584128
#
# JRE version: 6.0_23-b23
# Java VM: OpenJDK 64-Bit Server VM (20.0-b11 mixed mode linux-amd64 compressed oops)
# Derivative: IcedTea6 1.11pre
# Distribution: Ubuntu 11.10, package 6b23~pre11-0ubuntu1.11.10
# Problematic frame:
# V  [libjvm.so+0x5bc94e]  PhaseIdealLoop::build_loop_late_post(Node*)+0x14e
#
# If you would like to submit a bug report, please include
# instructions how to reproduce the bug and visit:
#   https://bugs.launchpad.net/ubuntu/+source/openjdk-6/
#

---------------  T H R E A D  ---------------

Current thread (0x000000000247a800):  JavaThread "C2 CompilerThread0" daemon [_thread_in_native, id=6654, stack(0x00007fe11075f000,0x00007fe110860000)]

siginfo:si_signo=SIGSEGV: si_errno=0, si_code=1 (SEGV_MAPERR), si_addr=0x0000000000000008

Registers:
RAX=0x0000000000000000, RBX=0x00007fe11085cb30, RCX=0x00007fe10c5b2b60, RDX=0x0000000000002000
RSP=0x00007fe11085b370, RBP=0x00007fe11085b3b0, RSI=0x00007fe10dea7900, RDI=0x0000000000000000
R8 =0x00007fe10c0a8ef0, R9 =0x00007fe11085cb30, R10=0x00007fe10dea7900, R11=0x0000000000000000
R12=0x00007fe10c417270, R13=0x00007fe10c359128, R14=0x00007fe11085cb50, R15=0x00007fe10c1f8838
RIP=0x00007fe118e8594e, EFLAGS=0x0000000000010202, CSGSFS=0x0000000000000033, ERR=0x0000000000000004
  TRAPNO=0x000000000000000e

Top of Stack: (sp=0x00007fe11085b370)
0x00007fe11085b370:   00007fe10c2c21b8 00007fe11085b650
0x00007fe11085b380:   00007fe11085b3b0 00007fe11085cb30
0x00007fe11085b390:   0000000000000002 00007fe10c417270
0x00007fe11085b3a0:   00007fe10ce96b28 00007fe11085b650
0x00007fe11085b3b0:   00007fe11085b420 00007fe118e85ebb
0x00007fe11085b3c0:   0000000002a4fdd0 0000000000000100
0x00007fe11085b3d0:   00007fe100000001 00007fe11085d4d0
0x00007fe11085b3e0:   00007fe11085b670 00007fe11085b610
0x00007fe11085b3f0:   0000000000001804 00007fe11085cb30
0x00007fe11085b400:   0000000000000007 0000000000000001
0x00007fe11085b410:   0000000000000001 0000000002a4fdd0
0x00007fe11085b420:   00007fe11085b6c0 00007fe118e86a82
0x00007fe11085b430:   00007fe10c1cb610 0000000002a4fd60
0x00007fe11085b440:   00007fe11085b450 00007fe11085cb50
0x00007fe11085b450:   00007fe11085b4b0 00007fe118cb88ce
0x00007fe11085b460:   00007fe10dafc120 00007fe10c0421d0
0x00007fe11085b470:   0000000000000000 0000000000000038
0x00007fe11085b480:   00007fe10dafc120 00007fe11085e250
0x00007fe11085b490:   00007fe11946ef2a 00007fe11948ab58
0x00007fe11085b4a0:   00007fe11085c0d8 00007fe11085c0f8
0x00007fe11085b4b0:   00007fe11085b4e0 00007fe10c000020
0x00007fe11085b4c0:   00007fe10c000078 0000000000010020
0x00007fe11085b4d0:   0000000000010010 0000000000010000
0x00007fe11085b4e0:   00007fe10c2b6798 00007fe119721dff
0x00007fe11085b4f0:   00007fe10c323770 00000000040241f0
0x00007fe11085b500:   00007fe10d04ef90 0000000000000079
0x00007fe11085b510:   00007fe11085c0f8 0000000000010040
0x00007fe11085b520:   00007fe11085b710 00007fe11085b710
0x00007fe11085b530:   00000000040242a0 0000000004024238
0x00007fe11085b540:   00007fe11085b630 00007fe10c000020
0x00007fe11085b550:   00007fe11085b5e0 0000000000010010
0x00007fe11085b560:   00007fe10cfbed00 0000000000010000 

Instructions: (pc=0x00007fe118e8594e)
0x00007fe118e8592e:   4c 39 e8 0f 84 ad 03 00 00 8b 70 28 49 89 c7 0f
0x00007fe118e8593e:   1f 00 4c 8b 93 e0 09 00 00 49 8d 34 f2 48 8b 06
0x00007fe118e8594e:   48 8b 50 08 48 83 3a 00 75 27 8b 4b 28 0f 1f 44
0x00007fe118e8595e:   00 00 8b 50 28 31 c0 39 ca 73 0c 48 8b 43 30 48 

Register to memory mapping:

RAX=0x0000000000000000 is an unknown value
RBX=0x00007fe11085cb30 is pointing into the stack for thread: 0x000000000247a800
RCX=0x00007fe10c5b2b60 is an unknown value
RDX=0x0000000000002000 is an unknown value
RSP=0x00007fe11085b370 is pointing into the stack for thread: 0x000000000247a800
RBP=0x00007fe11085b3b0 is pointing into the stack for thread: 0x000000000247a800
RSI=0x00007fe10dea7900 is an unknown value
RDI=0x0000000000000000 is an unknown value
R8 =0x00007fe10c0a8ef0 is an unknown value
R9 =0x00007fe11085cb30 is pointing into the stack for thread: 0x000000000247a800
R10=0x00007fe10dea7900 is an unknown value
R11=0x0000000000000000 is an unknown value
R12=0x00007fe10c417270 is an unknown value
R13=0x00007fe10c359128 is an unknown value
R14=0x00007fe11085cb50 is pointing into the stack for thread: 0x000000000247a800
R15=0x00007fe10c1f8838 is an unknown value


Stack: [0x00007fe11075f000,0x00007fe110860000],  sp=0x00007fe11085b370,  free space=1008k
Native frames: (J=compiled Java code, j=interpreted, Vv=VM code, C=native code)
V  [libjvm.so+0x5bc94e]  PhaseIdealLoop::build_loop_late_post(Node*)+0x14e
V  [libjvm.so+0x5bcebb]  PhaseIdealLoop::build_loop_late(VectorSet&, Node_List&, Node_Stack&)+0x10b
V  [libjvm.so+0x5bda82]  PhaseIdealLoop::build_and_optimize(bool, bool)+0x692
V  [libjvm.so+0x37bc8a]  Compile::Optimize()+0xd2a
V  [libjvm.so+0x37c9f3]  Compile::Compile(ciEnv*, C2Compiler*, ciMethod*, int, bool, bool)+0xad3
V  [libjvm.so+0x3062d0]  C2Compiler::compile_method(ciEnv*, ciMethod*, int)+0xe0
V  [libjvm.so+0x3810d3]  CompileBroker::invoke_compiler_on_method(CompileTask*)+0x2a3
V  [libjvm.so+0x381a1b]  CompileBroker::compiler_thread_loop()+0x45b
V  [libjvm.so+0x74bca8]  JavaThread::thread_main_inner()+0x58
V  [libjvm.so+0x64bc22]  java_start(Thread*)+0x112


Current CompileTask:
C2:2258972 1140      jregex.Pretokenizer.next()V (1064 bytes)


---------------  P R O C E S S  ---------------

Java Threads: ( => current thread )
  0x00007fe10dd85800 JavaThread "net.sf.ehcache.CacheManager@5f54e92c" daemon [_thread_blocked, id=16301, stack(0x00007fe10b9df000,0x00007fe10bae0000)]
  0x00007fe10c7e3000 JavaThread "New I/O server worker #1-15" [_thread_in_native, id=16300, stack(0x00007fe10b2d3000,0x00007fe10b3d4000)]
  0x000000000313a800 JavaThread "File Reaper" daemon [_thread_blocked, id=6672, stack(0x00007fe10b0d1000,0x00007fe10b1d2000)]
  0x0000000002b80000 JavaThread "com.mchange.v2.async.ThreadPoolAsynchronousRunner$PoolThread-#2" daemon [_thread_blocked, id=6667, stack(0x00007fe10b3d4000,0x00007fe10b4d5000)]
  0x0000000002559800 JavaThread "com.mchange.v2.async.ThreadPoolAsynchronousRunner$PoolThread-#1" daemon [_thread_blocked, id=6666, stack(0x00007fe10b4d5000,0x00007fe10b5d6000)]
  0x00000000035bf800 JavaThread "com.mchange.v2.async.ThreadPoolAsynchronousRunner$PoolThread-#0" daemon [_thread_blocked, id=6665, stack(0x00007fe10b5d6000,0x00007fe10b6d7000)]
  0x0000000004229000 JavaThread "Timer-0" daemon [_thread_blocked, id=6664, stack(0x00007fe10b6d7000,0x00007fe10b7d8000)]
  0x00007fe10c38b000 JavaThread "play-thread-1" [_thread_in_Java, id=6662, stack(0x00007fe10bae0000,0x00007fe10bbe1000)]
  0x00007fe10c4ce000 JavaThread "DestroyJavaVM" [_thread_blocked, id=6639, stack(0x00007fe11a16d000,0x00007fe11a26e000)]
  0x00007fe10c4e3000 JavaThread "New I/O server boss #1 ([id: 0x319c0bd6, /0:0:0:0:0:0:0:0:9090])" [_thread_in_native, id=6658, stack(0x00007fe110185000,0x00007fe110286000)]
  0x000000000247f800 JavaThread "Low Memory Detector" daemon [_thread_blocked, id=6656, stack(0x00007fe11055d000,0x00007fe11065e000)]
  0x000000000247d800 JavaThread "C2 CompilerThread1" daemon [_thread_blocked, id=6655, stack(0x00007fe11065e000,0x00007fe11075f000)]
=>0x000000000247a800 JavaThread "C2 CompilerThread0" daemon [_thread_in_native, id=6654, stack(0x00007fe11075f000,0x00007fe110860000)]
  0x000000000246e800 JavaThread "JDWP Event Helper Thread" daemon [_thread_blocked, id=6653, stack(0x00007fe110860000,0x00007fe110961000)]
  0x000000000246a800 JavaThread "JDWP Transport Listener: dt_socket" daemon [_thread_in_native, id=6652, stack(0x00007fe110961000,0x00007fe110a62000)]
  0x000000000242e000 JavaThread "Signal Dispatcher" daemon [_thread_blocked, id=6651, stack(0x00007fe110c67000,0x00007fe110d68000)]
  0x000000000241c800 JavaThread "Finalizer" daemon [_thread_blocked, id=6650, stack(0x00007fe110d68000,0x00007fe110e69000)]
  0x0000000002415000 JavaThread "Reference Handler" daemon [_thread_blocked, id=6649, stack(0x00007fe110e69000,0x00007fe110f6a000)]

Other Threads:
  0x000000000240e000 VMThread [stack: 0x00007fe110f6a000,0x00007fe11106b000] [id=6648]
  0x000000000248a800 WatcherThread [stack: 0x00007fe11045c000,0x00007fe11055d000] [id=6657]

VM state:not at safepoint (normal execution)

VM Mutex/Monitor currently owned by a thread: None

Heap
 PSYoungGen      total 42944K, used 8660K [0x00000007ac560000, 0x00000007b02f0000, 0x0000000800000000)
  eden space 42304K, 19% used [0x00000007ac560000,0x00000007acd3d298,0x00000007aeeb0000)
  from space 640K, 95% used [0x00000007aef80000,0x00000007af018000,0x00000007af020000)
  to   space 10368K, 0% used [0x00000007af8d0000,0x00000007af8d0000,0x00000007b02f0000)
 PSOldGen        total 171392K, used 20162K [0x0000000705000000, 0x000000070f760000, 0x00000007ac560000)
  object space 171392K, 11% used [0x0000000705000000,0x00000007063b0a98,0x000000070f760000)
 PSPermGen       total 55616K, used 55548K [0x00000006faa00000, 0x00000006fe050000, 0x0000000705000000)
  object space 55616K, 99% used [0x00000006faa00000,0x00000006fe03f2d0,0x00000006fe050000)

Code Cache  [0x00007fe113122000, 0x00007fe113842000, 0x00007fe116122000)
 total_blobs=1778 nmethods=1114 adapters=625 free_code_cache=42980672 largest_free_block=15808

Dynamic libraries:
00400000-00409000 r-xp 00000000 08:05 920882                             /usr/lib/jvm/java-6-openjdk/jre/bin/java
00608000-00609000 r--p 00008000 08:05 920882                             /usr/lib/jvm/java-6-openjdk/jre/bin/java
00609000-0060a000 rw-p 00009000 08:05 920882                             /usr/lib/jvm/java-6-openjdk/jre/bin/java
0238f000-06d67000 rw-p 00000000 00:00 0                                  [heap]
6faa00000-6fe050000 rw-p 00000000 00:00 0 
6fe050000-705000000 rw-p 00000000 00:00 0 
705000000-70f760000 rw-p 00000000 00:00 0 
70f760000-7ac560000 rw-p 00000000 00:00 0 
7ac560000-7b02f0000 rw-p 00000000 00:00 0 
7b02f0000-7b1d30000 ---p 00000000 00:00 0 
7b1d30000-800000000 rw-p 00000000 00:00 0 
7fe10afd0000-7fe10afd3000 ---p 00000000 00:00 0 
7fe10afd3000-7fe10b0d1000 rw-p 00000000 00:00 0 
7fe10b0d1000-7fe10b0d4000 ---p 00000000 00:00 0 
7fe10b0d4000-7fe10b1d2000 rw-p 00000000 00:00 0 
7fe10b1d2000-7fe10b1d5000 ---p 00000000 00:00 0 
7fe10b1d5000-7fe10b2d3000 rw-p 00000000 00:00 0 
7fe10b2d3000-7fe10b2d6000 ---p 00000000 00:00 0 
7fe10b2d6000-7fe10b3d4000 rw-p 00000000 00:00 0 
7fe10b3d4000-7fe10b3d7000 ---p 00000000 00:00 0 
7fe10b3d7000-7fe10b4d5000 rw-p 00000000 00:00 0 
7fe10b4d5000-7fe10b4d8000 ---p 00000000 00:00 0 
7fe10b4d8000-7fe10b5d6000 rw-p 00000000 00:00 0 
7fe10b5d6000-7fe10b5d9000 ---p 00000000 00:00 0 
7fe10b5d9000-7fe10b6d7000 rw-p 00000000 00:00 0 
7fe10b6d7000-7fe10b6da000 ---p 00000000 00:00 0 
7fe10b6da000-7fe10b7d8000 rw-p 00000000 00:00 0 
7fe10b7d8000-7fe10b7de000 r-xp 00000000 08:05 924543                     /usr/lib/jvm/java-6-openjdk/jre/lib/amd64/libmanagement.so
7fe10b7de000-7fe10b9dd000 ---p 00006000 08:05 924543                     /usr/lib/jvm/java-6-openjdk/jre/lib/amd64/libmanagement.so
7fe10b9dd000-7fe10b9de000 r--p 00005000 08:05 924543                     /usr/lib/jvm/java-6-openjdk/jre/lib/amd64/libmanagement.so
7fe10b9de000-7fe10b9df000 rw-p 00006000 08:05 924543                     /usr/lib/jvm/java-6-openjdk/jre/lib/amd64/libmanagement.so
7fe10b9df000-7fe10b9e2000 ---p 00000000 00:00 0 
7fe10b9e2000-7fe10bae0000 rw-p 00000000 00:00 0 
7fe10bae0000-7fe10bae3000 ---p 00000000 00:00 0 
7fe10bae3000-7fe10bbe1000 rw-p 00000000 00:00 0 
7fe10bbe1000-7fe10bbe9000 r-xp 00000000 08:05 920896                     /usr/lib/jvm/java-6-openjdk/jre/lib/amd64/libnio.so
7fe10bbe9000-7fe10bde8000 ---p 00008000 08:05 920896                     /usr/lib/jvm/java-6-openjdk/jre/lib/amd64/libnio.so
7fe10bde8000-7fe10bde9000 r--p 00007000 08:05 920896                     /usr/lib/jvm/java-6-openjdk/jre/lib/amd64/libnio.so
7fe10bde9000-7fe10bdea000 rw-p 00008000 08:05 920896                     /usr/lib/jvm/java-6-openjdk/jre/lib/amd64/libnio.so
7fe10bdea000-7fe10bdff000 r-xp 00000000 08:05 920905                     /usr/lib/jvm/java-6-openjdk/jre/lib/amd64/libnet.so
7fe10bdff000-7fe10bffe000 ---p 00015000 08:05 920905                     /usr/lib/jvm/java-6-openjdk/jre/lib/amd64/libnet.so
7fe10bffe000-7fe10bfff000 r--p 00014000 08:05 920905                     /usr/lib/jvm/java-6-openjdk/jre/lib/amd64/libnet.so
7fe10bfff000-7fe10c000000 rw-p 00015000 08:05 920905                     /usr/lib/jvm/java-6-openjdk/jre/lib/amd64/libnet.so
7fe10c000000-7fe10fd2b000 rw-p 00000000 00:00 0 
7fe10fd2b000-7fe110000000 ---p 00000000 00:00 0 
7fe11007f000-7fe110082000 r--s 00031000 08:05 924515                     /usr/lib/jvm/java-6-openjdk/jre/lib/ext/sunjce_provider.jar
7fe110082000-7fe110084000 r--s 00013000 08:05 924465                     /usr/lib/jvm/java-6-openjdk/jre/lib/jce.jar
7fe110084000-7fe110087000 ---p 00000000 00:00 0 
7fe110087000-7fe110185000 rw-p 00000000 00:00 0 
7fe110185000-7fe110188000 ---p 00000000 00:00 0 
7fe110188000-7fe110286000 rw-p 00000000 00:00 0 
7fe110286000-7fe110295000 r--s 00074000 08:05 296141                     /opt/play-1.2.3/framework/lib/joda-time-1.6.jar
7fe110295000-7fe11029b000 r--s 00038000 08:05 296158                     /opt/play-1.2.3/framework/lib/snakeyaml-1.7.jar
7fe11029b000-7fe1102a2000 r--s 0006a000 08:05 296148                     /opt/play-1.2.3/framework/lib/mail-1.4.3.jar
7fe1102a2000-7fe1102a4000 r--s 0000c000 08:05 296101                     /opt/play-1.2.3/framework/lib/activation-1.1.1.jar
7fe1102a4000-7fe1102af000 r--s 00124000 08:05 296123                     /opt/play-1.2.3/framework/lib/h2-1.3.149.jar
7fe1102af000-7fe1102b2000 r--s 00024000 08:05 296113                     /opt/play-1.2.3/framework/lib/commons-io-2.0.1.jar
7fe1102b2000-7fe1102b4000 r--s 0000b000 08:05 296139                     /opt/play-1.2.3/framework/lib/jj-textile.jar
7fe1102b4000-7fe1102b9000 r--s 00048000 08:05 296117                     /opt/play-1.2.3/framework/lib/dom4j-1.6.1.jar
7fe1102b9000-7fe1102bc000 r--s 00011000 08:05 296119                     /opt/play-1.2.3/framework/lib/ezmorph-1.0.3.jar
7fe1102bc000-7fe1102bf000 r--s 0000f000 08:05 296120                     /opt/play-1.2.3/framework/lib/geronimo-servlet_2.5_spec-1.2.jar
7fe1102bf000-7fe1102c1000 r--s 00002000 08:05 296144                     /opt/play-1.2.3/framework/lib/jta-1.1.jar
7fe1102c1000-7fe1102c9000 r--s 0008a000 08:05 296134                     /opt/play-1.2.3/framework/lib/javassist-3.9.0.GA.jar
7fe1102c9000-7fe1102ca000 r--s 00007000 08:05 296111                     /opt/play-1.2.3/framework/lib/commons-email-1.2.jar
7fe1102ca000-7fe1102cf000 r--s 00014000 08:05 296131                     /opt/play-1.2.3/framework/lib/hibernate-jpa-2.0-api-1.0.0.Final.jar
7fe1102cf000-7fe1102d1000 r--s 00015000 08:05 296142                     /opt/play-1.2.3/framework/lib/jregex-1.2_01.jar
7fe1102d1000-7fe1102da000 r--s 0005d000 08:05 296129                     /opt/play-1.2.3/framework/lib/hibernate-entitymanager-3.6.0.Final.jar
7fe1102da000-7fe1102dd000 r--s 00022000 08:05 296133                     /opt/play-1.2.3/framework/lib/jamon-2.7.jar
7fe1102dd000-7fe1102e4000 r--s 00059000 08:05 296147                     /opt/play-1.2.3/framework/lib/log4j-1.2.15.jar
7fe1102e4000-7fe110309000 r--s 00172000 08:05 296105                     /opt/play-1.2.3/framework/lib/bcprov-jdk15-1.45.jar
7fe110309000-7fe110318000 r--s 000b2000 08:05 296151                     /opt/play-1.2.3/framework/lib/netty-3.2.4.Final.jar
7fe110318000-7fe11031e000 r--s 00032000 08:05 296136                     /opt/play-1.2.3/framework/lib/jaxen-1.1.jar
7fe11031e000-7fe110325000 r--s 00038000 08:05 296140                     /opt/play-1.2.3/framework/lib/jj-wikitext.jar
7fe110325000-7fe110334000 r--s 000d9000 08:05 296132                     /opt/play-1.2.3/framework/lib/ivy-2.2.0.jar
7fe110334000-7fe110388000 r--s 00516000 08:05 296121                     /opt/play-1.2.3/framework/lib/groovy-all-1.7.7.jar
7fe110388000-7fe11038e000 r--s 00034000 08:05 296145                     /opt/play-1.2.3/framework/lib/junit-4.8.1.jar
7fe11038e000-7fe110398000 r--s 0006f000 08:05 296118                     /opt/play-1.2.3/framework/lib/ehcache-core-2.0.0.jar
7fe110398000-7fe11039a000 r--s 00008000 08:05 296155                     /opt/play-1.2.3/framework/lib/signpost-core-1.2.jar
7fe11039a000-7fe11039c000 r--s 0000e000 08:05 296114                     /opt/play-1.2.3/framework/lib/commons-javaflow-1066591.jar
7fe11039c000-7fe1103a2000 r--s 0007e000 08:05 296154                     /opt/play-1.2.3/framework/lib/postgresql-9.0.jar
7fe1103a2000-7fe1103a4000 r--s 0000d000 08:05 296116                     /opt/play-1.2.3/framework/lib/commons-logging-1.1.1.jar
7fe1103a4000-7fe1103a5000 r--s 00000000 08:05 296135                     /opt/play-1.2.3/framework/lib/javax.inject-1.0.jar
7fe1103a5000-7fe1103ab000 r--s 00067000 08:05 296102                     /opt/play-1.2.3/framework/lib/antlr-2.7.6.jar
7fe1103ab000-7fe1103b1000 r--s 00049000 08:05 296104                     /opt/play-1.2.3/framework/lib/async-http-client-1.6.3.jar
7fe1103b1000-7fe1103b8000 r--s 000b7000 08:05 296150                     /opt/play-1.2.3/framework/lib/mysql-connector-java-5.1.13.jar
7fe1103b8000-7fe1103bb000 r--s 0000f000 08:05 296125                     /opt/play-1.2.3/framework/lib/hibernate-commons-annotations-3.2.0.Final.jar
7fe1103bb000-7fe1103bd000 r--s 0000d000 08:05 296112                     /opt/play-1.2.3/framework/lib/commons-fileupload-1.2.2.jar
7fe1103bd000-7fe1103c3000 r--s 00049000 08:05 296107                     /opt/play-1.2.3/framework/lib/cglib-nodep-2.2.jar
7fe1103c3000-7fe1103d1000 r--s 0007f000 08:05 296110                     /opt/play-1.2.3/framework/lib/commons-collections-3.2.1.jar
7fe1103d1000-7fe1103dc000 r--s 0005a000 08:05 296159                     /opt/play-1.2.3/framework/lib/xstream-1.3.jar
7fe1103dc000-7fe1103e3000 r--s 00049000 08:05 296153                     /opt/play-1.2.3/framework/lib/oval-1.50.jar
7fe1103e3000-7fe1103e5000 r--s 00005000 08:05 296156                     /opt/play-1.2.3/framework/lib/slf4j-api-1.6.1.jar
7fe1103e5000-7fe1103ea000 r--s 00041000 08:05 296115                     /opt/play-1.2.3/framework/lib/commons-lang-2.6.jar
7fe1103ea000-7fe1103f5000 r--s 0008b000 08:05 296106                     /opt/play-1.2.3/framework/lib/c3p0-0.9.1.2.jar
7fe1103f5000-7fe11041e000 r--s 00403000 08:05 296152                     /opt/play-1.2.3/framework/lib/org.eclipse.jdt.core-3.6.0.jar
7fe11041e000-7fe110450000 r--s 002c7000 08:05 296127                     /opt/play-1.2.3/framework/lib/hibernate-core-3.6.1.Final.jar
7fe110450000-7fe110455000 r--s 00034000 08:05 296108                     /opt/play-1.2.3/framework/lib/commons-beanutils-1.8.3.jar
7fe110455000-7fe11045a000 r--s 0002e000 08:05 296103                     /opt/play-1.2.3/framework/lib/asm-all-3.3.1.jar
7fe11045a000-7fe11045c000 r--s 00015000 08:05 296138                     /opt/play-1.2.3/framework/lib/jj-simplecaptcha.jar
7fe11045c000-7fe11045d000 ---p 00000000 00:00 0 
7fe11045d000-7fe11055d000 rw-p 00000000 00:00 0 
7fe11055d000-7fe110560000 ---p 00000000 00:00 0 
7fe110560000-7fe11065e000 rw-p 00000000 00:00 0 
7fe11065e000-7fe110661000 ---p 00000000 00:00 0 
7fe110661000-7fe11075f000 rw-p 00000000 00:00 0 
7fe11075f000-7fe110762000 ---p 00000000 00:00 0 
7fe110762000-7fe110860000 rw-p 00000000 00:00 0 
7fe110860000-7fe110863000 ---p 00000000 00:00 0 
7fe110863000-7fe110961000 rw-p 00000000 00:00 0 
7fe110961000-7fe110964000 ---p 00000000 00:00 0 
7fe110964000-7fe110a62000 rw-p 00000000 00:00 0 
7fe110a62000-7fe110a66000 r-xp 00000000 08:05 920894                     /usr/lib/jvm/java-6-openjdk/jre/lib/amd64/libdt_socket.so
7fe110a66000-7fe110c65000 ---p 00004000 08:05 920894                     /usr/lib/jvm/java-6-openjdk/jre/lib/amd64/libdt_socket.so
7fe110c65000-7fe110c66000 r--p 00003000 08:05 920894                     /usr/lib/jvm/java-6-openjdk/jre/lib/amd64/libdt_socket.so
7fe110c66000-7fe110c67000 rw-p 00004000 08:05 920894                     /usr/lib/jvm/java-6-openjdk/jre/lib/amd64/libdt_socket.so
7fe110c67000-7fe110c6a000 ---p 00000000 00:00 0 
7fe110c6a000-7fe110d68000 rw-p 00000000 00:00 0 
7fe110d68000-7fe110d6b000 ---p 00000000 00:00 0 
7fe110d6b000-7fe110e69000 rw-p 00000000 00:00 0 
7fe110e69000-7fe110e6c000 ---p 00000000 00:00 0 
7fe110e6c000-7fe110f6a000 rw-p 00000000 00:00 0 
7fe110f6a000-7fe110f6b000 ---p 00000000 00:00 0 
7fe110f6b000-7fe1119a7000 rw-p 00000000 00:00 0 
7fe1119a7000-7fe111b38000 r--s 037b8000 08:05 924546                     /usr/lib/jvm/java-6-openjdk/jre/lib/rt.jar
7fe111b38000-7fe111b60000 rw-p 00000000 00:00 0 
7fe111b60000-7fe111b61000 ---p 00000000 00:00 0 
7fe111b61000-7fe111c61000 rw-p 00000000 00:00 0 
7fe111c61000-7fe111c62000 ---p 00000000 00:00 0 
7fe111c62000-7fe111d62000 rw-p 00000000 00:00 0 
7fe111d62000-7fe111d63000 ---p 00000000 00:00 0 
7fe111d63000-7fe111e63000 rw-p 00000000 00:00 0 
7fe111e63000-7fe111e64000 ---p 00000000 00:00 0 
7fe111e64000-7fe111f64000 rw-p 00000000 00:00 0 
7fe111f64000-7fe111f65000 ---p 00000000 00:00 0 
7fe111f65000-7fe112065000 rw-p 00000000 00:00 0 
7fe112065000-7fe112066000 ---p 00000000 00:00 0 
7fe112066000-7fe112166000 rw-p 00000000 00:00 0 
7fe112166000-7fe112167000 ---p 00000000 00:00 0 
7fe112167000-7fe112267000 rw-p 00000000 00:00 0 
7fe112267000-7fe112268000 ---p 00000000 00:00 0 
7fe112268000-7fe112384000 rw-p 00000000 00:00 0 
7fe112384000-7fe1123bb000 rw-p 00000000 00:00 0 
7fe1123bb000-7fe11240f000 rw-p 00000000 00:00 0 
7fe11240f000-7fe1128f6000 rw-p 00000000 00:00 0 
7fe1128f6000-7fe112912000 rw-p 00000000 00:00 0 
7fe112912000-7fe112949000 rw-p 00000000 00:00 0 
7fe112949000-7fe11299d000 rw-p 00000000 00:00 0 
7fe11299d000-7fe112e83000 rw-p 00000000 00:00 0 
7fe112e83000-7fe112ea3000 rw-p 00000000 00:00 0 
7fe112ea3000-7fe112eb0000 ---p 00000000 00:00 0 
7fe112eb0000-7fe113121000 rw-p 00000000 00:00 0 
7fe113121000-7fe113122000 rw-p 00000000 00:00 0 
7fe113122000-7fe113842000 rwxp 00000000 00:00 0 
7fe113842000-7fe116122000 rw-p 00000000 00:00 0 
7fe116122000-7fe116129000 r-xp 00000000 08:05 924533                     /usr/lib/jvm/java-6-openjdk/jre/lib/amd64/libzip.so
7fe116129000-7fe116328000 ---p 00007000 08:05 924533                     /usr/lib/jvm/java-6-openjdk/jre/lib/amd64/libzip.so
7fe116328000-7fe116329000 r--p 00006000 08:05 924533                     /usr/lib/jvm/java-6-openjdk/jre/lib/amd64/libzip.so
7fe116329000-7fe11632a000 rw-p 00007000 08:05 924533                     /usr/lib/jvm/java-6-openjdk/jre/lib/amd64/libzip.so
7fe11632a000-7fe116336000 r-xp 00000000 08:05 1068842                    /lib/x86_64-linux-gnu/libnss_files-2.13.so
7fe116336000-7fe116535000 ---p 0000c000 08:05 1068842                    /lib/x86_64-linux-gnu/libnss_files-2.13.so
7fe116535000-7fe116536000 r--p 0000b000 08:05 1068842                    /lib/x86_64-linux-gnu/libnss_files-2.13.so
7fe116536000-7fe116537000 rw-p 0000c000 08:05 1068842                    /lib/x86_64-linux-gnu/libnss_files-2.13.so
7fe116537000-7fe116541000 r-xp 00000000 08:05 1068848                    /lib/x86_64-linux-gnu/libnss_nis-2.13.so
7fe116541000-7fe116741000 ---p 0000a000 08:05 1068848                    /lib/x86_64-linux-gnu/libnss_nis-2.13.so
7fe116741000-7fe116742000 r--p 0000a000 08:05 1068848                    /lib/x86_64-linux-gnu/libnss_nis-2.13.so
7fe116742000-7fe116743000 rw-p 0000b000 08:05 1068848                    /lib/x86_64-linux-gnu/libnss_nis-2.13.so
7fe116743000-7fe11675a000 r-xp 00000000 08:05 1068837                    /lib/x86_64-linux-gnu/libnsl-2.13.so
7fe11675a000-7fe116959000 ---p 00017000 08:05 1068837                    /lib/x86_64-linux-gnu/libnsl-2.13.so
7fe116959000-7fe11695a000 r--p 00016000 08:05 1068837                    /lib/x86_64-linux-gnu/libnsl-2.13.so
7fe11695a000-7fe11695b000 rw-p 00017000 08:05 1068837                    /lib/x86_64-linux-gnu/libnsl-2.13.so
7fe11695b000-7fe11695d000 rw-p 00000000 00:00 0 
7fe11695d000-7fe116965000 r-xp 00000000 08:05 1068834                    /lib/x86_64-linux-gnu/libnss_compat-2.13.so
7fe116965000-7fe116b64000 ---p 00008000 08:05 1068834                    /lib/x86_64-linux-gnu/libnss_compat-2.13.so
7fe116b64000-7fe116b65000 r--p 00007000 08:05 1068834                    /lib/x86_64-linux-gnu/libnss_compat-2.13.so
7fe116b65000-7fe116b66000 rw-p 00008000 08:05 1068834                    /lib/x86_64-linux-gnu/libnss_compat-2.13.so
7fe116b66000-7fe117497000 r--p 00000000 08:05 922981                     /usr/lib/locale/locale-archive
7fe117497000-7fe11749a000 r-xp 00000000 08:05 920914                     /usr/lib/jvm/java-6-openjdk/jre/lib/amd64/libnpt.so
7fe11749a000-7fe117699000 ---p 00003000 08:05 920914                     /usr/lib/jvm/java-6-openjdk/jre/lib/amd64/libnpt.so
7fe117699000-7fe11769a000 r--p 00002000 08:05 920914                     /usr/lib/jvm/java-6-openjdk/jre/lib/amd64/libnpt.so
7fe11769a000-7fe11769b000 rw-p 00003000 08:05 920914                     /usr/lib/jvm/java-6-openjdk/jre/lib/amd64/libnpt.so
7fe11769b000-7fe1176a4000 r-xp 00000000 08:05 924528                     /usr/lib/jvm/java-6-openjdk/jre/lib/amd64/libinstrument.so
7fe1176a4000-7fe1178a4000 ---p 00009000 08:05 924528                     /usr/lib/jvm/java-6-openjdk/jre/lib/amd64/libinstrument.so
7fe1178a4000-7fe1178a5000 r--p 00009000 08:05 924528                     /usr/lib/jvm/java-6-openjdk/jre/lib/amd64/libinstrument.so
7fe1178a5000-7fe1178a6000 rw-p 0000a000 08:05 924528                     /usr/lib/jvm/java-6-openjdk/jre/lib/amd64/libinstrument.so
7fe1178a6000-7fe1178e0000 r-xp 00000000 08:05 920913                     /usr/lib/jvm/java-6-openjdk/jre/lib/amd64/libjdwp.so
7fe1178e0000-7fe117adf000 ---p 0003a000 08:05 920913                     /usr/lib/jvm/java-6-openjdk/jre/lib/amd64/libjdwp.so
7fe117adf000-7fe117ae0000 r--p 00039000 08:05 920913                     /usr/lib/jvm/java-6-openjdk/jre/lib/amd64/libjdwp.so
7fe117ae0000-7fe117ae1000 rw-p 0003a000 08:05 920913                     /usr/lib/jvm/java-6-openjdk/jre/lib/amd64/libjdwp.so
7fe117ae1000-7fe117b0d000 r-xp 00000000 08:05 924532                     /usr/lib/jvm/java-6-openjdk/jre/lib/amd64/libjava.so
7fe117b0d000-7fe117d0c000 ---p 0002c000 08:05 924532                     /usr/lib/jvm/java-6-openjdk/jre/lib/amd64/libjava.so
7fe117d0c000-7fe117d0d000 r--p 0002b000 08:05 924532                     /usr/lib/jvm/java-6-openjdk/jre/lib/amd64/libjava.so
7fe117d0d000-7fe117d10000 rw-p 0002c000 08:05 924532                     /usr/lib/jvm/java-6-openjdk/jre/lib/amd64/libjava.so
7fe117d10000-7fe117d1e000 r-xp 00000000 08:05 920904                     /usr/lib/jvm/java-6-openjdk/jre/lib/amd64/libverify.so
7fe117d1e000-7fe117f1d000 ---p 0000e000 08:05 920904                     /usr/lib/jvm/java-6-openjdk/jre/lib/amd64/libverify.so
7fe117f1d000-7fe117f1f000 r--p 0000d000 08:05 920904                     /usr/lib/jvm/java-6-openjdk/jre/lib/amd64/libverify.so
7fe117f1f000-7fe117f20000 rw-p 0000f000 08:05 920904                     /usr/lib/jvm/java-6-openjdk/jre/lib/amd64/libverify.so
7fe117f20000-7fe117f27000 r-xp 00000000 08:05 1044505                    /lib/x86_64-linux-gnu/librt-2.13.so
7fe117f27000-7fe118126000 ---p 00007000 08:05 1044505                    /lib/x86_64-linux-gnu/librt-2.13.so
7fe118126000-7fe118127000 r--p 00006000 08:05 1044505                    /lib/x86_64-linux-gnu/librt-2.13.so
7fe118127000-7fe118128000 rw-p 00007000 08:05 1044505                    /lib/x86_64-linux-gnu/librt-2.13.so
7fe118128000-7fe11813d000 r-xp 00000000 08:05 1068525                    /lib/x86_64-linux-gnu/libgcc_s.so.1
7fe11813d000-7fe11833c000 ---p 00015000 08:05 1068525                    /lib/x86_64-linux-gnu/libgcc_s.so.1
7fe11833c000-7fe11833d000 r--p 00014000 08:05 1068525                    /lib/x86_64-linux-gnu/libgcc_s.so.1
7fe11833d000-7fe11833e000 rw-p 00015000 08:05 1068525                    /lib/x86_64-linux-gnu/libgcc_s.so.1
7fe11833e000-7fe1183c1000 r-xp 00000000 08:05 1068849                    /lib/x86_64-linux-gnu/libm-2.13.so
7fe1183c1000-7fe1185c0000 ---p 00083000 08:05 1068849                    /lib/x86_64-linux-gnu/libm-2.13.so
7fe1185c0000-7fe1185c1000 r--p 00082000 08:05 1068849                    /lib/x86_64-linux-gnu/libm-2.13.so
7fe1185c1000-7fe1185c2000 rw-p 00083000 08:05 1068849                    /lib/x86_64-linux-gnu/libm-2.13.so
7fe1185c2000-7fe1186aa000 r-xp 00000000 08:05 914676                     /usr/lib/x86_64-linux-gnu/libstdc++.so.6.0.16
7fe1186aa000-7fe1188aa000 ---p 000e8000 08:05 914676                     /usr/lib/x86_64-linux-gnu/libstdc++.so.6.0.16
7fe1188aa000-7fe1188b2000 r--p 000e8000 08:05 914676                     /usr/lib/x86_64-linux-gnu/libstdc++.so.6.0.16
7fe1188b2000-7fe1188b4000 rw-p 000f0000 08:05 914676                     /usr/lib/x86_64-linux-gnu/libstdc++.so.6.0.16
7fe1188b4000-7fe1188c9000 rw-p 00000000 00:00 0 
7fe1188c9000-7fe1191cc000 r-xp 00000000 08:05 924535                     /usr/lib/jvm/java-6-openjdk/jre/lib/amd64/server/libjvm.so
7fe1191cc000-7fe1193cb000 ---p 00903000 08:05 924535                     /usr/lib/jvm/java-6-openjdk/jre/lib/amd64/server/libjvm.so
7fe1193cb000-7fe11944c000 r--p 00902000 08:05 924535                     /usr/lib/jvm/java-6-openjdk/jre/lib/amd64/server/libjvm.so
7fe11944c000-7fe119467000 rw-p 00983000 08:05 924535                     /usr/lib/jvm/java-6-openjdk/jre/lib/amd64/server/libjvm.so
7fe119467000-7fe119490000 rw-p 00000000 00:00 0 
7fe119490000-7fe1194a7000 r-xp 00000000 08:05 1048733                    /lib/x86_64-linux-gnu/libz.so.1.2.3.4
7fe1194a7000-7fe1196a6000 ---p 00017000 08:05 1048733                    /lib/x86_64-linux-gnu/libz.so.1.2.3.4
7fe1196a6000-7fe1196a7000 r--p 00016000 08:05 1048733                    /lib/x86_64-linux-gnu/libz.so.1.2.3.4
7fe1196a7000-7fe1196a8000 rw-p 00017000 08:05 1048733                    /lib/x86_64-linux-gnu/libz.so.1.2.3.4
7fe1196a8000-7fe11983d000 r-xp 00000000 08:05 1068839                    /lib/x86_64-linux-gnu/libc-2.13.so
7fe11983d000-7fe119a3c000 ---p 00195000 08:05 1068839                    /lib/x86_64-linux-gnu/libc-2.13.so
7fe119a3c000-7fe119a40000 r--p 00194000 08:05 1068839                    /lib/x86_64-linux-gnu/libc-2.13.so
7fe119a40000-7fe119a41000 rw-p 00198000 08:05 1068839                    /lib/x86_64-linux-gnu/libc-2.13.so
7fe119a41000-7fe119a47000 rw-p 00000000 00:00 0 
7fe119a47000-7fe119a49000 r-xp 00000000 08:05 1068840                    /lib/x86_64-linux-gnu/libdl-2.13.so
7fe119a49000-7fe119c49000 ---p 00002000 08:05 1068840                    /lib/x86_64-linux-gnu/libdl-2.13.so
7fe119c49000-7fe119c4a000 r--p 00002000 08:05 1068840                    /lib/x86_64-linux-gnu/libdl-2.13.so
7fe119c4a000-7fe119c4b000 rw-p 00003000 08:05 1068840                    /lib/x86_64-linux-gnu/libdl-2.13.so
7fe119c4b000-7fe119c4f000 r-xp 00000000 08:05 920901                     /usr/lib/jvm/java-6-openjdk/jre/lib/amd64/jli/libjli.so
7fe119c4f000-7fe119e4e000 ---p 00004000 08:05 920901                     /usr/lib/jvm/java-6-openjdk/jre/lib/amd64/jli/libjli.so
7fe119e4e000-7fe119e4f000 r--p 00003000 08:05 920901                     /usr/lib/jvm/java-6-openjdk/jre/lib/amd64/jli/libjli.so
7fe119e4f000-7fe119e50000 rw-p 00004000 08:05 920901                     /usr/lib/jvm/java-6-openjdk/jre/lib/amd64/jli/libjli.so
7fe119e50000-7fe119e68000 r-xp 00000000 08:05 1068847                    /lib/x86_64-linux-gnu/libpthread-2.13.so
7fe119e68000-7fe11a067000 ---p 00018000 08:05 1068847                    /lib/x86_64-linux-gnu/libpthread-2.13.so
7fe11a067000-7fe11a068000 r--p 00017000 08:05 1068847                    /lib/x86_64-linux-gnu/libpthread-2.13.so
7fe11a068000-7fe11a069000 rw-p 00018000 08:05 1068847                    /lib/x86_64-linux-gnu/libpthread-2.13.so
7fe11a069000-7fe11a06d000 rw-p 00000000 00:00 0 
7fe11a06d000-7fe11a08e000 r-xp 00000000 08:05 1068846                    /lib/x86_64-linux-gnu/ld-2.13.so
7fe11a08e000-7fe11a094000 r--s 00040000 08:05 296149                     /opt/play-1.2.3/framework/lib/memcached-2.6.jar
7fe11a094000-7fe11a096000 r--s 00001000 08:05 296143                     /opt/play-1.2.3/framework/lib/jsr107cache-1.0.jar
7fe11a096000-7fe11a09a000 r--s 00027000 08:05 296122                     /opt/play-1.2.3/framework/lib/gson-1.7.1.jar
7fe11a09a000-7fe11a09f000 r--s 00020000 08:05 296137                     /opt/play-1.2.3/framework/lib/jj-imaging.jar
7fe11a09f000-7fe11a0a2000 r--s 0007d000 08:05 924457                     /usr/lib/jvm/java-6-openjdk/jre/lib/jsse.jar
7fe11a0a2000-7fe11a0ad000 r--s 000b8000 08:05 296160                     /opt/play-1.2.3/framework/play-1.2.3.jar
7fe11a0ad000-7fe11a0ca000 rw-p 00000000 00:00 0 
7fe11a0ca000-7fe11a16d000 rw-p 00000000 00:00 0 
7fe11a16d000-7fe11a170000 ---p 00000000 00:00 0 
7fe11a170000-7fe11a273000 rw-p 00000000 00:00 0 
7fe11a273000-7fe11a274000 r--s 00002000 08:05 296157                     /opt/play-1.2.3/framework/lib/slf4j-log4j12-1.6.1.jar
7fe11a274000-7fe11a276000 r--s 0000d000 08:05 296109                     /opt/play-1.2.3/framework/lib/commons-codec-1.4.jar
7fe11a276000-7fe11a277000 rw-p 00000000 00:00 0 
7fe11a277000-7fe11a279000 r--s 0000f000 08:05 924518                     /usr/lib/jvm/java-6-openjdk/jre/lib/ext/pulse-java.jar
7fe11a279000-7fe11a281000 r--s 00066000 08:05 136034                     /usr/share/java/gnome-java-bridge.jar
7fe11a281000-7fe11a289000 rw-s 00000000 08:05 785212                     /tmp/hsperfdata_pascal/6638
7fe11a289000-7fe11a28a000 rw-p 00000000 00:00 0 
7fe11a28a000-7fe11a28b000 r--p 00000000 00:00 0 
7fe11a28b000-7fe11a28d000 rw-p 00000000 00:00 0 
7fe11a28d000-7fe11a28e000 r--p 00020000 08:05 1068846                    /lib/x86_64-linux-gnu/ld-2.13.so
7fe11a28e000-7fe11a290000 rw-p 00021000 08:05 1068846                    /lib/x86_64-linux-gnu/ld-2.13.so
7fff4373a000-7fff4375c000 rw-p 00000000 00:00 0                          [stack]
7fff43767000-7fff43768000 r-xp 00000000 00:00 0                          [vdso]
ffffffffff600000-ffffffffff601000 r-xp 00000000 00:00 0                  [vsyscall]

VM Arguments:
jvm_args: -javaagent:/opt/play-1.2.3/framework/play-1.2.3.jar -Dfile.encoding=utf-8 -Xdebug -Xrunjdwp:transport=dt_socket,address=8000,server=y,suspend=n -Dplay.debug=yes -Dapplication.path=/home/pascal/workspace/codeboard-core -Dplay.id= 
java_command: play.server.Server 
Launcher Type: SUN_STANDARD

Environment Variables:
PATH=/home/pascal/bin:/usr/lib/lightdm/lightdm:/usr/local/sbin:/usr/local/bin:/usr/sbin:/usr/bin:/sbin:/bin:/usr/games:/opt/play:/home/pascal/.gem/ruby/1.8/bin
USERNAME=pascal
LD_LIBRARY_PATH=/usr/lib/jvm/java-6-openjdk/jre/lib/amd64/server:/usr/lib/jvm/java-6-openjdk/jre/lib/amd64:/usr/lib/jvm/java-6-openjdk/jre/../lib/amd64
SHELL=/bin/bash
DISPLAY=:0

Signal Handlers:
SIGSEGV: [libjvm.so+0x783e60], sa_mask[0]=0x7ffbfeff, sa_flags=0x10000004
SIGBUS: [libjvm.so+0x783e60], sa_mask[0]=0x7ffbfeff, sa_flags=0x10000004
SIGFPE: [libjvm.so+0x6485c0], sa_mask[0]=0x7ffbfeff, sa_flags=0x10000004
SIGPIPE: [libjvm.so+0x6485c0], sa_mask[0]=0x7ffbfeff, sa_flags=0x10000004
SIGXFSZ: [libjvm.so+0x6485c0], sa_mask[0]=0x7ffbfeff, sa_flags=0x10000004
SIGILL: [libjvm.so+0x6485c0], sa_mask[0]=0x7ffbfeff, sa_flags=0x10000004
SIGUSR1: SIG_DFL, sa_mask[0]=0x00000000, sa_flags=0x00000000
SIGUSR2: [libjvm.so+0x648770], sa_mask[0]=0x00000000, sa_flags=0x10000004
SIGHUP: [libjvm.so+0x64b280], sa_mask[0]=0x7ffbfeff, sa_flags=0x10000004
SIGINT: [libjvm.so+0x64b280], sa_mask[0]=0x7ffbfeff, sa_flags=0x10000004
SIGTERM: [libjvm.so+0x64b280], sa_mask[0]=0x7ffbfeff, sa_flags=0x10000004
SIGQUIT: [libjvm.so+0x64b280], sa_mask[0]=0x7ffbfeff, sa_flags=0x10000004


---------------  S Y S T E M  ---------------

OS:Ubuntu 11.10 (oneiric)
uname:Linux 3.0.0-12-generic #20-Ubuntu SMP Fri Oct 7 14:56:25 UTC 2011 x86_64
libc:glibc 2.13 NPTL 2.13 
rlimit: STACK 8192k, CORE 0k, NPROC 128386, NOFILE 4096, AS infinity
load average:0,05 0,04 0,06

/proc/meminfo:
MemTotal:       16449340 kB
MemFree:         9780612 kB
Buffers:          262480 kB
Cached:          2310784 kB
SwapCached:            0 kB
Active:          4605204 kB
Inactive:        1550576 kB
Active(anon):    3597620 kB
Inactive(anon):    39652 kB
Active(file):    1007584 kB
Inactive(file):  1510924 kB
Unevictable:          32 kB
Mlocked:              32 kB
SwapTotal:      16755708 kB
SwapFree:       16755708 kB
Dirty:                32 kB
Writeback:             0 kB
AnonPages:       3582476 kB
Mapped:           237632 kB
Shmem:             54760 kB
Slab:             198812 kB
SReclaimable:     165300 kB
SUnreclaim:        33512 kB
KernelStack:        4680 kB
PageTables:        37352 kB
NFS_Unstable:          0 kB
Bounce:                0 kB
WritebackTmp:          0 kB
CommitLimit:    24980376 kB
Committed_AS:    6041392 kB
VmallocTotal:   34359738367 kB
VmallocUsed:      175544 kB
VmallocChunk:   34359558652 kB
HardwareCorrupted:     0 kB
AnonHugePages:         0 kB
HugePages_Total:       0
HugePages_Free:        0
HugePages_Rsvd:        0
HugePages_Surp:        0
Hugepagesize:       2048 kB
DirectMap4k:      172032 kB
DirectMap2M:    16588800 kB


CPU:total 8 (4 cores per cpu, 2 threads per core) family 6 model 42 stepping 7, cmov, cx8, fxsr, mmx, sse, sse2, sse3, ssse3, sse4.1, sse4.2, popcnt, ht

Memory: 4k page, physical 16449340k(9780612k free), swap 16755708k(16755708k free)

vm_info: OpenJDK 64-Bit Server VM (20.0-b11) for linux-amd64 JRE (1.6.0_23-b23), built on Oct 22 2011 01:00:57 by "buildd" with gcc 4.6.1

time: Wed Nov 23 01:20:08 2011
elapsed time: 2258 seconds

