#
# A fatal error has been detected by the Java Runtime Environment:
#
#  SIGSEGV (0xb) at pc=0x00007f05ad6d894e, pid=22726, tid=139662220535552
#
# JRE version: 6.0_23-b23
# Java VM: OpenJDK 64-Bit Server VM (20.0-b11 mixed mode linux-amd64 compressed oops)
# Derivative: IcedTea6 1.11pre
# Distribution: Ubuntu 11.10, package 6b23~pre11-0ubuntu1.11.10
# Problematic frame:
# V  [libjvm.so+0x5bc94e]  PhaseIdealLoop::build_loop_late_post(Node*)+0x14e
#
# If you would like to submit a bug report, please include
# instructions how to reproduce the bug and visit:
#   https://bugs.launchpad.net/ubuntu/+source/openjdk-6/
#

---------------  T H R E A D  ---------------

Current thread (0x00007f05a0055000):  JavaThread "C2 CompilerThread0" daemon [_thread_in_native, id=22746, stack(0x00007f05a4fb2000,0x00007f05a50b3000)]

siginfo:si_signo=SIGSEGV: si_errno=0, si_code=1 (SEGV_MAPERR), si_addr=0x0000000000000008

Registers:
RAX=0x0000000000000000, RBX=0x00007f05a50afb30, RCX=0x00007f059853fd50, RDX=0x0000000000002000
RSP=0x00007f05a50ae370, RBP=0x00007f05a50ae3b0, RSI=0x0000000002e3a390, RDI=0x0000000000000000
R8 =0x000000000327c330, R9 =0x00007f05a50afb30, R10=0x0000000002e3a390, R11=0x0000000000000000
R12=0x00007f05981fff40, R13=0x00007f0598372128, R14=0x00007f05a50afb50, R15=0x0000000003005438
RIP=0x00007f05ad6d894e, EFLAGS=0x0000000000010283, CSGSFS=0x0000000000000033, ERR=0x0000000000000004
  TRAPNO=0x000000000000000e

Top of Stack: (sp=0x00007f05a50ae370)
0x00007f05a50ae370:   00007f0598a27e80 00007f05a50ae650
0x00007f05a50ae380:   00007f05a50ae3b0 00007f05a50afb30
0x00007f05a50ae390:   0000000000000002 00007f05981fff40
0x00007f05a50ae3a0:   00007f059806c848 00007f05a50ae650
0x00007f05a50ae3b0:   00007f05a50ae420 00007f05ad6d8ebb
0x00007f05a50ae3c0:   00007f0598628df0 00007f0500000100
0x00007f05a50ae3d0:   00007f0500000001 00007f05a50b04d0
0x00007f05a50ae3e0:   00007f05a50ae670 00007f05a50ae610
0x00007f05a50ae3f0:   0000000000001692 00007f05a50afb30
0x00007f05a50ae400:   0000000000000002 0000000000000001
0x00007f05a50ae410:   0000000000000001 00007f0598628df0
0x00007f05a50ae420:   00007f05a50ae6c0 00007f05ad6d9a82
0x00007f05a50ae430:   000000000293dfb8 00007f0598628d80
0x00007f05a50ae440:   00007f05a50ae450 00007f05a50afb50
0x00007f05a50ae450:   00007f05a50ae4b0 00007f05ad50b8ce
0x00007f05a50ae460:   000000000252d5d0 0000000002924da0
0x00007f05a50ae470:   0000000000000000 000000000000000c
0x00007f05a50ae480:   000000000252d5d0 0000000002924da0
0x00007f05a50ae490:   00007f05adcad7e0 0000000000000004
0x00007f05a50ae4a0:   00007f05a50af0d8 00007f05a50af0f8
0x00007f05a50ae4b0:   00007f05a50ae4e0 00007f05ad74c814
0x00007f05a50ae4c0:   0000000003007c28 00007f05a50ae5b0
0x00007f05a50ae4d0:   00007f05a50ae4e0 00007f05ad428402
0x00007f05a50ae4e0:   00007f05a50ae540 00007f05ad58cea5
0x00007f05a50ae4f0:   00000000028b0b60 000000000256da90
0x00007f05a50ae500:   00000000029879d0 00000000ad7a108d
0x00007f05a50ae510:   00007f05a50af0f8 0000000000010040
0x00007f05a50ae520:   00007f05a50ae710 00007f05a50ae710
0x00007f05a50ae530:   000000000256db40 000000000256dad8
0x00007f05a50ae540:   00007f05a50ae630 00007f05ae2951c0
0x00007f05a50ae550:   00007f05a50ae5e0 0000000000010010
0x00007f05a50ae560:   00000000027578b0 0000000000010000 

Instructions: (pc=0x00007f05ad6d894e)
0x00007f05ad6d892e:   4c 39 e8 0f 84 ad 03 00 00 8b 70 28 49 89 c7 0f
0x00007f05ad6d893e:   1f 00 4c 8b 93 e0 09 00 00 49 8d 34 f2 48 8b 06
0x00007f05ad6d894e:   48 8b 50 08 48 83 3a 00 75 27 8b 4b 28 0f 1f 44
0x00007f05ad6d895e:   00 00 8b 50 28 31 c0 39 ca 73 0c 48 8b 43 30 48 

Register to memory mapping:

RAX=0x0000000000000000 is an unknown value
RBX=0x00007f05a50afb30 is pointing into the stack for thread: 0x00007f05a0055000
RCX=0x00007f059853fd50 is an unknown value
RDX=0x0000000000002000 is an unknown value
RSP=0x00007f05a50ae370 is pointing into the stack for thread: 0x00007f05a0055000
RBP=0x00007f05a50ae3b0 is pointing into the stack for thread: 0x00007f05a0055000
RSI=0x0000000002e3a390 is an unknown value
RDI=0x0000000000000000 is an unknown value
R8 =0x000000000327c330 is an unknown value
R9 =0x00007f05a50afb30 is pointing into the stack for thread: 0x00007f05a0055000
R10=0x0000000002e3a390 is an unknown value
R11=0x0000000000000000 is an unknown value
R12=0x00007f05981fff40 is an unknown value
R13=0x00007f0598372128 is an unknown value
R14=0x00007f05a50afb50 is pointing into the stack for thread: 0x00007f05a0055000
R15=0x0000000003005438 is an unknown value


Stack: [0x00007f05a4fb2000,0x00007f05a50b3000],  sp=0x00007f05a50ae370,  free space=1008k
Native frames: (J=compiled Java code, j=interpreted, Vv=VM code, C=native code)
V  [libjvm.so+0x5bc94e]  PhaseIdealLoop::build_loop_late_post(Node*)+0x14e
V  [libjvm.so+0x5bcebb]  PhaseIdealLoop::build_loop_late(VectorSet&, Node_List&, Node_Stack&)+0x10b
V  [libjvm.so+0x5bda82]  PhaseIdealLoop::build_and_optimize(bool, bool)+0x692
V  [libjvm.so+0x37bc8a]  Compile::Optimize()+0xd2a
V  [libjvm.so+0x37c9f3]  Compile::Compile(ciEnv*, C2Compiler*, ciMethod*, int, bool, bool)+0xad3
V  [libjvm.so+0x3062d0]  C2Compiler::compile_method(ciEnv*, ciMethod*, int)+0xe0
V  [libjvm.so+0x3810d3]  CompileBroker::invoke_compiler_on_method(CompileTask*)+0x2a3
V  [libjvm.so+0x381a1b]  CompileBroker::compiler_thread_loop()+0x45b
V  [libjvm.so+0x74bca8]  JavaThread::thread_main_inner()+0x58
V  [libjvm.so+0x64bc22]  java_start(Thread*)+0x112


Current CompileTask:
C2: 216145 548      jregex.Pretokenizer.next()V (1064 bytes)


---------------  P R O C E S S  ---------------

Java Threads: ( => current thread )
  0x00007f05a07f1000 JavaThread "net.sf.ehcache.CacheManager@30c2ea0b" daemon [_thread_blocked, id=29557, stack(0x00007f05a41cd000,0x00007f05a42ce000)]
  0x00007f059862b000 JavaThread "New I/O server worker #1-6" [_thread_in_native, id=23365, stack(0x00007f059f8f4000,0x00007f059f9f5000)]
  0x00007f05a0282000 JavaThread "com.mchange.v2.async.ThreadPoolAsynchronousRunner$PoolThread-#2" daemon [_thread_blocked, id=23362, stack(0x00007f059faf6000,0x00007f059fbf7000)]
  0x00007f05a06c1000 JavaThread "com.mchange.v2.async.ThreadPoolAsynchronousRunner$PoolThread-#1" daemon [_thread_blocked, id=23361, stack(0x00007f059fbf7000,0x00007f059fcf8000)]
  0x00007f05a0859800 JavaThread "com.mchange.v2.async.ThreadPoolAsynchronousRunner$PoolThread-#0" daemon [_thread_blocked, id=23360, stack(0x00007f059fcf8000,0x00007f059fdf9000)]
  0x00007f05a00b8000 JavaThread "Timer-0" daemon [_thread_blocked, id=23359, stack(0x00007f05a40cc000,0x00007f05a41cd000)]
  0x00000000026f4800 JavaThread "play-thread-1" [_thread_in_Java, id=22752, stack(0x00007f05a42ce000,0x00007f05a43cf000)]
  0x00007f05a02e1800 JavaThread "DestroyJavaVM" [_thread_blocked, id=22731, stack(0x00007f05ae9c0000,0x00007f05aeac1000)]
  0x00007f05a01b7000 JavaThread "New I/O server boss #1 ([id: 0x7bcd280b, /0:0:0:0:0:0:0:0:9090])" [_thread_in_native, id=22750, stack(0x00007f05a44d0000,0x00007f05a45d1000)]
  0x00007f05a005a800 JavaThread "Low Memory Detector" daemon [_thread_blocked, id=22748, stack(0x00007f05a4db0000,0x00007f05a4eb1000)]
  0x00007f05a0058000 JavaThread "C2 CompilerThread1" daemon [_thread_blocked, id=22747, stack(0x00007f05a4eb1000,0x00007f05a4fb2000)]
=>0x00007f05a0055000 JavaThread "C2 CompilerThread0" daemon [_thread_in_native, id=22746, stack(0x00007f05a4fb2000,0x00007f05a50b3000)]
  0x00007f05a0052800 JavaThread "JDWP Event Helper Thread" daemon [_thread_blocked, id=22745, stack(0x00007f05a50b3000,0x00007f05a51b4000)]
  0x00007f05a004f000 JavaThread "JDWP Transport Listener: dt_socket" daemon [_thread_in_native, id=22744, stack(0x00007f05a51b4000,0x00007f05a52b5000)]
  0x00007f05a001f000 JavaThread "Signal Dispatcher" daemon [_thread_blocked, id=22743, stack(0x00007f05a54ba000,0x00007f05a55bb000)]
  0x00007f05a0001000 JavaThread "Finalizer" daemon [_thread_blocked, id=22742, stack(0x00007f05a55bb000,0x00007f05a56bc000)]
  0x0000000002582000 JavaThread "Reference Handler" daemon [_thread_blocked, id=22741, stack(0x00007f05a56bc000,0x00007f05a57bd000)]

Other Threads:
  0x000000000257b000 VMThread [stack: 0x00007f05a57bd000,0x00007f05a58be000] [id=22740]
  0x00007f05a0065800 WatcherThread [stack: 0x00007f05a4caf000,0x00007f05a4db0000] [id=22749]

VM state:not at safepoint (normal execution)

VM Mutex/Monitor currently owned by a thread: None

Heap
 PSYoungGen      total 73344K, used 60581K [0x00000007ac560000, 0x00000007b1b70000, 0x0000000800000000)
  eden space 62656K, 80% used [0x00000007ac560000,0x00000007af682f00,0x00000007b0290000)
  from space 10688K, 96% used [0x00000007b0420000,0x00000007b0e26798,0x00000007b0e90000)
  to   space 12736K, 0% used [0x00000007b0f00000,0x00000007b0f00000,0x00000007b1b70000)
 PSOldGen        total 171392K, used 0K [0x0000000705000000, 0x000000070f760000, 0x00000007ac560000)
  object space 171392K, 0% used [0x0000000705000000,0x0000000705000000,0x000000070f760000)
 PSPermGen       total 44672K, used 44531K [0x00000006faa00000, 0x00000006fd5a0000, 0x0000000705000000)
  object space 44672K, 99% used [0x00000006faa00000,0x00000006fd57cf80,0x00000006fd5a0000)

Code Cache  [0x00007f05a7975000, 0x00007f05a7d15000, 0x00007f05aa975000)
 total_blobs=1190 nmethods=527 adapters=625 free_code_cache=46684992 largest_free_block=36736

Dynamic libraries:
00400000-00409000 r-xp 00000000 08:05 920882                             /usr/lib/jvm/java-6-openjdk/jre/bin/java
00608000-00609000 r--p 00008000 08:05 920882                             /usr/lib/jvm/java-6-openjdk/jre/bin/java
00609000-0060a000 rw-p 00009000 08:05 920882                             /usr/lib/jvm/java-6-openjdk/jre/bin/java
024fc000-03c49000 rw-p 00000000 00:00 0                                  [heap]
6faa00000-6fd5a0000 rw-p 00000000 00:00 0 
6fd5a0000-705000000 rw-p 00000000 00:00 0 
705000000-70f760000 rw-p 00000000 00:00 0 
70f760000-7ac560000 rw-p 00000000 00:00 0 
7ac560000-7b1b70000 rw-p 00000000 00:00 0 
7b1b70000-800000000 rw-p 00000000 00:00 0 
7f0598000000-7f059a3b8000 rw-p 00000000 00:00 0 
7f059a3b8000-7f059c000000 ---p 00000000 00:00 0 
7f059f7f3000-7f059f7f6000 ---p 00000000 00:00 0 
7f059f7f6000-7f059f8f4000 rw-p 00000000 00:00 0 
7f059f8f4000-7f059f8f7000 ---p 00000000 00:00 0 
7f059f8f7000-7f059f9f5000 rw-p 00000000 00:00 0 
7f059f9f5000-7f059f9f8000 ---p 00000000 00:00 0 
7f059f9f8000-7f059faf6000 rw-p 00000000 00:00 0 
7f059faf6000-7f059faf9000 ---p 00000000 00:00 0 
7f059faf9000-7f059fbf7000 rw-p 00000000 00:00 0 
7f059fbf7000-7f059fbfa000 ---p 00000000 00:00 0 
7f059fbfa000-7f059fcf8000 rw-p 00000000 00:00 0 
7f059fcf8000-7f059fcfb000 ---p 00000000 00:00 0 
7f059fcfb000-7f059fdf9000 rw-p 00000000 00:00 0 
7f059fdf9000-7f059fdff000 r-xp 00000000 08:05 924543                     /usr/lib/jvm/java-6-openjdk/jre/lib/amd64/libmanagement.so
7f059fdff000-7f059fffe000 ---p 00006000 08:05 924543                     /usr/lib/jvm/java-6-openjdk/jre/lib/amd64/libmanagement.so
7f059fffe000-7f059ffff000 r--p 00005000 08:05 924543                     /usr/lib/jvm/java-6-openjdk/jre/lib/amd64/libmanagement.so
7f059ffff000-7f05a0000000 rw-p 00006000 08:05 924543                     /usr/lib/jvm/java-6-openjdk/jre/lib/amd64/libmanagement.so
7f05a0000000-7f05a10f1000 rw-p 00000000 00:00 0 
7f05a10f1000-7f05a4000000 ---p 00000000 00:00 0 
7f05a40cc000-7f05a40cf000 ---p 00000000 00:00 0 
7f05a40cf000-7f05a41cd000 rw-p 00000000 00:00 0 
7f05a41cd000-7f05a41d0000 ---p 00000000 00:00 0 
7f05a41d0000-7f05a42ce000 rw-p 00000000 00:00 0 
7f05a42ce000-7f05a42d1000 ---p 00000000 00:00 0 
7f05a42d1000-7f05a43cf000 rw-p 00000000 00:00 0 
7f05a43cf000-7f05a43d2000 ---p 00000000 00:00 0 
7f05a43d2000-7f05a44d0000 rw-p 00000000 00:00 0 
7f05a44d0000-7f05a44d3000 ---p 00000000 00:00 0 
7f05a44d3000-7f05a45d1000 rw-p 00000000 00:00 0 
7f05a45d1000-7f05a45d9000 r-xp 00000000 08:05 920896                     /usr/lib/jvm/java-6-openjdk/jre/lib/amd64/libnio.so
7f05a45d9000-7f05a47d8000 ---p 00008000 08:05 920896                     /usr/lib/jvm/java-6-openjdk/jre/lib/amd64/libnio.so
7f05a47d8000-7f05a47d9000 r--p 00007000 08:05 920896                     /usr/lib/jvm/java-6-openjdk/jre/lib/amd64/libnio.so
7f05a47d9000-7f05a47da000 rw-p 00008000 08:05 920896                     /usr/lib/jvm/java-6-openjdk/jre/lib/amd64/libnio.so
7f05a47da000-7f05a47ef000 r-xp 00000000 08:05 920905                     /usr/lib/jvm/java-6-openjdk/jre/lib/amd64/libnet.so
7f05a47ef000-7f05a49ee000 ---p 00015000 08:05 920905                     /usr/lib/jvm/java-6-openjdk/jre/lib/amd64/libnet.so
7f05a49ee000-7f05a49ef000 r--p 00014000 08:05 920905                     /usr/lib/jvm/java-6-openjdk/jre/lib/amd64/libnet.so
7f05a49ef000-7f05a49f0000 rw-p 00015000 08:05 920905                     /usr/lib/jvm/java-6-openjdk/jre/lib/amd64/libnet.so
7f05a4ad4000-7f05a4ad7000 r--s 00031000 08:05 924515                     /usr/lib/jvm/java-6-openjdk/jre/lib/ext/sunjce_provider.jar
7f05a4ad7000-7f05a4ad9000 r--s 00013000 08:05 924465                     /usr/lib/jvm/java-6-openjdk/jre/lib/jce.jar
7f05a4ad9000-7f05a4ae8000 r--s 00074000 08:05 296141                     /opt/play-1.2.3/framework/lib/joda-time-1.6.jar
7f05a4ae8000-7f05a4aee000 r--s 00038000 08:05 296158                     /opt/play-1.2.3/framework/lib/snakeyaml-1.7.jar
7f05a4aee000-7f05a4af5000 r--s 0006a000 08:05 296148                     /opt/play-1.2.3/framework/lib/mail-1.4.3.jar
7f05a4af5000-7f05a4af7000 r--s 0000c000 08:05 296101                     /opt/play-1.2.3/framework/lib/activation-1.1.1.jar
7f05a4af7000-7f05a4b02000 r--s 00124000 08:05 296123                     /opt/play-1.2.3/framework/lib/h2-1.3.149.jar
7f05a4b02000-7f05a4b05000 r--s 00024000 08:05 296113                     /opt/play-1.2.3/framework/lib/commons-io-2.0.1.jar
7f05a4b05000-7f05a4b07000 r--s 0000b000 08:05 296139                     /opt/play-1.2.3/framework/lib/jj-textile.jar
7f05a4b07000-7f05a4b0c000 r--s 00048000 08:05 296117                     /opt/play-1.2.3/framework/lib/dom4j-1.6.1.jar
7f05a4b0c000-7f05a4b0f000 r--s 00011000 08:05 296119                     /opt/play-1.2.3/framework/lib/ezmorph-1.0.3.jar
7f05a4b0f000-7f05a4b12000 r--s 0000f000 08:05 296120                     /opt/play-1.2.3/framework/lib/geronimo-servlet_2.5_spec-1.2.jar
7f05a4b12000-7f05a4b14000 r--s 00002000 08:05 296144                     /opt/play-1.2.3/framework/lib/jta-1.1.jar
7f05a4b14000-7f05a4b1c000 r--s 0008a000 08:05 296134                     /opt/play-1.2.3/framework/lib/javassist-3.9.0.GA.jar
7f05a4b1c000-7f05a4b1d000 r--s 00007000 08:05 296111                     /opt/play-1.2.3/framework/lib/commons-email-1.2.jar
7f05a4b1d000-7f05a4b22000 r--s 00014000 08:05 296131                     /opt/play-1.2.3/framework/lib/hibernate-jpa-2.0-api-1.0.0.Final.jar
7f05a4b22000-7f05a4b24000 r--s 00015000 08:05 296142                     /opt/play-1.2.3/framework/lib/jregex-1.2_01.jar
7f05a4b24000-7f05a4b2d000 r--s 0005d000 08:05 296129                     /opt/play-1.2.3/framework/lib/hibernate-entitymanager-3.6.0.Final.jar
7f05a4b2d000-7f05a4b30000 r--s 00022000 08:05 296133                     /opt/play-1.2.3/framework/lib/jamon-2.7.jar
7f05a4b30000-7f05a4b37000 r--s 00059000 08:05 296147                     /opt/play-1.2.3/framework/lib/log4j-1.2.15.jar
7f05a4b37000-7f05a4b5c000 r--s 00172000 08:05 296105                     /opt/play-1.2.3/framework/lib/bcprov-jdk15-1.45.jar
7f05a4b5c000-7f05a4b6b000 r--s 000b2000 08:05 296151                     /opt/play-1.2.3/framework/lib/netty-3.2.4.Final.jar
7f05a4b6b000-7f05a4b71000 r--s 00032000 08:05 296136                     /opt/play-1.2.3/framework/lib/jaxen-1.1.jar
7f05a4b71000-7f05a4b78000 r--s 00038000 08:05 296140                     /opt/play-1.2.3/framework/lib/jj-wikitext.jar
7f05a4b78000-7f05a4b87000 r--s 000d9000 08:05 296132                     /opt/play-1.2.3/framework/lib/ivy-2.2.0.jar
7f05a4b87000-7f05a4bdb000 r--s 00516000 08:05 296121                     /opt/play-1.2.3/framework/lib/groovy-all-1.7.7.jar
7f05a4bdb000-7f05a4be1000 r--s 00034000 08:05 296145                     /opt/play-1.2.3/framework/lib/junit-4.8.1.jar
7f05a4be1000-7f05a4beb000 r--s 0006f000 08:05 296118                     /opt/play-1.2.3/framework/lib/ehcache-core-2.0.0.jar
7f05a4beb000-7f05a4bed000 r--s 00008000 08:05 296155                     /opt/play-1.2.3/framework/lib/signpost-core-1.2.jar
7f05a4bed000-7f05a4bef000 r--s 0000e000 08:05 296114                     /opt/play-1.2.3/framework/lib/commons-javaflow-1066591.jar
7f05a4bef000-7f05a4bf5000 r--s 0007e000 08:05 296154                     /opt/play-1.2.3/framework/lib/postgresql-9.0.jar
7f05a4bf5000-7f05a4bf7000 r--s 0000d000 08:05 296116                     /opt/play-1.2.3/framework/lib/commons-logging-1.1.1.jar
7f05a4bf7000-7f05a4bf8000 r--s 00000000 08:05 296135                     /opt/play-1.2.3/framework/lib/javax.inject-1.0.jar
7f05a4bf8000-7f05a4bfe000 r--s 00067000 08:05 296102                     /opt/play-1.2.3/framework/lib/antlr-2.7.6.jar
7f05a4bfe000-7f05a4c04000 r--s 00049000 08:05 296104                     /opt/play-1.2.3/framework/lib/async-http-client-1.6.3.jar
7f05a4c04000-7f05a4c0b000 r--s 000b7000 08:05 296150                     /opt/play-1.2.3/framework/lib/mysql-connector-java-5.1.13.jar
7f05a4c0b000-7f05a4c0e000 r--s 0000f000 08:05 296125                     /opt/play-1.2.3/framework/lib/hibernate-commons-annotations-3.2.0.Final.jar
7f05a4c0e000-7f05a4c10000 r--s 0000d000 08:05 296112                     /opt/play-1.2.3/framework/lib/commons-fileupload-1.2.2.jar
7f05a4c10000-7f05a4c16000 r--s 00049000 08:05 296107                     /opt/play-1.2.3/framework/lib/cglib-nodep-2.2.jar
7f05a4c16000-7f05a4c24000 r--s 0007f000 08:05 296110                     /opt/play-1.2.3/framework/lib/commons-collections-3.2.1.jar
7f05a4c24000-7f05a4c2f000 r--s 0005a000 08:05 296159                     /opt/play-1.2.3/framework/lib/xstream-1.3.jar
7f05a4c2f000-7f05a4c36000 r--s 00049000 08:05 296153                     /opt/play-1.2.3/framework/lib/oval-1.50.jar
7f05a4c36000-7f05a4c38000 r--s 00005000 08:05 296156                     /opt/play-1.2.3/framework/lib/slf4j-api-1.6.1.jar
7f05a4c38000-7f05a4c3d000 r--s 00041000 08:05 296115                     /opt/play-1.2.3/framework/lib/commons-lang-2.6.jar
7f05a4c3d000-7f05a4c48000 r--s 0008b000 08:05 296106                     /opt/play-1.2.3/framework/lib/c3p0-0.9.1.2.jar
7f05a4c48000-7f05a4c71000 r--s 00403000 08:05 296152                     /opt/play-1.2.3/framework/lib/org.eclipse.jdt.core-3.6.0.jar
7f05a4c71000-7f05a4ca3000 r--s 002c7000 08:05 296127                     /opt/play-1.2.3/framework/lib/hibernate-core-3.6.1.Final.jar
7f05a4ca3000-7f05a4ca8000 r--s 00034000 08:05 296108                     /opt/play-1.2.3/framework/lib/commons-beanutils-1.8.3.jar
7f05a4ca8000-7f05a4cad000 r--s 0002e000 08:05 296103                     /opt/play-1.2.3/framework/lib/asm-all-3.3.1.jar
7f05a4cad000-7f05a4caf000 r--s 00015000 08:05 296138                     /opt/play-1.2.3/framework/lib/jj-simplecaptcha.jar
7f05a4caf000-7f05a4cb0000 ---p 00000000 00:00 0 
7f05a4cb0000-7f05a4db0000 rw-p 00000000 00:00 0 
7f05a4db0000-7f05a4db3000 ---p 00000000 00:00 0 
7f05a4db3000-7f05a4eb1000 rw-p 00000000 00:00 0 
7f05a4eb1000-7f05a4eb4000 ---p 00000000 00:00 0 
7f05a4eb4000-7f05a4fb2000 rw-p 00000000 00:00 0 
7f05a4fb2000-7f05a4fb5000 ---p 00000000 00:00 0 
7f05a4fb5000-7f05a50b3000 rw-p 00000000 00:00 0 
7f05a50b3000-7f05a50b6000 ---p 00000000 00:00 0 
7f05a50b6000-7f05a51b4000 rw-p 00000000 00:00 0 
7f05a51b4000-7f05a51b7000 ---p 00000000 00:00 0 
7f05a51b7000-7f05a52b5000 rw-p 00000000 00:00 0 
7f05a52b5000-7f05a52b9000 r-xp 00000000 08:05 920894                     /usr/lib/jvm/java-6-openjdk/jre/lib/amd64/libdt_socket.so
7f05a52b9000-7f05a54b8000 ---p 00004000 08:05 920894                     /usr/lib/jvm/java-6-openjdk/jre/lib/amd64/libdt_socket.so
7f05a54b8000-7f05a54b9000 r--p 00003000 08:05 920894                     /usr/lib/jvm/java-6-openjdk/jre/lib/amd64/libdt_socket.so
7f05a54b9000-7f05a54ba000 rw-p 00004000 08:05 920894                     /usr/lib/jvm/java-6-openjdk/jre/lib/amd64/libdt_socket.so
7f05a54ba000-7f05a54bd000 ---p 00000000 00:00 0 
7f05a54bd000-7f05a55bb000 rw-p 00000000 00:00 0 
7f05a55bb000-7f05a55be000 ---p 00000000 00:00 0 
7f05a55be000-7f05a56bc000 rw-p 00000000 00:00 0 
7f05a56bc000-7f05a56bf000 ---p 00000000 00:00 0 
7f05a56bf000-7f05a57bd000 rw-p 00000000 00:00 0 
7f05a57bd000-7f05a57be000 ---p 00000000 00:00 0 
7f05a57be000-7f05a61fa000 rw-p 00000000 00:00 0 
7f05a61fa000-7f05a638b000 r--s 037b8000 08:05 924546                     /usr/lib/jvm/java-6-openjdk/jre/lib/rt.jar
7f05a638b000-7f05a63b3000 rw-p 00000000 00:00 0 
7f05a63b3000-7f05a63b4000 ---p 00000000 00:00 0 
7f05a63b4000-7f05a64b4000 rw-p 00000000 00:00 0 
7f05a64b4000-7f05a64b5000 ---p 00000000 00:00 0 
7f05a64b5000-7f05a65b5000 rw-p 00000000 00:00 0 
7f05a65b5000-7f05a65b6000 ---p 00000000 00:00 0 
7f05a65b6000-7f05a66b6000 rw-p 00000000 00:00 0 
7f05a66b6000-7f05a66b7000 ---p 00000000 00:00 0 
7f05a66b7000-7f05a67b7000 rw-p 00000000 00:00 0 
7f05a67b7000-7f05a67b8000 ---p 00000000 00:00 0 
7f05a67b8000-7f05a68b8000 rw-p 00000000 00:00 0 
7f05a68b8000-7f05a68b9000 ---p 00000000 00:00 0 
7f05a68b9000-7f05a69b9000 rw-p 00000000 00:00 0 
7f05a69b9000-7f05a69ba000 ---p 00000000 00:00 0 
7f05a69ba000-7f05a6aba000 rw-p 00000000 00:00 0 
7f05a6aba000-7f05a6abb000 ---p 00000000 00:00 0 
7f05a6abb000-7f05a6bd1000 rw-p 00000000 00:00 0 
7f05a6bd1000-7f05a6c0e000 rw-p 00000000 00:00 0 
7f05a6c0e000-7f05a6c62000 rw-p 00000000 00:00 0 
7f05a6c62000-7f05a7149000 rw-p 00000000 00:00 0 
7f05a7149000-7f05a715f000 rw-p 00000000 00:00 0 
7f05a715f000-7f05a719c000 rw-p 00000000 00:00 0 
7f05a719c000-7f05a71f0000 rw-p 00000000 00:00 0 
7f05a71f0000-7f05a76d6000 rw-p 00000000 00:00 0 
7f05a76d6000-7f05a7702000 rw-p 00000000 00:00 0 
7f05a7702000-7f05a7974000 rw-p 00000000 00:00 0 
7f05a7974000-7f05a7975000 rw-p 00000000 00:00 0 
7f05a7975000-7f05a7d15000 rwxp 00000000 00:00 0 
7f05a7d15000-7f05aa975000 rw-p 00000000 00:00 0 
7f05aa975000-7f05aa97c000 r-xp 00000000 08:05 924533                     /usr/lib/jvm/java-6-openjdk/jre/lib/amd64/libzip.so
7f05aa97c000-7f05aab7b000 ---p 00007000 08:05 924533                     /usr/lib/jvm/java-6-openjdk/jre/lib/amd64/libzip.so
7f05aab7b000-7f05aab7c000 r--p 00006000 08:05 924533                     /usr/lib/jvm/java-6-openjdk/jre/lib/amd64/libzip.so
7f05aab7c000-7f05aab7d000 rw-p 00007000 08:05 924533                     /usr/lib/jvm/java-6-openjdk/jre/lib/amd64/libzip.so
7f05aab7d000-7f05aab89000 r-xp 00000000 08:05 1068842                    /lib/x86_64-linux-gnu/libnss_files-2.13.so
7f05aab89000-7f05aad88000 ---p 0000c000 08:05 1068842                    /lib/x86_64-linux-gnu/libnss_files-2.13.so
7f05aad88000-7f05aad89000 r--p 0000b000 08:05 1068842                    /lib/x86_64-linux-gnu/libnss_files-2.13.so
7f05aad89000-7f05aad8a000 rw-p 0000c000 08:05 1068842                    /lib/x86_64-linux-gnu/libnss_files-2.13.so
7f05aad8a000-7f05aad94000 r-xp 00000000 08:05 1068848                    /lib/x86_64-linux-gnu/libnss_nis-2.13.so
7f05aad94000-7f05aaf94000 ---p 0000a000 08:05 1068848                    /lib/x86_64-linux-gnu/libnss_nis-2.13.so
7f05aaf94000-7f05aaf95000 r--p 0000a000 08:05 1068848                    /lib/x86_64-linux-gnu/libnss_nis-2.13.so
7f05aaf95000-7f05aaf96000 rw-p 0000b000 08:05 1068848                    /lib/x86_64-linux-gnu/libnss_nis-2.13.so
7f05aaf96000-7f05aafad000 r-xp 00000000 08:05 1068837                    /lib/x86_64-linux-gnu/libnsl-2.13.so
7f05aafad000-7f05ab1ac000 ---p 00017000 08:05 1068837                    /lib/x86_64-linux-gnu/libnsl-2.13.so
7f05ab1ac000-7f05ab1ad000 r--p 00016000 08:05 1068837                    /lib/x86_64-linux-gnu/libnsl-2.13.so
7f05ab1ad000-7f05ab1ae000 rw-p 00017000 08:05 1068837                    /lib/x86_64-linux-gnu/libnsl-2.13.so
7f05ab1ae000-7f05ab1b0000 rw-p 00000000 00:00 0 
7f05ab1b0000-7f05ab1b8000 r-xp 00000000 08:05 1068834                    /lib/x86_64-linux-gnu/libnss_compat-2.13.so
7f05ab1b8000-7f05ab3b7000 ---p 00008000 08:05 1068834                    /lib/x86_64-linux-gnu/libnss_compat-2.13.so
7f05ab3b7000-7f05ab3b8000 r--p 00007000 08:05 1068834                    /lib/x86_64-linux-gnu/libnss_compat-2.13.so
7f05ab3b8000-7f05ab3b9000 rw-p 00008000 08:05 1068834                    /lib/x86_64-linux-gnu/libnss_compat-2.13.so
7f05ab3b9000-7f05abcea000 r--p 00000000 08:05 922981                     /usr/lib/locale/locale-archive
7f05abcea000-7f05abced000 r-xp 00000000 08:05 920914                     /usr/lib/jvm/java-6-openjdk/jre/lib/amd64/libnpt.so
7f05abced000-7f05abeec000 ---p 00003000 08:05 920914                     /usr/lib/jvm/java-6-openjdk/jre/lib/amd64/libnpt.so
7f05abeec000-7f05abeed000 r--p 00002000 08:05 920914                     /usr/lib/jvm/java-6-openjdk/jre/lib/amd64/libnpt.so
7f05abeed000-7f05abeee000 rw-p 00003000 08:05 920914                     /usr/lib/jvm/java-6-openjdk/jre/lib/amd64/libnpt.so
7f05abeee000-7f05abef7000 r-xp 00000000 08:05 924528                     /usr/lib/jvm/java-6-openjdk/jre/lib/amd64/libinstrument.so
7f05abef7000-7f05ac0f7000 ---p 00009000 08:05 924528                     /usr/lib/jvm/java-6-openjdk/jre/lib/amd64/libinstrument.so
7f05ac0f7000-7f05ac0f8000 r--p 00009000 08:05 924528                     /usr/lib/jvm/java-6-openjdk/jre/lib/amd64/libinstrument.so
7f05ac0f8000-7f05ac0f9000 rw-p 0000a000 08:05 924528                     /usr/lib/jvm/java-6-openjdk/jre/lib/amd64/libinstrument.so
7f05ac0f9000-7f05ac133000 r-xp 00000000 08:05 920913                     /usr/lib/jvm/java-6-openjdk/jre/lib/amd64/libjdwp.so
7f05ac133000-7f05ac332000 ---p 0003a000 08:05 920913                     /usr/lib/jvm/java-6-openjdk/jre/lib/amd64/libjdwp.so
7f05ac332000-7f05ac333000 r--p 00039000 08:05 920913                     /usr/lib/jvm/java-6-openjdk/jre/lib/amd64/libjdwp.so
7f05ac333000-7f05ac334000 rw-p 0003a000 08:05 920913                     /usr/lib/jvm/java-6-openjdk/jre/lib/amd64/libjdwp.so
7f05ac334000-7f05ac360000 r-xp 00000000 08:05 924532                     /usr/lib/jvm/java-6-openjdk/jre/lib/amd64/libjava.so
7f05ac360000-7f05ac55f000 ---p 0002c000 08:05 924532                     /usr/lib/jvm/java-6-openjdk/jre/lib/amd64/libjava.so
7f05ac55f000-7f05ac560000 r--p 0002b000 08:05 924532                     /usr/lib/jvm/java-6-openjdk/jre/lib/amd64/libjava.so
7f05ac560000-7f05ac563000 rw-p 0002c000 08:05 924532                     /usr/lib/jvm/java-6-openjdk/jre/lib/amd64/libjava.so
7f05ac563000-7f05ac571000 r-xp 00000000 08:05 920904                     /usr/lib/jvm/java-6-openjdk/jre/lib/amd64/libverify.so
7f05ac571000-7f05ac770000 ---p 0000e000 08:05 920904                     /usr/lib/jvm/java-6-openjdk/jre/lib/amd64/libverify.so
7f05ac770000-7f05ac772000 r--p 0000d000 08:05 920904                     /usr/lib/jvm/java-6-openjdk/jre/lib/amd64/libverify.so
7f05ac772000-7f05ac773000 rw-p 0000f000 08:05 920904                     /usr/lib/jvm/java-6-openjdk/jre/lib/amd64/libverify.so
7f05ac773000-7f05ac77a000 r-xp 00000000 08:05 1044505                    /lib/x86_64-linux-gnu/librt-2.13.so
7f05ac77a000-7f05ac979000 ---p 00007000 08:05 1044505                    /lib/x86_64-linux-gnu/librt-2.13.so
7f05ac979000-7f05ac97a000 r--p 00006000 08:05 1044505                    /lib/x86_64-linux-gnu/librt-2.13.so
7f05ac97a000-7f05ac97b000 rw-p 00007000 08:05 1044505                    /lib/x86_64-linux-gnu/librt-2.13.so
7f05ac97b000-7f05ac990000 r-xp 00000000 08:05 1068525                    /lib/x86_64-linux-gnu/libgcc_s.so.1
7f05ac990000-7f05acb8f000 ---p 00015000 08:05 1068525                    /lib/x86_64-linux-gnu/libgcc_s.so.1
7f05acb8f000-7f05acb90000 r--p 00014000 08:05 1068525                    /lib/x86_64-linux-gnu/libgcc_s.so.1
7f05acb90000-7f05acb91000 rw-p 00015000 08:05 1068525                    /lib/x86_64-linux-gnu/libgcc_s.so.1
7f05acb91000-7f05acc14000 r-xp 00000000 08:05 1068849                    /lib/x86_64-linux-gnu/libm-2.13.so
7f05acc14000-7f05ace13000 ---p 00083000 08:05 1068849                    /lib/x86_64-linux-gnu/libm-2.13.so
7f05ace13000-7f05ace14000 r--p 00082000 08:05 1068849                    /lib/x86_64-linux-gnu/libm-2.13.so
7f05ace14000-7f05ace15000 rw-p 00083000 08:05 1068849                    /lib/x86_64-linux-gnu/libm-2.13.so
7f05ace15000-7f05acefd000 r-xp 00000000 08:05 914676                     /usr/lib/x86_64-linux-gnu/libstdc++.so.6.0.16
7f05acefd000-7f05ad0fd000 ---p 000e8000 08:05 914676                     /usr/lib/x86_64-linux-gnu/libstdc++.so.6.0.16
7f05ad0fd000-7f05ad105000 r--p 000e8000 08:05 914676                     /usr/lib/x86_64-linux-gnu/libstdc++.so.6.0.16
7f05ad105000-7f05ad107000 rw-p 000f0000 08:05 914676                     /usr/lib/x86_64-linux-gnu/libstdc++.so.6.0.16
7f05ad107000-7f05ad11c000 rw-p 00000000 00:00 0 
7f05ad11c000-7f05ada1f000 r-xp 00000000 08:05 924535                     /usr/lib/jvm/java-6-openjdk/jre/lib/amd64/server/libjvm.so
7f05ada1f000-7f05adc1e000 ---p 00903000 08:05 924535                     /usr/lib/jvm/java-6-openjdk/jre/lib/amd64/server/libjvm.so
7f05adc1e000-7f05adc9f000 r--p 00902000 08:05 924535                     /usr/lib/jvm/java-6-openjdk/jre/lib/amd64/server/libjvm.so
7f05adc9f000-7f05adcba000 rw-p 00983000 08:05 924535                     /usr/lib/jvm/java-6-openjdk/jre/lib/amd64/server/libjvm.so
7f05adcba000-7f05adce3000 rw-p 00000000 00:00 0 
7f05adce3000-7f05adcfa000 r-xp 00000000 08:05 1048733                    /lib/x86_64-linux-gnu/libz.so.1.2.3.4
7f05adcfa000-7f05adef9000 ---p 00017000 08:05 1048733                    /lib/x86_64-linux-gnu/libz.so.1.2.3.4
7f05adef9000-7f05adefa000 r--p 00016000 08:05 1048733                    /lib/x86_64-linux-gnu/libz.so.1.2.3.4
7f05adefa000-7f05adefb000 rw-p 00017000 08:05 1048733                    /lib/x86_64-linux-gnu/libz.so.1.2.3.4
7f05adefb000-7f05ae090000 r-xp 00000000 08:05 1068839                    /lib/x86_64-linux-gnu/libc-2.13.so
7f05ae090000-7f05ae28f000 ---p 00195000 08:05 1068839                    /lib/x86_64-linux-gnu/libc-2.13.so
7f05ae28f000-7f05ae293000 r--p 00194000 08:05 1068839                    /lib/x86_64-linux-gnu/libc-2.13.so
7f05ae293000-7f05ae294000 rw-p 00198000 08:05 1068839                    /lib/x86_64-linux-gnu/libc-2.13.so
7f05ae294000-7f05ae29a000 rw-p 00000000 00:00 0 
7f05ae29a000-7f05ae29c000 r-xp 00000000 08:05 1068840                    /lib/x86_64-linux-gnu/libdl-2.13.so
7f05ae29c000-7f05ae49c000 ---p 00002000 08:05 1068840                    /lib/x86_64-linux-gnu/libdl-2.13.so
7f05ae49c000-7f05ae49d000 r--p 00002000 08:05 1068840                    /lib/x86_64-linux-gnu/libdl-2.13.so
7f05ae49d000-7f05ae49e000 rw-p 00003000 08:05 1068840                    /lib/x86_64-linux-gnu/libdl-2.13.so
7f05ae49e000-7f05ae4a2000 r-xp 00000000 08:05 920901                     /usr/lib/jvm/java-6-openjdk/jre/lib/amd64/jli/libjli.so
7f05ae4a2000-7f05ae6a1000 ---p 00004000 08:05 920901                     /usr/lib/jvm/java-6-openjdk/jre/lib/amd64/jli/libjli.so
7f05ae6a1000-7f05ae6a2000 r--p 00003000 08:05 920901                     /usr/lib/jvm/java-6-openjdk/jre/lib/amd64/jli/libjli.so
7f05ae6a2000-7f05ae6a3000 rw-p 00004000 08:05 920901                     /usr/lib/jvm/java-6-openjdk/jre/lib/amd64/jli/libjli.so
7f05ae6a3000-7f05ae6bb000 r-xp 00000000 08:05 1068847                    /lib/x86_64-linux-gnu/libpthread-2.13.so
7f05ae6bb000-7f05ae8ba000 ---p 00018000 08:05 1068847                    /lib/x86_64-linux-gnu/libpthread-2.13.so
7f05ae8ba000-7f05ae8bb000 r--p 00017000 08:05 1068847                    /lib/x86_64-linux-gnu/libpthread-2.13.so
7f05ae8bb000-7f05ae8bc000 rw-p 00018000 08:05 1068847                    /lib/x86_64-linux-gnu/libpthread-2.13.so
7f05ae8bc000-7f05ae8c0000 rw-p 00000000 00:00 0 
7f05ae8c0000-7f05ae8e1000 r-xp 00000000 08:05 1068846                    /lib/x86_64-linux-gnu/ld-2.13.so
7f05ae8e1000-7f05ae8e7000 r--s 00040000 08:05 296149                     /opt/play-1.2.3/framework/lib/memcached-2.6.jar
7f05ae8e7000-7f05ae8e9000 r--s 00001000 08:05 296143                     /opt/play-1.2.3/framework/lib/jsr107cache-1.0.jar
7f05ae8e9000-7f05ae8ed000 r--s 00027000 08:05 296122                     /opt/play-1.2.3/framework/lib/gson-1.7.1.jar
7f05ae8ed000-7f05ae8f2000 r--s 00020000 08:05 296137                     /opt/play-1.2.3/framework/lib/jj-imaging.jar
7f05ae8f2000-7f05ae8f5000 r--s 0007d000 08:05 924457                     /usr/lib/jvm/java-6-openjdk/jre/lib/jsse.jar
7f05ae8f5000-7f05ae900000 r--s 000b8000 08:05 296160                     /opt/play-1.2.3/framework/play-1.2.3.jar
7f05ae900000-7f05ae90f000 rw-p 00000000 00:00 0 
7f05ae90f000-7f05ae9c0000 rw-p 00000000 00:00 0 
7f05ae9c0000-7f05ae9c3000 ---p 00000000 00:00 0 
7f05ae9c3000-7f05aeac6000 rw-p 00000000 00:00 0 
7f05aeac6000-7f05aeac7000 r--s 00002000 08:05 296157                     /opt/play-1.2.3/framework/lib/slf4j-log4j12-1.6.1.jar
7f05aeac7000-7f05aeac9000 r--s 0000d000 08:05 296109                     /opt/play-1.2.3/framework/lib/commons-codec-1.4.jar
7f05aeac9000-7f05aeaca000 rw-p 00000000 00:00 0 
7f05aeaca000-7f05aeacc000 r--s 0000f000 08:05 924518                     /usr/lib/jvm/java-6-openjdk/jre/lib/ext/pulse-java.jar
7f05aeacc000-7f05aead4000 r--s 00066000 08:05 136034                     /usr/share/java/gnome-java-bridge.jar
7f05aead4000-7f05aeadc000 rw-s 00000000 08:05 785185                     /tmp/hsperfdata_pascal/22726
7f05aeadc000-7f05aeadd000 rw-p 00000000 00:00 0 
7f05aeadd000-7f05aeade000 r--p 00000000 00:00 0 
7f05aeade000-7f05aeae0000 rw-p 00000000 00:00 0 
7f05aeae0000-7f05aeae1000 r--p 00020000 08:05 1068846                    /lib/x86_64-linux-gnu/ld-2.13.so
7f05aeae1000-7f05aeae3000 rw-p 00021000 08:05 1068846                    /lib/x86_64-linux-gnu/ld-2.13.so
7fff2585b000-7fff2587d000 rw-p 00000000 00:00 0                          [stack]
7fff259e8000-7fff259e9000 r-xp 00000000 00:00 0                          [vdso]
ffffffffff600000-ffffffffff601000 r-xp 00000000 00:00 0                  [vsyscall]

VM Arguments:
jvm_args: -Xdebug -Xrunjdwp:transport=dt_socket,address=0,server=y,suspend=n -Dplay.debug=yes -Dplay.id= -Dapplication.path=/home/pascal/workspace/codeboard-core -Djava.endorsed.dirs=/opt/play-1.2.3/framework/endorsed -javaagent:/opt/play-1.2.3/framework/play-1.2.3.jar -Dfile.encoding=UTF-8 
java_command: play.server.Server
Launcher Type: SUN_STANDARD

Environment Variables:
PATH=/home/pascal/bin:/usr/lib/lightdm/lightdm:/usr/local/sbin:/usr/local/bin:/usr/sbin:/usr/bin:/sbin:/bin:/usr/games:/opt/play
USERNAME=pascal
LD_LIBRARY_PATH=/usr/lib/jvm/java-6-openjdk/jre/lib/amd64/server:/usr/lib/jvm/java-6-openjdk/jre/lib/amd64:/usr/lib/jvm/java-6-openjdk/jre/../lib/amd64
SHELL=/bin/bash
DISPLAY=:0

Signal Handlers:
SIGSEGV: [libjvm.so+0x783e60], sa_mask[0]=0x7ffbfeff, sa_flags=0x10000004
SIGBUS: [libjvm.so+0x783e60], sa_mask[0]=0x7ffbfeff, sa_flags=0x10000004
SIGFPE: [libjvm.so+0x6485c0], sa_mask[0]=0x7ffbfeff, sa_flags=0x10000004
SIGPIPE: [libjvm.so+0x6485c0], sa_mask[0]=0x7ffbfeff, sa_flags=0x10000004
SIGXFSZ: [libjvm.so+0x6485c0], sa_mask[0]=0x7ffbfeff, sa_flags=0x10000004
SIGILL: [libjvm.so+0x6485c0], sa_mask[0]=0x7ffbfeff, sa_flags=0x10000004
SIGUSR1: SIG_DFL, sa_mask[0]=0x00000000, sa_flags=0x00000000
SIGUSR2: [libjvm.so+0x648770], sa_mask[0]=0x00000004, sa_flags=0x10000004
SIGHUP: [libjvm.so+0x64b280], sa_mask[0]=0x7ffbfeff, sa_flags=0x10000004
SIGINT: [libjvm.so+0x64b280], sa_mask[0]=0x7ffbfeff, sa_flags=0x10000004
SIGTERM: [libjvm.so+0x64b280], sa_mask[0]=0x7ffbfeff, sa_flags=0x10000004
SIGQUIT: [libjvm.so+0x64b280], sa_mask[0]=0x7ffbfeff, sa_flags=0x10000004


---------------  S Y S T E M  ---------------

OS:Ubuntu 11.10 (oneiric)
uname:Linux 3.0.0-12-generic #20-Ubuntu SMP Fri Oct 7 14:56:25 UTC 2011 x86_64
libc:glibc 2.13 NPTL 2.13 
rlimit: STACK 8192k, CORE 0k, NPROC 128386, NOFILE 4096, AS infinity
load average:0,20 0,21 0,22

/proc/meminfo:
MemTotal:       16449340 kB
MemFree:        10895336 kB
Buffers:          180976 kB
Cached:          2063400 kB
SwapCached:            0 kB
Active:          3432216 kB
Inactive:        1713112 kB
Active(anon):    2915980 kB
Inactive(anon):    39692 kB
Active(file):     516236 kB
Inactive(file):  1673420 kB
Unevictable:          64 kB
Mlocked:              64 kB
SwapTotal:      16755708 kB
SwapFree:       16755708 kB
Dirty:               664 kB
Writeback:             0 kB
AnonPages:       2901200 kB
Mapped:           244784 kB
Shmem:             54724 kB
Slab:             106792 kB
SReclaimable:      74424 kB
SUnreclaim:        32368 kB
KernelStack:        4800 kB
PageTables:        38144 kB
NFS_Unstable:          0 kB
Bounce:                0 kB
WritebackTmp:          0 kB
CommitLimit:    24980376 kB
Committed_AS:    5978932 kB
VmallocTotal:   34359738367 kB
VmallocUsed:      175300 kB
VmallocChunk:   34359547900 kB
HardwareCorrupted:     0 kB
AnonHugePages:         0 kB
HugePages_Total:       0
HugePages_Free:        0
HugePages_Rsvd:        0
HugePages_Surp:        0
Hugepagesize:       2048 kB
DirectMap4k:      147456 kB
DirectMap2M:    16613376 kB


CPU:total 8 (4 cores per cpu, 2 threads per core) family 6 model 42 stepping 7, cmov, cx8, fxsr, mmx, sse, sse2, sse3, ssse3, sse4.1, sse4.2, popcnt, ht

Memory: 4k page, physical 16449340k(10895336k free), swap 16755708k(16755708k free)

vm_info: OpenJDK 64-Bit Server VM (20.0-b11) for linux-amd64 JRE (1.6.0_23-b23), built on Oct 22 2011 01:00:57 by "buildd" with gcc 4.6.1

time: Sun Nov 27 23:01:33 2011
elapsed time: 216 seconds

