#
# A fatal error has been detected by the Java Runtime Environment:
#
#  SIGSEGV (0xb) at pc=0x00007ff5fcd3f94e, pid=21011, tid=140694343747328
#
# JRE version: 6.0_23-b23
# Java VM: OpenJDK 64-Bit Server VM (20.0-b11 mixed mode linux-amd64 compressed oops)
# Derivative: IcedTea6 1.11pre
# Distribution: Ubuntu 11.10, package 6b23~pre11-0ubuntu1.11.10
# Problematic frame:
# V  [libjvm.so+0x5bc94e]  PhaseIdealLoop::build_loop_late_post(Node*)+0x14e
#
# If you would like to submit a bug report, please include
# instructions how to reproduce the bug and visit:
#   https://bugs.launchpad.net/ubuntu/+source/openjdk-6/
#

---------------  T H R E A D  ---------------

Current thread (0x000000000091b800):  JavaThread "C2 CompilerThread1" daemon [_thread_in_native, id=21032, stack(0x00007ff5f4518000,0x00007ff5f4619000)]

siginfo:si_signo=SIGSEGV: si_errno=0, si_code=1 (SEGV_MAPERR), si_addr=0x0000000000000008

Registers:
RAX=0x0000000000000000, RBX=0x00007ff5f4615930, RCX=0x00000000013a2370, RDX=0x0000000000002000
RSP=0x00007ff5f4614170, RBP=0x00007ff5f46141b0, RSI=0x0000000001412a20, RDI=0x0000000000000000
R8 =0x00000000012deb50, R9 =0x00007ff5f4615930, R10=0x0000000001412a20, R11=0x0000000000000000
R12=0x0000000000e6de00, R13=0x00000000021ac568, R14=0x00007ff5f4615950, R15=0x0000000001deee88
RIP=0x00007ff5fcd3f94e, EFLAGS=0x0000000000010283, CSGSFS=0x0000000000000033, ERR=0x0000000000000004
  TRAPNO=0x000000000000000e

Top of Stack: (sp=0x00007ff5f4614170)
0x00007ff5f4614170:   0000000001d8d0f8 00007ff5f4614450
0x00007ff5f4614180:   00007ff5f46141b0 00007ff5f4615930
0x00007ff5f4614190:   0000000000000002 0000000000e6de00
0x00007ff5f46141a0:   0000000001e06748 00007ff5f4614450
0x00007ff5f46141b0:   00007ff5f4614220 00007ff5fcd3febb
0x00007ff5f46141c0:   00007ff5f23f6a10 0000000000000100
0x00007ff5f46141d0:   00007ff500000001 00007ff5f46162d0
0x00007ff5f46141e0:   00007ff5f4614470 00007ff5f4614410
0x00007ff5f46141f0:   0000000000001804 00007ff5f4615930
0x00007ff5f4614200:   0000000000000007 0000000000000001
0x00007ff5f4614210:   0000000000000001 00007ff5f23f6a10
0x00007ff5f4614220:   00007ff5f46144c0 00007ff5fcd40a82
0x00007ff5f4614230:   0000000001c5fc68 00007ff5f23f69a0
0x00007ff5f4614240:   00007ff5f4614250 00007ff5f4615950
0x00007ff5f4614250:   00007ff5f46142b0 00007ff5fcb728ce
0x00007ff5f4614260:   000000000085e5d0 00000000013fdf80
0x00007ff5f4614270:   0000000000000000 000000000000000c
0x00007ff5f4614280:   000000000085e5d0 00000000013fdf80
0x00007ff5f4614290:   00007ff5fd3147e0 0000000000000004
0x00007ff5f46142a0:   00007ff5f4614ed8 00007ff5f4614ef8
0x00007ff5f46142b0:   00007ff5f46142e0 00007ff5fcdb3814
0x00007ff5f46142c0:   0000000001e01550 00007ff5f46143b0
0x00007ff5f46142d0:   00007ff5f46142e0 00007ff5fca8f402
0x00007ff5f46142e0:   00007ff5f4614340 00007ff5fcbf3ea5
0x00007ff5f46142f0:   0000000001b37f70 00007ff5e83a9e60
0x00007ff5f4614300:   0000000001b430a0 00000000fce0808d
0x00007ff5f4614310:   00007ff5f4614ef8 0000000000010040
0x00007ff5f4614320:   00007ff5f4614510 00007ff5f4614510
0x00007ff5f4614330:   00007ff5e83a9f10 00007ff5e83a9ea8
0x00007ff5f4614340:   00007ff5f4614430 00007ff5fd8fc1c0
0x00007ff5f4614350:   00007ff5f46143e0 0000000000010010
0x00007ff5f4614360:   0000000001b8bc30 0000000000010000 

Instructions: (pc=0x00007ff5fcd3f94e)
0x00007ff5fcd3f92e:   4c 39 e8 0f 84 ad 03 00 00 8b 70 28 49 89 c7 0f
0x00007ff5fcd3f93e:   1f 00 4c 8b 93 e0 09 00 00 49 8d 34 f2 48 8b 06
0x00007ff5fcd3f94e:   48 8b 50 08 48 83 3a 00 75 27 8b 4b 28 0f 1f 44
0x00007ff5fcd3f95e:   00 00 8b 50 28 31 c0 39 ca 73 0c 48 8b 43 30 48 

Register to memory mapping:

RAX=0x0000000000000000 is an unknown value
RBX=0x00007ff5f4615930 is pointing into the stack for thread: 0x000000000091b800
RCX=0x00000000013a2370 is an unknown value
RDX=0x0000000000002000 is an unknown value
RSP=0x00007ff5f4614170 is pointing into the stack for thread: 0x000000000091b800
RBP=0x00007ff5f46141b0 is pointing into the stack for thread: 0x000000000091b800
RSI=0x0000000001412a20 is an unknown value
RDI=0x0000000000000000 is an unknown value
R8 =0x00000000012deb50 is an unknown value
R9 =0x00007ff5f4615930 is pointing into the stack for thread: 0x000000000091b800
R10=0x0000000001412a20 is an unknown value
R11=0x0000000000000000 is an unknown value
R12=0x0000000000e6de00 is an unknown value
R13=0x00000000021ac568 is an unknown value
R14=0x00007ff5f4615950 is pointing into the stack for thread: 0x000000000091b800
R15=0x0000000001deee88 is an unknown value


Stack: [0x00007ff5f4518000,0x00007ff5f4619000],  sp=0x00007ff5f4614170,  free space=1008k
Native frames: (J=compiled Java code, j=interpreted, Vv=VM code, C=native code)
V  [libjvm.so+0x5bc94e]  PhaseIdealLoop::build_loop_late_post(Node*)+0x14e
V  [libjvm.so+0x5bcebb]  PhaseIdealLoop::build_loop_late(VectorSet&, Node_List&, Node_Stack&)+0x10b
V  [libjvm.so+0x5bda82]  PhaseIdealLoop::build_and_optimize(bool, bool)+0x692
V  [libjvm.so+0x37bc8a]  Compile::Optimize()+0xd2a
V  [libjvm.so+0x37c9f3]  Compile::Compile(ciEnv*, C2Compiler*, ciMethod*, int, bool, bool)+0xad3
V  [libjvm.so+0x3062d0]  C2Compiler::compile_method(ciEnv*, ciMethod*, int)+0xe0
V  [libjvm.so+0x3810d3]  CompileBroker::invoke_compiler_on_method(CompileTask*)+0x2a3
V  [libjvm.so+0x381a1b]  CompileBroker::compiler_thread_loop()+0x45b
V  [libjvm.so+0x74bca8]  JavaThread::thread_main_inner()+0x58
V  [libjvm.so+0x64bc22]  java_start(Thread*)+0x112


Current CompileTask:
C2:2659376 973      jregex.Pretokenizer.next()V (1064 bytes)


---------------  P R O C E S S  ---------------

Java Threads: ( => current thread )
  0x00007ff5e8281000 JavaThread "net.sf.ehcache.CacheManager@3003ad53" daemon [_thread_blocked, id=13580, stack(0x00007ff5ef1d2000,0x00007ff5ef2d3000)]
  0x00007ff5f0824000 JavaThread "New I/O server worker #1-6" [_thread_in_native, id=13579, stack(0x00007ff5ef8de000,0x00007ff5ef9df000)]
  0x00007ff5e8026800 JavaThread "File Reaper" daemon [_thread_blocked, id=24641, stack(0x00007ff5eeecf000,0x00007ff5eefd0000)]
  0x00007ff5e8585000 JavaThread "com.mchange.v2.async.ThreadPoolAsynchronousRunner$PoolThread-#2" daemon [_thread_blocked, id=21043, stack(0x00007ff5ef2d3000,0x00007ff5ef3d4000)]
  0x00007ff5e8595000 JavaThread "com.mchange.v2.async.ThreadPoolAsynchronousRunner$PoolThread-#1" daemon [_thread_blocked, id=21042, stack(0x00007ff5ef3d4000,0x00007ff5ef4d5000)]
  0x00007ff5e8571000 JavaThread "com.mchange.v2.async.ThreadPoolAsynchronousRunner$PoolThread-#0" daemon [_thread_blocked, id=21041, stack(0x00007ff5ef4d5000,0x00007ff5ef5d6000)]
  0x00007ff5e8550000 JavaThread "Timer-0" daemon [_thread_blocked, id=21040, stack(0x00007ff5ef5d6000,0x00007ff5ef6d7000)]
  0x00007ff5f03d8000 JavaThread "play-thread-1" [_thread_in_native, id=21037, stack(0x00007ff5ef9df000,0x00007ff5efae0000)]
  0x000000000083d000 JavaThread "DestroyJavaVM" [_thread_blocked, id=21012, stack(0x00007ff5fe027000,0x00007ff5fe128000)]
  0x0000000001035000 JavaThread "New I/O server boss #1 ([id: 0x4cc5aa00, /0:0:0:0:0:0:0:0:9090])" [_thread_in_native, id=21035, stack(0x00007ff5efae0000,0x00007ff5efbe1000)]
  0x00007ff5f0003800 JavaThread "Low Memory Detector" daemon [_thread_blocked, id=21033, stack(0x00007ff5f4417000,0x00007ff5f4518000)]
=>0x000000000091b800 JavaThread "C2 CompilerThread1" daemon [_thread_in_native, id=21032, stack(0x00007ff5f4518000,0x00007ff5f4619000)]
  0x0000000000918800 JavaThread "C2 CompilerThread0" daemon [_thread_in_native, id=21031, stack(0x00007ff5f4619000,0x00007ff5f471a000)]
  0x000000000090c800 JavaThread "JDWP Event Helper Thread" daemon [_thread_blocked, id=21030, stack(0x00007ff5f471a000,0x00007ff5f481b000)]
  0x0000000000908800 JavaThread "JDWP Transport Listener: dt_socket" daemon [_thread_in_native, id=21029, stack(0x00007ff5f481b000,0x00007ff5f491c000)]
  0x00000000008cc000 JavaThread "Signal Dispatcher" daemon [_thread_blocked, id=21028, stack(0x00007ff5f4b21000,0x00007ff5f4c22000)]
  0x00000000008ba800 JavaThread "Finalizer" daemon [_thread_blocked, id=21027, stack(0x00007ff5f4c22000,0x00007ff5f4d23000)]
  0x00000000008b3000 JavaThread "Reference Handler" daemon [_thread_blocked, id=21026, stack(0x00007ff5f4d23000,0x00007ff5f4e24000)]

Other Threads:
  0x00000000008ac000 VMThread [stack: 0x00007ff5f4e24000,0x00007ff5f4f25000] [id=21025]
  0x00007ff5f000e000 WatcherThread [stack: 0x00007ff5f4316000,0x00007ff5f4417000] [id=21034]

VM state:not at safepoint (normal execution)

VM Mutex/Monitor currently owned by a thread: None

Heap
 PSYoungGen      total 51200K, used 43339K [0x00000007ac560000, 0x00000007b0ed0000, 0x0000000800000000)
  eden space 49728K, 84% used [0x00000007ac560000,0x00000007aee514d0,0x00000007af5f0000)
  from space 1472K, 96% used [0x00000007af700000,0x00000007af861a00,0x00000007af870000)
  to   space 12736K, 0% used [0x00000007b0260000,0x00000007b0260000,0x00000007b0ed0000)
 PSOldGen        total 171392K, used 14552K [0x0000000705000000, 0x000000070f760000, 0x00000007ac560000)
  object space 171392K, 8% used [0x0000000705000000,0x0000000705e360c0,0x000000070f760000)
 PSPermGen       total 52544K, used 52354K [0x00000006faa00000, 0x00000006fdd50000, 0x0000000705000000)
  object space 52544K, 99% used [0x00000006faa00000,0x00000006fdd208a0,0x00000006fdd50000)

Code Cache  [0x00007ff5f6fdc000, 0x00007ff5f759c000, 0x00007ff5f9fdc000)
 total_blobs=1613 nmethods=947 adapters=626 free_code_cache=44437952 largest_free_block=43328

Dynamic libraries:
00400000-00409000 r-xp 00000000 08:05 920882                             /usr/lib/jvm/java-6-openjdk/jre/bin/java
00608000-00609000 r--p 00008000 08:05 920882                             /usr/lib/jvm/java-6-openjdk/jre/bin/java
00609000-0060a000 rw-p 00009000 08:05 920882                             /usr/lib/jvm/java-6-openjdk/jre/bin/java
0082d000-0266f000 rw-p 00000000 00:00 0                                  [heap]
6faa00000-6fdd50000 rw-p 00000000 00:00 0 
6fdd50000-705000000 rw-p 00000000 00:00 0 
705000000-70f760000 rw-p 00000000 00:00 0 
70f760000-7ac560000 rw-p 00000000 00:00 0 
7ac560000-7b0ed0000 rw-p 00000000 00:00 0 
7b0ed0000-7b1b30000 ---p 00000000 00:00 0 
7b1b30000-800000000 rw-p 00000000 00:00 0 
7ff5e8000000-7ff5e8804000 rw-p 00000000 00:00 0 
7ff5e8804000-7ff5ec000000 ---p 00000000 00:00 0 
7ff5eeecf000-7ff5eeed2000 ---p 00000000 00:00 0 
7ff5eeed2000-7ff5eefd0000 rw-p 00000000 00:00 0 
7ff5eefd0000-7ff5eefd3000 ---p 00000000 00:00 0 
7ff5eefd3000-7ff5ef0d1000 rw-p 00000000 00:00 0 
7ff5ef0d1000-7ff5ef0d4000 ---p 00000000 00:00 0 
7ff5ef0d4000-7ff5ef1d2000 rw-p 00000000 00:00 0 
7ff5ef1d2000-7ff5ef1d5000 ---p 00000000 00:00 0 
7ff5ef1d5000-7ff5ef2d3000 rw-p 00000000 00:00 0 
7ff5ef2d3000-7ff5ef2d6000 ---p 00000000 00:00 0 
7ff5ef2d6000-7ff5ef3d4000 rw-p 00000000 00:00 0 
7ff5ef3d4000-7ff5ef3d7000 ---p 00000000 00:00 0 
7ff5ef3d7000-7ff5ef4d5000 rw-p 00000000 00:00 0 
7ff5ef4d5000-7ff5ef4d8000 ---p 00000000 00:00 0 
7ff5ef4d8000-7ff5ef5d6000 rw-p 00000000 00:00 0 
7ff5ef5d6000-7ff5ef5d9000 ---p 00000000 00:00 0 
7ff5ef5d9000-7ff5ef6d7000 rw-p 00000000 00:00 0 
7ff5ef6d7000-7ff5ef6dd000 r-xp 00000000 08:05 924543                     /usr/lib/jvm/java-6-openjdk/jre/lib/amd64/libmanagement.so
7ff5ef6dd000-7ff5ef8dc000 ---p 00006000 08:05 924543                     /usr/lib/jvm/java-6-openjdk/jre/lib/amd64/libmanagement.so
7ff5ef8dc000-7ff5ef8dd000 r--p 00005000 08:05 924543                     /usr/lib/jvm/java-6-openjdk/jre/lib/amd64/libmanagement.so
7ff5ef8dd000-7ff5ef8de000 rw-p 00006000 08:05 924543                     /usr/lib/jvm/java-6-openjdk/jre/lib/amd64/libmanagement.so
7ff5ef8de000-7ff5ef8e1000 ---p 00000000 00:00 0 
7ff5ef8e1000-7ff5ef9df000 rw-p 00000000 00:00 0 
7ff5ef9df000-7ff5ef9e2000 ---p 00000000 00:00 0 
7ff5ef9e2000-7ff5efae0000 rw-p 00000000 00:00 0 
7ff5efae0000-7ff5efae3000 ---p 00000000 00:00 0 
7ff5efae3000-7ff5efbe1000 rw-p 00000000 00:00 0 
7ff5efbe1000-7ff5efbe9000 r-xp 00000000 08:05 920896                     /usr/lib/jvm/java-6-openjdk/jre/lib/amd64/libnio.so
7ff5efbe9000-7ff5efde8000 ---p 00008000 08:05 920896                     /usr/lib/jvm/java-6-openjdk/jre/lib/amd64/libnio.so
7ff5efde8000-7ff5efde9000 r--p 00007000 08:05 920896                     /usr/lib/jvm/java-6-openjdk/jre/lib/amd64/libnio.so
7ff5efde9000-7ff5efdea000 rw-p 00008000 08:05 920896                     /usr/lib/jvm/java-6-openjdk/jre/lib/amd64/libnio.so
7ff5efdea000-7ff5efdff000 r-xp 00000000 08:05 920905                     /usr/lib/jvm/java-6-openjdk/jre/lib/amd64/libnet.so
7ff5efdff000-7ff5efffe000 ---p 00015000 08:05 920905                     /usr/lib/jvm/java-6-openjdk/jre/lib/amd64/libnet.so
7ff5efffe000-7ff5effff000 r--p 00014000 08:05 920905                     /usr/lib/jvm/java-6-openjdk/jre/lib/amd64/libnet.so
7ff5effff000-7ff5f0000000 rw-p 00015000 08:05 920905                     /usr/lib/jvm/java-6-openjdk/jre/lib/amd64/libnet.so
7ff5f0000000-7ff5f3e99000 rw-p 00000000 00:00 0 
7ff5f3e99000-7ff5f4000000 ---p 00000000 00:00 0 
7ff5f403a000-7ff5f403d000 r--s 00031000 08:05 924515                     /usr/lib/jvm/java-6-openjdk/jre/lib/ext/sunjce_provider.jar
7ff5f403d000-7ff5f403f000 r--s 00013000 08:05 924465                     /usr/lib/jvm/java-6-openjdk/jre/lib/jce.jar
7ff5f403f000-7ff5f4042000 ---p 00000000 00:00 0 
7ff5f4042000-7ff5f4140000 rw-p 00000000 00:00 0 
7ff5f4140000-7ff5f414f000 r--s 00074000 08:05 296141                     /opt/play-1.2.3/framework/lib/joda-time-1.6.jar
7ff5f414f000-7ff5f4155000 r--s 00038000 08:05 296158                     /opt/play-1.2.3/framework/lib/snakeyaml-1.7.jar
7ff5f4155000-7ff5f415c000 r--s 0006a000 08:05 296148                     /opt/play-1.2.3/framework/lib/mail-1.4.3.jar
7ff5f415c000-7ff5f415e000 r--s 0000c000 08:05 296101                     /opt/play-1.2.3/framework/lib/activation-1.1.1.jar
7ff5f415e000-7ff5f4169000 r--s 00124000 08:05 296123                     /opt/play-1.2.3/framework/lib/h2-1.3.149.jar
7ff5f4169000-7ff5f416c000 r--s 00024000 08:05 296113                     /opt/play-1.2.3/framework/lib/commons-io-2.0.1.jar
7ff5f416c000-7ff5f416e000 r--s 0000b000 08:05 296139                     /opt/play-1.2.3/framework/lib/jj-textile.jar
7ff5f416e000-7ff5f4173000 r--s 00048000 08:05 296117                     /opt/play-1.2.3/framework/lib/dom4j-1.6.1.jar
7ff5f4173000-7ff5f4176000 r--s 00011000 08:05 296119                     /opt/play-1.2.3/framework/lib/ezmorph-1.0.3.jar
7ff5f4176000-7ff5f4179000 r--s 0000f000 08:05 296120                     /opt/play-1.2.3/framework/lib/geronimo-servlet_2.5_spec-1.2.jar
7ff5f4179000-7ff5f417b000 r--s 00002000 08:05 296144                     /opt/play-1.2.3/framework/lib/jta-1.1.jar
7ff5f417b000-7ff5f4183000 r--s 0008a000 08:05 296134                     /opt/play-1.2.3/framework/lib/javassist-3.9.0.GA.jar
7ff5f4183000-7ff5f4184000 r--s 00007000 08:05 296111                     /opt/play-1.2.3/framework/lib/commons-email-1.2.jar
7ff5f4184000-7ff5f4189000 r--s 00014000 08:05 296131                     /opt/play-1.2.3/framework/lib/hibernate-jpa-2.0-api-1.0.0.Final.jar
7ff5f4189000-7ff5f418b000 r--s 00015000 08:05 296142                     /opt/play-1.2.3/framework/lib/jregex-1.2_01.jar
7ff5f418b000-7ff5f4194000 r--s 0005d000 08:05 296129                     /opt/play-1.2.3/framework/lib/hibernate-entitymanager-3.6.0.Final.jar
7ff5f4194000-7ff5f4197000 r--s 00022000 08:05 296133                     /opt/play-1.2.3/framework/lib/jamon-2.7.jar
7ff5f4197000-7ff5f419e000 r--s 00059000 08:05 296147                     /opt/play-1.2.3/framework/lib/log4j-1.2.15.jar
7ff5f419e000-7ff5f41c3000 r--s 00172000 08:05 296105                     /opt/play-1.2.3/framework/lib/bcprov-jdk15-1.45.jar
7ff5f41c3000-7ff5f41d2000 r--s 000b2000 08:05 296151                     /opt/play-1.2.3/framework/lib/netty-3.2.4.Final.jar
7ff5f41d2000-7ff5f41d8000 r--s 00032000 08:05 296136                     /opt/play-1.2.3/framework/lib/jaxen-1.1.jar
7ff5f41d8000-7ff5f41df000 r--s 00038000 08:05 296140                     /opt/play-1.2.3/framework/lib/jj-wikitext.jar
7ff5f41df000-7ff5f41ee000 r--s 000d9000 08:05 296132                     /opt/play-1.2.3/framework/lib/ivy-2.2.0.jar
7ff5f41ee000-7ff5f4242000 r--s 00516000 08:05 296121                     /opt/play-1.2.3/framework/lib/groovy-all-1.7.7.jar
7ff5f4242000-7ff5f4248000 r--s 00034000 08:05 296145                     /opt/play-1.2.3/framework/lib/junit-4.8.1.jar
7ff5f4248000-7ff5f4252000 r--s 0006f000 08:05 296118                     /opt/play-1.2.3/framework/lib/ehcache-core-2.0.0.jar
7ff5f4252000-7ff5f4254000 r--s 00008000 08:05 296155                     /opt/play-1.2.3/framework/lib/signpost-core-1.2.jar
7ff5f4254000-7ff5f4256000 r--s 0000e000 08:05 296114                     /opt/play-1.2.3/framework/lib/commons-javaflow-1066591.jar
7ff5f4256000-7ff5f425c000 r--s 0007e000 08:05 296154                     /opt/play-1.2.3/framework/lib/postgresql-9.0.jar
7ff5f425c000-7ff5f425e000 r--s 0000d000 08:05 296116                     /opt/play-1.2.3/framework/lib/commons-logging-1.1.1.jar
7ff5f425e000-7ff5f425f000 r--s 00000000 08:05 296135                     /opt/play-1.2.3/framework/lib/javax.inject-1.0.jar
7ff5f425f000-7ff5f4265000 r--s 00067000 08:05 296102                     /opt/play-1.2.3/framework/lib/antlr-2.7.6.jar
7ff5f4265000-7ff5f426b000 r--s 00049000 08:05 296104                     /opt/play-1.2.3/framework/lib/async-http-client-1.6.3.jar
7ff5f426b000-7ff5f4272000 r--s 000b7000 08:05 296150                     /opt/play-1.2.3/framework/lib/mysql-connector-java-5.1.13.jar
7ff5f4272000-7ff5f4275000 r--s 0000f000 08:05 296125                     /opt/play-1.2.3/framework/lib/hibernate-commons-annotations-3.2.0.Final.jar
7ff5f4275000-7ff5f4277000 r--s 0000d000 08:05 296112                     /opt/play-1.2.3/framework/lib/commons-fileupload-1.2.2.jar
7ff5f4277000-7ff5f427d000 r--s 00049000 08:05 296107                     /opt/play-1.2.3/framework/lib/cglib-nodep-2.2.jar
7ff5f427d000-7ff5f428b000 r--s 0007f000 08:05 296110                     /opt/play-1.2.3/framework/lib/commons-collections-3.2.1.jar
7ff5f428b000-7ff5f4296000 r--s 0005a000 08:05 296159                     /opt/play-1.2.3/framework/lib/xstream-1.3.jar
7ff5f4296000-7ff5f429d000 r--s 00049000 08:05 296153                     /opt/play-1.2.3/framework/lib/oval-1.50.jar
7ff5f429d000-7ff5f429f000 r--s 00005000 08:05 296156                     /opt/play-1.2.3/framework/lib/slf4j-api-1.6.1.jar
7ff5f429f000-7ff5f42a4000 r--s 00041000 08:05 296115                     /opt/play-1.2.3/framework/lib/commons-lang-2.6.jar
7ff5f42a4000-7ff5f42af000 r--s 0008b000 08:05 296106                     /opt/play-1.2.3/framework/lib/c3p0-0.9.1.2.jar
7ff5f42af000-7ff5f42d8000 r--s 00403000 08:05 296152                     /opt/play-1.2.3/framework/lib/org.eclipse.jdt.core-3.6.0.jar
7ff5f42d8000-7ff5f430a000 r--s 002c7000 08:05 296127                     /opt/play-1.2.3/framework/lib/hibernate-core-3.6.1.Final.jar
7ff5f430a000-7ff5f430f000 r--s 00034000 08:05 296108                     /opt/play-1.2.3/framework/lib/commons-beanutils-1.8.3.jar
7ff5f430f000-7ff5f4314000 r--s 0002e000 08:05 296103                     /opt/play-1.2.3/framework/lib/asm-all-3.3.1.jar
7ff5f4314000-7ff5f4316000 r--s 00015000 08:05 296138                     /opt/play-1.2.3/framework/lib/jj-simplecaptcha.jar
7ff5f4316000-7ff5f4317000 ---p 00000000 00:00 0 
7ff5f4317000-7ff5f4417000 rw-p 00000000 00:00 0 
7ff5f4417000-7ff5f441a000 ---p 00000000 00:00 0 
7ff5f441a000-7ff5f4518000 rw-p 00000000 00:00 0 
7ff5f4518000-7ff5f451b000 ---p 00000000 00:00 0 
7ff5f451b000-7ff5f4619000 rw-p 00000000 00:00 0 
7ff5f4619000-7ff5f461c000 ---p 00000000 00:00 0 
7ff5f461c000-7ff5f471a000 rw-p 00000000 00:00 0 
7ff5f471a000-7ff5f471d000 ---p 00000000 00:00 0 
7ff5f471d000-7ff5f481b000 rw-p 00000000 00:00 0 
7ff5f481b000-7ff5f481e000 ---p 00000000 00:00 0 
7ff5f481e000-7ff5f491c000 rw-p 00000000 00:00 0 
7ff5f491c000-7ff5f4920000 r-xp 00000000 08:05 920894                     /usr/lib/jvm/java-6-openjdk/jre/lib/amd64/libdt_socket.so
7ff5f4920000-7ff5f4b1f000 ---p 00004000 08:05 920894                     /usr/lib/jvm/java-6-openjdk/jre/lib/amd64/libdt_socket.so
7ff5f4b1f000-7ff5f4b20000 r--p 00003000 08:05 920894                     /usr/lib/jvm/java-6-openjdk/jre/lib/amd64/libdt_socket.so
7ff5f4b20000-7ff5f4b21000 rw-p 00004000 08:05 920894                     /usr/lib/jvm/java-6-openjdk/jre/lib/amd64/libdt_socket.so
7ff5f4b21000-7ff5f4b24000 ---p 00000000 00:00 0 
7ff5f4b24000-7ff5f4c22000 rw-p 00000000 00:00 0 
7ff5f4c22000-7ff5f4c25000 ---p 00000000 00:00 0 
7ff5f4c25000-7ff5f4d23000 rw-p 00000000 00:00 0 
7ff5f4d23000-7ff5f4d26000 ---p 00000000 00:00 0 
7ff5f4d26000-7ff5f4e24000 rw-p 00000000 00:00 0 
7ff5f4e24000-7ff5f4e25000 ---p 00000000 00:00 0 
7ff5f4e25000-7ff5f5861000 rw-p 00000000 00:00 0 
7ff5f5861000-7ff5f59f2000 r--s 037b8000 08:05 924546                     /usr/lib/jvm/java-6-openjdk/jre/lib/rt.jar
7ff5f59f2000-7ff5f5a1a000 rw-p 00000000 00:00 0 
7ff5f5a1a000-7ff5f5a1b000 ---p 00000000 00:00 0 
7ff5f5a1b000-7ff5f5b1b000 rw-p 00000000 00:00 0 
7ff5f5b1b000-7ff5f5b1c000 ---p 00000000 00:00 0 
7ff5f5b1c000-7ff5f5c1c000 rw-p 00000000 00:00 0 
7ff5f5c1c000-7ff5f5c1d000 ---p 00000000 00:00 0 
7ff5f5c1d000-7ff5f5d1d000 rw-p 00000000 00:00 0 
7ff5f5d1d000-7ff5f5d1e000 ---p 00000000 00:00 0 
7ff5f5d1e000-7ff5f5e1e000 rw-p 00000000 00:00 0 
7ff5f5e1e000-7ff5f5e1f000 ---p 00000000 00:00 0 
7ff5f5e1f000-7ff5f5f1f000 rw-p 00000000 00:00 0 
7ff5f5f1f000-7ff5f5f20000 ---p 00000000 00:00 0 
7ff5f5f20000-7ff5f6020000 rw-p 00000000 00:00 0 
7ff5f6020000-7ff5f6021000 ---p 00000000 00:00 0 
7ff5f6021000-7ff5f6121000 rw-p 00000000 00:00 0 
7ff5f6121000-7ff5f6122000 ---p 00000000 00:00 0 
7ff5f6122000-7ff5f623c000 rw-p 00000000 00:00 0 
7ff5f623c000-7ff5f6275000 rw-p 00000000 00:00 0 
7ff5f6275000-7ff5f62c9000 rw-p 00000000 00:00 0 
7ff5f62c9000-7ff5f67b0000 rw-p 00000000 00:00 0 
7ff5f67b0000-7ff5f67ca000 rw-p 00000000 00:00 0 
7ff5f67ca000-7ff5f6803000 rw-p 00000000 00:00 0 
7ff5f6803000-7ff5f6857000 rw-p 00000000 00:00 0 
7ff5f6857000-7ff5f6d3d000 rw-p 00000000 00:00 0 
7ff5f6d3d000-7ff5f6d63000 rw-p 00000000 00:00 0 
7ff5f6d63000-7ff5f6d69000 ---p 00000000 00:00 0 
7ff5f6d69000-7ff5f6fdb000 rw-p 00000000 00:00 0 
7ff5f6fdb000-7ff5f6fdc000 rw-p 00000000 00:00 0 
7ff5f6fdc000-7ff5f759c000 rwxp 00000000 00:00 0 
7ff5f759c000-7ff5f9fdc000 rw-p 00000000 00:00 0 
7ff5f9fdc000-7ff5f9fe3000 r-xp 00000000 08:05 924533                     /usr/lib/jvm/java-6-openjdk/jre/lib/amd64/libzip.so
7ff5f9fe3000-7ff5fa1e2000 ---p 00007000 08:05 924533                     /usr/lib/jvm/java-6-openjdk/jre/lib/amd64/libzip.so
7ff5fa1e2000-7ff5fa1e3000 r--p 00006000 08:05 924533                     /usr/lib/jvm/java-6-openjdk/jre/lib/amd64/libzip.so
7ff5fa1e3000-7ff5fa1e4000 rw-p 00007000 08:05 924533                     /usr/lib/jvm/java-6-openjdk/jre/lib/amd64/libzip.so
7ff5fa1e4000-7ff5fa1f0000 r-xp 00000000 08:05 1068842                    /lib/x86_64-linux-gnu/libnss_files-2.13.so
7ff5fa1f0000-7ff5fa3ef000 ---p 0000c000 08:05 1068842                    /lib/x86_64-linux-gnu/libnss_files-2.13.so
7ff5fa3ef000-7ff5fa3f0000 r--p 0000b000 08:05 1068842                    /lib/x86_64-linux-gnu/libnss_files-2.13.so
7ff5fa3f0000-7ff5fa3f1000 rw-p 0000c000 08:05 1068842                    /lib/x86_64-linux-gnu/libnss_files-2.13.so
7ff5fa3f1000-7ff5fa3fb000 r-xp 00000000 08:05 1068848                    /lib/x86_64-linux-gnu/libnss_nis-2.13.so
7ff5fa3fb000-7ff5fa5fb000 ---p 0000a000 08:05 1068848                    /lib/x86_64-linux-gnu/libnss_nis-2.13.so
7ff5fa5fb000-7ff5fa5fc000 r--p 0000a000 08:05 1068848                    /lib/x86_64-linux-gnu/libnss_nis-2.13.so
7ff5fa5fc000-7ff5fa5fd000 rw-p 0000b000 08:05 1068848                    /lib/x86_64-linux-gnu/libnss_nis-2.13.so
7ff5fa5fd000-7ff5fa614000 r-xp 00000000 08:05 1068837                    /lib/x86_64-linux-gnu/libnsl-2.13.so
7ff5fa614000-7ff5fa813000 ---p 00017000 08:05 1068837                    /lib/x86_64-linux-gnu/libnsl-2.13.so
7ff5fa813000-7ff5fa814000 r--p 00016000 08:05 1068837                    /lib/x86_64-linux-gnu/libnsl-2.13.so
7ff5fa814000-7ff5fa815000 rw-p 00017000 08:05 1068837                    /lib/x86_64-linux-gnu/libnsl-2.13.so
7ff5fa815000-7ff5fa817000 rw-p 00000000 00:00 0 
7ff5fa817000-7ff5fa81f000 r-xp 00000000 08:05 1068834                    /lib/x86_64-linux-gnu/libnss_compat-2.13.so
7ff5fa81f000-7ff5faa1e000 ---p 00008000 08:05 1068834                    /lib/x86_64-linux-gnu/libnss_compat-2.13.so
7ff5faa1e000-7ff5faa1f000 r--p 00007000 08:05 1068834                    /lib/x86_64-linux-gnu/libnss_compat-2.13.so
7ff5faa1f000-7ff5faa20000 rw-p 00008000 08:05 1068834                    /lib/x86_64-linux-gnu/libnss_compat-2.13.so
7ff5faa20000-7ff5fb351000 r--p 00000000 08:05 922981                     /usr/lib/locale/locale-archive
7ff5fb351000-7ff5fb354000 r-xp 00000000 08:05 920914                     /usr/lib/jvm/java-6-openjdk/jre/lib/amd64/libnpt.so
7ff5fb354000-7ff5fb553000 ---p 00003000 08:05 920914                     /usr/lib/jvm/java-6-openjdk/jre/lib/amd64/libnpt.so
7ff5fb553000-7ff5fb554000 r--p 00002000 08:05 920914                     /usr/lib/jvm/java-6-openjdk/jre/lib/amd64/libnpt.so
7ff5fb554000-7ff5fb555000 rw-p 00003000 08:05 920914                     /usr/lib/jvm/java-6-openjdk/jre/lib/amd64/libnpt.so
7ff5fb555000-7ff5fb55e000 r-xp 00000000 08:05 924528                     /usr/lib/jvm/java-6-openjdk/jre/lib/amd64/libinstrument.so
7ff5fb55e000-7ff5fb75e000 ---p 00009000 08:05 924528                     /usr/lib/jvm/java-6-openjdk/jre/lib/amd64/libinstrument.so
7ff5fb75e000-7ff5fb75f000 r--p 00009000 08:05 924528                     /usr/lib/jvm/java-6-openjdk/jre/lib/amd64/libinstrument.so
7ff5fb75f000-7ff5fb760000 rw-p 0000a000 08:05 924528                     /usr/lib/jvm/java-6-openjdk/jre/lib/amd64/libinstrument.so
7ff5fb760000-7ff5fb79a000 r-xp 00000000 08:05 920913                     /usr/lib/jvm/java-6-openjdk/jre/lib/amd64/libjdwp.so
7ff5fb79a000-7ff5fb999000 ---p 0003a000 08:05 920913                     /usr/lib/jvm/java-6-openjdk/jre/lib/amd64/libjdwp.so
7ff5fb999000-7ff5fb99a000 r--p 00039000 08:05 920913                     /usr/lib/jvm/java-6-openjdk/jre/lib/amd64/libjdwp.so
7ff5fb99a000-7ff5fb99b000 rw-p 0003a000 08:05 920913                     /usr/lib/jvm/java-6-openjdk/jre/lib/amd64/libjdwp.so
7ff5fb99b000-7ff5fb9c7000 r-xp 00000000 08:05 924532                     /usr/lib/jvm/java-6-openjdk/jre/lib/amd64/libjava.so
7ff5fb9c7000-7ff5fbbc6000 ---p 0002c000 08:05 924532                     /usr/lib/jvm/java-6-openjdk/jre/lib/amd64/libjava.so
7ff5fbbc6000-7ff5fbbc7000 r--p 0002b000 08:05 924532                     /usr/lib/jvm/java-6-openjdk/jre/lib/amd64/libjava.so
7ff5fbbc7000-7ff5fbbca000 rw-p 0002c000 08:05 924532                     /usr/lib/jvm/java-6-openjdk/jre/lib/amd64/libjava.so
7ff5fbbca000-7ff5fbbd8000 r-xp 00000000 08:05 920904                     /usr/lib/jvm/java-6-openjdk/jre/lib/amd64/libverify.so
7ff5fbbd8000-7ff5fbdd7000 ---p 0000e000 08:05 920904                     /usr/lib/jvm/java-6-openjdk/jre/lib/amd64/libverify.so
7ff5fbdd7000-7ff5fbdd9000 r--p 0000d000 08:05 920904                     /usr/lib/jvm/java-6-openjdk/jre/lib/amd64/libverify.so
7ff5fbdd9000-7ff5fbdda000 rw-p 0000f000 08:05 920904                     /usr/lib/jvm/java-6-openjdk/jre/lib/amd64/libverify.so
7ff5fbdda000-7ff5fbde1000 r-xp 00000000 08:05 1044505                    /lib/x86_64-linux-gnu/librt-2.13.so
7ff5fbde1000-7ff5fbfe0000 ---p 00007000 08:05 1044505                    /lib/x86_64-linux-gnu/librt-2.13.so
7ff5fbfe0000-7ff5fbfe1000 r--p 00006000 08:05 1044505                    /lib/x86_64-linux-gnu/librt-2.13.so
7ff5fbfe1000-7ff5fbfe2000 rw-p 00007000 08:05 1044505                    /lib/x86_64-linux-gnu/librt-2.13.so
7ff5fbfe2000-7ff5fbff7000 r-xp 00000000 08:05 1068525                    /lib/x86_64-linux-gnu/libgcc_s.so.1
7ff5fbff7000-7ff5fc1f6000 ---p 00015000 08:05 1068525                    /lib/x86_64-linux-gnu/libgcc_s.so.1
7ff5fc1f6000-7ff5fc1f7000 r--p 00014000 08:05 1068525                    /lib/x86_64-linux-gnu/libgcc_s.so.1
7ff5fc1f7000-7ff5fc1f8000 rw-p 00015000 08:05 1068525                    /lib/x86_64-linux-gnu/libgcc_s.so.1
7ff5fc1f8000-7ff5fc27b000 r-xp 00000000 08:05 1068849                    /lib/x86_64-linux-gnu/libm-2.13.so
7ff5fc27b000-7ff5fc47a000 ---p 00083000 08:05 1068849                    /lib/x86_64-linux-gnu/libm-2.13.so
7ff5fc47a000-7ff5fc47b000 r--p 00082000 08:05 1068849                    /lib/x86_64-linux-gnu/libm-2.13.so
7ff5fc47b000-7ff5fc47c000 rw-p 00083000 08:05 1068849                    /lib/x86_64-linux-gnu/libm-2.13.so
7ff5fc47c000-7ff5fc564000 r-xp 00000000 08:05 914676                     /usr/lib/x86_64-linux-gnu/libstdc++.so.6.0.16
7ff5fc564000-7ff5fc764000 ---p 000e8000 08:05 914676                     /usr/lib/x86_64-linux-gnu/libstdc++.so.6.0.16
7ff5fc764000-7ff5fc76c000 r--p 000e8000 08:05 914676                     /usr/lib/x86_64-linux-gnu/libstdc++.so.6.0.16
7ff5fc76c000-7ff5fc76e000 rw-p 000f0000 08:05 914676                     /usr/lib/x86_64-linux-gnu/libstdc++.so.6.0.16
7ff5fc76e000-7ff5fc783000 rw-p 00000000 00:00 0 
7ff5fc783000-7ff5fd086000 r-xp 00000000 08:05 924535                     /usr/lib/jvm/java-6-openjdk/jre/lib/amd64/server/libjvm.so
7ff5fd086000-7ff5fd285000 ---p 00903000 08:05 924535                     /usr/lib/jvm/java-6-openjdk/jre/lib/amd64/server/libjvm.so
7ff5fd285000-7ff5fd306000 r--p 00902000 08:05 924535                     /usr/lib/jvm/java-6-openjdk/jre/lib/amd64/server/libjvm.so
7ff5fd306000-7ff5fd321000 rw-p 00983000 08:05 924535                     /usr/lib/jvm/java-6-openjdk/jre/lib/amd64/server/libjvm.so
7ff5fd321000-7ff5fd34a000 rw-p 00000000 00:00 0 
7ff5fd34a000-7ff5fd361000 r-xp 00000000 08:05 1048733                    /lib/x86_64-linux-gnu/libz.so.1.2.3.4
7ff5fd361000-7ff5fd560000 ---p 00017000 08:05 1048733                    /lib/x86_64-linux-gnu/libz.so.1.2.3.4
7ff5fd560000-7ff5fd561000 r--p 00016000 08:05 1048733                    /lib/x86_64-linux-gnu/libz.so.1.2.3.4
7ff5fd561000-7ff5fd562000 rw-p 00017000 08:05 1048733                    /lib/x86_64-linux-gnu/libz.so.1.2.3.4
7ff5fd562000-7ff5fd6f7000 r-xp 00000000 08:05 1068839                    /lib/x86_64-linux-gnu/libc-2.13.so
7ff5fd6f7000-7ff5fd8f6000 ---p 00195000 08:05 1068839                    /lib/x86_64-linux-gnu/libc-2.13.so
7ff5fd8f6000-7ff5fd8fa000 r--p 00194000 08:05 1068839                    /lib/x86_64-linux-gnu/libc-2.13.so
7ff5fd8fa000-7ff5fd8fb000 rw-p 00198000 08:05 1068839                    /lib/x86_64-linux-gnu/libc-2.13.so
7ff5fd8fb000-7ff5fd901000 rw-p 00000000 00:00 0 
7ff5fd901000-7ff5fd903000 r-xp 00000000 08:05 1068840                    /lib/x86_64-linux-gnu/libdl-2.13.so
7ff5fd903000-7ff5fdb03000 ---p 00002000 08:05 1068840                    /lib/x86_64-linux-gnu/libdl-2.13.so
7ff5fdb03000-7ff5fdb04000 r--p 00002000 08:05 1068840                    /lib/x86_64-linux-gnu/libdl-2.13.so
7ff5fdb04000-7ff5fdb05000 rw-p 00003000 08:05 1068840                    /lib/x86_64-linux-gnu/libdl-2.13.so
7ff5fdb05000-7ff5fdb09000 r-xp 00000000 08:05 920901                     /usr/lib/jvm/java-6-openjdk/jre/lib/amd64/jli/libjli.so
7ff5fdb09000-7ff5fdd08000 ---p 00004000 08:05 920901                     /usr/lib/jvm/java-6-openjdk/jre/lib/amd64/jli/libjli.so
7ff5fdd08000-7ff5fdd09000 r--p 00003000 08:05 920901                     /usr/lib/jvm/java-6-openjdk/jre/lib/amd64/jli/libjli.so
7ff5fdd09000-7ff5fdd0a000 rw-p 00004000 08:05 920901                     /usr/lib/jvm/java-6-openjdk/jre/lib/amd64/jli/libjli.so
7ff5fdd0a000-7ff5fdd22000 r-xp 00000000 08:05 1068847                    /lib/x86_64-linux-gnu/libpthread-2.13.so
7ff5fdd22000-7ff5fdf21000 ---p 00018000 08:05 1068847                    /lib/x86_64-linux-gnu/libpthread-2.13.so
7ff5fdf21000-7ff5fdf22000 r--p 00017000 08:05 1068847                    /lib/x86_64-linux-gnu/libpthread-2.13.so
7ff5fdf22000-7ff5fdf23000 rw-p 00018000 08:05 1068847                    /lib/x86_64-linux-gnu/libpthread-2.13.so
7ff5fdf23000-7ff5fdf27000 rw-p 00000000 00:00 0 
7ff5fdf27000-7ff5fdf48000 r-xp 00000000 08:05 1068846                    /lib/x86_64-linux-gnu/ld-2.13.so
7ff5fdf48000-7ff5fdf4e000 r--s 00040000 08:05 296149                     /opt/play-1.2.3/framework/lib/memcached-2.6.jar
7ff5fdf4e000-7ff5fdf50000 r--s 00001000 08:05 296143                     /opt/play-1.2.3/framework/lib/jsr107cache-1.0.jar
7ff5fdf50000-7ff5fdf54000 r--s 00027000 08:05 296122                     /opt/play-1.2.3/framework/lib/gson-1.7.1.jar
7ff5fdf54000-7ff5fdf59000 r--s 00020000 08:05 296137                     /opt/play-1.2.3/framework/lib/jj-imaging.jar
7ff5fdf59000-7ff5fdf5c000 r--s 0007d000 08:05 924457                     /usr/lib/jvm/java-6-openjdk/jre/lib/jsse.jar
7ff5fdf5c000-7ff5fdf67000 r--s 000b8000 08:05 296160                     /opt/play-1.2.3/framework/play-1.2.3.jar
7ff5fdf67000-7ff5fdf7e000 rw-p 00000000 00:00 0 
7ff5fdf7e000-7ff5fe027000 rw-p 00000000 00:00 0 
7ff5fe027000-7ff5fe02a000 ---p 00000000 00:00 0 
7ff5fe02a000-7ff5fe12d000 rw-p 00000000 00:00 0 
7ff5fe12d000-7ff5fe12e000 r--s 00002000 08:05 296157                     /opt/play-1.2.3/framework/lib/slf4j-log4j12-1.6.1.jar
7ff5fe12e000-7ff5fe130000 r--s 0000d000 08:05 296109                     /opt/play-1.2.3/framework/lib/commons-codec-1.4.jar
7ff5fe130000-7ff5fe131000 rw-p 00000000 00:00 0 
7ff5fe131000-7ff5fe133000 r--s 0000f000 08:05 924518                     /usr/lib/jvm/java-6-openjdk/jre/lib/ext/pulse-java.jar
7ff5fe133000-7ff5fe13b000 r--s 00066000 08:05 136034                     /usr/share/java/gnome-java-bridge.jar
7ff5fe13b000-7ff5fe143000 rw-s 00000000 08:05 790621                     /tmp/hsperfdata_pascal/21011
7ff5fe143000-7ff5fe144000 rw-p 00000000 00:00 0 
7ff5fe144000-7ff5fe145000 r--p 00000000 00:00 0 
7ff5fe145000-7ff5fe147000 rw-p 00000000 00:00 0 
7ff5fe147000-7ff5fe148000 r--p 00020000 08:05 1068846                    /lib/x86_64-linux-gnu/ld-2.13.so
7ff5fe148000-7ff5fe14a000 rw-p 00021000 08:05 1068846                    /lib/x86_64-linux-gnu/ld-2.13.so
7fff73587000-7fff735a9000 rw-p 00000000 00:00 0                          [stack]
7fff735ff000-7fff73600000 r-xp 00000000 00:00 0                          [vdso]
ffffffffff600000-ffffffffff601000 r-xp 00000000 00:00 0                  [vsyscall]

VM Arguments:
jvm_args: -Xdebug -Xrunjdwp:transport=dt_socket,address=0,server=y,suspend=n -Dplay.debug=yes -Dplay.id= -Dapplication.path=/home/pascal/workspace/codeboard-core -Djava.endorsed.dirs=/opt/play-1.2.3/framework/endorsed -javaagent:/opt/play-1.2.3/framework/play-1.2.3.jar -Dfile.encoding=UTF-8 
java_command: play.server.Server
Launcher Type: SUN_STANDARD

Environment Variables:
PATH=/home/pascal/bin:/usr/lib/lightdm/lightdm:/usr/local/sbin:/usr/local/bin:/usr/sbin:/usr/bin:/sbin:/bin:/usr/games:/opt/play
USERNAME=pascal
LD_LIBRARY_PATH=/usr/lib/jvm/java-6-openjdk/jre/lib/amd64/server:/usr/lib/jvm/java-6-openjdk/jre/lib/amd64:/usr/lib/jvm/java-6-openjdk/jre/../lib/amd64
SHELL=/bin/bash
DISPLAY=:0

Signal Handlers:
SIGSEGV: [libjvm.so+0x783e60], sa_mask[0]=0x7ffbfeff, sa_flags=0x10000004
SIGBUS: [libjvm.so+0x783e60], sa_mask[0]=0x7ffbfeff, sa_flags=0x10000004
SIGFPE: [libjvm.so+0x6485c0], sa_mask[0]=0x7ffbfeff, sa_flags=0x10000004
SIGPIPE: [libjvm.so+0x6485c0], sa_mask[0]=0x7ffbfeff, sa_flags=0x10000004
SIGXFSZ: [libjvm.so+0x6485c0], sa_mask[0]=0x7ffbfeff, sa_flags=0x10000004
SIGILL: [libjvm.so+0x6485c0], sa_mask[0]=0x7ffbfeff, sa_flags=0x10000004
SIGUSR1: SIG_DFL, sa_mask[0]=0x00000000, sa_flags=0x00000000
SIGUSR2: [libjvm.so+0x648770], sa_mask[0]=0x00000004, sa_flags=0x10000004
SIGHUP: [libjvm.so+0x64b280], sa_mask[0]=0x7ffbfeff, sa_flags=0x10000004
SIGINT: [libjvm.so+0x64b280], sa_mask[0]=0x7ffbfeff, sa_flags=0x10000004
SIGTERM: [libjvm.so+0x64b280], sa_mask[0]=0x7ffbfeff, sa_flags=0x10000004
SIGQUIT: [libjvm.so+0x64b280], sa_mask[0]=0x7ffbfeff, sa_flags=0x10000004


---------------  S Y S T E M  ---------------

OS:Ubuntu 11.10 (oneiric)
uname:Linux 3.0.0-12-generic #20-Ubuntu SMP Fri Oct 7 14:56:25 UTC 2011 x86_64
libc:glibc 2.13 NPTL 2.13 
rlimit: STACK 8192k, CORE 0k, NPROC 128386, NOFILE 4096, AS infinity
load average:0,00 0,05 0,08

/proc/meminfo:
MemTotal:       16449340 kB
MemFree:        10769412 kB
Buffers:          167068 kB
Cached:          2352100 kB
SwapCached:            0 kB
Active:          3661012 kB
Inactive:        1599460 kB
Active(anon):    2758888 kB
Inactive(anon):    38732 kB
Active(file):     902124 kB
Inactive(file):  1560728 kB
Unevictable:           0 kB
Mlocked:               0 kB
SwapTotal:      16755708 kB
SwapFree:       16755708 kB
Dirty:               304 kB
Writeback:             0 kB
AnonPages:       2741576 kB
Mapped:           231628 kB
Shmem:             56196 kB
Slab:             121896 kB
SReclaimable:      89304 kB
SUnreclaim:        32592 kB
KernelStack:        4928 kB
PageTables:        34444 kB
NFS_Unstable:          0 kB
Bounce:                0 kB
WritebackTmp:          0 kB
CommitLimit:    24980376 kB
Committed_AS:    5350028 kB
VmallocTotal:   34359738367 kB
VmallocUsed:      175284 kB
VmallocChunk:   34359558140 kB
HardwareCorrupted:     0 kB
AnonHugePages:         0 kB
HugePages_Total:       0
HugePages_Free:        0
HugePages_Rsvd:        0
HugePages_Surp:        0
Hugepagesize:       2048 kB
DirectMap4k:      155648 kB
DirectMap2M:    16605184 kB


CPU:total 8 (4 cores per cpu, 2 threads per core) family 6 model 42 stepping 7, cmov, cx8, fxsr, mmx, sse, sse2, sse3, ssse3, sse4.1, sse4.2, popcnt, ht

Memory: 4k page, physical 16449340k(10769412k free), swap 16755708k(16755708k free)

vm_info: OpenJDK 64-Bit Server VM (20.0-b11) for linux-amd64 JRE (1.6.0_23-b23), built on Oct 22 2011 01:00:57 by "buildd" with gcc 4.6.1

time: Fri Nov 25 23:44:22 2011
elapsed time: 2659 seconds

