#
# A fatal error has been detected by the Java Runtime Environment:
#
#  SIGSEGV (0xb) at pc=0x00007f389be1694e, pid=6212, tid=139880901326592
#
# JRE version: 6.0_23-b23
# Java VM: OpenJDK 64-Bit Server VM (20.0-b11 mixed mode linux-amd64 compressed oops)
# Derivative: IcedTea6 1.11pre
# Distribution: Ubuntu 11.10, package 6b23~pre11-0ubuntu1.11.10
# Problematic frame:
# V  [libjvm.so+0x5bc94e]  PhaseIdealLoop::build_loop_late_post(Node*)+0x14e
#
# If you would like to submit a bug report, please include
# instructions how to reproduce the bug and visit:
#   https://bugs.launchpad.net/ubuntu/+source/openjdk-6/
#

---------------  T H R E A D  ---------------

Current thread (0x00007f3890055000):  JavaThread "C2 CompilerThread0" daemon [_thread_in_native, id=6232, stack(0x00007f388f5f3000,0x00007f388f6f4000)]

siginfo:si_signo=SIGSEGV: si_errno=0, si_code=1 (SEGV_MAPERR), si_addr=0x0000000000000008

Registers:
RAX=0x0000000000000000, RBX=0x00007f388f6f0a30, RCX=0x00007f3892d22850, RDX=0x0000000000002000
RSP=0x00007f388f6ef270, RBP=0x00007f388f6ef2b0, RSI=0x00007f3889483d80, RDI=0x0000000000000000
R8 =0x00007f3889467cb0, R9 =0x00007f388f6f0a30, R10=0x00007f3889483d80, R11=0x0000000000000000
R12=0x00007f3888ea2d30, R13=0x00007f38885250b8, R14=0x00007f388f6f0a50, R15=0x00007f38881c8708
RIP=0x00007f389be1694e, EFLAGS=0x0000000000010287, CSGSFS=0x0100000000000033, ERR=0x0000000000000004
  TRAPNO=0x000000000000000e

Top of Stack: (sp=0x00007f388f6ef270)
0x00007f388f6ef270:   00007f3890de7bb8 00007f388f6ef550
0x00007f388f6ef280:   00007f388f6ef2b0 00007f388f6f0a30
0x00007f388f6ef290:   0000000000000002 00007f3888ea2d30
0x00007f388f6ef2a0:   00007f3888459438 00007f388f6ef550
0x00007f388f6ef2b0:   00007f388f6ef320 00007f389be16ebb
0x00007f388f6ef2c0:   00007f389086a170 00007f3800000100
0x00007f388f6ef2d0:   00007f3800000001 00007f388f6f13d0
0x00007f388f6ef2e0:   00007f388f6ef570 00007f388f6ef510
0x00007f388f6ef2f0:   0000000000001804 00007f388f6f0a30
0x00007f388f6ef300:   0000000000000007 0000000000000001
0x00007f388f6ef310:   0000000000000001 00007f389086a170
0x00007f388f6ef320:   00007f388f6ef5c0 00007f389be17a82
0x00007f388f6ef330:   00007f388864b518 00007f389086a100
0x00007f388f6ef340:   00007f388f6ef350 00007f388f6f0a50
0x00007f388f6ef350:   00007f388f6ef3b0 00007f389bc498ce
0x00007f388f6ef360:   000000000216e5d0 00007f38887461a8
0x00007f388f6ef370:   0000000000000000 000000000000000c
0x00007f388f6ef380:   000000000216e5d0 00007f38887461a8
0x00007f388f6ef390:   00007f389c3eb7e0 0000000000000004
0x00007f388f6ef3a0:   00007f388f6effd8 00007f388f6efff8
0x00007f388f6ef3b0:   00007f388f6ef3e0 00007f389be8a814
0x00007f388f6ef3c0:   00007f3888454240 00007f388f6ef4b0
0x00007f388f6ef3d0:   00007f388f6ef3e0 00007f389bb66402
0x00007f388f6ef3e0:   00007f388f6ef440 00007f389bccaea5
0x00007f388f6ef3f0:   00007f388847eaf0 00007f3890dac420
0x00007f388f6ef400:   00007f38884427a0 000000009bedf08d
0x00007f388f6ef410:   00007f388f6efff8 0000000000010040
0x00007f388f6ef420:   00007f388f6ef610 00007f388f6ef610
0x00007f388f6ef430:   00007f3890dac4d0 00007f3890dac468
0x00007f388f6ef440:   00007f388f6ef530 00007f3888000020
0x00007f388f6ef450:   00007f388f6ef4e0 0000000000010010
0x00007f388f6ef460:   00007f3890325900 0000000000010000 

Instructions: (pc=0x00007f389be1694e)
0x00007f389be1692e:   4c 39 e8 0f 84 ad 03 00 00 8b 70 28 49 89 c7 0f
0x00007f389be1693e:   1f 00 4c 8b 93 e0 09 00 00 49 8d 34 f2 48 8b 06
0x00007f389be1694e:   48 8b 50 08 48 83 3a 00 75 27 8b 4b 28 0f 1f 44
0x00007f389be1695e:   00 00 8b 50 28 31 c0 39 ca 73 0c 48 8b 43 30 48 

Register to memory mapping:

RAX=0x0000000000000000 is an unknown value
RBX=0x00007f388f6f0a30 is pointing into the stack for thread: 0x00007f3890055000
RCX=0x00007f3892d22850 is an unknown value
RDX=0x0000000000002000 is an unknown value
RSP=0x00007f388f6ef270 is pointing into the stack for thread: 0x00007f3890055000
RBP=0x00007f388f6ef2b0 is pointing into the stack for thread: 0x00007f3890055000
RSI=0x00007f3889483d80 is an unknown value
RDI=0x0000000000000000 is an unknown value
R8 =0x00007f3889467cb0 is an unknown value
R9 =0x00007f388f6f0a30 is pointing into the stack for thread: 0x00007f3890055000
R10=0x00007f3889483d80 is an unknown value
R11=0x0000000000000000 is an unknown value
R12=0x00007f3888ea2d30 is an unknown value
R13=0x00007f38885250b8 is an unknown value
R14=0x00007f388f6f0a50 is pointing into the stack for thread: 0x00007f3890055000
R15=0x00007f38881c8708 is an unknown value


Stack: [0x00007f388f5f3000,0x00007f388f6f4000],  sp=0x00007f388f6ef270,  free space=1008k
Native frames: (J=compiled Java code, j=interpreted, Vv=VM code, C=native code)
V  [libjvm.so+0x5bc94e]  PhaseIdealLoop::build_loop_late_post(Node*)+0x14e
V  [libjvm.so+0x5bcebb]  PhaseIdealLoop::build_loop_late(VectorSet&, Node_List&, Node_Stack&)+0x10b
V  [libjvm.so+0x5bda82]  PhaseIdealLoop::build_and_optimize(bool, bool)+0x692
V  [libjvm.so+0x37bc8a]  Compile::Optimize()+0xd2a
V  [libjvm.so+0x37c9f3]  Compile::Compile(ciEnv*, C2Compiler*, ciMethod*, int, bool, bool)+0xad3
V  [libjvm.so+0x3062d0]  C2Compiler::compile_method(ciEnv*, ciMethod*, int)+0xe0
V  [libjvm.so+0x3810d3]  CompileBroker::invoke_compiler_on_method(CompileTask*)+0x2a3
V  [libjvm.so+0x381a1b]  CompileBroker::compiler_thread_loop()+0x45b
V  [libjvm.so+0x74bca8]  JavaThread::thread_main_inner()+0x58
V  [libjvm.so+0x64bc22]  java_start(Thread*)+0x112


Current CompileTask:
C2:2399314 675      jregex.Pretokenizer.next()V (1064 bytes)


---------------  P R O C E S S  ---------------

Java Threads: ( => current thread )
  0x000000000226a000 JavaThread "net.sf.ehcache.CacheManager@27c43566" daemon [_thread_blocked, id=17102, stack(0x00007f388e906000,0x00007f388ea07000)]
  0x00007f389017a000 JavaThread "New I/O server worker #1-13" [_thread_in_native, id=17101, stack(0x00007f388e1fa000,0x00007f388e2fb000)]
  0x00007f3892e24800 JavaThread "com.mchange.v2.async.ThreadPoolAsynchronousRunner$PoolThread-#2" daemon [_thread_blocked, id=6244, stack(0x00007f388e2fb000,0x00007f388e3fc000)]
  0x00007f3890776800 JavaThread "com.mchange.v2.async.ThreadPoolAsynchronousRunner$PoolThread-#1" daemon [_thread_blocked, id=6243, stack(0x00007f388e3fc000,0x00007f388e4fd000)]
  0x00007f3892932000 JavaThread "com.mchange.v2.async.ThreadPoolAsynchronousRunner$PoolThread-#0" daemon [_thread_blocked, id=6242, stack(0x00007f388e4fd000,0x00007f388e5fe000)]
  0x00007f3892ec4800 JavaThread "Timer-0" daemon [_thread_blocked, id=6241, stack(0x00007f388e5fe000,0x00007f388e6ff000)]
  0x0000000002709000 JavaThread "play-thread-1" [_thread_in_Java, id=6239, stack(0x00007f388ea07000,0x00007f388eb08000)]
  0x000000000214d000 JavaThread "DestroyJavaVM" [_thread_blocked, id=6213, stack(0x00007f389d0fe000,0x00007f389d1ff000)]
  0x00000000024ae800 JavaThread "New I/O server boss #1 ([id: 0x319c0bd6, /0:0:0:0:0:0:0:0:9090])" [_thread_in_native, id=6236, stack(0x00007f388ec09000,0x00007f388ed0a000)]
  0x00007f389005a800 JavaThread "Low Memory Detector" daemon [_thread_blocked, id=6234, stack(0x00007f388f3f1000,0x00007f388f4f2000)]
  0x00007f3890058000 JavaThread "C2 CompilerThread1" daemon [_thread_in_native, id=6233, stack(0x00007f388f4f2000,0x00007f388f5f3000)]
=>0x00007f3890055000 JavaThread "C2 CompilerThread0" daemon [_thread_in_native, id=6232, stack(0x00007f388f5f3000,0x00007f388f6f4000)]
  0x00007f3890052800 JavaThread "JDWP Event Helper Thread" daemon [_thread_blocked, id=6231, stack(0x00007f388f6f4000,0x00007f388f7f5000)]
  0x00007f389004f000 JavaThread "JDWP Transport Listener: dt_socket" daemon [_thread_in_native, id=6230, stack(0x00007f388f7f5000,0x00007f388f8f6000)]
  0x00007f389001f000 JavaThread "Signal Dispatcher" daemon [_thread_blocked, id=6229, stack(0x00007f388fafb000,0x00007f388fbfc000)]
  0x00007f3890001000 JavaThread "Finalizer" daemon [_thread_blocked, id=6228, stack(0x00007f388fbfc000,0x00007f388fcfd000)]
  0x00000000021c3000 JavaThread "Reference Handler" daemon [_thread_blocked, id=6227, stack(0x00007f388fcfd000,0x00007f388fdfe000)]

Other Threads:
  0x00000000021bc000 VMThread [stack: 0x00007f388fdfe000,0x00007f388feff000] [id=6226]
  0x00007f389005d800 WatcherThread [stack: 0x00007f388f2f0000,0x00007f388f3f1000] [id=6235]

VM state:not at safepoint (normal execution)

VM Mutex/Monitor currently owned by a thread: None

Heap
 PSYoungGen      total 70464K, used 15558K [0x00000007ac560000, 0x00000007b18c0000, 0x0000000800000000)
  eden space 57856K, 20% used [0x00000007ac560000,0x00000007ad1198e0,0x00000007afde0000)
  from space 12608K, 28% used [0x00000007b0c70000,0x00000007b0fe8000,0x00000007b18c0000)
  to   space 13760K, 0% used [0x00000007afde0000,0x00000007afde0000,0x00000007b0b50000)
 PSOldGen        total 171392K, used 7718K [0x0000000705000000, 0x000000070f760000, 0x00000007ac560000)
  object space 171392K, 4% used [0x0000000705000000,0x0000000705789980,0x000000070f760000)
 PSPermGen       total 48512K, used 48430K [0x00000006faa00000, 0x00000006fd960000, 0x0000000705000000)
  object space 48512K, 99% used [0x00000006faa00000,0x00000006fd94ba00,0x00000006fd960000)

Code Cache  [0x00007f38960b3000, 0x00007f3896563000, 0x00007f38990b3000)
 total_blobs=1326 nmethods=659 adapters=628 free_code_cache=45519424 largest_free_block=32064

Dynamic libraries:
00400000-00409000 r-xp 00000000 08:05 920882                             /usr/lib/jvm/java-6-openjdk/jre/bin/java
00608000-00609000 r--p 00008000 08:05 920882                             /usr/lib/jvm/java-6-openjdk/jre/bin/java
00609000-0060a000 rw-p 00009000 08:05 920882                             /usr/lib/jvm/java-6-openjdk/jre/bin/java
0213d000-05321000 rw-p 00000000 00:00 0                                  [heap]
6faa00000-6fd960000 rw-p 00000000 00:00 0 
6fd960000-705000000 rw-p 00000000 00:00 0 
705000000-70f760000 rw-p 00000000 00:00 0 
70f760000-7ac560000 rw-p 00000000 00:00 0 
7ac560000-7b18c0000 rw-p 00000000 00:00 0 
7b18c0000-7b1cf0000 ---p 00000000 00:00 0 
7b1cf0000-800000000 rw-p 00000000 00:00 0 
7f3888000000-7f388b56d000 rw-p 00000000 00:00 0 
7f388b56d000-7f388c000000 ---p 00000000 00:00 0 
7f388ddf6000-7f388ddf9000 ---p 00000000 00:00 0 
7f388ddf9000-7f388def7000 rw-p 00000000 00:00 0 
7f388def7000-7f388defa000 ---p 00000000 00:00 0 
7f388defa000-7f388dff8000 rw-p 00000000 00:00 0 
7f388dff8000-7f388dffb000 ---p 00000000 00:00 0 
7f388dffb000-7f388e0f9000 rw-p 00000000 00:00 0 
7f388e0f9000-7f388e0fc000 ---p 00000000 00:00 0 
7f388e0fc000-7f388e1fa000 rw-p 00000000 00:00 0 
7f388e1fa000-7f388e1fd000 ---p 00000000 00:00 0 
7f388e1fd000-7f388e2fb000 rw-p 00000000 00:00 0 
7f388e2fb000-7f388e2fe000 ---p 00000000 00:00 0 
7f388e2fe000-7f388e3fc000 rw-p 00000000 00:00 0 
7f388e3fc000-7f388e3ff000 ---p 00000000 00:00 0 
7f388e3ff000-7f388e4fd000 rw-p 00000000 00:00 0 
7f388e4fd000-7f388e500000 ---p 00000000 00:00 0 
7f388e500000-7f388e5fe000 rw-p 00000000 00:00 0 
7f388e5fe000-7f388e601000 ---p 00000000 00:00 0 
7f388e601000-7f388e6ff000 rw-p 00000000 00:00 0 
7f388e6ff000-7f388e705000 r-xp 00000000 08:05 924543                     /usr/lib/jvm/java-6-openjdk/jre/lib/amd64/libmanagement.so
7f388e705000-7f388e904000 ---p 00006000 08:05 924543                     /usr/lib/jvm/java-6-openjdk/jre/lib/amd64/libmanagement.so
7f388e904000-7f388e905000 r--p 00005000 08:05 924543                     /usr/lib/jvm/java-6-openjdk/jre/lib/amd64/libmanagement.so
7f388e905000-7f388e906000 rw-p 00006000 08:05 924543                     /usr/lib/jvm/java-6-openjdk/jre/lib/amd64/libmanagement.so
7f388e906000-7f388e909000 ---p 00000000 00:00 0 
7f388e909000-7f388ea07000 rw-p 00000000 00:00 0 
7f388ea07000-7f388ea0a000 ---p 00000000 00:00 0 
7f388ea0a000-7f388eb08000 rw-p 00000000 00:00 0 
7f388eb08000-7f388eb0b000 ---p 00000000 00:00 0 
7f388eb0b000-7f388ec09000 rw-p 00000000 00:00 0 
7f388ec09000-7f388ec0c000 ---p 00000000 00:00 0 
7f388ec0c000-7f388ed0a000 rw-p 00000000 00:00 0 
7f388ed0a000-7f388ed12000 r-xp 00000000 08:05 920896                     /usr/lib/jvm/java-6-openjdk/jre/lib/amd64/libnio.so
7f388ed12000-7f388ef11000 ---p 00008000 08:05 920896                     /usr/lib/jvm/java-6-openjdk/jre/lib/amd64/libnio.so
7f388ef11000-7f388ef12000 r--p 00007000 08:05 920896                     /usr/lib/jvm/java-6-openjdk/jre/lib/amd64/libnio.so
7f388ef12000-7f388ef13000 rw-p 00008000 08:05 920896                     /usr/lib/jvm/java-6-openjdk/jre/lib/amd64/libnio.so
7f388ef13000-7f388ef28000 r-xp 00000000 08:05 920905                     /usr/lib/jvm/java-6-openjdk/jre/lib/amd64/libnet.so
7f388ef28000-7f388f127000 ---p 00015000 08:05 920905                     /usr/lib/jvm/java-6-openjdk/jre/lib/amd64/libnet.so
7f388f127000-7f388f128000 r--p 00014000 08:05 920905                     /usr/lib/jvm/java-6-openjdk/jre/lib/amd64/libnet.so
7f388f128000-7f388f129000 rw-p 00015000 08:05 920905                     /usr/lib/jvm/java-6-openjdk/jre/lib/amd64/libnet.so
7f388f212000-7f388f221000 r--s 00074000 08:05 296141                     /opt/play-1.2.3/framework/lib/joda-time-1.6.jar
7f388f221000-7f388f227000 r--s 00038000 08:05 296158                     /opt/play-1.2.3/framework/lib/snakeyaml-1.7.jar
7f388f227000-7f388f22e000 r--s 0006a000 08:05 296148                     /opt/play-1.2.3/framework/lib/mail-1.4.3.jar
7f388f22e000-7f388f230000 r--s 0000c000 08:05 296101                     /opt/play-1.2.3/framework/lib/activation-1.1.1.jar
7f388f230000-7f388f23b000 r--s 00124000 08:05 296123                     /opt/play-1.2.3/framework/lib/h2-1.3.149.jar
7f388f23b000-7f388f23e000 r--s 00024000 08:05 296113                     /opt/play-1.2.3/framework/lib/commons-io-2.0.1.jar
7f388f23e000-7f388f240000 r--s 0000b000 08:05 296139                     /opt/play-1.2.3/framework/lib/jj-textile.jar
7f388f240000-7f388f245000 r--s 00048000 08:05 296117                     /opt/play-1.2.3/framework/lib/dom4j-1.6.1.jar
7f388f245000-7f388f248000 r--s 00011000 08:05 296119                     /opt/play-1.2.3/framework/lib/ezmorph-1.0.3.jar
7f388f248000-7f388f24b000 r--s 0000f000 08:05 296120                     /opt/play-1.2.3/framework/lib/geronimo-servlet_2.5_spec-1.2.jar
7f388f24b000-7f388f24d000 r--s 00002000 08:05 296144                     /opt/play-1.2.3/framework/lib/jta-1.1.jar
7f388f24d000-7f388f255000 r--s 0008a000 08:05 296134                     /opt/play-1.2.3/framework/lib/javassist-3.9.0.GA.jar
7f388f255000-7f388f25e000 r--s 0005d000 08:05 296129                     /opt/play-1.2.3/framework/lib/hibernate-entitymanager-3.6.0.Final.jar
7f388f25e000-7f388f261000 r--s 00022000 08:05 296133                     /opt/play-1.2.3/framework/lib/jamon-2.7.jar
7f388f261000-7f388f268000 r--s 00059000 08:05 296147                     /opt/play-1.2.3/framework/lib/log4j-1.2.15.jar
7f388f268000-7f388f28d000 r--s 00172000 08:05 296105                     /opt/play-1.2.3/framework/lib/bcprov-jdk15-1.45.jar
7f388f28d000-7f388f29c000 r--s 000b2000 08:05 296151                     /opt/play-1.2.3/framework/lib/netty-3.2.4.Final.jar
7f388f29c000-7f388f2f0000 r--s 00516000 08:05 296121                     /opt/play-1.2.3/framework/lib/groovy-all-1.7.7.jar
7f388f2f0000-7f388f2f1000 ---p 00000000 00:00 0 
7f388f2f1000-7f388f3f1000 rw-p 00000000 00:00 0 
7f388f3f1000-7f388f3f4000 ---p 00000000 00:00 0 
7f388f3f4000-7f388f4f2000 rw-p 00000000 00:00 0 
7f388f4f2000-7f388f4f5000 ---p 00000000 00:00 0 
7f388f4f5000-7f388f5f3000 rw-p 00000000 00:00 0 
7f388f5f3000-7f388f5f6000 ---p 00000000 00:00 0 
7f388f5f6000-7f388f6f4000 rw-p 00000000 00:00 0 
7f388f6f4000-7f388f6f7000 ---p 00000000 00:00 0 
7f388f6f7000-7f388f7f5000 rw-p 00000000 00:00 0 
7f388f7f5000-7f388f7f8000 ---p 00000000 00:00 0 
7f388f7f8000-7f388f8f6000 rw-p 00000000 00:00 0 
7f388f8f6000-7f388f8fa000 r-xp 00000000 08:05 920894                     /usr/lib/jvm/java-6-openjdk/jre/lib/amd64/libdt_socket.so
7f388f8fa000-7f388faf9000 ---p 00004000 08:05 920894                     /usr/lib/jvm/java-6-openjdk/jre/lib/amd64/libdt_socket.so
7f388faf9000-7f388fafa000 r--p 00003000 08:05 920894                     /usr/lib/jvm/java-6-openjdk/jre/lib/amd64/libdt_socket.so
7f388fafa000-7f388fafb000 rw-p 00004000 08:05 920894                     /usr/lib/jvm/java-6-openjdk/jre/lib/amd64/libdt_socket.so
7f388fafb000-7f388fafe000 ---p 00000000 00:00 0 
7f388fafe000-7f388fbfc000 rw-p 00000000 00:00 0 
7f388fbfc000-7f388fbff000 ---p 00000000 00:00 0 
7f388fbff000-7f388fcfd000 rw-p 00000000 00:00 0 
7f388fcfd000-7f388fd00000 ---p 00000000 00:00 0 
7f388fd00000-7f388fdfe000 rw-p 00000000 00:00 0 
7f388fdfe000-7f388fdff000 ---p 00000000 00:00 0 
7f388fdff000-7f3890000000 rw-p 00000000 00:00 0 
7f3890000000-7f3893a25000 rw-p 00000000 00:00 0 
7f3893a25000-7f3894000000 ---p 00000000 00:00 0 
7f3894000000-7f3894003000 r--s 00031000 08:05 924515                     /usr/lib/jvm/java-6-openjdk/jre/lib/ext/sunjce_provider.jar
7f3894003000-7f3894005000 r--s 00013000 08:05 924465                     /usr/lib/jvm/java-6-openjdk/jre/lib/jce.jar
7f3894005000-7f3894006000 r--s 00007000 08:05 296111                     /opt/play-1.2.3/framework/lib/commons-email-1.2.jar
7f3894006000-7f389400b000 r--s 00014000 08:05 296131                     /opt/play-1.2.3/framework/lib/hibernate-jpa-2.0-api-1.0.0.Final.jar
7f389400b000-7f389400d000 r--s 00015000 08:05 296142                     /opt/play-1.2.3/framework/lib/jregex-1.2_01.jar
7f389400d000-7f3894013000 r--s 00032000 08:05 296136                     /opt/play-1.2.3/framework/lib/jaxen-1.1.jar
7f3894013000-7f389401a000 r--s 00038000 08:05 296140                     /opt/play-1.2.3/framework/lib/jj-wikitext.jar
7f389401a000-7f3894029000 r--s 000d9000 08:05 296132                     /opt/play-1.2.3/framework/lib/ivy-2.2.0.jar
7f3894029000-7f389402f000 r--s 00034000 08:05 296145                     /opt/play-1.2.3/framework/lib/junit-4.8.1.jar
7f389402f000-7f3894039000 r--s 0006f000 08:05 296118                     /opt/play-1.2.3/framework/lib/ehcache-core-2.0.0.jar
7f3894039000-7f389403b000 r--s 00008000 08:05 296155                     /opt/play-1.2.3/framework/lib/signpost-core-1.2.jar
7f389403b000-7f389403d000 r--s 0000e000 08:05 296114                     /opt/play-1.2.3/framework/lib/commons-javaflow-1066591.jar
7f389403d000-7f3894043000 r--s 0007e000 08:05 296154                     /opt/play-1.2.3/framework/lib/postgresql-9.0.jar
7f3894043000-7f3894045000 r--s 0000d000 08:05 296116                     /opt/play-1.2.3/framework/lib/commons-logging-1.1.1.jar
7f3894045000-7f3894046000 r--s 00000000 08:05 296135                     /opt/play-1.2.3/framework/lib/javax.inject-1.0.jar
7f3894046000-7f389404c000 r--s 00067000 08:05 296102                     /opt/play-1.2.3/framework/lib/antlr-2.7.6.jar
7f389404c000-7f3894052000 r--s 00049000 08:05 296104                     /opt/play-1.2.3/framework/lib/async-http-client-1.6.3.jar
7f3894052000-7f3894059000 r--s 000b7000 08:05 296150                     /opt/play-1.2.3/framework/lib/mysql-connector-java-5.1.13.jar
7f3894059000-7f389405c000 r--s 0000f000 08:05 296125                     /opt/play-1.2.3/framework/lib/hibernate-commons-annotations-3.2.0.Final.jar
7f389405c000-7f389405e000 r--s 0000d000 08:05 296112                     /opt/play-1.2.3/framework/lib/commons-fileupload-1.2.2.jar
7f389405e000-7f3894064000 r--s 00049000 08:05 296107                     /opt/play-1.2.3/framework/lib/cglib-nodep-2.2.jar
7f3894064000-7f3894072000 r--s 0007f000 08:05 296110                     /opt/play-1.2.3/framework/lib/commons-collections-3.2.1.jar
7f3894072000-7f389407d000 r--s 0005a000 08:05 296159                     /opt/play-1.2.3/framework/lib/xstream-1.3.jar
7f389407d000-7f3894084000 r--s 00049000 08:05 296153                     /opt/play-1.2.3/framework/lib/oval-1.50.jar
7f3894084000-7f3894086000 r--s 00005000 08:05 296156                     /opt/play-1.2.3/framework/lib/slf4j-api-1.6.1.jar
7f3894086000-7f389408b000 r--s 00041000 08:05 296115                     /opt/play-1.2.3/framework/lib/commons-lang-2.6.jar
7f389408b000-7f3894096000 r--s 0008b000 08:05 296106                     /opt/play-1.2.3/framework/lib/c3p0-0.9.1.2.jar
7f3894096000-7f38940bf000 r--s 00403000 08:05 296152                     /opt/play-1.2.3/framework/lib/org.eclipse.jdt.core-3.6.0.jar
7f38940bf000-7f38940f1000 r--s 002c7000 08:05 296127                     /opt/play-1.2.3/framework/lib/hibernate-core-3.6.1.Final.jar
7f38940f1000-7f38940f6000 r--s 00034000 08:05 296108                     /opt/play-1.2.3/framework/lib/commons-beanutils-1.8.3.jar
7f38940f6000-7f38940fb000 r--s 0002e000 08:05 296103                     /opt/play-1.2.3/framework/lib/asm-all-3.3.1.jar
7f38940fb000-7f38940fd000 r--s 00015000 08:05 296138                     /opt/play-1.2.3/framework/lib/jj-simplecaptcha.jar
7f38940fd000-7f3894938000 rw-p 00000000 00:00 0 
7f3894938000-7f3894ac9000 r--s 037b8000 08:05 924546                     /usr/lib/jvm/java-6-openjdk/jre/lib/rt.jar
7f3894ac9000-7f3894af1000 rw-p 00000000 00:00 0 
7f3894af1000-7f3894af2000 ---p 00000000 00:00 0 
7f3894af2000-7f3894bf2000 rw-p 00000000 00:00 0 
7f3894bf2000-7f3894bf3000 ---p 00000000 00:00 0 
7f3894bf3000-7f3894cf3000 rw-p 00000000 00:00 0 
7f3894cf3000-7f3894cf4000 ---p 00000000 00:00 0 
7f3894cf4000-7f3894df4000 rw-p 00000000 00:00 0 
7f3894df4000-7f3894df5000 ---p 00000000 00:00 0 
7f3894df5000-7f3894ef5000 rw-p 00000000 00:00 0 
7f3894ef5000-7f3894ef6000 ---p 00000000 00:00 0 
7f3894ef6000-7f3894ff6000 rw-p 00000000 00:00 0 
7f3894ff6000-7f3894ff7000 ---p 00000000 00:00 0 
7f3894ff7000-7f38950f7000 rw-p 00000000 00:00 0 
7f38950f7000-7f38950f8000 ---p 00000000 00:00 0 
7f38950f8000-7f38951f8000 rw-p 00000000 00:00 0 
7f38951f8000-7f38951f9000 ---p 00000000 00:00 0 
7f38951f9000-7f3895311000 rw-p 00000000 00:00 0 
7f3895311000-7f389534c000 rw-p 00000000 00:00 0 
7f389534c000-7f38953a0000 rw-p 00000000 00:00 0 
7f38953a0000-7f3895887000 rw-p 00000000 00:00 0 
7f3895887000-7f389589f000 rw-p 00000000 00:00 0 
7f389589f000-7f38958da000 rw-p 00000000 00:00 0 
7f38958da000-7f389592e000 rw-p 00000000 00:00 0 
7f389592e000-7f3895e14000 rw-p 00000000 00:00 0 
7f3895e14000-7f3895e3f000 rw-p 00000000 00:00 0 
7f3895e3f000-7f3895e41000 ---p 00000000 00:00 0 
7f3895e41000-7f38960b2000 rw-p 00000000 00:00 0 
7f38960b2000-7f38960b3000 rw-p 00000000 00:00 0 
7f38960b3000-7f3896563000 rwxp 00000000 00:00 0 
7f3896563000-7f38990b3000 rw-p 00000000 00:00 0 
7f38990b3000-7f38990ba000 r-xp 00000000 08:05 924533                     /usr/lib/jvm/java-6-openjdk/jre/lib/amd64/libzip.so
7f38990ba000-7f38992b9000 ---p 00007000 08:05 924533                     /usr/lib/jvm/java-6-openjdk/jre/lib/amd64/libzip.so
7f38992b9000-7f38992ba000 r--p 00006000 08:05 924533                     /usr/lib/jvm/java-6-openjdk/jre/lib/amd64/libzip.so
7f38992ba000-7f38992bb000 rw-p 00007000 08:05 924533                     /usr/lib/jvm/java-6-openjdk/jre/lib/amd64/libzip.so
7f38992bb000-7f38992c7000 r-xp 00000000 08:05 1068842                    /lib/x86_64-linux-gnu/libnss_files-2.13.so
7f38992c7000-7f38994c6000 ---p 0000c000 08:05 1068842                    /lib/x86_64-linux-gnu/libnss_files-2.13.so
7f38994c6000-7f38994c7000 r--p 0000b000 08:05 1068842                    /lib/x86_64-linux-gnu/libnss_files-2.13.so
7f38994c7000-7f38994c8000 rw-p 0000c000 08:05 1068842                    /lib/x86_64-linux-gnu/libnss_files-2.13.so
7f38994c8000-7f38994d2000 r-xp 00000000 08:05 1068848                    /lib/x86_64-linux-gnu/libnss_nis-2.13.so
7f38994d2000-7f38996d2000 ---p 0000a000 08:05 1068848                    /lib/x86_64-linux-gnu/libnss_nis-2.13.so
7f38996d2000-7f38996d3000 r--p 0000a000 08:05 1068848                    /lib/x86_64-linux-gnu/libnss_nis-2.13.so
7f38996d3000-7f38996d4000 rw-p 0000b000 08:05 1068848                    /lib/x86_64-linux-gnu/libnss_nis-2.13.so
7f38996d4000-7f38996eb000 r-xp 00000000 08:05 1068837                    /lib/x86_64-linux-gnu/libnsl-2.13.so
7f38996eb000-7f38998ea000 ---p 00017000 08:05 1068837                    /lib/x86_64-linux-gnu/libnsl-2.13.so
7f38998ea000-7f38998eb000 r--p 00016000 08:05 1068837                    /lib/x86_64-linux-gnu/libnsl-2.13.so
7f38998eb000-7f38998ec000 rw-p 00017000 08:05 1068837                    /lib/x86_64-linux-gnu/libnsl-2.13.so
7f38998ec000-7f38998ee000 rw-p 00000000 00:00 0 
7f38998ee000-7f38998f6000 r-xp 00000000 08:05 1068834                    /lib/x86_64-linux-gnu/libnss_compat-2.13.so
7f38998f6000-7f3899af5000 ---p 00008000 08:05 1068834                    /lib/x86_64-linux-gnu/libnss_compat-2.13.so
7f3899af5000-7f3899af6000 r--p 00007000 08:05 1068834                    /lib/x86_64-linux-gnu/libnss_compat-2.13.so
7f3899af6000-7f3899af7000 rw-p 00008000 08:05 1068834                    /lib/x86_64-linux-gnu/libnss_compat-2.13.so
7f3899af7000-7f389a428000 r--p 00000000 08:05 922981                     /usr/lib/locale/locale-archive
7f389a428000-7f389a42b000 r-xp 00000000 08:05 920914                     /usr/lib/jvm/java-6-openjdk/jre/lib/amd64/libnpt.so
7f389a42b000-7f389a62a000 ---p 00003000 08:05 920914                     /usr/lib/jvm/java-6-openjdk/jre/lib/amd64/libnpt.so
7f389a62a000-7f389a62b000 r--p 00002000 08:05 920914                     /usr/lib/jvm/java-6-openjdk/jre/lib/amd64/libnpt.so
7f389a62b000-7f389a62c000 rw-p 00003000 08:05 920914                     /usr/lib/jvm/java-6-openjdk/jre/lib/amd64/libnpt.so
7f389a62c000-7f389a635000 r-xp 00000000 08:05 924528                     /usr/lib/jvm/java-6-openjdk/jre/lib/amd64/libinstrument.so
7f389a635000-7f389a835000 ---p 00009000 08:05 924528                     /usr/lib/jvm/java-6-openjdk/jre/lib/amd64/libinstrument.so
7f389a835000-7f389a836000 r--p 00009000 08:05 924528                     /usr/lib/jvm/java-6-openjdk/jre/lib/amd64/libinstrument.so
7f389a836000-7f389a837000 rw-p 0000a000 08:05 924528                     /usr/lib/jvm/java-6-openjdk/jre/lib/amd64/libinstrument.so
7f389a837000-7f389a871000 r-xp 00000000 08:05 920913                     /usr/lib/jvm/java-6-openjdk/jre/lib/amd64/libjdwp.so
7f389a871000-7f389aa70000 ---p 0003a000 08:05 920913                     /usr/lib/jvm/java-6-openjdk/jre/lib/amd64/libjdwp.so
7f389aa70000-7f389aa71000 r--p 00039000 08:05 920913                     /usr/lib/jvm/java-6-openjdk/jre/lib/amd64/libjdwp.so
7f389aa71000-7f389aa72000 rw-p 0003a000 08:05 920913                     /usr/lib/jvm/java-6-openjdk/jre/lib/amd64/libjdwp.so
7f389aa72000-7f389aa9e000 r-xp 00000000 08:05 924532                     /usr/lib/jvm/java-6-openjdk/jre/lib/amd64/libjava.so
7f389aa9e000-7f389ac9d000 ---p 0002c000 08:05 924532                     /usr/lib/jvm/java-6-openjdk/jre/lib/amd64/libjava.so
7f389ac9d000-7f389ac9e000 r--p 0002b000 08:05 924532                     /usr/lib/jvm/java-6-openjdk/jre/lib/amd64/libjava.so
7f389ac9e000-7f389aca1000 rw-p 0002c000 08:05 924532                     /usr/lib/jvm/java-6-openjdk/jre/lib/amd64/libjava.so
7f389aca1000-7f389acaf000 r-xp 00000000 08:05 920904                     /usr/lib/jvm/java-6-openjdk/jre/lib/amd64/libverify.so
7f389acaf000-7f389aeae000 ---p 0000e000 08:05 920904                     /usr/lib/jvm/java-6-openjdk/jre/lib/amd64/libverify.so
7f389aeae000-7f389aeb0000 r--p 0000d000 08:05 920904                     /usr/lib/jvm/java-6-openjdk/jre/lib/amd64/libverify.so
7f389aeb0000-7f389aeb1000 rw-p 0000f000 08:05 920904                     /usr/lib/jvm/java-6-openjdk/jre/lib/amd64/libverify.so
7f389aeb1000-7f389aeb8000 r-xp 00000000 08:05 1044505                    /lib/x86_64-linux-gnu/librt-2.13.so
7f389aeb8000-7f389b0b7000 ---p 00007000 08:05 1044505                    /lib/x86_64-linux-gnu/librt-2.13.so
7f389b0b7000-7f389b0b8000 r--p 00006000 08:05 1044505                    /lib/x86_64-linux-gnu/librt-2.13.so
7f389b0b8000-7f389b0b9000 rw-p 00007000 08:05 1044505                    /lib/x86_64-linux-gnu/librt-2.13.so
7f389b0b9000-7f389b0ce000 r-xp 00000000 08:05 1068525                    /lib/x86_64-linux-gnu/libgcc_s.so.1
7f389b0ce000-7f389b2cd000 ---p 00015000 08:05 1068525                    /lib/x86_64-linux-gnu/libgcc_s.so.1
7f389b2cd000-7f389b2ce000 r--p 00014000 08:05 1068525                    /lib/x86_64-linux-gnu/libgcc_s.so.1
7f389b2ce000-7f389b2cf000 rw-p 00015000 08:05 1068525                    /lib/x86_64-linux-gnu/libgcc_s.so.1
7f389b2cf000-7f389b352000 r-xp 00000000 08:05 1068849                    /lib/x86_64-linux-gnu/libm-2.13.so
7f389b352000-7f389b551000 ---p 00083000 08:05 1068849                    /lib/x86_64-linux-gnu/libm-2.13.so
7f389b551000-7f389b552000 r--p 00082000 08:05 1068849                    /lib/x86_64-linux-gnu/libm-2.13.so
7f389b552000-7f389b553000 rw-p 00083000 08:05 1068849                    /lib/x86_64-linux-gnu/libm-2.13.so
7f389b553000-7f389b63b000 r-xp 00000000 08:05 914676                     /usr/lib/x86_64-linux-gnu/libstdc++.so.6.0.16
7f389b63b000-7f389b83b000 ---p 000e8000 08:05 914676                     /usr/lib/x86_64-linux-gnu/libstdc++.so.6.0.16
7f389b83b000-7f389b843000 r--p 000e8000 08:05 914676                     /usr/lib/x86_64-linux-gnu/libstdc++.so.6.0.16
7f389b843000-7f389b845000 rw-p 000f0000 08:05 914676                     /usr/lib/x86_64-linux-gnu/libstdc++.so.6.0.16
7f389b845000-7f389b85a000 rw-p 00000000 00:00 0 
7f389b85a000-7f389c15d000 r-xp 00000000 08:05 924535                     /usr/lib/jvm/java-6-openjdk/jre/lib/amd64/server/libjvm.so
7f389c15d000-7f389c35c000 ---p 00903000 08:05 924535                     /usr/lib/jvm/java-6-openjdk/jre/lib/amd64/server/libjvm.so
7f389c35c000-7f389c3dd000 r--p 00902000 08:05 924535                     /usr/lib/jvm/java-6-openjdk/jre/lib/amd64/server/libjvm.so
7f389c3dd000-7f389c3f8000 rw-p 00983000 08:05 924535                     /usr/lib/jvm/java-6-openjdk/jre/lib/amd64/server/libjvm.so
7f389c3f8000-7f389c421000 rw-p 00000000 00:00 0 
7f389c421000-7f389c438000 r-xp 00000000 08:05 1048733                    /lib/x86_64-linux-gnu/libz.so.1.2.3.4
7f389c438000-7f389c637000 ---p 00017000 08:05 1048733                    /lib/x86_64-linux-gnu/libz.so.1.2.3.4
7f389c637000-7f389c638000 r--p 00016000 08:05 1048733                    /lib/x86_64-linux-gnu/libz.so.1.2.3.4
7f389c638000-7f389c639000 rw-p 00017000 08:05 1048733                    /lib/x86_64-linux-gnu/libz.so.1.2.3.4
7f389c639000-7f389c7ce000 r-xp 00000000 08:05 1068839                    /lib/x86_64-linux-gnu/libc-2.13.so
7f389c7ce000-7f389c9cd000 ---p 00195000 08:05 1068839                    /lib/x86_64-linux-gnu/libc-2.13.so
7f389c9cd000-7f389c9d1000 r--p 00194000 08:05 1068839                    /lib/x86_64-linux-gnu/libc-2.13.so
7f389c9d1000-7f389c9d2000 rw-p 00198000 08:05 1068839                    /lib/x86_64-linux-gnu/libc-2.13.so
7f389c9d2000-7f389c9d8000 rw-p 00000000 00:00 0 
7f389c9d8000-7f389c9da000 r-xp 00000000 08:05 1068840                    /lib/x86_64-linux-gnu/libdl-2.13.so
7f389c9da000-7f389cbda000 ---p 00002000 08:05 1068840                    /lib/x86_64-linux-gnu/libdl-2.13.so
7f389cbda000-7f389cbdb000 r--p 00002000 08:05 1068840                    /lib/x86_64-linux-gnu/libdl-2.13.so
7f389cbdb000-7f389cbdc000 rw-p 00003000 08:05 1068840                    /lib/x86_64-linux-gnu/libdl-2.13.so
7f389cbdc000-7f389cbe0000 r-xp 00000000 08:05 920901                     /usr/lib/jvm/java-6-openjdk/jre/lib/amd64/jli/libjli.so
7f389cbe0000-7f389cddf000 ---p 00004000 08:05 920901                     /usr/lib/jvm/java-6-openjdk/jre/lib/amd64/jli/libjli.so
7f389cddf000-7f389cde0000 r--p 00003000 08:05 920901                     /usr/lib/jvm/java-6-openjdk/jre/lib/amd64/jli/libjli.so
7f389cde0000-7f389cde1000 rw-p 00004000 08:05 920901                     /usr/lib/jvm/java-6-openjdk/jre/lib/amd64/jli/libjli.so
7f389cde1000-7f389cdf9000 r-xp 00000000 08:05 1068847                    /lib/x86_64-linux-gnu/libpthread-2.13.so
7f389cdf9000-7f389cff8000 ---p 00018000 08:05 1068847                    /lib/x86_64-linux-gnu/libpthread-2.13.so
7f389cff8000-7f389cff9000 r--p 00017000 08:05 1068847                    /lib/x86_64-linux-gnu/libpthread-2.13.so
7f389cff9000-7f389cffa000 rw-p 00018000 08:05 1068847                    /lib/x86_64-linux-gnu/libpthread-2.13.so
7f389cffa000-7f389cffe000 rw-p 00000000 00:00 0 
7f389cffe000-7f389d01f000 r-xp 00000000 08:05 1068846                    /lib/x86_64-linux-gnu/ld-2.13.so
7f389d01f000-7f389d025000 r--s 00040000 08:05 296149                     /opt/play-1.2.3/framework/lib/memcached-2.6.jar
7f389d025000-7f389d027000 r--s 00001000 08:05 296143                     /opt/play-1.2.3/framework/lib/jsr107cache-1.0.jar
7f389d027000-7f389d02b000 r--s 00027000 08:05 296122                     /opt/play-1.2.3/framework/lib/gson-1.7.1.jar
7f389d02b000-7f389d030000 r--s 00020000 08:05 296137                     /opt/play-1.2.3/framework/lib/jj-imaging.jar
7f389d030000-7f389d033000 r--s 0007d000 08:05 924457                     /usr/lib/jvm/java-6-openjdk/jre/lib/jsse.jar
7f389d033000-7f389d03e000 r--s 000b8000 08:05 296160                     /opt/play-1.2.3/framework/play-1.2.3.jar
7f389d03e000-7f389d051000 rw-p 00000000 00:00 0 
7f389d051000-7f389d0fe000 rw-p 00000000 00:00 0 
7f389d0fe000-7f389d101000 ---p 00000000 00:00 0 
7f389d101000-7f389d204000 rw-p 00000000 00:00 0 
7f389d204000-7f389d205000 r--s 00002000 08:05 296157                     /opt/play-1.2.3/framework/lib/slf4j-log4j12-1.6.1.jar
7f389d205000-7f389d207000 r--s 0000d000 08:05 296109                     /opt/play-1.2.3/framework/lib/commons-codec-1.4.jar
7f389d207000-7f389d208000 rw-p 00000000 00:00 0 
7f389d208000-7f389d20a000 r--s 0000f000 08:05 924518                     /usr/lib/jvm/java-6-openjdk/jre/lib/ext/pulse-java.jar
7f389d20a000-7f389d212000 r--s 00066000 08:05 136034                     /usr/share/java/gnome-java-bridge.jar
7f389d212000-7f389d21a000 rw-s 00000000 08:05 785207                     /tmp/hsperfdata_pascal/6212
7f389d21a000-7f389d21b000 rw-p 00000000 00:00 0 
7f389d21b000-7f389d21c000 r--p 00000000 00:00 0 
7f389d21c000-7f389d21e000 rw-p 00000000 00:00 0 
7f389d21e000-7f389d21f000 r--p 00020000 08:05 1068846                    /lib/x86_64-linux-gnu/ld-2.13.so
7f389d21f000-7f389d221000 rw-p 00021000 08:05 1068846                    /lib/x86_64-linux-gnu/ld-2.13.so
7fff1c0fc000-7fff1c11e000 rw-p 00000000 00:00 0                          [stack]
7fff1c1ff000-7fff1c200000 r-xp 00000000 00:00 0                          [vdso]
ffffffffff600000-ffffffffff601000 r-xp 00000000 00:00 0                  [vsyscall]

VM Arguments:
jvm_args: -Xdebug -Xrunjdwp:transport=dt_socket,address=0,server=y,suspend=n -Dplay.debug=yes -Dplay.id= -Dapplication.path=/home/pascal/workspace/codeboard-core -Djava.endorsed.dirs=/opt/play-1.2.3/framework/endorsed -javaagent:/opt/play-1.2.3/framework/play-1.2.3.jar -Dfile.encoding=UTF-8 
java_command: play.server.Server
Launcher Type: SUN_STANDARD

Environment Variables:
PATH=/home/pascal/bin:/usr/lib/lightdm/lightdm:/usr/local/sbin:/usr/local/bin:/usr/sbin:/usr/bin:/sbin:/bin:/usr/games:/opt/play
USERNAME=pascal
LD_LIBRARY_PATH=/usr/lib/jvm/java-6-openjdk/jre/lib/amd64/server:/usr/lib/jvm/java-6-openjdk/jre/lib/amd64:/usr/lib/jvm/java-6-openjdk/jre/../lib/amd64
SHELL=/bin/bash
DISPLAY=:0

Signal Handlers:
SIGSEGV: [libjvm.so+0x783e60], sa_mask[0]=0x7ffbfeff, sa_flags=0x10000004
SIGBUS: [libjvm.so+0x783e60], sa_mask[0]=0x7ffbfeff, sa_flags=0x10000004
SIGFPE: [libjvm.so+0x6485c0], sa_mask[0]=0x7ffbfeff, sa_flags=0x10000004
SIGPIPE: [libjvm.so+0x6485c0], sa_mask[0]=0x7ffbfeff, sa_flags=0x10000004
SIGXFSZ: [libjvm.so+0x6485c0], sa_mask[0]=0x7ffbfeff, sa_flags=0x10000004
SIGILL: [libjvm.so+0x6485c0], sa_mask[0]=0x7ffbfeff, sa_flags=0x10000004
SIGUSR1: SIG_DFL, sa_mask[0]=0x00000000, sa_flags=0x00000000
SIGUSR2: [libjvm.so+0x648770], sa_mask[0]=0x00000004, sa_flags=0x10000004
SIGHUP: [libjvm.so+0x64b280], sa_mask[0]=0x7ffbfeff, sa_flags=0x10000004
SIGINT: [libjvm.so+0x64b280], sa_mask[0]=0x7ffbfeff, sa_flags=0x10000004
SIGTERM: [libjvm.so+0x64b280], sa_mask[0]=0x7ffbfeff, sa_flags=0x10000004
SIGQUIT: [libjvm.so+0x64b280], sa_mask[0]=0x7ffbfeff, sa_flags=0x10000004


---------------  S Y S T E M  ---------------

OS:Ubuntu 11.10 (oneiric)
uname:Linux 3.0.0-12-generic #20-Ubuntu SMP Fri Oct 7 14:56:25 UTC 2011 x86_64
libc:glibc 2.13 NPTL 2.13 
rlimit: STACK 8192k, CORE 0k, NPROC 128386, NOFILE 4096, AS infinity
load average:0,08 0,07 0,06

/proc/meminfo:
MemTotal:       16449340 kB
MemFree:        10548996 kB
Buffers:          199404 kB
Cached:          2174244 kB
SwapCached:            0 kB
Active:          3786796 kB
Inactive:        1646540 kB
Active(anon):    3075084 kB
Inactive(anon):    39708 kB
Active(file):     711712 kB
Inactive(file):  1606832 kB
Unevictable:          32 kB
Mlocked:              32 kB
SwapTotal:      16755708 kB
SwapFree:       16755708 kB
Dirty:               432 kB
Writeback:             0 kB
AnonPages:       3060392 kB
Mapped:           298944 kB
Shmem:             54984 kB
Slab:             162576 kB
SReclaimable:     129280 kB
SUnreclaim:        33296 kB
KernelStack:        5112 kB
PageTables:        38592 kB
NFS_Unstable:          0 kB
Bounce:                0 kB
WritebackTmp:          0 kB
CommitLimit:    24980376 kB
Committed_AS:    6274764 kB
VmallocTotal:   34359738367 kB
VmallocUsed:      175284 kB
VmallocChunk:   34359558652 kB
HardwareCorrupted:     0 kB
AnonHugePages:         0 kB
HugePages_Total:       0
HugePages_Free:        0
HugePages_Rsvd:        0
HugePages_Surp:        0
Hugepagesize:       2048 kB
DirectMap4k:      159744 kB
DirectMap2M:    16601088 kB


CPU:total 8 (4 cores per cpu, 2 threads per core) family 6 model 42 stepping 7, cmov, cx8, fxsr, mmx, sse, sse2, sse3, ssse3, sse4.1, sse4.2, popcnt, ht

Memory: 4k page, physical 16449340k(10548996k free), swap 16755708k(16755708k free)

vm_info: OpenJDK 64-Bit Server VM (20.0-b11) for linux-amd64 JRE (1.6.0_23-b23), built on Oct 22 2011 01:00:57 by "buildd" with gcc 4.6.1

time: Tue Nov 29 22:12:09 2011
elapsed time: 2399 seconds

