#
# A fatal error has been detected by the Java Runtime Environment:
#
#  SIGSEGV (0xb) at pc=0x00007fcb4e86b80e, pid=32298, tid=140511030834944
#
# JRE version: 6.0_23-b23
# Java VM: OpenJDK 64-Bit Server VM (20.0-b11 mixed mode linux-amd64 compressed oops)
# Derivative: IcedTea6 1.11pre
# Distribution: Ubuntu oneiric (development branch), package 6b23~pre10-0ubuntu5
# Problematic frame:
# V  [libjvm.so+0x5bc80e]  PhaseIdealLoop::build_loop_late_post(Node*)+0x14e
#
# If you would like to submit a bug report, please include
# instructions how to reproduce the bug and visit:
#   https://bugs.launchpad.net/ubuntu/+source/openjdk-6/
#

---------------  T H R E A D  ---------------

Current thread (0x00007fcb400b6000):  JavaThread "C2 CompilerThread1" daemon [_thread_in_native, id=32315, stack(0x00007fcb46047000,0x00007fcb46148000)]

siginfo:si_signo=SIGSEGV: si_errno=0, si_code=1 (SEGV_MAPERR), si_addr=0x0000000000000008

Registers:
RAX=0x0000000000000000, RBX=0x00007fcb461448b0, RCX=0x0000000002303590, RDX=0x0000000000002000
RSP=0x00007fcb461430f0, RBP=0x00007fcb46143130, RSI=0x00007fcb40fb1bc0, RDI=0x0000000000000000
R8 =0x00007fcb40f61ba0, R9 =0x00007fcb461448b0, R10=0x00007fcb40fb1bc0, R11=0x0000000000000000
R12=0x00007fcb425bf830, R13=0x00007fcb431cbb88, R14=0x00007fcb461448d0, R15=0x00000000018e91d8
RIP=0x00007fcb4e86b80e, EFLAGS=0x0000000000010202, CSGSFS=0x0000000000000033, ERR=0x0000000000000004
  TRAPNO=0x000000000000000e

Top of Stack: (sp=0x00007fcb461430f0)
0x00007fcb461430f0:   00007fcb427c1408 00007fcb461433d0
0x00007fcb46143100:   00007fcb46143130 00007fcb461448b0
0x00007fcb46143110:   0000000000000002 00007fcb425bf830
0x00007fcb46143120:   00007fcb4065b268 00007fcb461433d0
0x00007fcb46143130:   00007fcb461431a0 00007fcb4e86bd7b
0x00007fcb46143140:   00000000021e30f0 00007fcb00000100
0x00007fcb46143150:   00007fcb00000001 00007fcb46145250
0x00007fcb46143160:   00007fcb461433f0 00007fcb46143390
0x00007fcb46143170:   0000000000001804 00007fcb461448b0
0x00007fcb46143180:   0000000000000007 0000000000000001
0x00007fcb46143190:   0000000000000001 00000000021e30f0
0x00007fcb461431a0:   00007fcb46143440 00007fcb4e86c942
0x00007fcb461431b0:   00007fcb40fa42e8 00000000021e3080
0x00007fcb461431c0:   00007fcb461431d0 00007fcb461448d0
0x00007fcb461431d0:   00007fcb46143230 00007fcb4e69e8ce
0x00007fcb461431e0:   00007fcb4106f7f0 00007fcb427e6090
0x00007fcb461431f0:   0000000000000000 0000000000000038
0x00007fcb46143200:   00007fcb4106f7f0 00007fcb46145fd0
0x00007fcb46143210:   00007fcb4ee54f2a 00007fcb4ee70b58
0x00007fcb46143220:   00007fcb46143e58 00007fcb46143e78
0x00007fcb46143230:   00007fcb46143260 00007fcb4e8df664
0x00007fcb46143240:   00007fcb40656070 00007fcb46143330
0x00007fcb46143250:   00007fcb46143260 00007fcb4e5bb402
0x00007fcb46143260:   00007fcb461432c0 00007fcb4e71fea5
0x00007fcb46143270:   0000000002406dc0 00007fcb40f7bbc0
0x00007fcb46143280:   0000000001710ab0 000000004e933edd
0x00007fcb46143290:   00007fcb46143e78 0000000000010040
0x00007fcb461432a0:   00007fcb46143490 00007fcb46143490
0x00007fcb461432b0:   00007fcb40f7bc70 00007fcb40f7bc08
0x00007fcb461432c0:   00007fcb461433b0 00007fcb40000020
0x00007fcb461432d0:   00007fcb46143360 0000000000010010
0x00007fcb461432e0:   00007fcb435e4cd0 0000000000010000 

Instructions: (pc=0x00007fcb4e86b80e)
0x00007fcb4e86b7ee:   4c 39 e8 0f 84 ad 03 00 00 8b 70 28 49 89 c7 0f
0x00007fcb4e86b7fe:   1f 00 4c 8b 93 e0 09 00 00 49 8d 34 f2 48 8b 06
0x00007fcb4e86b80e:   48 8b 50 08 48 83 3a 00 75 27 8b 4b 28 0f 1f 44
0x00007fcb4e86b81e:   00 00 8b 50 28 31 c0 39 ca 73 0c 48 8b 43 30 48 

Register to memory mapping:

RAX=0x0000000000000000 is an unknown value
RBX=0x00007fcb461448b0 is pointing into the stack for thread: 0x00007fcb400b6000
RCX=0x0000000002303590 is an unknown value
RDX=0x0000000000002000 is an unknown value
RSP=0x00007fcb461430f0 is pointing into the stack for thread: 0x00007fcb400b6000
RBP=0x00007fcb46143130 is pointing into the stack for thread: 0x00007fcb400b6000
RSI=0x00007fcb40fb1bc0 is an unknown value
RDI=0x0000000000000000 is an unknown value
R8 =0x00007fcb40f61ba0 is an unknown value
R9 =0x00007fcb461448b0 is pointing into the stack for thread: 0x00007fcb400b6000
R10=0x00007fcb40fb1bc0 is an unknown value
R11=0x0000000000000000 is an unknown value
R12=0x00007fcb425bf830 is an unknown value
R13=0x00007fcb431cbb88 is an unknown value
R14=0x00007fcb461448d0 is pointing into the stack for thread: 0x00007fcb400b6000
R15=0x00000000018e91d8 is an unknown value


Stack: [0x00007fcb46047000,0x00007fcb46148000],  sp=0x00007fcb461430f0,  free space=1008k
Native frames: (J=compiled Java code, j=interpreted, Vv=VM code, C=native code)
V  [libjvm.so+0x5bc80e]  PhaseIdealLoop::build_loop_late_post(Node*)+0x14e
V  [libjvm.so+0x5bcd7b]  PhaseIdealLoop::build_loop_late(VectorSet&, Node_List&, Node_Stack&)+0x10b
V  [libjvm.so+0x5bd942]  PhaseIdealLoop::build_and_optimize(bool, bool)+0x692
V  [libjvm.so+0x37bc8a]  Compile::Optimize()+0xd2a
V  [libjvm.so+0x37c9f3]  Compile::Compile(ciEnv*, C2Compiler*, ciMethod*, int, bool, bool)+0xad3
V  [libjvm.so+0x3062d0]  C2Compiler::compile_method(ciEnv*, ciMethod*, int)+0xe0
V  [libjvm.so+0x3810d3]  CompileBroker::invoke_compiler_on_method(CompileTask*)+0x2a3
V  [libjvm.so+0x381a1b]  CompileBroker::compiler_thread_loop()+0x45b
V  [libjvm.so+0x74baf8]  JavaThread::thread_main_inner()+0x58
V  [libjvm.so+0x64ba72]  java_start(Thread*)+0x112


Current CompileTask:
C2: 709877 616      jregex.Pretokenizer.next()V (1064 bytes)


---------------  P R O C E S S  ---------------

Java Threads: ( => current thread )
  0x0000000001cd1800 JavaThread "net.sf.ehcache.CacheManager@6a69f1bc" daemon [_thread_blocked, id=25122, stack(0x00007fcb4544a000,0x00007fcb4554b000)]
  0x0000000001b12000 JavaThread "New I/O server worker #1-6" [_thread_in_native, id=17371, stack(0x00007fcb44d3e000,0x00007fcb44e3f000)]
  0x0000000001b11000 JavaThread "New I/O server worker #1-5" [_thread_in_native, id=17370, stack(0x00007fcb44c3d000,0x00007fcb44d3e000)]
  0x0000000001c55800 JavaThread "New I/O server worker #1-4" [_thread_in_native, id=17368, stack(0x00007fcb4564c000,0x00007fcb4574d000)]
  0x00007fcb40e82800 JavaThread "com.mchange.v2.async.ThreadPoolAsynchronousRunner$PoolThread-#2" daemon [_thread_blocked, id=602, stack(0x00007fcb44e3f000,0x00007fcb44f40000)]
  0x0000000002572000 JavaThread "com.mchange.v2.async.ThreadPoolAsynchronousRunner$PoolThread-#1" daemon [_thread_blocked, id=601, stack(0x00007fcb44f40000,0x00007fcb45041000)]
  0x00000000017ff000 JavaThread "com.mchange.v2.async.ThreadPoolAsynchronousRunner$PoolThread-#0" daemon [_thread_blocked, id=600, stack(0x00007fcb45041000,0x00007fcb45142000)]
  0x00000000019a9800 JavaThread "Timer-0" daemon [_thread_blocked, id=599, stack(0x00007fcb45142000,0x00007fcb45243000)]
  0x00007fcb40253000 JavaThread "play-thread-1" [_thread_in_native, id=595, stack(0x00007fcb4554b000,0x00007fcb4564c000)]
  0x00007fcb4021e800 JavaThread "DestroyJavaVM" [_thread_blocked, id=32299, stack(0x00007fcb4fb53000,0x00007fcb4fc54000)]
  0x00007fcb406f7000 JavaThread "New I/O server boss #1 ([id: 0x21c783c5, /0:0:0:0:0:0:0:0:9090])" [_thread_in_native, id=32378, stack(0x00007fcb4574d000,0x00007fcb4584e000)]
  0x00007fcb400b8800 JavaThread "Low Memory Detector" daemon [_thread_blocked, id=32316, stack(0x00007fcb45f46000,0x00007fcb46047000)]
=>0x00007fcb400b6000 JavaThread "C2 CompilerThread1" daemon [_thread_in_native, id=32315, stack(0x00007fcb46047000,0x00007fcb46148000)]
  0x00007fcb400b3000 JavaThread "C2 CompilerThread0" daemon [_thread_blocked, id=32314, stack(0x00007fcb46148000,0x00007fcb46249000)]
  0x00007fcb400b1000 JavaThread "JDWP Event Helper Thread" daemon [_thread_blocked, id=32313, stack(0x00007fcb46249000,0x00007fcb4634a000)]
  0x00007fcb400ad000 JavaThread "JDWP Transport Listener: dt_socket" daemon [_thread_in_native, id=32312, stack(0x00007fcb4634a000,0x00007fcb4644b000)]
  0x00007fcb40070800 JavaThread "Signal Dispatcher" daemon [_thread_blocked, id=32311, stack(0x00007fcb46650000,0x00007fcb46751000)]
  0x00007fcb4005f000 JavaThread "Finalizer" daemon [_thread_blocked, id=32310, stack(0x00007fcb46751000,0x00007fcb46852000)]
  0x00007fcb4005d000 JavaThread "Reference Handler" daemon [_thread_blocked, id=32309, stack(0x00007fcb46852000,0x00007fcb46953000)]

Other Threads:
  0x00007fcb40056800 VMThread [stack: 0x00007fcb46953000,0x00007fcb46a54000] [id=32308]
  0x00007fcb400c3800 WatcherThread [stack: 0x00007fcb45e45000,0x00007fcb45f46000] [id=32317]

VM state:not at safepoint (normal execution)

VM Mutex/Monitor currently owned by a thread: None

Heap
 PSYoungGen      total 65472K, used 12786K [0x00000007ac560000, 0x00000007b17c0000, 0x0000000800000000)
  eden space 59648K, 11% used [0x00000007ac560000,0x00000007acc2f648,0x00000007affa0000)
  from space 5824K, 99% used [0x00000007b0110000,0x00000007b06bd1c0,0x00000007b06c0000)
  to   space 12352K, 0% used [0x00000007b0bb0000,0x00000007b0bb0000,0x00000007b17c0000)
 PSOldGen        total 171392K, used 4923K [0x0000000705000000, 0x000000070f760000, 0x00000007ac560000)
  object space 171392K, 2% used [0x0000000705000000,0x00000007054cefa8,0x000000070f760000)
 PSPermGen       total 46784K, used 46658K [0x00000006faa00000, 0x00000006fd7b0000, 0x0000000705000000)
  object space 46784K, 99% used [0x00000006faa00000,0x00000006fd790b08,0x00000006fd7b0000)

Code Cache  [0x00007fcb48b0a000, 0x00007fcb48f7a000, 0x00007fcb4bb0a000)
 total_blobs=1274 nmethods=613 adapters=623 free_code_cache=45768384 largest_free_block=12096

Dynamic libraries:
00400000-00409000 r-xp 00000000 08:05 916794                             /usr/lib/jvm/java-6-openjdk/jre/bin/java
00608000-00609000 r--p 00008000 08:05 916794                             /usr/lib/jvm/java-6-openjdk/jre/bin/java
00609000-0060a000 rw-p 00009000 08:05 916794                             /usr/lib/jvm/java-6-openjdk/jre/bin/java
0167b000-0374b000 rw-p 00000000 00:00 0                                  [heap]
6faa00000-6fd7b0000 rw-p 00000000 00:00 0 
6fd7b0000-705000000 rw-p 00000000 00:00 0 
705000000-70f760000 rw-p 00000000 00:00 0 
70f760000-7ac560000 rw-p 00000000 00:00 0 
7ac560000-7b17c0000 rw-p 00000000 00:00 0 
7b17c0000-7b1990000 ---p 00000000 00:00 0 
7b1990000-800000000 rw-p 00000000 00:00 0 
7fcb40000000-7fcb439d2000 rw-p 00000000 00:00 0 
7fcb439d2000-7fcb44000000 ---p 00000000 00:00 0 
7fcb44b37000-7fcb44b3a000 r--s 00031000 08:05 920893                     /usr/lib/jvm/java-6-openjdk/jre/lib/ext/sunjce_provider.jar
7fcb44b3a000-7fcb44b3c000 r--s 00013000 08:05 920906                     /usr/lib/jvm/java-6-openjdk/jre/lib/jce.jar
7fcb44b3c000-7fcb44b3f000 ---p 00000000 00:00 0 
7fcb44b3f000-7fcb44c3d000 rw-p 00000000 00:00 0 
7fcb44c3d000-7fcb44c40000 ---p 00000000 00:00 0 
7fcb44c40000-7fcb44d3e000 rw-p 00000000 00:00 0 
7fcb44d3e000-7fcb44d41000 ---p 00000000 00:00 0 
7fcb44d41000-7fcb44e3f000 rw-p 00000000 00:00 0 
7fcb44e3f000-7fcb44e42000 ---p 00000000 00:00 0 
7fcb44e42000-7fcb44f40000 rw-p 00000000 00:00 0 
7fcb44f40000-7fcb44f43000 ---p 00000000 00:00 0 
7fcb44f43000-7fcb45041000 rw-p 00000000 00:00 0 
7fcb45041000-7fcb45044000 ---p 00000000 00:00 0 
7fcb45044000-7fcb45142000 rw-p 00000000 00:00 0 
7fcb45142000-7fcb45145000 ---p 00000000 00:00 0 
7fcb45145000-7fcb45243000 rw-p 00000000 00:00 0 
7fcb45243000-7fcb45249000 r-xp 00000000 08:05 957624                     /usr/lib/jvm/java-6-openjdk/jre/lib/amd64/libmanagement.so
7fcb45249000-7fcb45448000 ---p 00006000 08:05 957624                     /usr/lib/jvm/java-6-openjdk/jre/lib/amd64/libmanagement.so
7fcb45448000-7fcb45449000 r--p 00005000 08:05 957624                     /usr/lib/jvm/java-6-openjdk/jre/lib/amd64/libmanagement.so
7fcb45449000-7fcb4544a000 rw-p 00006000 08:05 957624                     /usr/lib/jvm/java-6-openjdk/jre/lib/amd64/libmanagement.so
7fcb4544a000-7fcb4544d000 ---p 00000000 00:00 0 
7fcb4544d000-7fcb4554b000 rw-p 00000000 00:00 0 
7fcb4554b000-7fcb4554e000 ---p 00000000 00:00 0 
7fcb4554e000-7fcb4564c000 rw-p 00000000 00:00 0 
7fcb4564c000-7fcb4564f000 ---p 00000000 00:00 0 
7fcb4564f000-7fcb4574d000 rw-p 00000000 00:00 0 
7fcb4574d000-7fcb45750000 ---p 00000000 00:00 0 
7fcb45750000-7fcb4584e000 rw-p 00000000 00:00 0 
7fcb4584e000-7fcb45856000 r-xp 00000000 08:05 918650                     /usr/lib/jvm/java-6-openjdk/jre/lib/amd64/libnio.so
7fcb45856000-7fcb45a55000 ---p 00008000 08:05 918650                     /usr/lib/jvm/java-6-openjdk/jre/lib/amd64/libnio.so
7fcb45a55000-7fcb45a56000 r--p 00007000 08:05 918650                     /usr/lib/jvm/java-6-openjdk/jre/lib/amd64/libnio.so
7fcb45a56000-7fcb45a57000 rw-p 00008000 08:05 918650                     /usr/lib/jvm/java-6-openjdk/jre/lib/amd64/libnio.so
7fcb45a57000-7fcb45a6c000 r-xp 00000000 08:05 920838                     /usr/lib/jvm/java-6-openjdk/jre/lib/amd64/libnet.so
7fcb45a6c000-7fcb45c6b000 ---p 00015000 08:05 920838                     /usr/lib/jvm/java-6-openjdk/jre/lib/amd64/libnet.so
7fcb45c6b000-7fcb45c6c000 r--p 00014000 08:05 920838                     /usr/lib/jvm/java-6-openjdk/jre/lib/amd64/libnet.so
7fcb45c6c000-7fcb45c6d000 rw-p 00015000 08:05 920838                     /usr/lib/jvm/java-6-openjdk/jre/lib/amd64/libnet.so
7fcb45c6d000-7fcb45c7c000 r--s 00074000 08:05 296141                     /opt/play-1.2.3/framework/lib/joda-time-1.6.jar
7fcb45c7c000-7fcb45c82000 r--s 00038000 08:05 296158                     /opt/play-1.2.3/framework/lib/snakeyaml-1.7.jar
7fcb45c82000-7fcb45c89000 r--s 0006a000 08:05 296148                     /opt/play-1.2.3/framework/lib/mail-1.4.3.jar
7fcb45c89000-7fcb45c8b000 r--s 0000c000 08:05 296101                     /opt/play-1.2.3/framework/lib/activation-1.1.1.jar
7fcb45c8b000-7fcb45c96000 r--s 00124000 08:05 296123                     /opt/play-1.2.3/framework/lib/h2-1.3.149.jar
7fcb45c96000-7fcb45c99000 r--s 00024000 08:05 296113                     /opt/play-1.2.3/framework/lib/commons-io-2.0.1.jar
7fcb45c99000-7fcb45c9b000 r--s 0000b000 08:05 296139                     /opt/play-1.2.3/framework/lib/jj-textile.jar
7fcb45c9b000-7fcb45ca0000 r--s 00048000 08:05 296117                     /opt/play-1.2.3/framework/lib/dom4j-1.6.1.jar
7fcb45ca0000-7fcb45ca3000 r--s 00011000 08:05 296119                     /opt/play-1.2.3/framework/lib/ezmorph-1.0.3.jar
7fcb45ca3000-7fcb45ca6000 r--s 0000f000 08:05 296120                     /opt/play-1.2.3/framework/lib/geronimo-servlet_2.5_spec-1.2.jar
7fcb45ca6000-7fcb45ca8000 r--s 00002000 08:05 296144                     /opt/play-1.2.3/framework/lib/jta-1.1.jar
7fcb45ca8000-7fcb45cb0000 r--s 0008a000 08:05 296134                     /opt/play-1.2.3/framework/lib/javassist-3.9.0.GA.jar
7fcb45cb0000-7fcb45cb1000 r--s 00007000 08:05 296111                     /opt/play-1.2.3/framework/lib/commons-email-1.2.jar
7fcb45cb1000-7fcb45cb6000 r--s 00014000 08:05 296131                     /opt/play-1.2.3/framework/lib/hibernate-jpa-2.0-api-1.0.0.Final.jar
7fcb45cb6000-7fcb45cb8000 r--s 00015000 08:05 296142                     /opt/play-1.2.3/framework/lib/jregex-1.2_01.jar
7fcb45cb8000-7fcb45cc1000 r--s 0005d000 08:05 296129                     /opt/play-1.2.3/framework/lib/hibernate-entitymanager-3.6.0.Final.jar
7fcb45cc1000-7fcb45cc4000 r--s 00022000 08:05 296133                     /opt/play-1.2.3/framework/lib/jamon-2.7.jar
7fcb45cc4000-7fcb45ccb000 r--s 00059000 08:05 296147                     /opt/play-1.2.3/framework/lib/log4j-1.2.15.jar
7fcb45ccb000-7fcb45cf0000 r--s 00172000 08:05 296105                     /opt/play-1.2.3/framework/lib/bcprov-jdk15-1.45.jar
7fcb45cf0000-7fcb45cff000 r--s 000b2000 08:05 296151                     /opt/play-1.2.3/framework/lib/netty-3.2.4.Final.jar
7fcb45cff000-7fcb45d05000 r--s 00032000 08:05 296136                     /opt/play-1.2.3/framework/lib/jaxen-1.1.jar
7fcb45d05000-7fcb45d0c000 r--s 00038000 08:05 296140                     /opt/play-1.2.3/framework/lib/jj-wikitext.jar
7fcb45d0c000-7fcb45d1b000 r--s 000d9000 08:05 296132                     /opt/play-1.2.3/framework/lib/ivy-2.2.0.jar
7fcb45d1b000-7fcb45d6f000 r--s 00516000 08:05 296121                     /opt/play-1.2.3/framework/lib/groovy-all-1.7.7.jar
7fcb45d6f000-7fcb45d75000 r--s 00034000 08:05 296145                     /opt/play-1.2.3/framework/lib/junit-4.8.1.jar
7fcb45d75000-7fcb45d7f000 r--s 0006f000 08:05 296118                     /opt/play-1.2.3/framework/lib/ehcache-core-2.0.0.jar
7fcb45d7f000-7fcb45d81000 r--s 00008000 08:05 296155                     /opt/play-1.2.3/framework/lib/signpost-core-1.2.jar
7fcb45d81000-7fcb45d83000 r--s 0000e000 08:05 296114                     /opt/play-1.2.3/framework/lib/commons-javaflow-1066591.jar
7fcb45d83000-7fcb45d89000 r--s 0007e000 08:05 296154                     /opt/play-1.2.3/framework/lib/postgresql-9.0.jar
7fcb45d89000-7fcb45d8b000 r--s 0000d000 08:05 296116                     /opt/play-1.2.3/framework/lib/commons-logging-1.1.1.jar
7fcb45d8b000-7fcb45d8c000 r--s 00000000 08:05 296135                     /opt/play-1.2.3/framework/lib/javax.inject-1.0.jar
7fcb45d8c000-7fcb45d92000 r--s 00067000 08:05 296102                     /opt/play-1.2.3/framework/lib/antlr-2.7.6.jar
7fcb45d92000-7fcb45d98000 r--s 00049000 08:05 296104                     /opt/play-1.2.3/framework/lib/async-http-client-1.6.3.jar
7fcb45d98000-7fcb45d9f000 r--s 000b7000 08:05 296150                     /opt/play-1.2.3/framework/lib/mysql-connector-java-5.1.13.jar
7fcb45d9f000-7fcb45da2000 r--s 0000f000 08:05 296125                     /opt/play-1.2.3/framework/lib/hibernate-commons-annotations-3.2.0.Final.jar
7fcb45da2000-7fcb45da4000 r--s 0000d000 08:05 296112                     /opt/play-1.2.3/framework/lib/commons-fileupload-1.2.2.jar
7fcb45da4000-7fcb45daa000 r--s 00049000 08:05 296107                     /opt/play-1.2.3/framework/lib/cglib-nodep-2.2.jar
7fcb45daa000-7fcb45db8000 r--s 0007f000 08:05 296110                     /opt/play-1.2.3/framework/lib/commons-collections-3.2.1.jar
7fcb45db8000-7fcb45dc3000 r--s 0005a000 08:05 296159                     /opt/play-1.2.3/framework/lib/xstream-1.3.jar
7fcb45dc3000-7fcb45dca000 r--s 00049000 08:05 296153                     /opt/play-1.2.3/framework/lib/oval-1.50.jar
7fcb45dca000-7fcb45dcf000 r--s 00041000 08:05 296115                     /opt/play-1.2.3/framework/lib/commons-lang-2.6.jar
7fcb45dcf000-7fcb45dda000 r--s 0008b000 08:05 296106                     /opt/play-1.2.3/framework/lib/c3p0-0.9.1.2.jar
7fcb45dda000-7fcb45e03000 r--s 00403000 08:05 296152                     /opt/play-1.2.3/framework/lib/org.eclipse.jdt.core-3.6.0.jar
7fcb45e03000-7fcb45e35000 r--s 002c7000 08:05 296127                     /opt/play-1.2.3/framework/lib/hibernate-core-3.6.1.Final.jar
7fcb45e35000-7fcb45e3a000 r--s 00034000 08:05 296108                     /opt/play-1.2.3/framework/lib/commons-beanutils-1.8.3.jar
7fcb45e3a000-7fcb45e3f000 r--s 0002e000 08:05 296103                     /opt/play-1.2.3/framework/lib/asm-all-3.3.1.jar
7fcb45e3f000-7fcb45e45000 r--s 00040000 08:05 296149                     /opt/play-1.2.3/framework/lib/memcached-2.6.jar
7fcb45e45000-7fcb45e46000 ---p 00000000 00:00 0 
7fcb45e46000-7fcb45f46000 rw-p 00000000 00:00 0 
7fcb45f46000-7fcb45f49000 ---p 00000000 00:00 0 
7fcb45f49000-7fcb46047000 rw-p 00000000 00:00 0 
7fcb46047000-7fcb4604a000 ---p 00000000 00:00 0 
7fcb4604a000-7fcb46148000 rw-p 00000000 00:00 0 
7fcb46148000-7fcb4614b000 ---p 00000000 00:00 0 
7fcb4614b000-7fcb46249000 rw-p 00000000 00:00 0 
7fcb46249000-7fcb4624c000 ---p 00000000 00:00 0 
7fcb4624c000-7fcb4634a000 rw-p 00000000 00:00 0 
7fcb4634a000-7fcb4634d000 ---p 00000000 00:00 0 
7fcb4634d000-7fcb4644b000 rw-p 00000000 00:00 0 
7fcb4644b000-7fcb4644f000 r-xp 00000000 08:05 918469                     /usr/lib/jvm/java-6-openjdk/jre/lib/amd64/libdt_socket.so
7fcb4644f000-7fcb4664e000 ---p 00004000 08:05 918469                     /usr/lib/jvm/java-6-openjdk/jre/lib/amd64/libdt_socket.so
7fcb4664e000-7fcb4664f000 r--p 00003000 08:05 918469                     /usr/lib/jvm/java-6-openjdk/jre/lib/amd64/libdt_socket.so
7fcb4664f000-7fcb46650000 rw-p 00004000 08:05 918469                     /usr/lib/jvm/java-6-openjdk/jre/lib/amd64/libdt_socket.so
7fcb46650000-7fcb46653000 ---p 00000000 00:00 0 
7fcb46653000-7fcb46751000 rw-p 00000000 00:00 0 
7fcb46751000-7fcb46754000 ---p 00000000 00:00 0 
7fcb46754000-7fcb46852000 rw-p 00000000 00:00 0 
7fcb46852000-7fcb46855000 ---p 00000000 00:00 0 
7fcb46855000-7fcb46953000 rw-p 00000000 00:00 0 
7fcb46953000-7fcb46954000 ---p 00000000 00:00 0 
7fcb46954000-7fcb47390000 rw-p 00000000 00:00 0 
7fcb47390000-7fcb47520000 r--s 037b6000 08:05 957627                     /usr/lib/jvm/java-6-openjdk/jre/lib/rt.jar
7fcb47520000-7fcb47548000 rw-p 00000000 00:00 0 
7fcb47548000-7fcb47549000 ---p 00000000 00:00 0 
7fcb47549000-7fcb47649000 rw-p 00000000 00:00 0 
7fcb47649000-7fcb4764a000 ---p 00000000 00:00 0 
7fcb4764a000-7fcb4774a000 rw-p 00000000 00:00 0 
7fcb4774a000-7fcb4774b000 ---p 00000000 00:00 0 
7fcb4774b000-7fcb4784b000 rw-p 00000000 00:00 0 
7fcb4784b000-7fcb4784c000 ---p 00000000 00:00 0 
7fcb4784c000-7fcb4794c000 rw-p 00000000 00:00 0 
7fcb4794c000-7fcb4794d000 ---p 00000000 00:00 0 
7fcb4794d000-7fcb47a4d000 rw-p 00000000 00:00 0 
7fcb47a4d000-7fcb47a4e000 ---p 00000000 00:00 0 
7fcb47a4e000-7fcb47b4e000 rw-p 00000000 00:00 0 
7fcb47b4e000-7fcb47b4f000 ---p 00000000 00:00 0 
7fcb47b4f000-7fcb47c4f000 rw-p 00000000 00:00 0 
7fcb47c4f000-7fcb47c50000 ---p 00000000 00:00 0 
7fcb47c50000-7fcb47d67000 rw-p 00000000 00:00 0 
7fcb47d67000-7fcb47da3000 rw-p 00000000 00:00 0 
7fcb47da3000-7fcb47df7000 rw-p 00000000 00:00 0 
7fcb47df7000-7fcb482de000 rw-p 00000000 00:00 0 
7fcb482de000-7fcb482f5000 rw-p 00000000 00:00 0 
7fcb482f5000-7fcb48331000 rw-p 00000000 00:00 0 
7fcb48331000-7fcb48385000 rw-p 00000000 00:00 0 
7fcb48385000-7fcb4886b000 rw-p 00000000 00:00 0 
7fcb4886b000-7fcb48895000 rw-p 00000000 00:00 0 
7fcb48895000-7fcb48896000 ---p 00000000 00:00 0 
7fcb48896000-7fcb48b09000 rw-p 00000000 00:00 0 
7fcb48b09000-7fcb48b0a000 rw-p 00000000 00:00 0 
7fcb48b0a000-7fcb48f7a000 rwxp 00000000 00:00 0 
7fcb48f7a000-7fcb4bb0a000 rw-p 00000000 00:00 0 
7fcb4bb0a000-7fcb4bb11000 r-xp 00000000 08:05 925488                     /usr/lib/jvm/java-6-openjdk/jre/lib/amd64/libzip.so
7fcb4bb11000-7fcb4bd10000 ---p 00007000 08:05 925488                     /usr/lib/jvm/java-6-openjdk/jre/lib/amd64/libzip.so
7fcb4bd10000-7fcb4bd11000 r--p 00006000 08:05 925488                     /usr/lib/jvm/java-6-openjdk/jre/lib/amd64/libzip.so
7fcb4bd11000-7fcb4bd12000 rw-p 00007000 08:05 925488                     /usr/lib/jvm/java-6-openjdk/jre/lib/amd64/libzip.so
7fcb4bd12000-7fcb4bd1e000 r-xp 00000000 08:05 1068842                    /lib/x86_64-linux-gnu/libnss_files-2.13.so
7fcb4bd1e000-7fcb4bf1d000 ---p 0000c000 08:05 1068842                    /lib/x86_64-linux-gnu/libnss_files-2.13.so
7fcb4bf1d000-7fcb4bf1e000 r--p 0000b000 08:05 1068842                    /lib/x86_64-linux-gnu/libnss_files-2.13.so
7fcb4bf1e000-7fcb4bf1f000 rw-p 0000c000 08:05 1068842                    /lib/x86_64-linux-gnu/libnss_files-2.13.so
7fcb4bf1f000-7fcb4bf29000 r-xp 00000000 08:05 1068848                    /lib/x86_64-linux-gnu/libnss_nis-2.13.so
7fcb4bf29000-7fcb4c129000 ---p 0000a000 08:05 1068848                    /lib/x86_64-linux-gnu/libnss_nis-2.13.so
7fcb4c129000-7fcb4c12a000 r--p 0000a000 08:05 1068848                    /lib/x86_64-linux-gnu/libnss_nis-2.13.so
7fcb4c12a000-7fcb4c12b000 rw-p 0000b000 08:05 1068848                    /lib/x86_64-linux-gnu/libnss_nis-2.13.so
7fcb4c12b000-7fcb4c142000 r-xp 00000000 08:05 1068837                    /lib/x86_64-linux-gnu/libnsl-2.13.so
7fcb4c142000-7fcb4c341000 ---p 00017000 08:05 1068837                    /lib/x86_64-linux-gnu/libnsl-2.13.so
7fcb4c341000-7fcb4c342000 r--p 00016000 08:05 1068837                    /lib/x86_64-linux-gnu/libnsl-2.13.so
7fcb4c342000-7fcb4c343000 rw-p 00017000 08:05 1068837                    /lib/x86_64-linux-gnu/libnsl-2.13.so
7fcb4c343000-7fcb4c345000 rw-p 00000000 00:00 0 
7fcb4c345000-7fcb4c34d000 r-xp 00000000 08:05 1068834                    /lib/x86_64-linux-gnu/libnss_compat-2.13.so
7fcb4c34d000-7fcb4c54c000 ---p 00008000 08:05 1068834                    /lib/x86_64-linux-gnu/libnss_compat-2.13.so
7fcb4c54c000-7fcb4c54d000 r--p 00007000 08:05 1068834                    /lib/x86_64-linux-gnu/libnss_compat-2.13.so
7fcb4c54d000-7fcb4c54e000 rw-p 00008000 08:05 1068834                    /lib/x86_64-linux-gnu/libnss_compat-2.13.so
7fcb4c54e000-7fcb4ce7d000 r--p 00000000 08:05 922981                     /usr/lib/locale/locale-archive
7fcb4ce7d000-7fcb4ce80000 r-xp 00000000 08:05 922988                     /usr/lib/jvm/java-6-openjdk/jre/lib/amd64/libnpt.so
7fcb4ce80000-7fcb4d07f000 ---p 00003000 08:05 922988                     /usr/lib/jvm/java-6-openjdk/jre/lib/amd64/libnpt.so
7fcb4d07f000-7fcb4d080000 r--p 00002000 08:05 922988                     /usr/lib/jvm/java-6-openjdk/jre/lib/amd64/libnpt.so
7fcb4d080000-7fcb4d081000 rw-p 00003000 08:05 922988                     /usr/lib/jvm/java-6-openjdk/jre/lib/amd64/libnpt.so
7fcb4d081000-7fcb4d08a000 r-xp 00000000 08:05 922991                     /usr/lib/jvm/java-6-openjdk/jre/lib/amd64/libinstrument.so
7fcb4d08a000-7fcb4d28a000 ---p 00009000 08:05 922991                     /usr/lib/jvm/java-6-openjdk/jre/lib/amd64/libinstrument.so
7fcb4d28a000-7fcb4d28b000 r--p 00009000 08:05 922991                     /usr/lib/jvm/java-6-openjdk/jre/lib/amd64/libinstrument.so
7fcb4d28b000-7fcb4d28c000 rw-p 0000a000 08:05 922991                     /usr/lib/jvm/java-6-openjdk/jre/lib/amd64/libinstrument.so
7fcb4d28c000-7fcb4d2c6000 r-xp 00000000 08:05 922987                     /usr/lib/jvm/java-6-openjdk/jre/lib/amd64/libjdwp.so
7fcb4d2c6000-7fcb4d4c5000 ---p 0003a000 08:05 922987                     /usr/lib/jvm/java-6-openjdk/jre/lib/amd64/libjdwp.so
7fcb4d4c5000-7fcb4d4c6000 r--p 00039000 08:05 922987                     /usr/lib/jvm/java-6-openjdk/jre/lib/amd64/libjdwp.so
7fcb4d4c6000-7fcb4d4c7000 rw-p 0003a000 08:05 922987                     /usr/lib/jvm/java-6-openjdk/jre/lib/amd64/libjdwp.so
7fcb4d4c7000-7fcb4d4f3000 r-xp 00000000 08:05 925247                     /usr/lib/jvm/java-6-openjdk/jre/lib/amd64/libjava.so
7fcb4d4f3000-7fcb4d6f2000 ---p 0002c000 08:05 925247                     /usr/lib/jvm/java-6-openjdk/jre/lib/amd64/libjava.so
7fcb4d6f2000-7fcb4d6f3000 r--p 0002b000 08:05 925247                     /usr/lib/jvm/java-6-openjdk/jre/lib/amd64/libjava.so
7fcb4d6f3000-7fcb4d6f6000 rw-p 0002c000 08:05 925247                     /usr/lib/jvm/java-6-openjdk/jre/lib/amd64/libjava.so
7fcb4d6f6000-7fcb4d704000 r-xp 00000000 08:05 920832                     /usr/lib/jvm/java-6-openjdk/jre/lib/amd64/libverify.so
7fcb4d704000-7fcb4d903000 ---p 0000e000 08:05 920832                     /usr/lib/jvm/java-6-openjdk/jre/lib/amd64/libverify.so
7fcb4d903000-7fcb4d905000 r--p 0000d000 08:05 920832                     /usr/lib/jvm/java-6-openjdk/jre/lib/amd64/libverify.so
7fcb4d905000-7fcb4d906000 rw-p 0000f000 08:05 920832                     /usr/lib/jvm/java-6-openjdk/jre/lib/amd64/libverify.so
7fcb4d906000-7fcb4d90d000 r-xp 00000000 08:05 1044505                    /lib/x86_64-linux-gnu/librt-2.13.so
7fcb4d90d000-7fcb4db0c000 ---p 00007000 08:05 1044505                    /lib/x86_64-linux-gnu/librt-2.13.so
7fcb4db0c000-7fcb4db0d000 r--p 00006000 08:05 1044505                    /lib/x86_64-linux-gnu/librt-2.13.so
7fcb4db0d000-7fcb4db0e000 rw-p 00007000 08:05 1044505                    /lib/x86_64-linux-gnu/librt-2.13.so
7fcb4db0e000-7fcb4db23000 r-xp 00000000 08:05 1068525                    /lib/x86_64-linux-gnu/libgcc_s.so.1
7fcb4db23000-7fcb4dd22000 ---p 00015000 08:05 1068525                    /lib/x86_64-linux-gnu/libgcc_s.so.1
7fcb4dd22000-7fcb4dd23000 r--p 00014000 08:05 1068525                    /lib/x86_64-linux-gnu/libgcc_s.so.1
7fcb4dd23000-7fcb4dd24000 rw-p 00015000 08:05 1068525                    /lib/x86_64-linux-gnu/libgcc_s.so.1
7fcb4dd24000-7fcb4dda7000 r-xp 00000000 08:05 1068849                    /lib/x86_64-linux-gnu/libm-2.13.so
7fcb4dda7000-7fcb4dfa6000 ---p 00083000 08:05 1068849                    /lib/x86_64-linux-gnu/libm-2.13.so
7fcb4dfa6000-7fcb4dfa7000 r--p 00082000 08:05 1068849                    /lib/x86_64-linux-gnu/libm-2.13.so
7fcb4dfa7000-7fcb4dfa8000 rw-p 00083000 08:05 1068849                    /lib/x86_64-linux-gnu/libm-2.13.so
7fcb4dfa8000-7fcb4e090000 r-xp 00000000 08:05 914676                     /usr/lib/x86_64-linux-gnu/libstdc++.so.6.0.16
7fcb4e090000-7fcb4e290000 ---p 000e8000 08:05 914676                     /usr/lib/x86_64-linux-gnu/libstdc++.so.6.0.16
7fcb4e290000-7fcb4e298000 r--p 000e8000 08:05 914676                     /usr/lib/x86_64-linux-gnu/libstdc++.so.6.0.16
7fcb4e298000-7fcb4e29a000 rw-p 000f0000 08:05 914676                     /usr/lib/x86_64-linux-gnu/libstdc++.so.6.0.16
7fcb4e29a000-7fcb4e2af000 rw-p 00000000 00:00 0 
7fcb4e2af000-7fcb4ebb2000 r-xp 00000000 08:05 957616                     /usr/lib/jvm/java-6-openjdk/jre/lib/amd64/server/libjvm.so
7fcb4ebb2000-7fcb4edb1000 ---p 00903000 08:05 957616                     /usr/lib/jvm/java-6-openjdk/jre/lib/amd64/server/libjvm.so
7fcb4edb1000-7fcb4ee32000 r--p 00902000 08:05 957616                     /usr/lib/jvm/java-6-openjdk/jre/lib/amd64/server/libjvm.so
7fcb4ee32000-7fcb4ee4d000 rw-p 00983000 08:05 957616                     /usr/lib/jvm/java-6-openjdk/jre/lib/amd64/server/libjvm.so
7fcb4ee4d000-7fcb4ee76000 rw-p 00000000 00:00 0 
7fcb4ee76000-7fcb4ee8d000 r-xp 00000000 08:05 1048733                    /lib/x86_64-linux-gnu/libz.so.1.2.3.4
7fcb4ee8d000-7fcb4f08c000 ---p 00017000 08:05 1048733                    /lib/x86_64-linux-gnu/libz.so.1.2.3.4
7fcb4f08c000-7fcb4f08d000 r--p 00016000 08:05 1048733                    /lib/x86_64-linux-gnu/libz.so.1.2.3.4
7fcb4f08d000-7fcb4f08e000 rw-p 00017000 08:05 1048733                    /lib/x86_64-linux-gnu/libz.so.1.2.3.4
7fcb4f08e000-7fcb4f223000 r-xp 00000000 08:05 1068839                    /lib/x86_64-linux-gnu/libc-2.13.so
7fcb4f223000-7fcb4f422000 ---p 00195000 08:05 1068839                    /lib/x86_64-linux-gnu/libc-2.13.so
7fcb4f422000-7fcb4f426000 r--p 00194000 08:05 1068839                    /lib/x86_64-linux-gnu/libc-2.13.so
7fcb4f426000-7fcb4f427000 rw-p 00198000 08:05 1068839                    /lib/x86_64-linux-gnu/libc-2.13.so
7fcb4f427000-7fcb4f42d000 rw-p 00000000 00:00 0 
7fcb4f42d000-7fcb4f42f000 r-xp 00000000 08:05 1068840                    /lib/x86_64-linux-gnu/libdl-2.13.so
7fcb4f42f000-7fcb4f62f000 ---p 00002000 08:05 1068840                    /lib/x86_64-linux-gnu/libdl-2.13.so
7fcb4f62f000-7fcb4f630000 r--p 00002000 08:05 1068840                    /lib/x86_64-linux-gnu/libdl-2.13.so
7fcb4f630000-7fcb4f631000 rw-p 00003000 08:05 1068840                    /lib/x86_64-linux-gnu/libdl-2.13.so
7fcb4f631000-7fcb4f635000 r-xp 00000000 08:05 918711                     /usr/lib/jvm/java-6-openjdk/jre/lib/amd64/jli/libjli.so
7fcb4f635000-7fcb4f834000 ---p 00004000 08:05 918711                     /usr/lib/jvm/java-6-openjdk/jre/lib/amd64/jli/libjli.so
7fcb4f834000-7fcb4f835000 r--p 00003000 08:05 918711                     /usr/lib/jvm/java-6-openjdk/jre/lib/amd64/jli/libjli.so
7fcb4f835000-7fcb4f836000 rw-p 00004000 08:05 918711                     /usr/lib/jvm/java-6-openjdk/jre/lib/amd64/jli/libjli.so
7fcb4f836000-7fcb4f84e000 r-xp 00000000 08:05 1068847                    /lib/x86_64-linux-gnu/libpthread-2.13.so
7fcb4f84e000-7fcb4fa4d000 ---p 00018000 08:05 1068847                    /lib/x86_64-linux-gnu/libpthread-2.13.so
7fcb4fa4d000-7fcb4fa4e000 r--p 00017000 08:05 1068847                    /lib/x86_64-linux-gnu/libpthread-2.13.so
7fcb4fa4e000-7fcb4fa4f000 rw-p 00018000 08:05 1068847                    /lib/x86_64-linux-gnu/libpthread-2.13.so
7fcb4fa4f000-7fcb4fa53000 rw-p 00000000 00:00 0 
7fcb4fa53000-7fcb4fa74000 r-xp 00000000 08:05 1068846                    /lib/x86_64-linux-gnu/ld-2.13.so
7fcb4fa75000-7fcb4fa77000 r--s 00005000 08:05 296156                     /opt/play-1.2.3/framework/lib/slf4j-api-1.6.1.jar
7fcb4fa77000-7fcb4fa79000 r--s 00015000 08:05 296138                     /opt/play-1.2.3/framework/lib/jj-simplecaptcha.jar
7fcb4fa79000-7fcb4fa7b000 r--s 00001000 08:05 296143                     /opt/play-1.2.3/framework/lib/jsr107cache-1.0.jar
7fcb4fa7b000-7fcb4fa7f000 r--s 00027000 08:05 296122                     /opt/play-1.2.3/framework/lib/gson-1.7.1.jar
7fcb4fa7f000-7fcb4fa84000 r--s 00020000 08:05 296137                     /opt/play-1.2.3/framework/lib/jj-imaging.jar
7fcb4fa84000-7fcb4fa88000 r--s 0007c000 08:05 920907                     /usr/lib/jvm/java-6-openjdk/jre/lib/jsse.jar
7fcb4fa88000-7fcb4fa93000 r--s 000b8000 08:05 296160                     /opt/play-1.2.3/framework/play-1.2.3.jar
7fcb4fa93000-7fcb4faa5000 rw-p 00000000 00:00 0 
7fcb4faa5000-7fcb4fb53000 rw-p 00000000 00:00 0 
7fcb4fb53000-7fcb4fb56000 ---p 00000000 00:00 0 
7fcb4fb56000-7fcb4fc59000 rw-p 00000000 00:00 0 
7fcb4fc59000-7fcb4fc5a000 r--s 00002000 08:05 296157                     /opt/play-1.2.3/framework/lib/slf4j-log4j12-1.6.1.jar
7fcb4fc5a000-7fcb4fc5c000 r--s 0000d000 08:05 296109                     /opt/play-1.2.3/framework/lib/commons-codec-1.4.jar
7fcb4fc5c000-7fcb4fc5d000 rw-p 00000000 00:00 0 
7fcb4fc5d000-7fcb4fc5f000 r--s 0000f000 08:05 920895                     /usr/lib/jvm/java-6-openjdk/jre/lib/ext/pulse-java.jar
7fcb4fc5f000-7fcb4fc67000 r--s 00066000 08:05 136034                     /usr/share/java/gnome-java-bridge.jar
7fcb4fc67000-7fcb4fc6f000 rw-s 00000000 08:05 947695                     /tmp/hsperfdata_pascal/32298
7fcb4fc6f000-7fcb4fc70000 rw-p 00000000 00:00 0 
7fcb4fc70000-7fcb4fc71000 r--p 00000000 00:00 0 
7fcb4fc71000-7fcb4fc73000 rw-p 00000000 00:00 0 
7fcb4fc73000-7fcb4fc74000 r--p 00020000 08:05 1068846                    /lib/x86_64-linux-gnu/ld-2.13.so
7fcb4fc74000-7fcb4fc76000 rw-p 00021000 08:05 1068846                    /lib/x86_64-linux-gnu/ld-2.13.so
7fff1f9fe000-7fff1fa20000 rw-p 00000000 00:00 0                          [stack]
7fff1fbff000-7fff1fc00000 r-xp 00000000 00:00 0                          [vdso]
ffffffffff600000-ffffffffff601000 r-xp 00000000 00:00 0                  [vsyscall]

VM Arguments:
jvm_args: -javaagent:/opt/play-1.2.3/framework/play-1.2.3.jar -Dfile.encoding=utf-8 -Xdebug -Xrunjdwp:transport=dt_socket,address=8000,server=y,suspend=n -Dplay.debug=yes -Dapplication.path=/home/pascal/workspace/codeboard-core -Dplay.id= 
java_command: play.server.Server 
Launcher Type: SUN_STANDARD

Environment Variables:
PATH=/home/pascal/bin:/usr/lib/lightdm/lightdm:/usr/local/sbin:/usr/local/bin:/usr/sbin:/usr/bin:/sbin:/bin:/usr/games:/opt/play:/home/pascal/.gem/ruby/1.8/bin
USERNAME=pascal
LD_LIBRARY_PATH=/usr/lib/jvm/java-6-openjdk/jre/lib/amd64/server:/usr/lib/jvm/java-6-openjdk/jre/lib/amd64:/usr/lib/jvm/java-6-openjdk/jre/../lib/amd64
SHELL=/bin/bash
DISPLAY=:0

Signal Handlers:
SIGSEGV: [libjvm.so+0x783cb0], sa_mask[0]=0x7ffbfeff, sa_flags=0x10000004
SIGBUS: [libjvm.so+0x783cb0], sa_mask[0]=0x7ffbfeff, sa_flags=0x10000004
SIGFPE: [libjvm.so+0x648410], sa_mask[0]=0x7ffbfeff, sa_flags=0x10000004
SIGPIPE: [libjvm.so+0x648410], sa_mask[0]=0x7ffbfeff, sa_flags=0x10000004
SIGXFSZ: [libjvm.so+0x648410], sa_mask[0]=0x7ffbfeff, sa_flags=0x10000004
SIGILL: [libjvm.so+0x648410], sa_mask[0]=0x7ffbfeff, sa_flags=0x10000004
SIGUSR1: SIG_DFL, sa_mask[0]=0x00000000, sa_flags=0x00000000
SIGUSR2: [libjvm.so+0x6485c0], sa_mask[0]=0x00000000, sa_flags=0x10000004
SIGHUP: [libjvm.so+0x64b0d0], sa_mask[0]=0x7ffbfeff, sa_flags=0x10000004
SIGINT: [libjvm.so+0x64b0d0], sa_mask[0]=0x7ffbfeff, sa_flags=0x10000004
SIGTERM: [libjvm.so+0x64b0d0], sa_mask[0]=0x7ffbfeff, sa_flags=0x10000004
SIGQUIT: [libjvm.so+0x64b0d0], sa_mask[0]=0x7ffbfeff, sa_flags=0x10000004


---------------  S Y S T E M  ---------------

OS:Ubuntu 11.10 (oneiric)
uname:Linux 3.0.0-12-generic #20-Ubuntu SMP Fri Oct 7 14:56:25 UTC 2011 x86_64
libc:glibc 2.13 NPTL 2.13 
rlimit: STACK 8192k, CORE 0k, NPROC 128386, NOFILE 4096, AS infinity
load average:0,01 0,05 0,12

/proc/meminfo:
MemTotal:       16449340 kB
MemFree:        11476356 kB
Buffers:          168312 kB
Cached:          2025072 kB
SwapCached:            0 kB
Active:          2991816 kB
Inactive:        1531492 kB
Active(anon):    2348240 kB
Inactive(anon):    36364 kB
Active(file):     643576 kB
Inactive(file):  1495128 kB
Unevictable:          32 kB
Mlocked:              32 kB
SwapTotal:      16755708 kB
SwapFree:       16755708 kB
Dirty:               264 kB
Writeback:             0 kB
AnonPages:       2330140 kB
Mapped:           263720 kB
Shmem:             54564 kB
Slab:             151072 kB
SReclaimable:     119424 kB
SUnreclaim:        31648 kB
KernelStack:        4576 kB
PageTables:        33616 kB
NFS_Unstable:          0 kB
Bounce:                0 kB
WritebackTmp:          0 kB
CommitLimit:    24980376 kB
Committed_AS:    4946660 kB
VmallocTotal:   34359738367 kB
VmallocUsed:      175560 kB
VmallocChunk:   34359558140 kB
HardwareCorrupted:     0 kB
AnonHugePages:         0 kB
HugePages_Total:       0
HugePages_Free:        0
HugePages_Rsvd:        0
HugePages_Surp:        0
Hugepagesize:       2048 kB
DirectMap4k:      153600 kB
DirectMap2M:    16607232 kB


CPU:total 8 (4 cores per cpu, 2 threads per core) family 6 model 42 stepping 7, cmov, cx8, fxsr, mmx, sse, sse2, sse3, ssse3, sse4.1, sse4.2, popcnt, ht

Memory: 4k page, physical 16449340k(11476356k free), swap 16755708k(16755708k free)

vm_info: OpenJDK 64-Bit Server VM (20.0-b11) for linux-amd64 JRE (1.6.0_23-b23), built on Oct  4 2011 13:37:25 by "buildd" with gcc 4.6.1

time: Mon Nov 21 22:14:29 2011
elapsed time: 709 seconds

